<?xml version="1.0" encoding="UTF-8"?>
<testsuites name="Restaurant Tests" time="886" tests="20" failures="4" errors="0">
   <testsuite name="Restaurant Tests" tests="20" failures="4" errors="0" time="886" timestamp="2018-08-14 15:02:18" hostname="apple - 192.168.3.148" id="Test Suites/Restaurant Tests">
      <properties>
         <property name="deviceName" value=""/>
         <property name="devicePlatform" value=""/>
         <property name="logFolder" value="/Users/apple/git/pbsl_digivalet_cms_tests/Reports/Restaurant Tests/20180814_150205"/>
         <property name="logFiles" value="/Users/apple/git/pbsl_digivalet_cms_tests/Reports/Restaurant Tests/20180814_150205/execution0.log"/>
         <property name="attachments" value="/Users/apple/git/pbsl_digivalet_cms_tests/Reports/Restaurant Tests/20180814_150205/1534239302008.png, /Users/apple/git/pbsl_digivalet_cms_tests/Reports/Restaurant Tests/20180814_150205/1534239382915.png, /Users/apple/git/pbsl_digivalet_cms_tests/Reports/Restaurant Tests/20180814_150205/1534239454527.png, /Users/apple/git/pbsl_digivalet_cms_tests/Reports/Restaurant Tests/20180814_150205/1534239536672.png"/>
         <property name="hostName" value="apple - 192.168.3.148"/>
         <property name="os" value="Mac OS X 64bit"/>
         <property name="katalonVersion" value="5.5.0.1"/>
         <property name="browser" value="Chrome 68.0.3440.106"/>
         <property name="hostAddress" value="192.168.3.148"/>
         <property name="sessionId" value="d779a2b24ff19062c3761034ba825575"/>
         <property name="seleniumVersion" value="3.7.1"/>
         <property name="proxyInformation" value="ProxyInformation{proxyOption=NO_PROXY, proxyServerType=HTTP, password=, proxyServerAddress=, proxyServerPort=0}"/>
         <property name="platform" value="Mac OS X"/>
      </properties>
      <testcase name="Test Cases/Tests/Restaurant Tests/TC_Restaurant_001" classname="Test Cases/Tests/Restaurant Tests/TC_Restaurant_001" status="PASSED">
         <system-out><![CDATA[2018-08-14 15:02:18 - [TEST_CASE][PASSED] - Test Cases/Tests/Restaurant Tests/TC_Restaurant_001: Test Cases/Tests/Restaurant Tests/TC_Restaurant_001

2018-08-14 15:02:19 - [TEST_STEP][PASSED] - callTestCase: Call Test Case 'Test Cases/Tests/Log In Tests/TC001_Log in_valid_user' successfully

2018-08-14 15:02:19 - [TEST_CASE][PASSED] - Test Cases/Tests/Log In Tests/TC001_Log in_valid_user: Test Cases/Tests/Log In Tests/TC001_Log in_valid_user

2018-08-14 15:02:19 - [TEST_STEP][PASSED] - openBrowser: Browser is opened with url: 'https://his-uat.digivalet.com/cms/dashboard/user/login'

2018-08-14 15:02:23 - [MESSAGE][PASSED] - Browser is opened with url: 'https://his-uat.digivalet.com/cms/dashboard/user/login'

2018-08-14 15:02:23 - [TEST_STEP][PASSED] - maximizeWindow: Current window maximized

2018-08-14 15:02:24 - [MESSAGE][PASSED] - Current window maximized

2018-08-14 15:02:24 - [TEST_STEP][PASSED] - waitForPageLoad: Wait for page load successfully

2018-08-14 15:02:24 - [MESSAGE][PASSED] - Wait for page load successfully

2018-08-14 15:02:24 - [TEST_STEP][PASSED] - setText: Text 'superadmin' is set on object 'Object Repository/Pages/Log In Page/input_username'

2018-08-14 15:02:25 - [MESSAGE][PASSED] - Text 'superadmin' is set on object 'Object Repository/Pages/Log In Page/input_username'

2018-08-14 15:02:25 - [TEST_STEP][PASSED] - setText: Text 'd7QUVg' is set on object 'Object Repository/Pages/Log In Page/input_password'

2018-08-14 15:02:25 - [MESSAGE][PASSED] - Text 'd7QUVg' is set on object 'Object Repository/Pages/Log In Page/input_password'

2018-08-14 15:02:25 - [TEST_STEP][PASSED] - click: Object: 'Object Repository/Pages/Log In Page/button_Login' is clicked on

2018-08-14 15:02:26 - [MESSAGE][PASSED] - Object: 'Object Repository/Pages/Log In Page/button_Login' is clicked on

2018-08-14 15:02:26 - [TEST_STEP][PASSED] - waitForPageLoad: Wait for page load successfully

2018-08-14 15:02:26 - [MESSAGE][PASSED] - Wait for page load successfully

2018-08-14 15:02:26 - [TEST_STEP][PASSED] - waitForElementNotPresent: Web element with id: 'Object Repository/Pages/Log In Page/button_Login' located by 'By.xpath: //*[@id='userlogin']//button' is not present after '20' second(s)

2018-08-14 15:02:31 - [MESSAGE][PASSED] - Web element with id: 'Object Repository/Pages/Log In Page/button_Login' located by 'By.xpath: //*[@id='userlogin']//button' is not present after '20' second(s)

2018-08-14 15:02:31 - [TEST_STEP][PASSED] - waitForElementVisible: Object 'Object Repository/Pages/TV Channels Page/heading_TV Channel' is visible

2018-08-14 15:02:31 - [MESSAGE][PASSED] - Object 'Object Repository/Pages/TV Channels Page/heading_TV Channel' is visible

2018-08-14 15:02:31 - [TEST_STEP][PASSED] - Statement - DashboardURL = com.kms.katalon.core.webui.keyword.WebUiBuiltInKeywords.getUrl(): Current window's url is: 'https://his-uat.digivalet.com/cms/tvchannel/manageTvchannel'

2018-08-14 15:02:31 - [MESSAGE][PASSED] - Current window's url is: 'https://his-uat.digivalet.com/cms/tvchannel/manageTvchannel'

2018-08-14 15:02:31 - [TEST_STEP][PASSED] - verifyMatch: Actual text 'https://his-uat.digivalet.com/cms/tvchannel/manageTvchannel' and expected text 'https://his-uat.digivalet.com/cms/tvchannel/manageTvchannel' are matched  using regular expression

2018-08-14 15:02:31 - [MESSAGE][PASSED] - Actual text 'https://his-uat.digivalet.com/cms/tvchannel/manageTvchannel' and expected text 'https://his-uat.digivalet.com/cms/tvchannel/manageTvchannel' are matched  using regular expression

2018-08-14 15:02:31 - [MESSAGE][PASSED] - Call Test Case 'Test Cases/Tests/Log In Tests/TC001_Log in_valid_user' successfully

2018-08-14 15:02:31 - [TEST_STEP][PASSED] - click: Object: 'Object Repository/Pages/Dashboard/a_Restaurants' is clicked on

2018-08-14 15:02:32 - [MESSAGE][PASSED] - Object: 'Object Repository/Pages/Dashboard/a_Restaurants' is clicked on

2018-08-14 15:02:32 - [TEST_STEP][PASSED] - waitForElementVisible: Object 'Object Repository/Pages/Restaurant Page/res_cell_first' is visible

2018-08-14 15:02:34 - [MESSAGE][PASSED] - Object 'Object Repository/Pages/Restaurant Page/res_cell_first' is visible

2018-08-14 15:02:34 - [TEST_STEP][PASSED] - click: Object: 'Object Repository/Pages/Restaurant Page/btn_plus_restaurant' is clicked on

2018-08-14 15:02:34 - [MESSAGE][PASSED] - Object: 'Object Repository/Pages/Restaurant Page/btn_plus_restaurant' is clicked on

2018-08-14 15:02:34 - [TEST_STEP][PASSED] - setText: Text 'Automation Test' is set on object 'Object Repository/Pages/Restaurant Page/Add Restaurant/input_display_name'

2018-08-14 15:02:35 - [MESSAGE][PASSED] - Text 'Automation Test' is set on object 'Object Repository/Pages/Restaurant Page/Add Restaurant/input_display_name'

2018-08-14 15:02:35 - [TEST_STEP][PASSED] - setText: Text 'This is a test restaurant being added by automation script.' is set on object 'Object Repository/Pages/Restaurant Page/Add Restaurant/textarea_description'

2018-08-14 15:02:35 - [MESSAGE][PASSED] - Text 'This is a test restaurant being added by automation script.' is set on object 'Object Repository/Pages/Restaurant Page/Add Restaurant/textarea_description'

2018-08-14 15:02:35 - [TEST_STEP][PASSED] - uploadFile: File '/Users/apple/git/pbsl_digivalet_cms_tests/Images/Restaurant Image.jpg' sent to object: 'Object Repository/Pages/Restaurant Page/Add Restaurant/btn_upload_image'

2018-08-14 15:02:35 - [MESSAGE][PASSED] - File '/Users/apple/git/pbsl_digivalet_cms_tests/Images/Restaurant Image.jpg' sent to object: 'Object Repository/Pages/Restaurant Page/Add Restaurant/btn_upload_image'

2018-08-14 15:02:35 - [TEST_STEP][PASSED] - waitForElementVisible: Object 'Object Repository/Pages/Restaurant Page/Crop Image/btn_zoom_in' is visible

2018-08-14 15:02:35 - [MESSAGE][PASSED] - Object 'Object Repository/Pages/Restaurant Page/Crop Image/btn_zoom_in' is visible

2018-08-14 15:02:35 - [TEST_STEP][PASSED] - click: Object: 'Object Repository/Pages/Restaurant Page/Crop Image/btn_zoom_in' is clicked on

2018-08-14 15:02:36 - [MESSAGE][PASSED] - Object: 'Object Repository/Pages/Restaurant Page/Crop Image/btn_zoom_in' is clicked on

2018-08-14 15:02:36 - [TEST_STEP][PASSED] - click: Object: 'Object Repository/Pages/Restaurant Page/Crop Image/btn_zoom_in' is clicked on

2018-08-14 15:02:36 - [MESSAGE][PASSED] - Object: 'Object Repository/Pages/Restaurant Page/Crop Image/btn_zoom_in' is clicked on

2018-08-14 15:02:36 - [TEST_STEP][PASSED] - click: Object: 'Object Repository/Pages/Restaurant Page/Crop Image/btn_zoom_out' is clicked on

2018-08-14 15:02:36 - [MESSAGE][PASSED] - Object: 'Object Repository/Pages/Restaurant Page/Crop Image/btn_zoom_out' is clicked on

2018-08-14 15:02:36 - [TEST_STEP][PASSED] - click: Object: 'Object Repository/Pages/Restaurant Page/Crop Image/btn_zoom_out' is clicked on

2018-08-14 15:02:36 - [MESSAGE][PASSED] - Object: 'Object Repository/Pages/Restaurant Page/Crop Image/btn_zoom_out' is clicked on

2018-08-14 15:02:36 - [TEST_STEP][PASSED] - click: Object: 'Object Repository/Pages/Restaurant Page/Crop Image/btn_crop_image_done' is clicked on

2018-08-14 15:02:36 - [MESSAGE][PASSED] - Object: 'Object Repository/Pages/Restaurant Page/Crop Image/btn_crop_image_done' is clicked on

2018-08-14 15:02:36 - [TEST_STEP][PASSED] - waitForElementVisible: Object 'Object Repository/Pages/Restaurant Page/Add Restaurant/heading_add_restaurant' is visible

2018-08-14 15:02:37 - [MESSAGE][PASSED] - Object 'Object Repository/Pages/Restaurant Page/Add Restaurant/heading_add_restaurant' is visible

2018-08-14 15:02:37 - [TEST_STEP][PASSED] - click: Object: 'Object Repository/Pages/Restaurant Page/Add Restaurant/checkbox_smoking_yes' is clicked on

2018-08-14 15:02:37 - [MESSAGE][PASSED] - Object: 'Object Repository/Pages/Restaurant Page/Add Restaurant/checkbox_smoking_yes' is clicked on

2018-08-14 15:02:37 - [TEST_STEP][PASSED] - setText: Text '2nd Floor, Wing 'A'' is set on object 'Object Repository/Pages/Restaurant Page/Add Restaurant/input_restaurant_location'

2018-08-14 15:02:38 - [MESSAGE][PASSED] - Text '2nd Floor, Wing 'A'' is set on object 'Object Repository/Pages/Restaurant Page/Add Restaurant/input_restaurant_location'

2018-08-14 15:02:38 - [TEST_STEP][PASSED] - click: Object: 'Object Repository/Pages/Restaurant Page/Add Restaurant/dropdown_add_menu_default' is clicked on

2018-08-14 15:02:38 - [MESSAGE][PASSED] - Object: 'Object Repository/Pages/Restaurant Page/Add Restaurant/dropdown_add_menu_default' is clicked on

2018-08-14 15:02:38 - [TEST_STEP][PASSED] - click: Object: 'Object Repository/Pages/Restaurant Page/Add Restaurant/value_add_dress_code' is clicked on

2018-08-14 15:02:38 - [MESSAGE][PASSED] - Object: 'Object Repository/Pages/Restaurant Page/Add Restaurant/value_add_dress_code' is clicked on

2018-08-14 15:02:38 - [TEST_STEP][PASSED] - setText: Text 'Dress Code' is set on object 'Object Repository/Pages/Restaurant Page/Add Restaurant/input_text_title_default'

2018-08-14 15:02:38 - [MESSAGE][PASSED] - Text 'Dress Code' is set on object 'Object Repository/Pages/Restaurant Page/Add Restaurant/input_text_title_default'

2018-08-14 15:02:38 - [TEST_STEP][PASSED] - setText: Text 'Formals' is set on object 'Object Repository/Pages/Restaurant Page/Add Restaurant/input_text_value_default'

2018-08-14 15:02:39 - [MESSAGE][PASSED] - Text 'Formals' is set on object 'Object Repository/Pages/Restaurant Page/Add Restaurant/input_text_value_default'

2018-08-14 15:02:39 - [TEST_STEP][PASSED] - click: Object: 'Object Repository/Pages/Restaurant Page/Add Restaurant/btn_next' is clicked on

2018-08-14 15:02:39 - [MESSAGE][PASSED] - Object: 'Object Repository/Pages/Restaurant Page/Add Restaurant/btn_next' is clicked on

2018-08-14 15:02:39 - [TEST_STEP][PASSED] - waitForElementVisible: Object 'Object Repository/Pages/Restaurant Page/Apply Filters/heading_apply_filters' is visible

2018-08-14 15:02:39 - [MESSAGE][PASSED] - Object 'Object Repository/Pages/Restaurant Page/Apply Filters/heading_apply_filters' is visible

2018-08-14 15:02:39 - [TEST_STEP][PASSED] - waitForElementVisible: Object 'Object Repository/Pages/Restaurant Page/Apply Filters/div_filters' is visible

2018-08-14 15:02:40 - [MESSAGE][PASSED] - Object 'Object Repository/Pages/Restaurant Page/Apply Filters/div_filters' is visible

2018-08-14 15:02:40 - [TEST_STEP][PASSED] - click: Object: 'Object Repository/Pages/Restaurant Page/Apply Filters/input_open_status' is clicked on

2018-08-14 15:02:40 - [MESSAGE][PASSED] - Object: 'Object Repository/Pages/Restaurant Page/Apply Filters/input_open_status' is clicked on

2018-08-14 15:02:40 - [TEST_STEP][PASSED] - click: Object: 'Object Repository/Pages/Restaurant Page/Apply Filters/option_allTime' is clicked on

2018-08-14 15:02:40 - [MESSAGE][PASSED] - Object: 'Object Repository/Pages/Restaurant Page/Apply Filters/option_allTime' is clicked on

2018-08-14 15:02:40 - [TEST_STEP][PASSED] - click: Object: 'Object Repository/Pages/Restaurant Page/Apply Filters/input_cuisine' is clicked on

2018-08-14 15:02:40 - [MESSAGE][PASSED] - Object: 'Object Repository/Pages/Restaurant Page/Apply Filters/input_cuisine' is clicked on

2018-08-14 15:02:40 - [TEST_STEP][PASSED] - click: Object: 'Object Repository/Pages/Restaurant Page/Apply Filters/option_all' is clicked on

2018-08-14 15:02:40 - [MESSAGE][PASSED] - Object: 'Object Repository/Pages/Restaurant Page/Apply Filters/option_all' is clicked on

2018-08-14 15:02:40 - [TEST_STEP][PASSED] - click: Object: 'Object Repository/Pages/Restaurant Page/Apply Filters/input_meal_type' is clicked on

2018-08-14 15:02:40 - [MESSAGE][PASSED] - Object: 'Object Repository/Pages/Restaurant Page/Apply Filters/input_meal_type' is clicked on

2018-08-14 15:02:40 - [TEST_STEP][PASSED] - click: Object: 'Object Repository/Pages/Restaurant Page/Apply Filters/option_breakfast' is clicked on

2018-08-14 15:02:40 - [MESSAGE][PASSED] - Object: 'Object Repository/Pages/Restaurant Page/Apply Filters/option_breakfast' is clicked on

2018-08-14 15:02:40 - [TEST_STEP][PASSED] - click: Object: 'Object Repository/Pages/Restaurant Page/Apply Filters/meal_type_start_time' is clicked on

2018-08-14 15:02:41 - [MESSAGE][PASSED] - Object: 'Object Repository/Pages/Restaurant Page/Apply Filters/meal_type_start_time' is clicked on

2018-08-14 15:02:41 - [TEST_STEP][PASSED] - click: Object: 'Object Repository/Pages/Restaurant Page/Apply Filters/pick_hours' is clicked on

2018-08-14 15:02:41 - [MESSAGE][PASSED] - Object: 'Object Repository/Pages/Restaurant Page/Apply Filters/pick_hours' is clicked on

2018-08-14 15:02:41 - [TEST_STEP][PASSED] - click: Object: 'Object Repository/Pages/Restaurant Page/Apply Filters/hour_09' is clicked on

2018-08-14 15:02:41 - [MESSAGE][PASSED] - Object: 'Object Repository/Pages/Restaurant Page/Apply Filters/hour_09' is clicked on

2018-08-14 15:02:41 - [TEST_STEP][PASSED] - click: Object: 'Object Repository/Pages/Restaurant Page/Apply Filters/pick_minutes' is clicked on

2018-08-14 15:02:41 - [MESSAGE][PASSED] - Object: 'Object Repository/Pages/Restaurant Page/Apply Filters/pick_minutes' is clicked on

2018-08-14 15:02:41 - [TEST_STEP][PASSED] - click: Object: 'Object Repository/Pages/Restaurant Page/Apply Filters/minute_00' is clicked on

2018-08-14 15:02:41 - [MESSAGE][PASSED] - Object: 'Object Repository/Pages/Restaurant Page/Apply Filters/minute_00' is clicked on

2018-08-14 15:02:41 - [TEST_STEP][PASSED] - click: Object: 'Object Repository/Pages/Restaurant Page/Apply Filters/btn_AM_PM' is clicked on

2018-08-14 15:02:41 - [MESSAGE][PASSED] - Object: 'Object Repository/Pages/Restaurant Page/Apply Filters/btn_AM_PM' is clicked on

2018-08-14 15:02:41 - [TEST_STEP][PASSED] - click: Object: 'Object Repository/Pages/Restaurant Page/Apply Filters/meal_type_end_time' is clicked on

2018-08-14 15:02:42 - [MESSAGE][PASSED] - Object: 'Object Repository/Pages/Restaurant Page/Apply Filters/meal_type_end_time' is clicked on

2018-08-14 15:02:42 - [TEST_STEP][PASSED] - click: Object: 'Object Repository/Pages/Restaurant Page/Apply Filters/pick_hours' is clicked on

2018-08-14 15:02:42 - [MESSAGE][PASSED] - Object: 'Object Repository/Pages/Restaurant Page/Apply Filters/pick_hours' is clicked on

2018-08-14 15:02:42 - [TEST_STEP][PASSED] - click: Object: 'Object Repository/Pages/Restaurant Page/Apply Filters/hour_11' is clicked on

2018-08-14 15:02:42 - [MESSAGE][PASSED] - Object: 'Object Repository/Pages/Restaurant Page/Apply Filters/hour_11' is clicked on

2018-08-14 15:02:42 - [TEST_STEP][PASSED] - click: Object: 'Object Repository/Pages/Restaurant Page/Apply Filters/pick_minutes' is clicked on

2018-08-14 15:02:42 - [MESSAGE][PASSED] - Object: 'Object Repository/Pages/Restaurant Page/Apply Filters/pick_minutes' is clicked on

2018-08-14 15:02:42 - [TEST_STEP][PASSED] - click: Object: 'Object Repository/Pages/Restaurant Page/Apply Filters/minute_00' is clicked on

2018-08-14 15:02:42 - [MESSAGE][PASSED] - Object: 'Object Repository/Pages/Restaurant Page/Apply Filters/minute_00' is clicked on

2018-08-14 15:02:42 - [TEST_STEP][PASSED] - click: Object: 'Object Repository/Pages/Restaurant Page/Apply Filters/btn_AM_PM' is clicked on

2018-08-14 15:02:42 - [MESSAGE][PASSED] - Object: 'Object Repository/Pages/Restaurant Page/Apply Filters/btn_AM_PM' is clicked on

2018-08-14 15:02:42 - [TEST_STEP][PASSED] - click: Object: 'Object Repository/Pages/Restaurant Page/Apply Filters/btn_save' is clicked on

2018-08-14 15:02:42 - [MESSAGE][PASSED] - Object: 'Object Repository/Pages/Restaurant Page/Apply Filters/btn_save' is clicked on

2018-08-14 15:02:42 - [TEST_STEP][PASSED] - verifyElementVisible: Object 'Object Repository/Pages/Restaurant Page/msg_add_restaurant_success' is visible

2018-08-14 15:02:43 - [MESSAGE][PASSED] - Object 'Object Repository/Pages/Restaurant Page/msg_add_restaurant_success' is visible

2018-08-14 15:02:43 - [TEST_STEP][PASSED] - delay: Delayed 1 second(s)

2018-08-14 15:02:44 - [MESSAGE][PASSED] - Delayed 1 second(s)

2018-08-14 15:02:44 - [TEST_STEP][PASSED] - click: Object: 'Object Repository/Pages/Dashboard/a_Restaurants' is clicked on

2018-08-14 15:02:45 - [MESSAGE][PASSED] - Object: 'Object Repository/Pages/Dashboard/a_Restaurants' is clicked on

2018-08-14 15:02:45 - [TEST_STEP][PASSED] - waitForElementVisible: Object 'Object Repository/Pages/Restaurant Page/res_cell_first' is visible

2018-08-14 15:02:47 - [MESSAGE][PASSED] - Object 'Object Repository/Pages/Restaurant Page/res_cell_first' is visible

2018-08-14 15:02:47 - [TEST_STEP][PASSED] - verifyElementPresent: Object 'Object Repository/Pages/Restaurant Page/restaurant_name' is present

2018-08-14 15:02:47 - [MESSAGE][PASSED] - Object 'Object Repository/Pages/Restaurant Page/restaurant_name' is present

2018-08-14 15:02:47 - [TEST_STEP][PASSED] - closeBrowser: Browser is closed

2018-08-14 15:02:47 - [MESSAGE][PASSED] - Browser is closed]]></system-out>
         <system-err><![CDATA[]]></system-err>
      </testcase>
      <testcase name="Test Cases/Tests/Restaurant Tests/TC_Restaurant_002" classname="Test Cases/Tests/Restaurant Tests/TC_Restaurant_002" status="PASSED">
         <system-out><![CDATA[2018-08-14 15:02:47 - [TEST_CASE][PASSED] - Test Cases/Tests/Restaurant Tests/TC_Restaurant_002: Test Cases/Tests/Restaurant Tests/TC_Restaurant_002

2018-08-14 15:02:48 - [TEST_STEP][PASSED] - callTestCase: Call Test Case 'Test Cases/Tests/Log In Tests/TC001_Log in_valid_user' successfully

2018-08-14 15:02:48 - [TEST_CASE][PASSED] - Test Cases/Tests/Log In Tests/TC001_Log in_valid_user: Test Cases/Tests/Log In Tests/TC001_Log in_valid_user

2018-08-14 15:02:48 - [TEST_STEP][PASSED] - openBrowser: Browser is opened with url: 'https://his-uat.digivalet.com/cms/dashboard/user/login'

2018-08-14 15:02:50 - [MESSAGE][PASSED] - Browser is opened with url: 'https://his-uat.digivalet.com/cms/dashboard/user/login'

2018-08-14 15:02:50 - [TEST_STEP][PASSED] - maximizeWindow: Current window maximized

2018-08-14 15:02:51 - [MESSAGE][PASSED] - Current window maximized

2018-08-14 15:02:51 - [TEST_STEP][PASSED] - waitForPageLoad: Wait for page load successfully

2018-08-14 15:02:51 - [MESSAGE][PASSED] - Wait for page load successfully

2018-08-14 15:02:51 - [TEST_STEP][PASSED] - setText: Text 'superadmin' is set on object 'Object Repository/Pages/Log In Page/input_username'

2018-08-14 15:02:51 - [MESSAGE][PASSED] - Text 'superadmin' is set on object 'Object Repository/Pages/Log In Page/input_username'

2018-08-14 15:02:51 - [TEST_STEP][PASSED] - setText: Text 'd7QUVg' is set on object 'Object Repository/Pages/Log In Page/input_password'

2018-08-14 15:02:51 - [MESSAGE][PASSED] - Text 'd7QUVg' is set on object 'Object Repository/Pages/Log In Page/input_password'

2018-08-14 15:02:51 - [TEST_STEP][PASSED] - click: Object: 'Object Repository/Pages/Log In Page/button_Login' is clicked on

2018-08-14 15:02:51 - [MESSAGE][PASSED] - Object: 'Object Repository/Pages/Log In Page/button_Login' is clicked on

2018-08-14 15:02:51 - [TEST_STEP][PASSED] - waitForPageLoad: Wait for page load successfully

2018-08-14 15:02:51 - [MESSAGE][PASSED] - Wait for page load successfully

2018-08-14 15:02:51 - [TEST_STEP][PASSED] - waitForElementNotPresent: Web element with id: 'Object Repository/Pages/Log In Page/button_Login' located by 'By.xpath: //*[@id='userlogin']//button' is not present after '20' second(s)

2018-08-14 15:02:55 - [MESSAGE][PASSED] - Web element with id: 'Object Repository/Pages/Log In Page/button_Login' located by 'By.xpath: //*[@id='userlogin']//button' is not present after '20' second(s)

2018-08-14 15:02:55 - [TEST_STEP][PASSED] - waitForElementVisible: Object 'Object Repository/Pages/TV Channels Page/heading_TV Channel' is visible

2018-08-14 15:02:56 - [MESSAGE][PASSED] - Object 'Object Repository/Pages/TV Channels Page/heading_TV Channel' is visible

2018-08-14 15:02:56 - [TEST_STEP][PASSED] - Statement - DashboardURL = com.kms.katalon.core.webui.keyword.WebUiBuiltInKeywords.getUrl(): Current window's url is: 'https://his-uat.digivalet.com/cms/tvchannel/manageTvchannel'

2018-08-14 15:02:56 - [MESSAGE][PASSED] - Current window's url is: 'https://his-uat.digivalet.com/cms/tvchannel/manageTvchannel'

2018-08-14 15:02:56 - [TEST_STEP][PASSED] - verifyMatch: Actual text 'https://his-uat.digivalet.com/cms/tvchannel/manageTvchannel' and expected text 'https://his-uat.digivalet.com/cms/tvchannel/manageTvchannel' are matched  using regular expression

2018-08-14 15:02:56 - [MESSAGE][PASSED] - Actual text 'https://his-uat.digivalet.com/cms/tvchannel/manageTvchannel' and expected text 'https://his-uat.digivalet.com/cms/tvchannel/manageTvchannel' are matched  using regular expression

2018-08-14 15:02:56 - [MESSAGE][PASSED] - Call Test Case 'Test Cases/Tests/Log In Tests/TC001_Log in_valid_user' successfully

2018-08-14 15:02:56 - [TEST_STEP][PASSED] - click: Object: 'Object Repository/Pages/Dashboard/a_Restaurants' is clicked on

2018-08-14 15:02:58 - [MESSAGE][PASSED] - Object: 'Object Repository/Pages/Dashboard/a_Restaurants' is clicked on

2018-08-14 15:02:58 - [TEST_STEP][PASSED] - waitForElementVisible: Object 'Object Repository/Pages/Restaurant Page/res_cell_first' is visible

2018-08-14 15:03:00 - [MESSAGE][PASSED] - Object 'Object Repository/Pages/Restaurant Page/res_cell_first' is visible

2018-08-14 15:03:00 - [TEST_STEP][PASSED] - click: Object: 'Object Repository/Pages/Restaurant Page/btn_plus_restaurant' is clicked on

2018-08-14 15:03:00 - [MESSAGE][PASSED] - Object: 'Object Repository/Pages/Restaurant Page/btn_plus_restaurant' is clicked on

2018-08-14 15:03:00 - [TEST_STEP][PASSED] - verifyElementPresent: Object 'Object Repository/Pages/Restaurant Page/Add Restaurant/input_display_name' is present

2018-08-14 15:03:00 - [MESSAGE][PASSED] - Object 'Object Repository/Pages/Restaurant Page/Add Restaurant/input_display_name' is present

2018-08-14 15:03:00 - [TEST_STEP][PASSED] - verifyElementPresent: Object 'Object Repository/Pages/Restaurant Page/Add Restaurant/textarea_description' is present

2018-08-14 15:03:00 - [MESSAGE][PASSED] - Object 'Object Repository/Pages/Restaurant Page/Add Restaurant/textarea_description' is present

2018-08-14 15:03:00 - [TEST_STEP][PASSED] - verifyElementPresent: Object 'Object Repository/Pages/Restaurant Page/Add Restaurant/btn_upload_image' is present

2018-08-14 15:03:00 - [MESSAGE][PASSED] - Object 'Object Repository/Pages/Restaurant Page/Add Restaurant/btn_upload_image' is present

2018-08-14 15:03:00 - [TEST_STEP][PASSED] - uploadFile: File '/Users/apple/git/pbsl_digivalet_cms_tests/Images/Restaurant Image.jpg' sent to object: 'Object Repository/Pages/Restaurant Page/Add Restaurant/btn_upload_image'

2018-08-14 15:03:00 - [MESSAGE][PASSED] - File '/Users/apple/git/pbsl_digivalet_cms_tests/Images/Restaurant Image.jpg' sent to object: 'Object Repository/Pages/Restaurant Page/Add Restaurant/btn_upload_image'

2018-08-14 15:03:00 - [TEST_STEP][PASSED] - waitForElementVisible: Object 'Object Repository/Pages/Restaurant Page/Crop Image/btn_zoom_in' is visible

2018-08-14 15:03:01 - [MESSAGE][PASSED] - Object 'Object Repository/Pages/Restaurant Page/Crop Image/btn_zoom_in' is visible

2018-08-14 15:03:01 - [TEST_STEP][PASSED] - click: Object: 'Object Repository/Pages/Restaurant Page/Crop Image/btn_zoom_in' is clicked on

2018-08-14 15:03:01 - [MESSAGE][PASSED] - Object: 'Object Repository/Pages/Restaurant Page/Crop Image/btn_zoom_in' is clicked on

2018-08-14 15:03:01 - [TEST_STEP][PASSED] - click: Object: 'Object Repository/Pages/Restaurant Page/Crop Image/btn_zoom_out' is clicked on

2018-08-14 15:03:01 - [MESSAGE][PASSED] - Object: 'Object Repository/Pages/Restaurant Page/Crop Image/btn_zoom_out' is clicked on

2018-08-14 15:03:01 - [TEST_STEP][PASSED] - delay: Delayed 2 second(s)

2018-08-14 15:03:03 - [MESSAGE][PASSED] - Delayed 2 second(s)

2018-08-14 15:03:03 - [TEST_STEP][PASSED] - click: Object: 'Object Repository/Pages/Restaurant Page/Crop Image/btn_crop_image_done' is clicked on

2018-08-14 15:03:03 - [MESSAGE][PASSED] - Object: 'Object Repository/Pages/Restaurant Page/Crop Image/btn_crop_image_done' is clicked on

2018-08-14 15:03:03 - [TEST_STEP][PASSED] - waitForElementVisible: Object 'Object Repository/Pages/Restaurant Page/Add Restaurant/heading_add_restaurant' is visible

2018-08-14 15:03:04 - [MESSAGE][PASSED] - Object 'Object Repository/Pages/Restaurant Page/Add Restaurant/heading_add_restaurant' is visible

2018-08-14 15:03:04 - [TEST_STEP][PASSED] - verifyElementPresent: Object 'Object Repository/Pages/Restaurant Page/Add Restaurant/text_restaurant_allowed' is present

2018-08-14 15:03:04 - [MESSAGE][PASSED] - Object 'Object Repository/Pages/Restaurant Page/Add Restaurant/text_restaurant_allowed' is present

2018-08-14 15:03:04 - [TEST_STEP][PASSED] - verifyElementPresent: Object 'Object Repository/Pages/Restaurant Page/Add Restaurant/text_opening_hours' is present

2018-08-14 15:03:04 - [MESSAGE][PASSED] - Object 'Object Repository/Pages/Restaurant Page/Add Restaurant/text_opening_hours' is present

2018-08-14 15:03:04 - [TEST_STEP][PASSED] - verifyElementPresent: Object 'Object Repository/Pages/Restaurant Page/Add Restaurant/text_smoking' is present

2018-08-14 15:03:04 - [MESSAGE][PASSED] - Object 'Object Repository/Pages/Restaurant Page/Add Restaurant/text_smoking' is present

2018-08-14 15:03:04 - [TEST_STEP][PASSED] - verifyElementPresent: Object 'Object Repository/Pages/Restaurant Page/Add Restaurant/input_restaurant_location' is present

2018-08-14 15:03:04 - [MESSAGE][PASSED] - Object 'Object Repository/Pages/Restaurant Page/Add Restaurant/input_restaurant_location' is present

2018-08-14 15:03:04 - [TEST_STEP][PASSED] - click: Object: 'Object Repository/Pages/Restaurant Page/Add Restaurant/dropdown_add_menu_default' is clicked on

2018-08-14 15:03:04 - [MESSAGE][PASSED] - Object: 'Object Repository/Pages/Restaurant Page/Add Restaurant/dropdown_add_menu_default' is clicked on

2018-08-14 15:03:04 - [TEST_STEP][PASSED] - verifyElementPresent: Object 'Object Repository/Pages/Restaurant Page/Add Restaurant/value_add_menu' is present

2018-08-14 15:03:04 - [MESSAGE][PASSED] - Object 'Object Repository/Pages/Restaurant Page/Add Restaurant/value_add_menu' is present

2018-08-14 15:03:04 - [TEST_STEP][PASSED] - verifyElementPresent: Object 'Object Repository/Pages/Restaurant Page/Add Restaurant/value_add_dress_code' is present

2018-08-14 15:03:04 - [MESSAGE][PASSED] - Object 'Object Repository/Pages/Restaurant Page/Add Restaurant/value_add_dress_code' is present

2018-08-14 15:03:04 - [TEST_STEP][PASSED] - verifyElementPresent: Object 'Object Repository/Pages/Restaurant Page/Add Restaurant/value_add_URL' is present

2018-08-14 15:03:04 - [MESSAGE][PASSED] - Object 'Object Repository/Pages/Restaurant Page/Add Restaurant/value_add_URL' is present

2018-08-14 15:03:04 - [TEST_STEP][PASSED] - verifyElementPresent: Object 'Object Repository/Pages/Restaurant Page/Add Restaurant/value_add_video' is present

2018-08-14 15:03:04 - [MESSAGE][PASSED] - Object 'Object Repository/Pages/Restaurant Page/Add Restaurant/value_add_video' is present

2018-08-14 15:03:04 - [TEST_STEP][PASSED] - verifyElementPresent: Object 'Object Repository/Pages/Restaurant Page/Add Restaurant/value_add_custom' is present

2018-08-14 15:03:04 - [MESSAGE][PASSED] - Object 'Object Repository/Pages/Restaurant Page/Add Restaurant/value_add_custom' is present

2018-08-14 15:03:04 - [TEST_STEP][PASSED] - click: Object: 'Object Repository/Pages/Restaurant Page/Add Restaurant/btn_next' is clicked on

2018-08-14 15:03:04 - [MESSAGE][PASSED] - Object: 'Object Repository/Pages/Restaurant Page/Add Restaurant/btn_next' is clicked on

2018-08-14 15:03:04 - [TEST_STEP][PASSED] - verifyElementPresent: Object 'Object Repository/Pages/Restaurant Page/Apply Filters/input_open_status' is present

2018-08-14 15:03:05 - [MESSAGE][PASSED] - Object 'Object Repository/Pages/Restaurant Page/Apply Filters/input_open_status' is present

2018-08-14 15:03:05 - [TEST_STEP][PASSED] - verifyElementPresent: Object 'Object Repository/Pages/Restaurant Page/Apply Filters/input_cuisine' is present

2018-08-14 15:03:05 - [MESSAGE][PASSED] - Object 'Object Repository/Pages/Restaurant Page/Apply Filters/input_cuisine' is present

2018-08-14 15:03:05 - [TEST_STEP][PASSED] - verifyElementPresent: Object 'Object Repository/Pages/Restaurant Page/Apply Filters/input_cuisine' is present

2018-08-14 15:03:05 - [MESSAGE][PASSED] - Object 'Object Repository/Pages/Restaurant Page/Apply Filters/input_cuisine' is present

2018-08-14 15:03:05 - [TEST_STEP][PASSED] - click: Object: 'Object Repository/Pages/Restaurant Page/Apply Filters/btn_dismiss_modal_step2' is clicked on

2018-08-14 15:03:05 - [MESSAGE][PASSED] - Object: 'Object Repository/Pages/Restaurant Page/Apply Filters/btn_dismiss_modal_step2' is clicked on

2018-08-14 15:03:05 - [TEST_STEP][PASSED] - closeBrowser: Browser is closed

2018-08-14 15:03:05 - [MESSAGE][PASSED] - Browser is closed]]></system-out>
         <system-err><![CDATA[]]></system-err>
      </testcase>
      <testcase name="Test Cases/Tests/Restaurant Tests/TC_Restaurant_005" classname="Test Cases/Tests/Restaurant Tests/TC_Restaurant_005" status="PASSED">
         <system-out><![CDATA[2018-08-14 15:03:05 - [TEST_CASE][PASSED] - Test Cases/Tests/Restaurant Tests/TC_Restaurant_005: Test Cases/Tests/Restaurant Tests/TC_Restaurant_005

2018-08-14 15:03:05 - [TEST_STEP][PASSED] - callTestCase: Call Test Case 'Test Cases/Tests/Log In Tests/TC001_Log in_valid_user' successfully

2018-08-14 15:03:05 - [TEST_CASE][PASSED] - Test Cases/Tests/Log In Tests/TC001_Log in_valid_user: Test Cases/Tests/Log In Tests/TC001_Log in_valid_user

2018-08-14 15:03:05 - [TEST_STEP][PASSED] - openBrowser: Browser is opened with url: 'https://his-uat.digivalet.com/cms/dashboard/user/login'

2018-08-14 15:03:30 - [MESSAGE][PASSED] - Browser is opened with url: 'https://his-uat.digivalet.com/cms/dashboard/user/login'

2018-08-14 15:03:30 - [TEST_STEP][PASSED] - maximizeWindow: Current window maximized

2018-08-14 15:03:30 - [MESSAGE][PASSED] - Current window maximized

2018-08-14 15:03:30 - [TEST_STEP][PASSED] - waitForPageLoad: Wait for page load successfully

2018-08-14 15:03:30 - [MESSAGE][PASSED] - Wait for page load successfully

2018-08-14 15:03:30 - [TEST_STEP][PASSED] - setText: Text 'superadmin' is set on object 'Object Repository/Pages/Log In Page/input_username'

2018-08-14 15:03:30 - [MESSAGE][PASSED] - Text 'superadmin' is set on object 'Object Repository/Pages/Log In Page/input_username'

2018-08-14 15:03:30 - [TEST_STEP][PASSED] - setText: Text 'd7QUVg' is set on object 'Object Repository/Pages/Log In Page/input_password'

2018-08-14 15:03:31 - [MESSAGE][PASSED] - Text 'd7QUVg' is set on object 'Object Repository/Pages/Log In Page/input_password'

2018-08-14 15:03:31 - [TEST_STEP][PASSED] - click: Object: 'Object Repository/Pages/Log In Page/button_Login' is clicked on

2018-08-14 15:03:31 - [MESSAGE][PASSED] - Object: 'Object Repository/Pages/Log In Page/button_Login' is clicked on

2018-08-14 15:03:31 - [TEST_STEP][PASSED] - waitForPageLoad: Wait for page load successfully

2018-08-14 15:03:31 - [MESSAGE][PASSED] - Wait for page load successfully

2018-08-14 15:03:31 - [TEST_STEP][PASSED] - waitForElementNotPresent: Web element with id: 'Object Repository/Pages/Log In Page/button_Login' located by 'By.xpath: //*[@id='userlogin']//button' is not present after '20' second(s)

2018-08-14 15:03:44 - [MESSAGE][PASSED] - Web element with id: 'Object Repository/Pages/Log In Page/button_Login' located by 'By.xpath: //*[@id='userlogin']//button' is not present after '20' second(s)

2018-08-14 15:03:44 - [TEST_STEP][PASSED] - waitForElementVisible: Object 'Object Repository/Pages/TV Channels Page/heading_TV Channel' is visible

2018-08-14 15:03:44 - [MESSAGE][PASSED] - Object 'Object Repository/Pages/TV Channels Page/heading_TV Channel' is visible

2018-08-14 15:03:44 - [TEST_STEP][PASSED] - Statement - DashboardURL = com.kms.katalon.core.webui.keyword.WebUiBuiltInKeywords.getUrl(): Current window's url is: 'https://his-uat.digivalet.com/cms/tvchannel/manageTvchannel'

2018-08-14 15:03:44 - [MESSAGE][PASSED] - Current window's url is: 'https://his-uat.digivalet.com/cms/tvchannel/manageTvchannel'

2018-08-14 15:03:44 - [TEST_STEP][PASSED] - verifyMatch: Actual text 'https://his-uat.digivalet.com/cms/tvchannel/manageTvchannel' and expected text 'https://his-uat.digivalet.com/cms/tvchannel/manageTvchannel' are matched  using regular expression

2018-08-14 15:03:44 - [MESSAGE][PASSED] - Actual text 'https://his-uat.digivalet.com/cms/tvchannel/manageTvchannel' and expected text 'https://his-uat.digivalet.com/cms/tvchannel/manageTvchannel' are matched  using regular expression

2018-08-14 15:03:44 - [MESSAGE][PASSED] - Call Test Case 'Test Cases/Tests/Log In Tests/TC001_Log in_valid_user' successfully

2018-08-14 15:03:44 - [TEST_STEP][PASSED] - click: Object: 'Object Repository/Pages/Dashboard/a_Restaurants' is clicked on

2018-08-14 15:03:50 - [MESSAGE][PASSED] - Object: 'Object Repository/Pages/Dashboard/a_Restaurants' is clicked on

2018-08-14 15:03:50 - [TEST_STEP][PASSED] - waitForElementVisible: Object 'Object Repository/Pages/Restaurant Page/res_cell_first' is visible

2018-08-14 15:03:51 - [MESSAGE][PASSED] - Object 'Object Repository/Pages/Restaurant Page/res_cell_first' is visible

2018-08-14 15:03:51 - [TEST_STEP][PASSED] - click: Object: 'Object Repository/Pages/Restaurant Page/test_restaurant_cell' is clicked on

2018-08-14 15:03:51 - [MESSAGE][PASSED] - Object: 'Object Repository/Pages/Restaurant Page/test_restaurant_cell' is clicked on

2018-08-14 15:03:51 - [TEST_STEP][PASSED] - setText: Text 'Automation Test Edited' is set on object 'Object Repository/Pages/Restaurant Page/Edit Restaurant/input_edit_display_name'

2018-08-14 15:03:52 - [MESSAGE][PASSED] - Text 'Automation Test Edited' is set on object 'Object Repository/Pages/Restaurant Page/Edit Restaurant/input_edit_display_name'

2018-08-14 15:03:52 - [TEST_STEP][PASSED] - click: Object: 'Object Repository/Pages/Restaurant Page/Edit Restaurant/btn_next_step1' is clicked on

2018-08-14 15:03:52 - [MESSAGE][PASSED] - Object: 'Object Repository/Pages/Restaurant Page/Edit Restaurant/btn_next_step1' is clicked on

2018-08-14 15:03:52 - [TEST_STEP][PASSED] - delay: Delayed 2 second(s)

2018-08-14 15:03:54 - [MESSAGE][PASSED] - Delayed 2 second(s)

2018-08-14 15:03:54 - [TEST_STEP][PASSED] - click: Object: 'Object Repository/Pages/Restaurant Page/Edit Restaurant/btn_save_step2' is clicked on

2018-08-14 15:03:54 - [MESSAGE][PASSED] - Object: 'Object Repository/Pages/Restaurant Page/Edit Restaurant/btn_save_step2' is clicked on

2018-08-14 15:03:54 - [TEST_STEP][PASSED] - delay: Delayed 1 second(s)

2018-08-14 15:03:55 - [MESSAGE][PASSED] - Delayed 1 second(s)

2018-08-14 15:03:55 - [TEST_STEP][PASSED] - verifyElementPresent: Object 'Object Repository/Pages/Restaurant Page/Edit Restaurant/msg_update_restaurant_success' is present

2018-08-14 15:03:55 - [MESSAGE][PASSED] - Object 'Object Repository/Pages/Restaurant Page/Edit Restaurant/msg_update_restaurant_success' is present

2018-08-14 15:03:55 - [TEST_STEP][PASSED] - closeBrowser: Browser is closed

2018-08-14 15:03:55 - [MESSAGE][PASSED] - Browser is closed]]></system-out>
         <system-err><![CDATA[]]></system-err>
      </testcase>
      <testcase name="Test Cases/Tests/Restaurant Tests/TC_Restaurant_006" classname="Test Cases/Tests/Restaurant Tests/TC_Restaurant_006" status="PASSED">
         <system-out><![CDATA[2018-08-14 15:03:55 - [TEST_CASE][PASSED] - Test Cases/Tests/Restaurant Tests/TC_Restaurant_006: Test Cases/Tests/Restaurant Tests/TC_Restaurant_006

2018-08-14 15:03:56 - [TEST_STEP][PASSED] - callTestCase: Call Test Case 'Test Cases/Tests/Log In Tests/TC001_Log in_valid_user' successfully

2018-08-14 15:03:56 - [TEST_CASE][PASSED] - Test Cases/Tests/Log In Tests/TC001_Log in_valid_user: Test Cases/Tests/Log In Tests/TC001_Log in_valid_user

2018-08-14 15:03:56 - [TEST_STEP][PASSED] - openBrowser: Browser is opened with url: 'https://his-uat.digivalet.com/cms/dashboard/user/login'

2018-08-14 15:03:58 - [MESSAGE][PASSED] - Browser is opened with url: 'https://his-uat.digivalet.com/cms/dashboard/user/login'

2018-08-14 15:03:58 - [TEST_STEP][PASSED] - maximizeWindow: Current window maximized

2018-08-14 15:03:59 - [MESSAGE][PASSED] - Current window maximized

2018-08-14 15:03:59 - [TEST_STEP][PASSED] - waitForPageLoad: Wait for page load successfully

2018-08-14 15:03:59 - [MESSAGE][PASSED] - Wait for page load successfully

2018-08-14 15:03:59 - [TEST_STEP][PASSED] - setText: Text 'superadmin' is set on object 'Object Repository/Pages/Log In Page/input_username'

2018-08-14 15:03:59 - [MESSAGE][PASSED] - Text 'superadmin' is set on object 'Object Repository/Pages/Log In Page/input_username'

2018-08-14 15:03:59 - [TEST_STEP][PASSED] - setText: Text 'd7QUVg' is set on object 'Object Repository/Pages/Log In Page/input_password'

2018-08-14 15:03:59 - [MESSAGE][PASSED] - Text 'd7QUVg' is set on object 'Object Repository/Pages/Log In Page/input_password'

2018-08-14 15:03:59 - [TEST_STEP][PASSED] - click: Object: 'Object Repository/Pages/Log In Page/button_Login' is clicked on

2018-08-14 15:04:00 - [MESSAGE][PASSED] - Object: 'Object Repository/Pages/Log In Page/button_Login' is clicked on

2018-08-14 15:04:00 - [TEST_STEP][PASSED] - waitForPageLoad: Wait for page load successfully

2018-08-14 15:04:00 - [MESSAGE][PASSED] - Wait for page load successfully

2018-08-14 15:04:00 - [TEST_STEP][PASSED] - waitForElementNotPresent: Web element with id: 'Object Repository/Pages/Log In Page/button_Login' located by 'By.xpath: //*[@id='userlogin']//button' is not present after '20' second(s)

2018-08-14 15:04:02 - [MESSAGE][PASSED] - Web element with id: 'Object Repository/Pages/Log In Page/button_Login' located by 'By.xpath: //*[@id='userlogin']//button' is not present after '20' second(s)

2018-08-14 15:04:02 - [TEST_STEP][PASSED] - waitForElementVisible: Object 'Object Repository/Pages/TV Channels Page/heading_TV Channel' is visible

2018-08-14 15:04:03 - [MESSAGE][PASSED] - Object 'Object Repository/Pages/TV Channels Page/heading_TV Channel' is visible

2018-08-14 15:04:03 - [TEST_STEP][PASSED] - Statement - DashboardURL = com.kms.katalon.core.webui.keyword.WebUiBuiltInKeywords.getUrl(): Current window's url is: 'https://his-uat.digivalet.com/cms/tvchannel/manageTvchannel'

2018-08-14 15:04:03 - [MESSAGE][PASSED] - Current window's url is: 'https://his-uat.digivalet.com/cms/tvchannel/manageTvchannel'

2018-08-14 15:04:03 - [TEST_STEP][PASSED] - verifyMatch: Actual text 'https://his-uat.digivalet.com/cms/tvchannel/manageTvchannel' and expected text 'https://his-uat.digivalet.com/cms/tvchannel/manageTvchannel' are matched  using regular expression

2018-08-14 15:04:03 - [MESSAGE][PASSED] - Actual text 'https://his-uat.digivalet.com/cms/tvchannel/manageTvchannel' and expected text 'https://his-uat.digivalet.com/cms/tvchannel/manageTvchannel' are matched  using regular expression

2018-08-14 15:04:03 - [MESSAGE][PASSED] - Call Test Case 'Test Cases/Tests/Log In Tests/TC001_Log in_valid_user' successfully

2018-08-14 15:04:03 - [TEST_STEP][PASSED] - click: Object: 'Object Repository/Pages/Dashboard/a_Restaurants' is clicked on

2018-08-14 15:04:05 - [MESSAGE][PASSED] - Object: 'Object Repository/Pages/Dashboard/a_Restaurants' is clicked on

2018-08-14 15:04:05 - [TEST_STEP][PASSED] - waitForElementVisible: Object 'Object Repository/Pages/Restaurant Page/res_cell_first' is visible

2018-08-14 15:04:06 - [MESSAGE][PASSED] - Object 'Object Repository/Pages/Restaurant Page/res_cell_first' is visible

2018-08-14 15:04:06 - [TEST_STEP][PASSED] - click: Object: 'Object Repository/Pages/Restaurant Page/menu_3_dot_rest' is clicked on

2018-08-14 15:04:07 - [MESSAGE][PASSED] - Object: 'Object Repository/Pages/Restaurant Page/menu_3_dot_rest' is clicked on

2018-08-14 15:04:07 - [TEST_STEP][PASSED] - click: Object: 'Object Repository/Pages/Restaurant Page/Delete Restaurant/btn_delete_res_3_dot_menu' is clicked on

2018-08-14 15:04:07 - [MESSAGE][PASSED] - Object: 'Object Repository/Pages/Restaurant Page/Delete Restaurant/btn_delete_res_3_dot_menu' is clicked on

2018-08-14 15:04:07 - [TEST_STEP][PASSED] - verifyElementVisible: Object 'Object Repository/Pages/Restaurant Page/Delete Restaurant/delete_res_confirmation_dialog' is visible

2018-08-14 15:04:07 - [MESSAGE][PASSED] - Object 'Object Repository/Pages/Restaurant Page/Delete Restaurant/delete_res_confirmation_dialog' is visible

2018-08-14 15:04:07 - [TEST_STEP][PASSED] - click: Object: 'Object Repository/Pages/Restaurant Page/Delete Restaurant/Btn_yes_delete_res' is clicked on

2018-08-14 15:04:07 - [MESSAGE][PASSED] - Object: 'Object Repository/Pages/Restaurant Page/Delete Restaurant/Btn_yes_delete_res' is clicked on

2018-08-14 15:04:07 - [TEST_STEP][PASSED] - delay: Delayed 2 second(s)

2018-08-14 15:04:09 - [MESSAGE][PASSED] - Delayed 2 second(s)

2018-08-14 15:04:09 - [TEST_STEP][PASSED] - verifyElementPresent: Object 'Object Repository/Pages/Restaurant Page/Delete Restaurant/msg_delete_restaurant_success' is present

2018-08-14 15:04:09 - [MESSAGE][PASSED] - Object 'Object Repository/Pages/Restaurant Page/Delete Restaurant/msg_delete_restaurant_success' is present

2018-08-14 15:04:09 - [TEST_STEP][PASSED] - verifyElementNotPresent: Web element with id: 'Object Repository/Pages/Restaurant Page/test1_restaurant_cell' located by 'By.xpath: //div[@data-catname='automation test edited']/div/div[1]' is not present after '30' second(s)

2018-08-14 15:04:09 - [MESSAGE][WARNING] - Timeout '0' is invalid. Using default page load timeout: '30'

2018-08-14 15:04:09 - [MESSAGE][PASSED] - Web element with id: 'Object Repository/Pages/Restaurant Page/test1_restaurant_cell' located by 'By.xpath: //div[@data-catname='automation test edited']/div/div[1]' is not present after '30' second(s)

2018-08-14 15:04:09 - [TEST_STEP][PASSED] - closeBrowser: Browser is closed

2018-08-14 15:04:09 - [MESSAGE][PASSED] - Browser is closed]]></system-out>
         <system-err><![CDATA[]]></system-err>
      </testcase>
      <testcase name="Test Cases/Tests/Restaurant Tests/TC_Restaurant_007" classname="Test Cases/Tests/Restaurant Tests/TC_Restaurant_007" status="FAILED">
         <failure type="FAILED" message="Unable to click on object 'Object Repository/Pages/Restaurant Page/menu_3_dot_rest2' (Root cause: com.kms.katalon.core.webui.exception.WebElementNotFoundException: Web element with id: 'Object Repository/Pages/Restaurant Page/menu_3_dot_rest2' located by 'By.xpath: //div[@data-catname='automation test edited']/div/div[2]/div[3]' not found)"/>
         <system-out><![CDATA[2018-08-14 15:04:09 - [TEST_CASE][FAILED] - Test Cases/Tests/Restaurant Tests/TC_Restaurant_007: Test Cases/Tests/Restaurant Tests/TC_Restaurant_007 FAILED because (of) Unable to click on object 'Object Repository/Pages/Restaurant Page/menu_3_dot_rest2' (Root cause: com.kms.katalon.core.webui.exception.WebElementNotFoundException: Web element with id: 'Object Repository/Pages/Restaurant Page/menu_3_dot_rest2' located by 'By.xpath: //div[@data-catname='automation test edited']/div/div[2]/div[3]' not found)

2018-08-14 15:04:09 - [TEST_STEP][PASSED] - callTestCase: Call Test Case 'Test Cases/Tests/Log In Tests/TC001_Log in_valid_user' successfully

2018-08-14 15:04:09 - [TEST_CASE][PASSED] - Test Cases/Tests/Log In Tests/TC001_Log in_valid_user: Test Cases/Tests/Log In Tests/TC001_Log in_valid_user

2018-08-14 15:04:09 - [TEST_STEP][PASSED] - openBrowser: Browser is opened with url: 'https://his-uat.digivalet.com/cms/dashboard/user/login'

2018-08-14 15:04:12 - [MESSAGE][PASSED] - Browser is opened with url: 'https://his-uat.digivalet.com/cms/dashboard/user/login'

2018-08-14 15:04:12 - [TEST_STEP][PASSED] - maximizeWindow: Current window maximized

2018-08-14 15:04:12 - [MESSAGE][PASSED] - Current window maximized

2018-08-14 15:04:12 - [TEST_STEP][PASSED] - waitForPageLoad: Wait for page load successfully

2018-08-14 15:04:12 - [MESSAGE][PASSED] - Wait for page load successfully

2018-08-14 15:04:12 - [TEST_STEP][PASSED] - setText: Text 'superadmin' is set on object 'Object Repository/Pages/Log In Page/input_username'

2018-08-14 15:04:12 - [MESSAGE][PASSED] - Text 'superadmin' is set on object 'Object Repository/Pages/Log In Page/input_username'

2018-08-14 15:04:12 - [TEST_STEP][PASSED] - setText: Text 'd7QUVg' is set on object 'Object Repository/Pages/Log In Page/input_password'

2018-08-14 15:04:12 - [MESSAGE][PASSED] - Text 'd7QUVg' is set on object 'Object Repository/Pages/Log In Page/input_password'

2018-08-14 15:04:12 - [TEST_STEP][PASSED] - click: Object: 'Object Repository/Pages/Log In Page/button_Login' is clicked on

2018-08-14 15:04:13 - [MESSAGE][PASSED] - Object: 'Object Repository/Pages/Log In Page/button_Login' is clicked on

2018-08-14 15:04:13 - [TEST_STEP][PASSED] - waitForPageLoad: Wait for page load successfully

2018-08-14 15:04:13 - [MESSAGE][PASSED] - Wait for page load successfully

2018-08-14 15:04:13 - [TEST_STEP][PASSED] - waitForElementNotPresent: Web element with id: 'Object Repository/Pages/Log In Page/button_Login' located by 'By.xpath: //*[@id='userlogin']//button' is not present after '20' second(s)

2018-08-14 15:04:17 - [MESSAGE][PASSED] - Web element with id: 'Object Repository/Pages/Log In Page/button_Login' located by 'By.xpath: //*[@id='userlogin']//button' is not present after '20' second(s)

2018-08-14 15:04:17 - [TEST_STEP][PASSED] - waitForElementVisible: Object 'Object Repository/Pages/TV Channels Page/heading_TV Channel' is visible

2018-08-14 15:04:17 - [MESSAGE][PASSED] - Object 'Object Repository/Pages/TV Channels Page/heading_TV Channel' is visible

2018-08-14 15:04:17 - [TEST_STEP][PASSED] - Statement - DashboardURL = com.kms.katalon.core.webui.keyword.WebUiBuiltInKeywords.getUrl(): Current window's url is: 'https://his-uat.digivalet.com/cms/tvchannel/manageTvchannel'

2018-08-14 15:04:17 - [MESSAGE][PASSED] - Current window's url is: 'https://his-uat.digivalet.com/cms/tvchannel/manageTvchannel'

2018-08-14 15:04:17 - [TEST_STEP][PASSED] - verifyMatch: Actual text 'https://his-uat.digivalet.com/cms/tvchannel/manageTvchannel' and expected text 'https://his-uat.digivalet.com/cms/tvchannel/manageTvchannel' are matched  using regular expression

2018-08-14 15:04:17 - [MESSAGE][PASSED] - Actual text 'https://his-uat.digivalet.com/cms/tvchannel/manageTvchannel' and expected text 'https://his-uat.digivalet.com/cms/tvchannel/manageTvchannel' are matched  using regular expression

2018-08-14 15:04:17 - [MESSAGE][PASSED] - Call Test Case 'Test Cases/Tests/Log In Tests/TC001_Log in_valid_user' successfully

2018-08-14 15:04:17 - [TEST_STEP][PASSED] - click: Object: 'Object Repository/Pages/Dashboard/a_Restaurants' is clicked on

2018-08-14 15:04:18 - [MESSAGE][PASSED] - Object: 'Object Repository/Pages/Dashboard/a_Restaurants' is clicked on

2018-08-14 15:04:18 - [TEST_STEP][PASSED] - waitForElementVisible: Object 'Object Repository/Pages/Restaurant Page/res_cell_first' is visible

2018-08-14 15:04:20 - [MESSAGE][PASSED] - Object 'Object Repository/Pages/Restaurant Page/res_cell_first' is visible

2018-08-14 15:04:20 - [TEST_STEP][PASSED] - click: Object: 'Object Repository/Pages/Restaurant Page/btn_plus_restaurant' is clicked on

2018-08-14 15:04:20 - [MESSAGE][PASSED] - Object: 'Object Repository/Pages/Restaurant Page/btn_plus_restaurant' is clicked on

2018-08-14 15:04:20 - [TEST_STEP][PASSED] - setText: Text 'Automation Test' is set on object 'Object Repository/Pages/Restaurant Page/Add Restaurant/input_display_name'

2018-08-14 15:04:20 - [MESSAGE][PASSED] - Text 'Automation Test' is set on object 'Object Repository/Pages/Restaurant Page/Add Restaurant/input_display_name'

2018-08-14 15:04:20 - [TEST_STEP][PASSED] - setText: Text 'This is a test restaurant being added by automation script.' is set on object 'Object Repository/Pages/Restaurant Page/Add Restaurant/textarea_description'

2018-08-14 15:04:21 - [MESSAGE][PASSED] - Text 'This is a test restaurant being added by automation script.' is set on object 'Object Repository/Pages/Restaurant Page/Add Restaurant/textarea_description'

2018-08-14 15:04:21 - [TEST_STEP][PASSED] - uploadFile: File '/Users/apple/git/pbsl_digivalet_cms_tests/Images/Restaurant Image.jpg' sent to object: 'Object Repository/Pages/Restaurant Page/Add Restaurant/btn_upload_image'

2018-08-14 15:04:21 - [MESSAGE][PASSED] - File '/Users/apple/git/pbsl_digivalet_cms_tests/Images/Restaurant Image.jpg' sent to object: 'Object Repository/Pages/Restaurant Page/Add Restaurant/btn_upload_image'

2018-08-14 15:04:21 - [TEST_STEP][PASSED] - waitForElementVisible: Object 'Object Repository/Pages/Restaurant Page/Crop Image/btn_zoom_in' is visible

2018-08-14 15:04:21 - [MESSAGE][PASSED] - Object 'Object Repository/Pages/Restaurant Page/Crop Image/btn_zoom_in' is visible

2018-08-14 15:04:21 - [TEST_STEP][PASSED] - click: Object: 'Object Repository/Pages/Restaurant Page/Crop Image/btn_zoom_in' is clicked on

2018-08-14 15:04:21 - [MESSAGE][PASSED] - Object: 'Object Repository/Pages/Restaurant Page/Crop Image/btn_zoom_in' is clicked on

2018-08-14 15:04:21 - [TEST_STEP][PASSED] - click: Object: 'Object Repository/Pages/Restaurant Page/Crop Image/btn_zoom_in' is clicked on

2018-08-14 15:04:21 - [MESSAGE][PASSED] - Object: 'Object Repository/Pages/Restaurant Page/Crop Image/btn_zoom_in' is clicked on

2018-08-14 15:04:21 - [TEST_STEP][PASSED] - click: Object: 'Object Repository/Pages/Restaurant Page/Crop Image/btn_zoom_out' is clicked on

2018-08-14 15:04:21 - [MESSAGE][PASSED] - Object: 'Object Repository/Pages/Restaurant Page/Crop Image/btn_zoom_out' is clicked on

2018-08-14 15:04:21 - [TEST_STEP][PASSED] - click: Object: 'Object Repository/Pages/Restaurant Page/Crop Image/btn_zoom_out' is clicked on

2018-08-14 15:04:21 - [MESSAGE][PASSED] - Object: 'Object Repository/Pages/Restaurant Page/Crop Image/btn_zoom_out' is clicked on

2018-08-14 15:04:21 - [TEST_STEP][PASSED] - click: Object: 'Object Repository/Pages/Restaurant Page/Crop Image/btn_crop_image_done' is clicked on

2018-08-14 15:04:22 - [MESSAGE][PASSED] - Object: 'Object Repository/Pages/Restaurant Page/Crop Image/btn_crop_image_done' is clicked on

2018-08-14 15:04:22 - [TEST_STEP][PASSED] - waitForElementVisible: Object 'Object Repository/Pages/Restaurant Page/Add Restaurant/heading_add_restaurant' is visible

2018-08-14 15:04:22 - [MESSAGE][PASSED] - Object 'Object Repository/Pages/Restaurant Page/Add Restaurant/heading_add_restaurant' is visible

2018-08-14 15:04:22 - [TEST_STEP][PASSED] - click: Object: 'Object Repository/Pages/Restaurant Page/Add Restaurant/checkbox_smoking_yes' is clicked on

2018-08-14 15:04:23 - [MESSAGE][PASSED] - Object: 'Object Repository/Pages/Restaurant Page/Add Restaurant/checkbox_smoking_yes' is clicked on

2018-08-14 15:04:23 - [TEST_STEP][PASSED] - setText: Text '2nd Floor, Wing 'A'' is set on object 'Object Repository/Pages/Restaurant Page/Add Restaurant/input_restaurant_location'

2018-08-14 15:04:23 - [MESSAGE][PASSED] - Text '2nd Floor, Wing 'A'' is set on object 'Object Repository/Pages/Restaurant Page/Add Restaurant/input_restaurant_location'

2018-08-14 15:04:23 - [TEST_STEP][PASSED] - click: Object: 'Object Repository/Pages/Restaurant Page/Add Restaurant/dropdown_add_menu_default' is clicked on

2018-08-14 15:04:23 - [MESSAGE][PASSED] - Object: 'Object Repository/Pages/Restaurant Page/Add Restaurant/dropdown_add_menu_default' is clicked on

2018-08-14 15:04:23 - [TEST_STEP][PASSED] - click: Object: 'Object Repository/Pages/Restaurant Page/Add Restaurant/value_add_dress_code' is clicked on

2018-08-14 15:04:23 - [MESSAGE][PASSED] - Object: 'Object Repository/Pages/Restaurant Page/Add Restaurant/value_add_dress_code' is clicked on

2018-08-14 15:04:23 - [TEST_STEP][PASSED] - setText: Text 'Dress Code' is set on object 'Object Repository/Pages/Restaurant Page/Add Restaurant/input_text_title_default'

2018-08-14 15:04:24 - [MESSAGE][PASSED] - Text 'Dress Code' is set on object 'Object Repository/Pages/Restaurant Page/Add Restaurant/input_text_title_default'

2018-08-14 15:04:24 - [TEST_STEP][PASSED] - setText: Text 'Formals' is set on object 'Object Repository/Pages/Restaurant Page/Add Restaurant/input_text_value_default'

2018-08-14 15:04:24 - [MESSAGE][PASSED] - Text 'Formals' is set on object 'Object Repository/Pages/Restaurant Page/Add Restaurant/input_text_value_default'

2018-08-14 15:04:24 - [TEST_STEP][PASSED] - click: Object: 'Object Repository/Pages/Restaurant Page/Add Restaurant/btn_next' is clicked on

2018-08-14 15:04:24 - [MESSAGE][PASSED] - Object: 'Object Repository/Pages/Restaurant Page/Add Restaurant/btn_next' is clicked on

2018-08-14 15:04:24 - [TEST_STEP][PASSED] - waitForElementVisible: Object 'Object Repository/Pages/Restaurant Page/Apply Filters/heading_apply_filters' is visible

2018-08-14 15:04:25 - [MESSAGE][PASSED] - Object 'Object Repository/Pages/Restaurant Page/Apply Filters/heading_apply_filters' is visible

2018-08-14 15:04:25 - [TEST_STEP][PASSED] - waitForElementVisible: Object 'Object Repository/Pages/Restaurant Page/Apply Filters/div_filters' is visible

2018-08-14 15:04:25 - [MESSAGE][PASSED] - Object 'Object Repository/Pages/Restaurant Page/Apply Filters/div_filters' is visible

2018-08-14 15:04:25 - [TEST_STEP][PASSED] - click: Object: 'Object Repository/Pages/Restaurant Page/Apply Filters/input_open_status' is clicked on

2018-08-14 15:04:25 - [MESSAGE][PASSED] - Object: 'Object Repository/Pages/Restaurant Page/Apply Filters/input_open_status' is clicked on

2018-08-14 15:04:25 - [TEST_STEP][PASSED] - click: Object: 'Object Repository/Pages/Restaurant Page/Apply Filters/option_allTime' is clicked on

2018-08-14 15:04:25 - [MESSAGE][PASSED] - Object: 'Object Repository/Pages/Restaurant Page/Apply Filters/option_allTime' is clicked on

2018-08-14 15:04:25 - [TEST_STEP][PASSED] - click: Object: 'Object Repository/Pages/Restaurant Page/Apply Filters/input_cuisine' is clicked on

2018-08-14 15:04:25 - [MESSAGE][PASSED] - Object: 'Object Repository/Pages/Restaurant Page/Apply Filters/input_cuisine' is clicked on

2018-08-14 15:04:25 - [TEST_STEP][PASSED] - click: Object: 'Object Repository/Pages/Restaurant Page/Apply Filters/option_all' is clicked on

2018-08-14 15:04:25 - [MESSAGE][PASSED] - Object: 'Object Repository/Pages/Restaurant Page/Apply Filters/option_all' is clicked on

2018-08-14 15:04:25 - [TEST_STEP][PASSED] - click: Object: 'Object Repository/Pages/Restaurant Page/Apply Filters/input_meal_type' is clicked on

2018-08-14 15:04:25 - [MESSAGE][PASSED] - Object: 'Object Repository/Pages/Restaurant Page/Apply Filters/input_meal_type' is clicked on

2018-08-14 15:04:25 - [TEST_STEP][PASSED] - click: Object: 'Object Repository/Pages/Restaurant Page/Apply Filters/option_breakfast' is clicked on

2018-08-14 15:04:25 - [MESSAGE][PASSED] - Object: 'Object Repository/Pages/Restaurant Page/Apply Filters/option_breakfast' is clicked on

2018-08-14 15:04:25 - [TEST_STEP][PASSED] - click: Object: 'Object Repository/Pages/Restaurant Page/Apply Filters/meal_type_start_time' is clicked on

2018-08-14 15:04:26 - [MESSAGE][PASSED] - Object: 'Object Repository/Pages/Restaurant Page/Apply Filters/meal_type_start_time' is clicked on

2018-08-14 15:04:26 - [TEST_STEP][PASSED] - click: Object: 'Object Repository/Pages/Restaurant Page/Apply Filters/pick_hours' is clicked on

2018-08-14 15:04:26 - [MESSAGE][PASSED] - Object: 'Object Repository/Pages/Restaurant Page/Apply Filters/pick_hours' is clicked on

2018-08-14 15:04:26 - [TEST_STEP][PASSED] - click: Object: 'Object Repository/Pages/Restaurant Page/Apply Filters/hour_09' is clicked on

2018-08-14 15:04:26 - [MESSAGE][PASSED] - Object: 'Object Repository/Pages/Restaurant Page/Apply Filters/hour_09' is clicked on

2018-08-14 15:04:26 - [TEST_STEP][PASSED] - click: Object: 'Object Repository/Pages/Restaurant Page/Apply Filters/pick_minutes' is clicked on

2018-08-14 15:04:26 - [MESSAGE][PASSED] - Object: 'Object Repository/Pages/Restaurant Page/Apply Filters/pick_minutes' is clicked on

2018-08-14 15:04:26 - [TEST_STEP][PASSED] - click: Object: 'Object Repository/Pages/Restaurant Page/Apply Filters/minute_00' is clicked on

2018-08-14 15:04:26 - [MESSAGE][PASSED] - Object: 'Object Repository/Pages/Restaurant Page/Apply Filters/minute_00' is clicked on

2018-08-14 15:04:26 - [TEST_STEP][PASSED] - click: Object: 'Object Repository/Pages/Restaurant Page/Apply Filters/btn_AM_PM' is clicked on

2018-08-14 15:04:26 - [MESSAGE][PASSED] - Object: 'Object Repository/Pages/Restaurant Page/Apply Filters/btn_AM_PM' is clicked on

2018-08-14 15:04:26 - [TEST_STEP][PASSED] - click: Object: 'Object Repository/Pages/Restaurant Page/Apply Filters/meal_type_end_time' is clicked on

2018-08-14 15:04:26 - [MESSAGE][PASSED] - Object: 'Object Repository/Pages/Restaurant Page/Apply Filters/meal_type_end_time' is clicked on

2018-08-14 15:04:26 - [TEST_STEP][PASSED] - click: Object: 'Object Repository/Pages/Restaurant Page/Apply Filters/pick_hours' is clicked on

2018-08-14 15:04:26 - [MESSAGE][PASSED] - Object: 'Object Repository/Pages/Restaurant Page/Apply Filters/pick_hours' is clicked on

2018-08-14 15:04:26 - [TEST_STEP][PASSED] - click: Object: 'Object Repository/Pages/Restaurant Page/Apply Filters/hour_11' is clicked on

2018-08-14 15:04:26 - [MESSAGE][PASSED] - Object: 'Object Repository/Pages/Restaurant Page/Apply Filters/hour_11' is clicked on

2018-08-14 15:04:26 - [TEST_STEP][PASSED] - click: Object: 'Object Repository/Pages/Restaurant Page/Apply Filters/pick_minutes' is clicked on

2018-08-14 15:04:27 - [MESSAGE][PASSED] - Object: 'Object Repository/Pages/Restaurant Page/Apply Filters/pick_minutes' is clicked on

2018-08-14 15:04:27 - [TEST_STEP][PASSED] - click: Object: 'Object Repository/Pages/Restaurant Page/Apply Filters/minute_00' is clicked on

2018-08-14 15:04:27 - [MESSAGE][PASSED] - Object: 'Object Repository/Pages/Restaurant Page/Apply Filters/minute_00' is clicked on

2018-08-14 15:04:27 - [TEST_STEP][PASSED] - click: Object: 'Object Repository/Pages/Restaurant Page/Apply Filters/btn_AM_PM' is clicked on

2018-08-14 15:04:27 - [MESSAGE][PASSED] - Object: 'Object Repository/Pages/Restaurant Page/Apply Filters/btn_AM_PM' is clicked on

2018-08-14 15:04:27 - [TEST_STEP][PASSED] - click: Object: 'Object Repository/Pages/Restaurant Page/Apply Filters/btn_save' is clicked on

2018-08-14 15:04:27 - [MESSAGE][PASSED] - Object: 'Object Repository/Pages/Restaurant Page/Apply Filters/btn_save' is clicked on

2018-08-14 15:04:27 - [TEST_STEP][PASSED] - verifyElementVisible: Object 'Object Repository/Pages/Restaurant Page/msg_add_restaurant_success' is visible

2018-08-14 15:04:28 - [MESSAGE][PASSED] - Object 'Object Repository/Pages/Restaurant Page/msg_add_restaurant_success' is visible

2018-08-14 15:04:28 - [TEST_STEP][PASSED] - delay: Delayed 1 second(s)

2018-08-14 15:04:29 - [MESSAGE][PASSED] - Delayed 1 second(s)

2018-08-14 15:04:29 - [TEST_STEP][PASSED] - click: Object: 'Object Repository/Pages/Dashboard/a_Restaurants' is clicked on

2018-08-14 15:04:30 - [MESSAGE][PASSED] - Object: 'Object Repository/Pages/Dashboard/a_Restaurants' is clicked on

2018-08-14 15:04:30 - [TEST_STEP][PASSED] - waitForElementVisible: Object 'Object Repository/Pages/Restaurant Page/res_cell_first' is visible

2018-08-14 15:04:31 - [MESSAGE][PASSED] - Object 'Object Repository/Pages/Restaurant Page/res_cell_first' is visible

2018-08-14 15:04:31 - [TEST_STEP][PASSED] - verifyElementPresent: Object 'Object Repository/Pages/Restaurant Page/restaurant_name' is present

2018-08-14 15:04:31 - [MESSAGE][PASSED] - Object 'Object Repository/Pages/Restaurant Page/restaurant_name' is present

2018-08-14 15:04:31 - [TEST_STEP][PASSED] - Statement - RestaurantName = com.kms.katalon.core.webui.keyword.WebUiBuiltInKeywords.getAttribute(com.kms.katalon.core.testobject.ObjectRepository.findTestObject(Pages/Restaurant Page/restaurant_name), "title"): Attribute 'title' of object 'Object Repository/Pages/Restaurant Page/restaurant_name' is: 'Automation Test'

2018-08-14 15:04:31 - [MESSAGE][PASSED] - Attribute 'title' of object 'Object Repository/Pages/Restaurant Page/restaurant_name' is: 'Automation Test'

2018-08-14 15:04:31 - [TEST_STEP][PASSED] - verifyMatch: Actual text 'Automation Test' and expected text 'Automation Test' are matched 

2018-08-14 15:04:31 - [MESSAGE][PASSED] - Actual text 'Automation Test' and expected text 'Automation Test' are matched 

2018-08-14 15:04:31 - [TEST_STEP][FAILED] - click: Unable to click on object 'Object Repository/Pages/Restaurant Page/menu_3_dot_rest2' (Root cause: com.kms.katalon.core.webui.exception.WebElementNotFoundException: Web element with id: 'Object Repository/Pages/Restaurant Page/menu_3_dot_rest2' located by 'By.xpath: //div[@data-catname='automation test edited']/div/div[2]/div[3]' not found)

2018-08-14 15:05:02 - [MESSAGE][FAILED] - Unable to click on object 'Object Repository/Pages/Restaurant Page/menu_3_dot_rest2' (Root cause: com.kms.katalon.core.webui.exception.WebElementNotFoundException: Web element with id: 'Object Repository/Pages/Restaurant Page/menu_3_dot_rest2' located by 'By.xpath: //div[@data-catname='automation test edited']/div/div[2]/div[3]' not found)
[[ATTACHMENT|/Users/apple/git/pbsl_digivalet_cms_tests/Reports/Restaurant Tests/20180814_150205/1534239302008.png]]]]></system-out>
         <system-err><![CDATA[2018-08-14 15:04:09 - [TEST_CASE][FAILED] - Test Cases/Tests/Restaurant Tests/TC_Restaurant_007: Test Cases/Tests/Restaurant Tests/TC_Restaurant_007 FAILED because (of) Unable to click on object 'Object Repository/Pages/Restaurant Page/menu_3_dot_rest2' (Root cause: com.kms.katalon.core.webui.exception.WebElementNotFoundException: Web element with id: 'Object Repository/Pages/Restaurant Page/menu_3_dot_rest2' located by 'By.xpath: //div[@data-catname='automation test edited']/div/div[2]/div[3]' not found)]]></system-err>
      </testcase>
      <testcase name="Test Cases/Tests/Restaurant Tests/TC_Restaurant_008" classname="Test Cases/Tests/Restaurant Tests/TC_Restaurant_008" status="PASSED">
         <system-out><![CDATA[2018-08-14 15:05:02 - [TEST_CASE][PASSED] - Test Cases/Tests/Restaurant Tests/TC_Restaurant_008: Test Cases/Tests/Restaurant Tests/TC_Restaurant_008

2018-08-14 15:05:02 - [TEST_STEP][PASSED] - callTestCase: Call Test Case 'Test Cases/Tests/Log In Tests/TC001_Log in_valid_user' successfully

2018-08-14 15:05:03 - [TEST_CASE][PASSED] - Test Cases/Tests/Log In Tests/TC001_Log in_valid_user: Test Cases/Tests/Log In Tests/TC001_Log in_valid_user

2018-08-14 15:05:03 - [TEST_STEP][PASSED] - openBrowser: Browser is opened with url: 'https://his-uat.digivalet.com/cms/dashboard/user/login'

2018-08-14 15:05:03 - [MESSAGE][WARNING] - A browser is already opened. Closing browser and opening a new one

2018-08-14 15:05:05 - [MESSAGE][PASSED] - Browser is opened with url: 'https://his-uat.digivalet.com/cms/dashboard/user/login'

2018-08-14 15:05:05 - [TEST_STEP][PASSED] - maximizeWindow: Current window maximized

2018-08-14 15:05:05 - [MESSAGE][PASSED] - Current window maximized

2018-08-14 15:05:05 - [TEST_STEP][PASSED] - waitForPageLoad: Wait for page load successfully

2018-08-14 15:05:05 - [MESSAGE][PASSED] - Wait for page load successfully

2018-08-14 15:05:05 - [TEST_STEP][PASSED] - setText: Text 'superadmin' is set on object 'Object Repository/Pages/Log In Page/input_username'

2018-08-14 15:05:06 - [MESSAGE][PASSED] - Text 'superadmin' is set on object 'Object Repository/Pages/Log In Page/input_username'

2018-08-14 15:05:06 - [TEST_STEP][PASSED] - setText: Text 'd7QUVg' is set on object 'Object Repository/Pages/Log In Page/input_password'

2018-08-14 15:05:06 - [MESSAGE][PASSED] - Text 'd7QUVg' is set on object 'Object Repository/Pages/Log In Page/input_password'

2018-08-14 15:05:06 - [TEST_STEP][PASSED] - click: Object: 'Object Repository/Pages/Log In Page/button_Login' is clicked on

2018-08-14 15:05:06 - [MESSAGE][PASSED] - Object: 'Object Repository/Pages/Log In Page/button_Login' is clicked on

2018-08-14 15:05:06 - [TEST_STEP][PASSED] - waitForPageLoad: Wait for page load successfully

2018-08-14 15:05:06 - [MESSAGE][PASSED] - Wait for page load successfully

2018-08-14 15:05:06 - [TEST_STEP][PASSED] - waitForElementNotPresent: Web element with id: 'Object Repository/Pages/Log In Page/button_Login' located by 'By.xpath: //*[@id='userlogin']//button' is not present after '20' second(s)

2018-08-14 15:05:11 - [MESSAGE][PASSED] - Web element with id: 'Object Repository/Pages/Log In Page/button_Login' located by 'By.xpath: //*[@id='userlogin']//button' is not present after '20' second(s)

2018-08-14 15:05:11 - [TEST_STEP][PASSED] - waitForElementVisible: Object 'Object Repository/Pages/TV Channels Page/heading_TV Channel' is visible

2018-08-14 15:05:11 - [MESSAGE][PASSED] - Object 'Object Repository/Pages/TV Channels Page/heading_TV Channel' is visible

2018-08-14 15:05:11 - [TEST_STEP][PASSED] - Statement - DashboardURL = com.kms.katalon.core.webui.keyword.WebUiBuiltInKeywords.getUrl(): Current window's url is: 'https://his-uat.digivalet.com/cms/tvchannel/manageTvchannel'

2018-08-14 15:05:11 - [MESSAGE][PASSED] - Current window's url is: 'https://his-uat.digivalet.com/cms/tvchannel/manageTvchannel'

2018-08-14 15:05:11 - [TEST_STEP][PASSED] - verifyMatch: Actual text 'https://his-uat.digivalet.com/cms/tvchannel/manageTvchannel' and expected text 'https://his-uat.digivalet.com/cms/tvchannel/manageTvchannel' are matched  using regular expression

2018-08-14 15:05:11 - [MESSAGE][PASSED] - Actual text 'https://his-uat.digivalet.com/cms/tvchannel/manageTvchannel' and expected text 'https://his-uat.digivalet.com/cms/tvchannel/manageTvchannel' are matched  using regular expression

2018-08-14 15:05:11 - [MESSAGE][PASSED] - Call Test Case 'Test Cases/Tests/Log In Tests/TC001_Log in_valid_user' successfully

2018-08-14 15:05:11 - [TEST_STEP][PASSED] - click: Object: 'Object Repository/Pages/Dashboard/a_Restaurants' is clicked on

2018-08-14 15:05:12 - [MESSAGE][PASSED] - Object: 'Object Repository/Pages/Dashboard/a_Restaurants' is clicked on

2018-08-14 15:05:12 - [TEST_STEP][PASSED] - waitForElementVisible: Object 'Object Repository/Pages/Restaurant Page/res_cell_first' is visible

2018-08-14 15:05:13 - [MESSAGE][PASSED] - Object 'Object Repository/Pages/Restaurant Page/res_cell_first' is visible

2018-08-14 15:05:13 - [TEST_STEP][PASSED] - click: Object: 'Object Repository/Pages/Restaurant Page/btn_plus_restaurant' is clicked on

2018-08-14 15:05:14 - [MESSAGE][PASSED] - Object: 'Object Repository/Pages/Restaurant Page/btn_plus_restaurant' is clicked on

2018-08-14 15:05:14 - [TEST_STEP][PASSED] - uploadFile: File '/Users/apple/git/pbsl_digivalet_cms_tests/Images/Restaurant Image.jpg' sent to object: 'Object Repository/Pages/Restaurant Page/Add Restaurant/btn_upload_image'

2018-08-14 15:05:14 - [MESSAGE][PASSED] - File '/Users/apple/git/pbsl_digivalet_cms_tests/Images/Restaurant Image.jpg' sent to object: 'Object Repository/Pages/Restaurant Page/Add Restaurant/btn_upload_image'

2018-08-14 15:05:14 - [TEST_STEP][PASSED] - waitForElementVisible: Object 'Object Repository/Pages/Restaurant Page/Crop Image/btn_zoom_in' is visible

2018-08-14 15:05:14 - [MESSAGE][PASSED] - Object 'Object Repository/Pages/Restaurant Page/Crop Image/btn_zoom_in' is visible

2018-08-14 15:05:14 - [TEST_STEP][PASSED] - click: Object: 'Object Repository/Pages/Restaurant Page/Crop Image/btn_zoom_in' is clicked on

2018-08-14 15:05:14 - [MESSAGE][PASSED] - Object: 'Object Repository/Pages/Restaurant Page/Crop Image/btn_zoom_in' is clicked on

2018-08-14 15:05:14 - [TEST_STEP][PASSED] - click: Object: 'Object Repository/Pages/Restaurant Page/Crop Image/btn_zoom_out' is clicked on

2018-08-14 15:05:14 - [MESSAGE][PASSED] - Object: 'Object Repository/Pages/Restaurant Page/Crop Image/btn_zoom_out' is clicked on

2018-08-14 15:05:14 - [TEST_STEP][PASSED] - delay: Delayed 2 second(s)

2018-08-14 15:05:16 - [MESSAGE][PASSED] - Delayed 2 second(s)

2018-08-14 15:05:16 - [TEST_STEP][PASSED] - click: Object: 'Object Repository/Pages/Restaurant Page/Crop Image/btn_crop_image_done' is clicked on

2018-08-14 15:05:17 - [MESSAGE][PASSED] - Object: 'Object Repository/Pages/Restaurant Page/Crop Image/btn_crop_image_done' is clicked on

2018-08-14 15:05:17 - [TEST_STEP][PASSED] - waitForElementVisible: Object 'Object Repository/Pages/Restaurant Page/Add Restaurant/heading_add_restaurant' is visible

2018-08-14 15:05:17 - [MESSAGE][PASSED] - Object 'Object Repository/Pages/Restaurant Page/Add Restaurant/heading_add_restaurant' is visible

2018-08-14 15:05:17 - [TEST_STEP][PASSED] - verifyElementText: Actual text and expected text of test object 'Object Repository/Pages/Restaurant Page/Add Restaurant/text_displayname_step1' are matched.

2018-08-14 15:05:17 - [MESSAGE][PASSED] - Actual text and expected text of test object 'Object Repository/Pages/Restaurant Page/Add Restaurant/text_displayname_step1' are matched.

2018-08-14 15:05:17 - [TEST_STEP][PASSED] - verifyElementText: Actual text and expected text of test object 'Object Repository/Pages/Restaurant Page/Add Restaurant/text_description_step1' are matched.

2018-08-14 15:05:17 - [MESSAGE][PASSED] - Actual text and expected text of test object 'Object Repository/Pages/Restaurant Page/Add Restaurant/text_description_step1' are matched.

2018-08-14 15:05:17 - [TEST_STEP][PASSED] - verifyElementText: Actual text and expected text of test object 'Object Repository/Pages/Restaurant Page/Add Restaurant/text_image_step1' are matched.

2018-08-14 15:05:17 - [MESSAGE][PASSED] - Actual text and expected text of test object 'Object Repository/Pages/Restaurant Page/Add Restaurant/text_image_step1' are matched.

2018-08-14 15:05:17 - [TEST_STEP][PASSED] - verifyElementText: Actual text and expected text of test object 'Object Repository/Pages/Restaurant Page/Add Restaurant/text_reservation_allowed_step1' are matched.

2018-08-14 15:05:17 - [MESSAGE][PASSED] - Actual text and expected text of test object 'Object Repository/Pages/Restaurant Page/Add Restaurant/text_reservation_allowed_step1' are matched.

2018-08-14 15:05:17 - [TEST_STEP][PASSED] - verifyElementText: Actual text and expected text of test object 'Object Repository/Pages/Restaurant Page/Add Restaurant/text_opening_hours' are matched.

2018-08-14 15:05:17 - [MESSAGE][PASSED] - Actual text and expected text of test object 'Object Repository/Pages/Restaurant Page/Add Restaurant/text_opening_hours' are matched.

2018-08-14 15:05:17 - [TEST_STEP][PASSED] - verifyElementText: Actual text and expected text of test object 'Object Repository/Pages/Restaurant Page/Add Restaurant/text_smoking' are matched.

2018-08-14 15:05:17 - [MESSAGE][PASSED] - Actual text and expected text of test object 'Object Repository/Pages/Restaurant Page/Add Restaurant/text_smoking' are matched.

2018-08-14 15:05:17 - [TEST_STEP][PASSED] - verifyElementText: Actual text and expected text of test object 'Object Repository/Pages/Restaurant Page/Add Restaurant/text_location_step1' are matched.

2018-08-14 15:05:17 - [MESSAGE][PASSED] - Actual text and expected text of test object 'Object Repository/Pages/Restaurant Page/Add Restaurant/text_location_step1' are matched.

2018-08-14 15:05:17 - [TEST_STEP][PASSED] - click: Object: 'Object Repository/Pages/Restaurant Page/Add Restaurant/dropdown_add_menu_default' is clicked on

2018-08-14 15:05:18 - [MESSAGE][PASSED] - Object: 'Object Repository/Pages/Restaurant Page/Add Restaurant/dropdown_add_menu_default' is clicked on

2018-08-14 15:05:18 - [TEST_STEP][PASSED] - verifyElementPresent: Object 'Object Repository/Pages/Restaurant Page/Add Restaurant/value_add_menu' is present

2018-08-14 15:05:18 - [MESSAGE][PASSED] - Object 'Object Repository/Pages/Restaurant Page/Add Restaurant/value_add_menu' is present

2018-08-14 15:05:18 - [TEST_STEP][PASSED] - verifyElementPresent: Object 'Object Repository/Pages/Restaurant Page/Add Restaurant/value_add_dress_code' is present

2018-08-14 15:05:18 - [MESSAGE][PASSED] - Object 'Object Repository/Pages/Restaurant Page/Add Restaurant/value_add_dress_code' is present

2018-08-14 15:05:18 - [TEST_STEP][PASSED] - verifyElementPresent: Object 'Object Repository/Pages/Restaurant Page/Add Restaurant/value_add_URL' is present

2018-08-14 15:05:18 - [MESSAGE][PASSED] - Object 'Object Repository/Pages/Restaurant Page/Add Restaurant/value_add_URL' is present

2018-08-14 15:05:18 - [TEST_STEP][PASSED] - verifyElementPresent: Object 'Object Repository/Pages/Restaurant Page/Add Restaurant/value_add_video' is present

2018-08-14 15:05:18 - [MESSAGE][PASSED] - Object 'Object Repository/Pages/Restaurant Page/Add Restaurant/value_add_video' is present

2018-08-14 15:05:18 - [TEST_STEP][PASSED] - verifyElementPresent: Object 'Object Repository/Pages/Restaurant Page/Add Restaurant/value_add_custom' is present

2018-08-14 15:05:18 - [MESSAGE][PASSED] - Object 'Object Repository/Pages/Restaurant Page/Add Restaurant/value_add_custom' is present

2018-08-14 15:05:18 - [TEST_STEP][PASSED] - click: Object: 'Object Repository/Pages/Restaurant Page/Add Restaurant/btn_next' is clicked on

2018-08-14 15:05:18 - [MESSAGE][PASSED] - Object: 'Object Repository/Pages/Restaurant Page/Add Restaurant/btn_next' is clicked on

2018-08-14 15:05:18 - [TEST_STEP][PASSED] - waitForElementVisible: Object 'Object Repository/Pages/Restaurant Page/Add Restaurant/heading_apply_filters' is visible

2018-08-14 15:05:18 - [MESSAGE][PASSED] - Object 'Object Repository/Pages/Restaurant Page/Add Restaurant/heading_apply_filters' is visible

2018-08-14 15:05:18 - [TEST_STEP][PASSED] - verifyElementText: Actual text and expected text of test object 'Object Repository/Pages/Restaurant Page/Add Restaurant/text_open_status_step2' are matched.

2018-08-14 15:05:19 - [MESSAGE][PASSED] - Actual text and expected text of test object 'Object Repository/Pages/Restaurant Page/Add Restaurant/text_open_status_step2' are matched.

2018-08-14 15:05:19 - [TEST_STEP][PASSED] - verifyElementText: Actual text and expected text of test object 'Object Repository/Pages/Restaurant Page/Add Restaurant/text_cuisine_step2' are matched.

2018-08-14 15:05:19 - [MESSAGE][PASSED] - Actual text and expected text of test object 'Object Repository/Pages/Restaurant Page/Add Restaurant/text_cuisine_step2' are matched.

2018-08-14 15:05:19 - [TEST_STEP][PASSED] - verifyElementText: Actual text and expected text of test object 'Object Repository/Pages/Restaurant Page/Add Restaurant/text_meal_type_step2' are matched.

2018-08-14 15:05:19 - [MESSAGE][PASSED] - Actual text and expected text of test object 'Object Repository/Pages/Restaurant Page/Add Restaurant/text_meal_type_step2' are matched.

2018-08-14 15:05:19 - [TEST_STEP][PASSED] - click: Object: 'Object Repository/Pages/Restaurant Page/Apply Filters/btn_dismiss_modal_step2' is clicked on

2018-08-14 15:05:19 - [MESSAGE][PASSED] - Object: 'Object Repository/Pages/Restaurant Page/Apply Filters/btn_dismiss_modal_step2' is clicked on

2018-08-14 15:05:19 - [TEST_STEP][PASSED] - closeBrowser: Browser is closed

2018-08-14 15:05:19 - [MESSAGE][PASSED] - Browser is closed]]></system-out>
         <system-err><![CDATA[]]></system-err>
      </testcase>
      <testcase name="Test Cases/Tests/Restaurant Tests/TC_Restaurant_009" classname="Test Cases/Tests/Restaurant Tests/TC_Restaurant_009" status="PASSED">
         <system-out><![CDATA[2018-08-14 15:05:19 - [TEST_CASE][PASSED] - Test Cases/Tests/Restaurant Tests/TC_Restaurant_009: Test Cases/Tests/Restaurant Tests/TC_Restaurant_009

2018-08-14 15:05:19 - [TEST_STEP][PASSED] - callTestCase: Call Test Case 'Test Cases/Tests/Log In Tests/TC001_Log in_valid_user' successfully

2018-08-14 15:05:19 - [TEST_CASE][PASSED] - Test Cases/Tests/Log In Tests/TC001_Log in_valid_user: Test Cases/Tests/Log In Tests/TC001_Log in_valid_user

2018-08-14 15:05:19 - [TEST_STEP][PASSED] - openBrowser: Browser is opened with url: 'https://his-uat.digivalet.com/cms/dashboard/user/login'

2018-08-14 15:05:21 - [MESSAGE][PASSED] - Browser is opened with url: 'https://his-uat.digivalet.com/cms/dashboard/user/login'

2018-08-14 15:05:21 - [TEST_STEP][PASSED] - maximizeWindow: Current window maximized

2018-08-14 15:05:22 - [MESSAGE][PASSED] - Current window maximized

2018-08-14 15:05:22 - [TEST_STEP][PASSED] - waitForPageLoad: Wait for page load successfully

2018-08-14 15:05:22 - [MESSAGE][PASSED] - Wait for page load successfully

2018-08-14 15:05:22 - [TEST_STEP][PASSED] - setText: Text 'superadmin' is set on object 'Object Repository/Pages/Log In Page/input_username'

2018-08-14 15:05:22 - [MESSAGE][PASSED] - Text 'superadmin' is set on object 'Object Repository/Pages/Log In Page/input_username'

2018-08-14 15:05:22 - [TEST_STEP][PASSED] - setText: Text 'd7QUVg' is set on object 'Object Repository/Pages/Log In Page/input_password'

2018-08-14 15:05:22 - [MESSAGE][PASSED] - Text 'd7QUVg' is set on object 'Object Repository/Pages/Log In Page/input_password'

2018-08-14 15:05:22 - [TEST_STEP][PASSED] - click: Object: 'Object Repository/Pages/Log In Page/button_Login' is clicked on

2018-08-14 15:05:22 - [MESSAGE][PASSED] - Object: 'Object Repository/Pages/Log In Page/button_Login' is clicked on

2018-08-14 15:05:22 - [TEST_STEP][PASSED] - waitForPageLoad: Wait for page load successfully

2018-08-14 15:05:22 - [MESSAGE][PASSED] - Wait for page load successfully

2018-08-14 15:05:22 - [TEST_STEP][PASSED] - waitForElementNotPresent: Web element with id: 'Object Repository/Pages/Log In Page/button_Login' located by 'By.xpath: //*[@id='userlogin']//button' is not present after '20' second(s)

2018-08-14 15:05:27 - [MESSAGE][PASSED] - Web element with id: 'Object Repository/Pages/Log In Page/button_Login' located by 'By.xpath: //*[@id='userlogin']//button' is not present after '20' second(s)

2018-08-14 15:05:27 - [TEST_STEP][PASSED] - waitForElementVisible: Object 'Object Repository/Pages/TV Channels Page/heading_TV Channel' is visible

2018-08-14 15:05:27 - [MESSAGE][PASSED] - Object 'Object Repository/Pages/TV Channels Page/heading_TV Channel' is visible

2018-08-14 15:05:27 - [TEST_STEP][PASSED] - Statement - DashboardURL = com.kms.katalon.core.webui.keyword.WebUiBuiltInKeywords.getUrl(): Current window's url is: 'https://his-uat.digivalet.com/cms/tvchannel/manageTvchannel'

2018-08-14 15:05:27 - [MESSAGE][PASSED] - Current window's url is: 'https://his-uat.digivalet.com/cms/tvchannel/manageTvchannel'

2018-08-14 15:05:27 - [TEST_STEP][PASSED] - verifyMatch: Actual text 'https://his-uat.digivalet.com/cms/tvchannel/manageTvchannel' and expected text 'https://his-uat.digivalet.com/cms/tvchannel/manageTvchannel' are matched  using regular expression

2018-08-14 15:05:27 - [MESSAGE][PASSED] - Actual text 'https://his-uat.digivalet.com/cms/tvchannel/manageTvchannel' and expected text 'https://his-uat.digivalet.com/cms/tvchannel/manageTvchannel' are matched  using regular expression

2018-08-14 15:05:27 - [MESSAGE][PASSED] - Call Test Case 'Test Cases/Tests/Log In Tests/TC001_Log in_valid_user' successfully

2018-08-14 15:05:27 - [TEST_STEP][PASSED] - click: Object: 'Object Repository/Pages/Dashboard/a_Restaurants' is clicked on

2018-08-14 15:05:28 - [MESSAGE][PASSED] - Object: 'Object Repository/Pages/Dashboard/a_Restaurants' is clicked on

2018-08-14 15:05:28 - [TEST_STEP][PASSED] - waitForElementVisible: Object 'Object Repository/Pages/Restaurant Page/res_cell_first' is visible

2018-08-14 15:05:30 - [MESSAGE][PASSED] - Object 'Object Repository/Pages/Restaurant Page/res_cell_first' is visible

2018-08-14 15:05:30 - [TEST_STEP][PASSED] - click: Object: 'Object Repository/Pages/Restaurant Page/test_restaurant_cell' is clicked on

2018-08-14 15:05:30 - [MESSAGE][PASSED] - Object: 'Object Repository/Pages/Restaurant Page/test_restaurant_cell' is clicked on

2018-08-14 15:05:30 - [TEST_STEP][PASSED] - verifyElementVisible: Object 'Object Repository/Pages/Restaurant Page/Edit Restaurant/edit_res_dialog_box' is visible

2018-08-14 15:05:30 - [MESSAGE][PASSED] - Object 'Object Repository/Pages/Restaurant Page/Edit Restaurant/edit_res_dialog_box' is visible

2018-08-14 15:05:30 - [TEST_STEP][PASSED] - closeBrowser: Browser is closed

2018-08-14 15:05:30 - [MESSAGE][PASSED] - Browser is closed]]></system-out>
         <system-err><![CDATA[]]></system-err>
      </testcase>
      <testcase name="Test Cases/Tests/Restaurant Tests/TC_Restaurant_011" classname="Test Cases/Tests/Restaurant Tests/TC_Restaurant_011" status="FAILED">
         <failure type="FAILED" message="Unable to click on object 'Object Repository/Pages/Restaurant Page/btn_plus_restaurant' (Root cause: com.kms.katalon.core.webui.exception.WebElementNotFoundException: Web element with id: 'Object Repository/Pages/Restaurant Page/btn_plus_restaurant' located by 'By.xpath: /html[1]/body[@class=&quot;body_Class  navbar-top analytics_module&quot;]/div[@class=&quot;wrapper&quot;]/div[@class=&quot;page-container&quot;]/div[@class=&quot;page-content&quot;]/div[@class=&quot;content-wrapper&quot;]/div[@class=&quot;page-header&quot;]/div[@class=&quot;page-header-content&quot;]/div[@class=&quot;row&quot;]/div[@class=&quot;col-md-6&quot;]/div[@class=&quot;top-right-section&quot;]/button[@class=&quot;btn btn-default dv-rounded-btn add-form-open&quot;]' not found)"/>
         <system-out><![CDATA[2018-08-14 15:05:30 - [TEST_CASE][FAILED] - Test Cases/Tests/Restaurant Tests/TC_Restaurant_011: Test Cases/Tests/Restaurant Tests/TC_Restaurant_011 FAILED because (of) Unable to click on object 'Object Repository/Pages/Restaurant Page/btn_plus_restaurant' (Root cause: com.kms.katalon.core.webui.exception.WebElementNotFoundException: Web element with id: 'Object Repository/Pages/Restaurant Page/btn_plus_restaurant' located by 'By.xpath: /html[1]/body[@class="body_Class  navbar-top analytics_module"]/div[@class="wrapper"]/div[@class="page-container"]/div[@class="page-content"]/div[@class="content-wrapper"]/div[@class="page-header"]/div[@class="page-header-content"]/div[@class="row"]/div[@class="col-md-6"]/div[@class="top-right-section"]/button[@class="btn btn-default dv-rounded-btn add-form-open"]' not found)

2018-08-14 15:05:30 - [TEST_STEP][PASSED] - Statement - driver = com.kms.katalon.core.webui.driver.DriverFactory.openWebDriver(): Starting 'Chrome' driver

2018-08-14 15:05:31 - [TEST_STEP][PASSED] - Statement - driver.get(URL): null

2018-08-14 15:05:33 - [TEST_STEP][PASSED] - Statement - driver.manage().window().maximize(): null

2018-08-14 15:05:33 - [TEST_STEP][PASSED] - setText: Text 'superadmin' is set on object 'Object Repository/Pages/Log In Page/input_username'

2018-08-14 15:05:33 - [MESSAGE][PASSED] - Text 'superadmin' is set on object 'Object Repository/Pages/Log In Page/input_username'

2018-08-14 15:05:33 - [TEST_STEP][PASSED] - setText: Text 'd7QUVg' is set on object 'Object Repository/Pages/Log In Page/input_password'

2018-08-14 15:05:33 - [MESSAGE][PASSED] - Text 'd7QUVg' is set on object 'Object Repository/Pages/Log In Page/input_password'

2018-08-14 15:05:33 - [TEST_STEP][PASSED] - click: Object: 'Object Repository/Pages/Log In Page/button_Login' is clicked on

2018-08-14 15:05:34 - [MESSAGE][PASSED] - Object: 'Object Repository/Pages/Log In Page/button_Login' is clicked on

2018-08-14 15:05:34 - [TEST_STEP][PASSED] - waitForPageLoad: Wait for page load successfully

2018-08-14 15:05:34 - [MESSAGE][PASSED] - Wait for page load successfully

2018-08-14 15:05:34 - [TEST_STEP][PASSED] - waitForElementNotPresent: Web element with id: 'Object Repository/Pages/Log In Page/button_Login' located by 'By.xpath: //*[@id='userlogin']//button' is not present after '20' second(s)

2018-08-14 15:05:39 - [MESSAGE][PASSED] - Web element with id: 'Object Repository/Pages/Log In Page/button_Login' located by 'By.xpath: //*[@id='userlogin']//button' is not present after '20' second(s)

2018-08-14 15:05:39 - [TEST_STEP][PASSED] - waitForElementVisible: Object 'Object Repository/Pages/TV Channels Page/heading_TV Channel' is visible

2018-08-14 15:05:39 - [MESSAGE][PASSED] - Object 'Object Repository/Pages/TV Channels Page/heading_TV Channel' is visible

2018-08-14 15:05:39 - [TEST_STEP][PASSED] - click: Object: 'Object Repository/Pages/Dashboard/a_Restaurants' is clicked on

2018-08-14 15:05:40 - [MESSAGE][PASSED] - Object: 'Object Repository/Pages/Dashboard/a_Restaurants' is clicked on

2018-08-14 15:05:40 - [TEST_STEP][PASSED] - waitForElementVisible: Object 'Object Repository/Pages/Restaurant Page/res_cell_first' is visible

2018-08-14 15:05:41 - [MESSAGE][PASSED] - Object 'Object Repository/Pages/Restaurant Page/res_cell_first' is visible

2018-08-14 15:05:41 - [TEST_STEP][PASSED] - waitForElementHasAttribute: Object 'Object Repository/Pages/Restaurant Page/res_count' does not have attribute 'Text'

2018-08-14 15:05:51 - [MESSAGE][WARNING] - Object 'Object Repository/Pages/Restaurant Page/res_count' does not have attribute 'Text'

2018-08-14 15:05:51 - [TEST_STEP][PASSED] - Statement - countText = com.kms.katalon.core.webui.keyword.WebUiBuiltInKeywords.getText(com.kms.katalon.core.testobject.ObjectRepository.findTestObject(Pages/Restaurant Page/res_count)): Text of object 'Object Repository/Pages/Restaurant Page/res_count' is: 'Showing all 17 Restaurants'

2018-08-14 15:05:51 - [MESSAGE][PASSED] - Text of object 'Object Repository/Pages/Restaurant Page/res_count' is: 'Showing all 17 Restaurants'

2018-08-14 15:05:51 - [TEST_STEP][PASSED] - Statement - splitText = countText.split(): null

2018-08-14 15:05:51 - [TEST_STEP][PASSED] - Statement - resCount = splitText[2]: null

2018-08-14 15:05:51 - [TEST_STEP][PASSED] - Statement - allRes = driver.findElements(org.openqa.selenium.By.xpath("//div[@id='sortable-category']/div[@class='col-lg-3 col-sm-6 col-md-5thumb single-category-box']")): null

2018-08-14 15:05:52 - [TEST_STEP][PASSED] - Statement - allResCount = allRes.size(): null

2018-08-14 15:05:52 - [TEST_STEP][PASSED] - verifyEqual: Actual object '17' and expected object '17' are equal

2018-08-14 15:05:52 - [MESSAGE][PASSED] - Actual object '17' and expected object '17' are equal

2018-08-14 15:05:52 - [TEST_STEP][FAILED] - click: Unable to click on object 'Object Repository/Pages/Restaurant Page/btn_plus_restaurant' (Root cause: com.kms.katalon.core.webui.exception.WebElementNotFoundException: Web element with id: 'Object Repository/Pages/Restaurant Page/btn_plus_restaurant' located by 'By.xpath: /html[1]/body[@class="body_Class  navbar-top analytics_module"]/div[@class="wrapper"]/div[@class="page-container"]/div[@class="page-content"]/div[@class="content-wrapper"]/div[@class="page-header"]/div[@class="page-header-content"]/div[@class="row"]/div[@class="col-md-6"]/div[@class="top-right-section"]/button[@class="btn btn-default dv-rounded-btn add-form-open"]' not found)

2018-08-14 15:06:23 - [MESSAGE][FAILED] - Unable to click on object 'Object Repository/Pages/Restaurant Page/btn_plus_restaurant' (Root cause: com.kms.katalon.core.webui.exception.WebElementNotFoundException: Web element with id: 'Object Repository/Pages/Restaurant Page/btn_plus_restaurant' located by 'By.xpath: /html[1]/body[@class="body_Class  navbar-top analytics_module"]/div[@class="wrapper"]/div[@class="page-container"]/div[@class="page-content"]/div[@class="content-wrapper"]/div[@class="page-header"]/div[@class="page-header-content"]/div[@class="row"]/div[@class="col-md-6"]/div[@class="top-right-section"]/button[@class="btn btn-default dv-rounded-btn add-form-open"]' not found)
[[ATTACHMENT|/Users/apple/git/pbsl_digivalet_cms_tests/Reports/Restaurant Tests/20180814_150205/1534239382915.png]]]]></system-out>
         <system-err><![CDATA[2018-08-14 15:05:30 - [TEST_CASE][FAILED] - Test Cases/Tests/Restaurant Tests/TC_Restaurant_011: Test Cases/Tests/Restaurant Tests/TC_Restaurant_011 FAILED because (of) Unable to click on object 'Object Repository/Pages/Restaurant Page/btn_plus_restaurant' (Root cause: com.kms.katalon.core.webui.exception.WebElementNotFoundException: Web element with id: 'Object Repository/Pages/Restaurant Page/btn_plus_restaurant' located by 'By.xpath: /html[1]/body[@class="body_Class  navbar-top analytics_module"]/div[@class="wrapper"]/div[@class="page-container"]/div[@class="page-content"]/div[@class="content-wrapper"]/div[@class="page-header"]/div[@class="page-header-content"]/div[@class="row"]/div[@class="col-md-6"]/div[@class="top-right-section"]/button[@class="btn btn-default dv-rounded-btn add-form-open"]' not found)]]></system-err>
      </testcase>
      <testcase name="Test Cases/Tests/Restaurant Tests/TC_Restaurant_012" classname="Test Cases/Tests/Restaurant Tests/TC_Restaurant_012" status="FAILED">
         <failure type="FAILED" message="Unable to click on object 'Object Repository/Pages/Restaurant Page/menu_3_dot_rest1' (Root cause: com.kms.katalon.core.webui.exception.WebElementNotFoundException: Web element with id: 'Object Repository/Pages/Restaurant Page/menu_3_dot_rest1' located by 'By.xpath: //div[@data-catname='automation test2']/div/div[2]/div[3]' not found)"/>
         <system-out><![CDATA[2018-08-14 15:06:23 - [TEST_CASE][FAILED] - Test Cases/Tests/Restaurant Tests/TC_Restaurant_012: Test Cases/Tests/Restaurant Tests/TC_Restaurant_012 FAILED because (of) Unable to click on object 'Object Repository/Pages/Restaurant Page/menu_3_dot_rest1' (Root cause: com.kms.katalon.core.webui.exception.WebElementNotFoundException: Web element with id: 'Object Repository/Pages/Restaurant Page/menu_3_dot_rest1' located by 'By.xpath: //div[@data-catname='automation test2']/div/div[2]/div[3]' not found)

2018-08-14 15:06:23 - [TEST_STEP][PASSED] - Statement - driver = com.kms.katalon.core.webui.driver.DriverFactory.openWebDriver(): A browser is already opened. Closing browser and opening a new one

2018-08-14 15:06:23 - [MESSAGE][WARNING] - A browser is already opened. Closing browser and opening a new one

2018-08-14 15:06:25 - [TEST_STEP][PASSED] - Statement - driver.get(URL): null

2018-08-14 15:06:34 - [TEST_STEP][PASSED] - Statement - driver.manage().window().maximize(): null

2018-08-14 15:06:35 - [TEST_STEP][PASSED] - setText: Text 'superadmin' is set on object 'Object Repository/Pages/Log In Page/input_username'

2018-08-14 15:06:35 - [MESSAGE][PASSED] - Text 'superadmin' is set on object 'Object Repository/Pages/Log In Page/input_username'

2018-08-14 15:06:35 - [TEST_STEP][PASSED] - setText: Text 'd7QUVg' is set on object 'Object Repository/Pages/Log In Page/input_password'

2018-08-14 15:06:35 - [MESSAGE][PASSED] - Text 'd7QUVg' is set on object 'Object Repository/Pages/Log In Page/input_password'

2018-08-14 15:06:35 - [TEST_STEP][PASSED] - click: Object: 'Object Repository/Pages/Log In Page/button_Login' is clicked on

2018-08-14 15:06:35 - [MESSAGE][PASSED] - Object: 'Object Repository/Pages/Log In Page/button_Login' is clicked on

2018-08-14 15:06:35 - [TEST_STEP][PASSED] - waitForPageLoad: Wait for page load successfully

2018-08-14 15:06:35 - [MESSAGE][PASSED] - Wait for page load successfully

2018-08-14 15:06:35 - [TEST_STEP][PASSED] - waitForElementNotPresent: Web element with id: 'Object Repository/Pages/Log In Page/button_Login' located by 'By.xpath: //*[@id='userlogin']//button' is not present after '20' second(s)

2018-08-14 15:06:44 - [MESSAGE][PASSED] - Web element with id: 'Object Repository/Pages/Log In Page/button_Login' located by 'By.xpath: //*[@id='userlogin']//button' is not present after '20' second(s)

2018-08-14 15:06:44 - [TEST_STEP][PASSED] - waitForElementVisible: Object 'Object Repository/Pages/TV Channels Page/heading_TV Channel' is visible

2018-08-14 15:06:44 - [MESSAGE][PASSED] - Object 'Object Repository/Pages/TV Channels Page/heading_TV Channel' is visible

2018-08-14 15:06:44 - [TEST_STEP][PASSED] - click: Object: 'Object Repository/Pages/Dashboard/a_Restaurants' is clicked on

2018-08-14 15:06:51 - [MESSAGE][PASSED] - Object: 'Object Repository/Pages/Dashboard/a_Restaurants' is clicked on

2018-08-14 15:06:51 - [TEST_STEP][PASSED] - waitForElementVisible: Object 'Object Repository/Pages/Restaurant Page/res_cell_first' is visible

2018-08-14 15:06:52 - [MESSAGE][PASSED] - Object 'Object Repository/Pages/Restaurant Page/res_cell_first' is visible

2018-08-14 15:06:52 - [TEST_STEP][PASSED] - waitForElementHasAttribute: Object 'Object Repository/Pages/Restaurant Page/res_count' does not have attribute 'Text'

2018-08-14 15:07:02 - [MESSAGE][WARNING] - Object 'Object Repository/Pages/Restaurant Page/res_count' does not have attribute 'Text'

2018-08-14 15:07:02 - [TEST_STEP][PASSED] - Statement - countText = com.kms.katalon.core.webui.keyword.WebUiBuiltInKeywords.getText(com.kms.katalon.core.testobject.ObjectRepository.findTestObject(Pages/Restaurant Page/res_count)): Text of object 'Object Repository/Pages/Restaurant Page/res_count' is: 'Showing all 17 Restaurants'

2018-08-14 15:07:02 - [MESSAGE][PASSED] - Text of object 'Object Repository/Pages/Restaurant Page/res_count' is: 'Showing all 17 Restaurants'

2018-08-14 15:07:02 - [TEST_STEP][PASSED] - Statement - splitText = countText.split(): null

2018-08-14 15:07:02 - [TEST_STEP][PASSED] - Statement - resCount = splitText[2]: null

2018-08-14 15:07:02 - [TEST_STEP][PASSED] - Statement - allRes = driver.findElements(org.openqa.selenium.By.xpath("//div[@id='sortable-category']/div[@class='col-lg-3 col-sm-6 col-md-5thumb single-category-box']")): null

2018-08-14 15:07:02 - [TEST_STEP][PASSED] - Statement - allResCount = allRes.size(): null

2018-08-14 15:07:02 - [TEST_STEP][PASSED] - verifyEqual: Actual object '17' and expected object '17' are equal

2018-08-14 15:07:02 - [MESSAGE][PASSED] - Actual object '17' and expected object '17' are equal

2018-08-14 15:07:02 - [TEST_STEP][FAILED] - click: Unable to click on object 'Object Repository/Pages/Restaurant Page/menu_3_dot_rest1' (Root cause: com.kms.katalon.core.webui.exception.WebElementNotFoundException: Web element with id: 'Object Repository/Pages/Restaurant Page/menu_3_dot_rest1' located by 'By.xpath: //div[@data-catname='automation test2']/div/div[2]/div[3]' not found)

2018-08-14 15:07:35 - [MESSAGE][FAILED] - Unable to click on object 'Object Repository/Pages/Restaurant Page/menu_3_dot_rest1' (Root cause: com.kms.katalon.core.webui.exception.WebElementNotFoundException: Web element with id: 'Object Repository/Pages/Restaurant Page/menu_3_dot_rest1' located by 'By.xpath: //div[@data-catname='automation test2']/div/div[2]/div[3]' not found)
[[ATTACHMENT|/Users/apple/git/pbsl_digivalet_cms_tests/Reports/Restaurant Tests/20180814_150205/1534239454527.png]]]]></system-out>
         <system-err><![CDATA[2018-08-14 15:06:23 - [TEST_CASE][FAILED] - Test Cases/Tests/Restaurant Tests/TC_Restaurant_012: Test Cases/Tests/Restaurant Tests/TC_Restaurant_012 FAILED because (of) Unable to click on object 'Object Repository/Pages/Restaurant Page/menu_3_dot_rest1' (Root cause: com.kms.katalon.core.webui.exception.WebElementNotFoundException: Web element with id: 'Object Repository/Pages/Restaurant Page/menu_3_dot_rest1' located by 'By.xpath: //div[@data-catname='automation test2']/div/div[2]/div[3]' not found)]]></system-err>
      </testcase>
      <testcase name="Test Cases/Tests/Restaurant Tests/TC_Restaurant_014" classname="Test Cases/Tests/Restaurant Tests/TC_Restaurant_014" status="PASSED">
         <system-out><![CDATA[2018-08-14 15:07:35 - [TEST_CASE][PASSED] - Test Cases/Tests/Restaurant Tests/TC_Restaurant_014: Test Cases/Tests/Restaurant Tests/TC_Restaurant_014

2018-08-14 15:07:35 - [TEST_STEP][PASSED] - callTestCase: Call Test Case 'Test Cases/Tests/Log In Tests/TC001_Log in_valid_user' successfully

2018-08-14 15:07:35 - [TEST_CASE][PASSED] - Test Cases/Tests/Log In Tests/TC001_Log in_valid_user: Test Cases/Tests/Log In Tests/TC001_Log in_valid_user

2018-08-14 15:07:35 - [TEST_STEP][PASSED] - openBrowser: Browser is opened with url: 'https://his-uat.digivalet.com/cms/dashboard/user/login'

2018-08-14 15:07:35 - [MESSAGE][WARNING] - A browser is already opened. Closing browser and opening a new one

2018-08-14 15:07:38 - [MESSAGE][PASSED] - Browser is opened with url: 'https://his-uat.digivalet.com/cms/dashboard/user/login'

2018-08-14 15:07:38 - [TEST_STEP][PASSED] - maximizeWindow: Current window maximized

2018-08-14 15:07:38 - [MESSAGE][PASSED] - Current window maximized

2018-08-14 15:07:38 - [TEST_STEP][PASSED] - waitForPageLoad: Wait for page load successfully

2018-08-14 15:07:38 - [MESSAGE][PASSED] - Wait for page load successfully

2018-08-14 15:07:38 - [TEST_STEP][PASSED] - setText: Text 'superadmin' is set on object 'Object Repository/Pages/Log In Page/input_username'

2018-08-14 15:07:39 - [MESSAGE][PASSED] - Text 'superadmin' is set on object 'Object Repository/Pages/Log In Page/input_username'

2018-08-14 15:07:39 - [TEST_STEP][PASSED] - setText: Text 'd7QUVg' is set on object 'Object Repository/Pages/Log In Page/input_password'

2018-08-14 15:07:39 - [MESSAGE][PASSED] - Text 'd7QUVg' is set on object 'Object Repository/Pages/Log In Page/input_password'

2018-08-14 15:07:39 - [TEST_STEP][PASSED] - click: Object: 'Object Repository/Pages/Log In Page/button_Login' is clicked on

2018-08-14 15:07:39 - [MESSAGE][PASSED] - Object: 'Object Repository/Pages/Log In Page/button_Login' is clicked on

2018-08-14 15:07:39 - [TEST_STEP][PASSED] - waitForPageLoad: Wait for page load successfully

2018-08-14 15:07:39 - [MESSAGE][PASSED] - Wait for page load successfully

2018-08-14 15:07:39 - [TEST_STEP][PASSED] - waitForElementNotPresent: Web element with id: 'Object Repository/Pages/Log In Page/button_Login' located by 'By.xpath: //*[@id='userlogin']//button' is not present after '20' second(s)

2018-08-14 15:07:43 - [MESSAGE][PASSED] - Web element with id: 'Object Repository/Pages/Log In Page/button_Login' located by 'By.xpath: //*[@id='userlogin']//button' is not present after '20' second(s)

2018-08-14 15:07:43 - [TEST_STEP][PASSED] - waitForElementVisible: Object 'Object Repository/Pages/TV Channels Page/heading_TV Channel' is visible

2018-08-14 15:07:43 - [MESSAGE][PASSED] - Object 'Object Repository/Pages/TV Channels Page/heading_TV Channel' is visible

2018-08-14 15:07:43 - [TEST_STEP][PASSED] - Statement - DashboardURL = com.kms.katalon.core.webui.keyword.WebUiBuiltInKeywords.getUrl(): Current window's url is: 'https://his-uat.digivalet.com/cms/tvchannel/manageTvchannel'

2018-08-14 15:07:43 - [MESSAGE][PASSED] - Current window's url is: 'https://his-uat.digivalet.com/cms/tvchannel/manageTvchannel'

2018-08-14 15:07:43 - [TEST_STEP][PASSED] - verifyMatch: Actual text 'https://his-uat.digivalet.com/cms/tvchannel/manageTvchannel' and expected text 'https://his-uat.digivalet.com/cms/tvchannel/manageTvchannel' are matched  using regular expression

2018-08-14 15:07:43 - [MESSAGE][PASSED] - Actual text 'https://his-uat.digivalet.com/cms/tvchannel/manageTvchannel' and expected text 'https://his-uat.digivalet.com/cms/tvchannel/manageTvchannel' are matched  using regular expression

2018-08-14 15:07:43 - [MESSAGE][PASSED] - Call Test Case 'Test Cases/Tests/Log In Tests/TC001_Log in_valid_user' successfully

2018-08-14 15:07:43 - [TEST_STEP][PASSED] - click: Object: 'Object Repository/Pages/Dashboard/a_Restaurants' is clicked on

2018-08-14 15:07:45 - [MESSAGE][PASSED] - Object: 'Object Repository/Pages/Dashboard/a_Restaurants' is clicked on

2018-08-14 15:07:45 - [TEST_STEP][PASSED] - waitForElementVisible: Object 'Object Repository/Pages/Restaurant Page/res_cell_first' is visible

2018-08-14 15:07:47 - [MESSAGE][PASSED] - Object 'Object Repository/Pages/Restaurant Page/res_cell_first' is visible

2018-08-14 15:07:47 - [TEST_STEP][PASSED] - click: Object: 'Object Repository/Pages/Restaurant Page/btn_plus_restaurant' is clicked on

2018-08-14 15:07:47 - [MESSAGE][PASSED] - Object: 'Object Repository/Pages/Restaurant Page/btn_plus_restaurant' is clicked on

2018-08-14 15:07:47 - [TEST_STEP][PASSED] - verifyElementChecked: Object 'Object Repository/Pages/Restaurant Page/Add Restaurant/radio_reservation_allowed_yes' is checked

2018-08-14 15:07:47 - [MESSAGE][PASSED] - Object 'Object Repository/Pages/Restaurant Page/Add Restaurant/radio_reservation_allowed_yes' is checked

2018-08-14 15:07:47 - [TEST_STEP][PASSED] - verifyElementNotChecked: Object 'Object Repository/Pages/Restaurant Page/Add Restaurant/radio_reservation_allowed_no' is not checked

2018-08-14 15:07:47 - [MESSAGE][PASSED] - Object 'Object Repository/Pages/Restaurant Page/Add Restaurant/radio_reservation_allowed_no' is not checked

2018-08-14 15:07:47 - [TEST_STEP][PASSED] - verifyElementChecked: Object 'Object Repository/Pages/Restaurant Page/Add Restaurant/radio_openinghours_anytime' is checked

2018-08-14 15:07:47 - [MESSAGE][PASSED] - Object 'Object Repository/Pages/Restaurant Page/Add Restaurant/radio_openinghours_anytime' is checked

2018-08-14 15:07:47 - [TEST_STEP][PASSED] - verifyElementNotChecked: Object 'Object Repository/Pages/Restaurant Page/Add Restaurant/radio_openinghours_settime' is not checked

2018-08-14 15:07:47 - [MESSAGE][PASSED] - Object 'Object Repository/Pages/Restaurant Page/Add Restaurant/radio_openinghours_settime' is not checked

2018-08-14 15:07:47 - [TEST_STEP][PASSED] - verifyElementChecked: Object 'Object Repository/Pages/Restaurant Page/Add Restaurant/checkbox_smoking_no' is checked

2018-08-14 15:07:47 - [MESSAGE][PASSED] - Object 'Object Repository/Pages/Restaurant Page/Add Restaurant/checkbox_smoking_no' is checked

2018-08-14 15:07:47 - [TEST_STEP][PASSED] - verifyElementNotChecked: Object 'Object Repository/Pages/Restaurant Page/Add Restaurant/checkbox_smoking_yes' is not checked

2018-08-14 15:07:48 - [MESSAGE][PASSED] - Object 'Object Repository/Pages/Restaurant Page/Add Restaurant/checkbox_smoking_yes' is not checked

2018-08-14 15:07:48 - [TEST_STEP][PASSED] - closeBrowser: Browser is closed

2018-08-14 15:07:48 - [MESSAGE][PASSED] - Browser is closed]]></system-out>
         <system-err><![CDATA[]]></system-err>
      </testcase>
      <testcase name="Test Cases/Tests/Restaurant Tests/TC_Restaurant_015" classname="Test Cases/Tests/Restaurant Tests/TC_Restaurant_015" status="FAILED">
         <failure type="FAILED" message="Unable to get attribute 'title' of object 'Object Repository/Pages/Restaurant Page/Edit Restaurant/edit_filters_cuisine' (Root cause: com.kms.katalon.core.webui.exception.WebElementNotFoundException: Web element with id: 'Object Repository/Pages/Restaurant Page/Edit Restaurant/edit_filters_cuisine' located by 'By.xpath: //*[@id='edit_filter_option']/div[2]//li[@class='select2-selection__choice']' not found)"/>
         <system-out><![CDATA[2018-08-14 15:07:48 - [TEST_CASE][FAILED] - Test Cases/Tests/Restaurant Tests/TC_Restaurant_015: Test Cases/Tests/Restaurant Tests/TC_Restaurant_015 FAILED because (of) Unable to get attribute 'title' of object 'Object Repository/Pages/Restaurant Page/Edit Restaurant/edit_filters_cuisine' (Root cause: com.kms.katalon.core.webui.exception.WebElementNotFoundException: Web element with id: 'Object Repository/Pages/Restaurant Page/Edit Restaurant/edit_filters_cuisine' located by 'By.xpath: //*[@id='edit_filter_option']/div[2]//li[@class='select2-selection__choice']' not found)

2018-08-14 15:07:48 - [TEST_STEP][PASSED] - callTestCase: Call Test Case 'Test Cases/Tests/Log In Tests/TC001_Log in_valid_user' successfully

2018-08-14 15:07:48 - [TEST_CASE][PASSED] - Test Cases/Tests/Log In Tests/TC001_Log in_valid_user: Test Cases/Tests/Log In Tests/TC001_Log in_valid_user

2018-08-14 15:07:48 - [TEST_STEP][PASSED] - openBrowser: Browser is opened with url: 'https://his-uat.digivalet.com/cms/dashboard/user/login'

2018-08-14 15:07:51 - [MESSAGE][PASSED] - Browser is opened with url: 'https://his-uat.digivalet.com/cms/dashboard/user/login'

2018-08-14 15:07:51 - [TEST_STEP][PASSED] - maximizeWindow: Current window maximized

2018-08-14 15:07:51 - [MESSAGE][PASSED] - Current window maximized

2018-08-14 15:07:51 - [TEST_STEP][PASSED] - waitForPageLoad: Wait for page load successfully

2018-08-14 15:07:51 - [MESSAGE][PASSED] - Wait for page load successfully

2018-08-14 15:07:51 - [TEST_STEP][PASSED] - setText: Text 'superadmin' is set on object 'Object Repository/Pages/Log In Page/input_username'

2018-08-14 15:07:51 - [MESSAGE][PASSED] - Text 'superadmin' is set on object 'Object Repository/Pages/Log In Page/input_username'

2018-08-14 15:07:51 - [TEST_STEP][PASSED] - setText: Text 'd7QUVg' is set on object 'Object Repository/Pages/Log In Page/input_password'

2018-08-14 15:07:52 - [MESSAGE][PASSED] - Text 'd7QUVg' is set on object 'Object Repository/Pages/Log In Page/input_password'

2018-08-14 15:07:52 - [TEST_STEP][PASSED] - click: Object: 'Object Repository/Pages/Log In Page/button_Login' is clicked on

2018-08-14 15:07:52 - [MESSAGE][PASSED] - Object: 'Object Repository/Pages/Log In Page/button_Login' is clicked on

2018-08-14 15:07:52 - [TEST_STEP][PASSED] - waitForPageLoad: Wait for page load successfully

2018-08-14 15:07:52 - [MESSAGE][PASSED] - Wait for page load successfully

2018-08-14 15:07:52 - [TEST_STEP][PASSED] - waitForElementNotPresent: Web element with id: 'Object Repository/Pages/Log In Page/button_Login' located by 'By.xpath: //*[@id='userlogin']//button' is not present after '20' second(s)

2018-08-14 15:07:57 - [MESSAGE][PASSED] - Web element with id: 'Object Repository/Pages/Log In Page/button_Login' located by 'By.xpath: //*[@id='userlogin']//button' is not present after '20' second(s)

2018-08-14 15:07:57 - [TEST_STEP][PASSED] - waitForElementVisible: Object 'Object Repository/Pages/TV Channels Page/heading_TV Channel' is visible

2018-08-14 15:07:57 - [MESSAGE][PASSED] - Object 'Object Repository/Pages/TV Channels Page/heading_TV Channel' is visible

2018-08-14 15:07:57 - [TEST_STEP][PASSED] - Statement - DashboardURL = com.kms.katalon.core.webui.keyword.WebUiBuiltInKeywords.getUrl(): Current window's url is: 'https://his-uat.digivalet.com/cms/tvchannel/manageTvchannel'

2018-08-14 15:07:57 - [MESSAGE][PASSED] - Current window's url is: 'https://his-uat.digivalet.com/cms/tvchannel/manageTvchannel'

2018-08-14 15:07:57 - [TEST_STEP][PASSED] - verifyMatch: Actual text 'https://his-uat.digivalet.com/cms/tvchannel/manageTvchannel' and expected text 'https://his-uat.digivalet.com/cms/tvchannel/manageTvchannel' are matched  using regular expression

2018-08-14 15:07:57 - [MESSAGE][PASSED] - Actual text 'https://his-uat.digivalet.com/cms/tvchannel/manageTvchannel' and expected text 'https://his-uat.digivalet.com/cms/tvchannel/manageTvchannel' are matched  using regular expression

2018-08-14 15:07:57 - [MESSAGE][PASSED] - Call Test Case 'Test Cases/Tests/Log In Tests/TC001_Log in_valid_user' successfully

2018-08-14 15:07:57 - [TEST_STEP][PASSED] - click: Object: 'Object Repository/Pages/Dashboard/a_Restaurants' is clicked on

2018-08-14 15:07:58 - [MESSAGE][PASSED] - Object: 'Object Repository/Pages/Dashboard/a_Restaurants' is clicked on

2018-08-14 15:07:58 - [TEST_STEP][PASSED] - waitForElementVisible: Object 'Object Repository/Pages/Restaurant Page/res_cell_first' is visible

2018-08-14 15:07:59 - [MESSAGE][PASSED] - Object 'Object Repository/Pages/Restaurant Page/res_cell_first' is visible

2018-08-14 15:07:59 - [TEST_STEP][PASSED] - click: Object: 'Object Repository/Pages/Restaurant Page/btn_plus_restaurant' is clicked on

2018-08-14 15:07:59 - [MESSAGE][PASSED] - Object: 'Object Repository/Pages/Restaurant Page/btn_plus_restaurant' is clicked on

2018-08-14 15:07:59 - [TEST_STEP][PASSED] - setText: Text 'Automation Test3' is set on object 'Object Repository/Pages/Restaurant Page/Add Restaurant/input_display_name'

2018-08-14 15:08:00 - [MESSAGE][PASSED] - Text 'Automation Test3' is set on object 'Object Repository/Pages/Restaurant Page/Add Restaurant/input_display_name'

2018-08-14 15:08:00 - [TEST_STEP][PASSED] - setText: Text 'This is a test restaurant being added by automation script.' is set on object 'Object Repository/Pages/Restaurant Page/Add Restaurant/textarea_description'

2018-08-14 15:08:01 - [MESSAGE][PASSED] - Text 'This is a test restaurant being added by automation script.' is set on object 'Object Repository/Pages/Restaurant Page/Add Restaurant/textarea_description'

2018-08-14 15:08:01 - [TEST_STEP][PASSED] - uploadFile: File '/Users/apple/git/pbsl_digivalet_cms_tests/Images/Restaurant Image.jpg' sent to object: 'Object Repository/Pages/Restaurant Page/Add Restaurant/btn_upload_image'

2018-08-14 15:08:01 - [MESSAGE][PASSED] - File '/Users/apple/git/pbsl_digivalet_cms_tests/Images/Restaurant Image.jpg' sent to object: 'Object Repository/Pages/Restaurant Page/Add Restaurant/btn_upload_image'

2018-08-14 15:08:01 - [TEST_STEP][PASSED] - waitForElementVisible: Object 'Object Repository/Pages/Restaurant Page/Crop Image/btn_zoom_in' is visible

2018-08-14 15:08:01 - [MESSAGE][PASSED] - Object 'Object Repository/Pages/Restaurant Page/Crop Image/btn_zoom_in' is visible

2018-08-14 15:08:01 - [TEST_STEP][PASSED] - click: Object: 'Object Repository/Pages/Restaurant Page/Crop Image/btn_zoom_in' is clicked on

2018-08-14 15:08:01 - [MESSAGE][PASSED] - Object: 'Object Repository/Pages/Restaurant Page/Crop Image/btn_zoom_in' is clicked on

2018-08-14 15:08:01 - [TEST_STEP][PASSED] - click: Object: 'Object Repository/Pages/Restaurant Page/Crop Image/btn_zoom_in' is clicked on

2018-08-14 15:08:01 - [MESSAGE][PASSED] - Object: 'Object Repository/Pages/Restaurant Page/Crop Image/btn_zoom_in' is clicked on

2018-08-14 15:08:01 - [TEST_STEP][PASSED] - click: Object: 'Object Repository/Pages/Restaurant Page/Crop Image/btn_zoom_out' is clicked on

2018-08-14 15:08:01 - [MESSAGE][PASSED] - Object: 'Object Repository/Pages/Restaurant Page/Crop Image/btn_zoom_out' is clicked on

2018-08-14 15:08:01 - [TEST_STEP][PASSED] - click: Object: 'Object Repository/Pages/Restaurant Page/Crop Image/btn_zoom_out' is clicked on

2018-08-14 15:08:01 - [MESSAGE][PASSED] - Object: 'Object Repository/Pages/Restaurant Page/Crop Image/btn_zoom_out' is clicked on

2018-08-14 15:08:01 - [TEST_STEP][PASSED] - delay: Delayed 2 second(s)

2018-08-14 15:08:03 - [MESSAGE][PASSED] - Delayed 2 second(s)

2018-08-14 15:08:03 - [TEST_STEP][PASSED] - click: Object: 'Object Repository/Pages/Restaurant Page/Crop Image/btn_crop_image_done' is clicked on

2018-08-14 15:08:03 - [MESSAGE][PASSED] - Object: 'Object Repository/Pages/Restaurant Page/Crop Image/btn_crop_image_done' is clicked on

2018-08-14 15:08:03 - [TEST_STEP][PASSED] - waitForElementVisible: Object 'Object Repository/Pages/Restaurant Page/Add Restaurant/heading_add_restaurant' is visible

2018-08-14 15:08:04 - [MESSAGE][PASSED] - Object 'Object Repository/Pages/Restaurant Page/Add Restaurant/heading_add_restaurant' is visible

2018-08-14 15:08:04 - [TEST_STEP][PASSED] - click: Object: 'Object Repository/Pages/Restaurant Page/Add Restaurant/radio_reservation_allowed_no' is clicked on

2018-08-14 15:08:04 - [MESSAGE][PASSED] - Object: 'Object Repository/Pages/Restaurant Page/Add Restaurant/radio_reservation_allowed_no' is clicked on

2018-08-14 15:08:04 - [TEST_STEP][PASSED] - click: Object: 'Object Repository/Pages/Restaurant Page/Add Restaurant/radio_openinghours_settime' is clicked on

2018-08-14 15:08:04 - [MESSAGE][PASSED] - Object: 'Object Repository/Pages/Restaurant Page/Add Restaurant/radio_openinghours_settime' is clicked on

2018-08-14 15:08:04 - [TEST_STEP][PASSED] - verifyElementVisible: Object 'Object Repository/Pages/Restaurant Page/Add Restaurant/Text_from-to_settime' is visible

2018-08-14 15:08:04 - [MESSAGE][PASSED] - Object 'Object Repository/Pages/Restaurant Page/Add Restaurant/Text_from-to_settime' is visible

2018-08-14 15:08:04 - [TEST_STEP][PASSED] - click: Object: 'Object Repository/Pages/Restaurant Page/Add Restaurant/opening_hours_start_time' is clicked on

2018-08-14 15:08:05 - [MESSAGE][PASSED] - Object: 'Object Repository/Pages/Restaurant Page/Add Restaurant/opening_hours_start_time' is clicked on

2018-08-14 15:08:05 - [TEST_STEP][PASSED] - click: Object: 'Object Repository/Pages/Restaurant Page/Apply Filters/pick_hours' is clicked on

2018-08-14 15:08:05 - [MESSAGE][PASSED] - Object: 'Object Repository/Pages/Restaurant Page/Apply Filters/pick_hours' is clicked on

2018-08-14 15:08:05 - [TEST_STEP][PASSED] - click: Object: 'Object Repository/Pages/Restaurant Page/Apply Filters/hour_09' is clicked on

2018-08-14 15:08:05 - [MESSAGE][PASSED] - Object: 'Object Repository/Pages/Restaurant Page/Apply Filters/hour_09' is clicked on

2018-08-14 15:08:05 - [TEST_STEP][PASSED] - click: Object: 'Object Repository/Pages/Restaurant Page/Apply Filters/pick_minutes' is clicked on

2018-08-14 15:08:05 - [MESSAGE][PASSED] - Object: 'Object Repository/Pages/Restaurant Page/Apply Filters/pick_minutes' is clicked on

2018-08-14 15:08:05 - [TEST_STEP][PASSED] - click: Object: 'Object Repository/Pages/Restaurant Page/Apply Filters/minute_00' is clicked on

2018-08-14 15:08:05 - [MESSAGE][PASSED] - Object: 'Object Repository/Pages/Restaurant Page/Apply Filters/minute_00' is clicked on

2018-08-14 15:08:05 - [TEST_STEP][PASSED] - click: Object: 'Object Repository/Pages/Restaurant Page/Apply Filters/btn_AM_PM' is clicked on

2018-08-14 15:08:05 - [MESSAGE][PASSED] - Object: 'Object Repository/Pages/Restaurant Page/Apply Filters/btn_AM_PM' is clicked on

2018-08-14 15:08:05 - [TEST_STEP][PASSED] - click: Object: 'Object Repository/Pages/Restaurant Page/Add Restaurant/opening_hours_end_time' is clicked on

2018-08-14 15:08:05 - [MESSAGE][PASSED] - Object: 'Object Repository/Pages/Restaurant Page/Add Restaurant/opening_hours_end_time' is clicked on

2018-08-14 15:08:05 - [TEST_STEP][PASSED] - click: Object: 'Object Repository/Pages/Restaurant Page/Apply Filters/pick_hours' is clicked on

2018-08-14 15:08:06 - [MESSAGE][PASSED] - Object: 'Object Repository/Pages/Restaurant Page/Apply Filters/pick_hours' is clicked on

2018-08-14 15:08:06 - [TEST_STEP][PASSED] - click: Object: 'Object Repository/Pages/Restaurant Page/Apply Filters/hour_11' is clicked on

2018-08-14 15:08:06 - [MESSAGE][PASSED] - Object: 'Object Repository/Pages/Restaurant Page/Apply Filters/hour_11' is clicked on

2018-08-14 15:08:06 - [TEST_STEP][PASSED] - click: Object: 'Object Repository/Pages/Restaurant Page/Apply Filters/pick_minutes' is clicked on

2018-08-14 15:08:06 - [MESSAGE][PASSED] - Object: 'Object Repository/Pages/Restaurant Page/Apply Filters/pick_minutes' is clicked on

2018-08-14 15:08:06 - [TEST_STEP][PASSED] - click: Object: 'Object Repository/Pages/Restaurant Page/Apply Filters/minute_00' is clicked on

2018-08-14 15:08:06 - [MESSAGE][PASSED] - Object: 'Object Repository/Pages/Restaurant Page/Apply Filters/minute_00' is clicked on

2018-08-14 15:08:06 - [TEST_STEP][PASSED] - click: Object: 'Object Repository/Pages/Restaurant Page/Add Restaurant/checkbox_smoking_yes' is clicked on

2018-08-14 15:08:06 - [MESSAGE][PASSED] - Object: 'Object Repository/Pages/Restaurant Page/Add Restaurant/checkbox_smoking_yes' is clicked on

2018-08-14 15:08:06 - [TEST_STEP][PASSED] - setText: Text 'Top Floor' is set on object 'Object Repository/Pages/Restaurant Page/Add Restaurant/input_restaurant_location'

2018-08-14 15:08:06 - [MESSAGE][PASSED] - Text 'Top Floor' is set on object 'Object Repository/Pages/Restaurant Page/Add Restaurant/input_restaurant_location'

2018-08-14 15:08:06 - [TEST_STEP][PASSED] - setText: Text 'Menu' is set on object 'Object Repository/Pages/Restaurant Page/Add Restaurant/input_text_title_default'

2018-08-14 15:08:07 - [MESSAGE][PASSED] - Text 'Menu' is set on object 'Object Repository/Pages/Restaurant Page/Add Restaurant/input_text_title_default'

2018-08-14 15:08:07 - [TEST_STEP][PASSED] - setText: Text 'Menu' is set on object 'Object Repository/Pages/Restaurant Page/Add Restaurant/input_text_value_default'

2018-08-14 15:08:07 - [MESSAGE][PASSED] - Text 'Menu' is set on object 'Object Repository/Pages/Restaurant Page/Add Restaurant/input_text_value_default'

2018-08-14 15:08:07 - [TEST_STEP][PASSED] - uploadFile: File '/Users/apple/git/pbsl_digivalet_cms_tests/Resources/Res_menu_PDF.pdf' sent to object: 'Object Repository/Pages/Restaurant Page/Add Restaurant/upload_file_add_menu'

2018-08-14 15:08:07 - [MESSAGE][PASSED] - File '/Users/apple/git/pbsl_digivalet_cms_tests/Resources/Res_menu_PDF.pdf' sent to object: 'Object Repository/Pages/Restaurant Page/Add Restaurant/upload_file_add_menu'

2018-08-14 15:08:07 - [TEST_STEP][PASSED] - click: Object: 'Object Repository/Pages/Restaurant Page/Add Restaurant/btn_add_restaurant_detail' is clicked on

2018-08-14 15:08:07 - [MESSAGE][PASSED] - Object: 'Object Repository/Pages/Restaurant Page/Add Restaurant/btn_add_restaurant_detail' is clicked on

2018-08-14 15:08:07 - [TEST_STEP][PASSED] - click: Object: 'Object Repository/Pages/Restaurant Page/Add Restaurant/dropdown_add_menu1' is clicked on

2018-08-14 15:08:07 - [MESSAGE][PASSED] - Object: 'Object Repository/Pages/Restaurant Page/Add Restaurant/dropdown_add_menu1' is clicked on

2018-08-14 15:08:07 - [TEST_STEP][PASSED] - click: Object: 'Object Repository/Pages/Restaurant Page/Add Restaurant/value_add_dress_code' is clicked on

2018-08-14 15:08:07 - [MESSAGE][PASSED] - Object: 'Object Repository/Pages/Restaurant Page/Add Restaurant/value_add_dress_code' is clicked on

2018-08-14 15:08:07 - [TEST_STEP][PASSED] - setText: Text 'Dress Code' is set on object 'Object Repository/Pages/Restaurant Page/Add Restaurant/input_text_res_details_title1'

2018-08-14 15:08:08 - [MESSAGE][PASSED] - Text 'Dress Code' is set on object 'Object Repository/Pages/Restaurant Page/Add Restaurant/input_text_res_details_title1'

2018-08-14 15:08:08 - [TEST_STEP][PASSED] - setText: Text 'Western Attire' is set on object 'Object Repository/Pages/Restaurant Page/Add Restaurant/input_text_res_details_value1'

2018-08-14 15:08:08 - [MESSAGE][PASSED] - Text 'Western Attire' is set on object 'Object Repository/Pages/Restaurant Page/Add Restaurant/input_text_res_details_value1'

2018-08-14 15:08:08 - [TEST_STEP][PASSED] - click: Object: 'Object Repository/Pages/Restaurant Page/Add Restaurant/btn_add_restaurant_detail' is clicked on

2018-08-14 15:08:08 - [MESSAGE][PASSED] - Object: 'Object Repository/Pages/Restaurant Page/Add Restaurant/btn_add_restaurant_detail' is clicked on

2018-08-14 15:08:08 - [TEST_STEP][PASSED] - click: Object: 'Object Repository/Pages/Restaurant Page/Add Restaurant/dropdown_add_menu2' is clicked on

2018-08-14 15:08:08 - [MESSAGE][PASSED] - Object: 'Object Repository/Pages/Restaurant Page/Add Restaurant/dropdown_add_menu2' is clicked on

2018-08-14 15:08:08 - [TEST_STEP][PASSED] - click: Object: 'Object Repository/Pages/Restaurant Page/Add Restaurant/value_add_video' is clicked on

2018-08-14 15:08:08 - [MESSAGE][PASSED] - Object: 'Object Repository/Pages/Restaurant Page/Add Restaurant/value_add_video' is clicked on

2018-08-14 15:08:08 - [TEST_STEP][PASSED] - setText: Text 'Restaurant Video' is set on object 'Object Repository/Pages/Restaurant Page/Add Restaurant/input_text_res_details_title2'

2018-08-14 15:08:09 - [MESSAGE][PASSED] - Text 'Restaurant Video' is set on object 'Object Repository/Pages/Restaurant Page/Add Restaurant/input_text_res_details_title2'

2018-08-14 15:08:09 - [TEST_STEP][PASSED] - setText: Text 'Restaurant Introduction' is set on object 'Object Repository/Pages/Restaurant Page/Add Restaurant/input_text_res_details_value2'

2018-08-14 15:08:10 - [MESSAGE][PASSED] - Text 'Restaurant Introduction' is set on object 'Object Repository/Pages/Restaurant Page/Add Restaurant/input_text_res_details_value2'

2018-08-14 15:08:10 - [TEST_STEP][PASSED] - uploadFile: File '/Users/apple/git/pbsl_digivalet_cms_tests/Resources/Res_video.flv' sent to object: 'Object Repository/Pages/Restaurant Page/Add Restaurant/upload_file_add_video'

2018-08-14 15:08:10 - [MESSAGE][PASSED] - File '/Users/apple/git/pbsl_digivalet_cms_tests/Resources/Res_video.flv' sent to object: 'Object Repository/Pages/Restaurant Page/Add Restaurant/upload_file_add_video'

2018-08-14 15:08:10 - [TEST_STEP][PASSED] - click: Object: 'Object Repository/Pages/Restaurant Page/Add Restaurant/btn_add_restaurant_detail' is clicked on

2018-08-14 15:08:10 - [MESSAGE][PASSED] - Object: 'Object Repository/Pages/Restaurant Page/Add Restaurant/btn_add_restaurant_detail' is clicked on

2018-08-14 15:08:10 - [TEST_STEP][PASSED] - click: Object: 'Object Repository/Pages/Restaurant Page/Add Restaurant/dropdown_add_menu3' is clicked on

2018-08-14 15:08:10 - [MESSAGE][PASSED] - Object: 'Object Repository/Pages/Restaurant Page/Add Restaurant/dropdown_add_menu3' is clicked on

2018-08-14 15:08:10 - [TEST_STEP][PASSED] - click: Object: 'Object Repository/Pages/Restaurant Page/Add Restaurant/value_res_detail_add_URL' is clicked on

2018-08-14 15:08:10 - [MESSAGE][PASSED] - Object: 'Object Repository/Pages/Restaurant Page/Add Restaurant/value_res_detail_add_URL' is clicked on

2018-08-14 15:08:10 - [TEST_STEP][PASSED] - setText: Text 'Order Online' is set on object 'Object Repository/Pages/Restaurant Page/Add Restaurant/input_text_res_details_title3'

2018-08-14 15:08:11 - [MESSAGE][PASSED] - Text 'Order Online' is set on object 'Object Repository/Pages/Restaurant Page/Add Restaurant/input_text_res_details_title3'

2018-08-14 15:08:11 - [TEST_STEP][PASSED] - setText: Text 'Order Portal' is set on object 'Object Repository/Pages/Restaurant Page/Add Restaurant/input_text_res_details_value3'

2018-08-14 15:08:11 - [MESSAGE][PASSED] - Text 'Order Portal' is set on object 'Object Repository/Pages/Restaurant Page/Add Restaurant/input_text_res_details_value3'

2018-08-14 15:08:11 - [TEST_STEP][PASSED] - setText: Text 'https://test.com' is set on object 'Object Repository/Pages/Restaurant Page/Add Restaurant/input_text_add_URL'

2018-08-14 15:08:12 - [MESSAGE][PASSED] - Text 'https://test.com' is set on object 'Object Repository/Pages/Restaurant Page/Add Restaurant/input_text_add_URL'

2018-08-14 15:08:12 - [TEST_STEP][PASSED] - click: Object: 'Object Repository/Pages/Restaurant Page/Add Restaurant/btn_add_restaurant_detail' is clicked on

2018-08-14 15:08:12 - [MESSAGE][PASSED] - Object: 'Object Repository/Pages/Restaurant Page/Add Restaurant/btn_add_restaurant_detail' is clicked on

2018-08-14 15:08:12 - [TEST_STEP][PASSED] - click: Object: 'Object Repository/Pages/Restaurant Page/Add Restaurant/dropdown_add_menu4' is clicked on

2018-08-14 15:08:12 - [MESSAGE][PASSED] - Object: 'Object Repository/Pages/Restaurant Page/Add Restaurant/dropdown_add_menu4' is clicked on

2018-08-14 15:08:12 - [TEST_STEP][PASSED] - click: Object: 'Object Repository/Pages/Restaurant Page/Add Restaurant/value_add_custom' is clicked on

2018-08-14 15:08:12 - [MESSAGE][PASSED] - Object: 'Object Repository/Pages/Restaurant Page/Add Restaurant/value_add_custom' is clicked on

2018-08-14 15:08:12 - [TEST_STEP][PASSED] - setText: Text 'Custom Title' is set on object 'Object Repository/Pages/Restaurant Page/Add Restaurant/input_text_res_details_title4'

2018-08-14 15:08:12 - [MESSAGE][PASSED] - Text 'Custom Title' is set on object 'Object Repository/Pages/Restaurant Page/Add Restaurant/input_text_res_details_title4'

2018-08-14 15:08:12 - [TEST_STEP][PASSED] - setText: Text 'Custom Value' is set on object 'Object Repository/Pages/Restaurant Page/Add Restaurant/input_text_res_details_value4'

2018-08-14 15:08:13 - [MESSAGE][PASSED] - Text 'Custom Value' is set on object 'Object Repository/Pages/Restaurant Page/Add Restaurant/input_text_res_details_value4'

2018-08-14 15:08:13 - [TEST_STEP][PASSED] - click: Object: 'Object Repository/Pages/Restaurant Page/Add Restaurant/btn_next' is clicked on

2018-08-14 15:08:13 - [MESSAGE][PASSED] - Object: 'Object Repository/Pages/Restaurant Page/Add Restaurant/btn_next' is clicked on

2018-08-14 15:08:13 - [TEST_STEP][PASSED] - waitForElementVisible: Object 'Object Repository/Pages/Restaurant Page/Apply Filters/heading_apply_filters' is visible

2018-08-14 15:08:14 - [MESSAGE][PASSED] - Object 'Object Repository/Pages/Restaurant Page/Apply Filters/heading_apply_filters' is visible

2018-08-14 15:08:14 - [TEST_STEP][PASSED] - waitForElementVisible: Object 'Object Repository/Pages/Restaurant Page/Apply Filters/div_filters' is visible

2018-08-14 15:08:14 - [MESSAGE][PASSED] - Object 'Object Repository/Pages/Restaurant Page/Apply Filters/div_filters' is visible

2018-08-14 15:08:14 - [TEST_STEP][PASSED] - click: Object: 'Object Repository/Pages/Restaurant Page/Apply Filters/input_open_status' is clicked on

2018-08-14 15:08:14 - [MESSAGE][PASSED] - Object: 'Object Repository/Pages/Restaurant Page/Apply Filters/input_open_status' is clicked on

2018-08-14 15:08:14 - [TEST_STEP][PASSED] - click: Object: 'Object Repository/Pages/Restaurant Page/Apply Filters/option_allTime' is clicked on

2018-08-14 15:08:14 - [MESSAGE][PASSED] - Object: 'Object Repository/Pages/Restaurant Page/Apply Filters/option_allTime' is clicked on

2018-08-14 15:08:14 - [TEST_STEP][PASSED] - click: Object: 'Object Repository/Pages/Restaurant Page/Apply Filters/input_open_status' is clicked on

2018-08-14 15:08:14 - [MESSAGE][PASSED] - Object: 'Object Repository/Pages/Restaurant Page/Apply Filters/input_open_status' is clicked on

2018-08-14 15:08:14 - [TEST_STEP][PASSED] - click: Object: 'Object Repository/Pages/Restaurant Page/Apply Filters/option_openstatus_morning' is clicked on

2018-08-14 15:08:14 - [MESSAGE][PASSED] - Object: 'Object Repository/Pages/Restaurant Page/Apply Filters/option_openstatus_morning' is clicked on

2018-08-14 15:08:14 - [TEST_STEP][PASSED] - click: Object: 'Object Repository/Pages/Restaurant Page/Apply Filters/input_open_status' is clicked on

2018-08-14 15:08:14 - [MESSAGE][PASSED] - Object: 'Object Repository/Pages/Restaurant Page/Apply Filters/input_open_status' is clicked on

2018-08-14 15:08:14 - [TEST_STEP][PASSED] - click: Object: 'Object Repository/Pages/Restaurant Page/Apply Filters/option_after_noon' is clicked on

2018-08-14 15:08:14 - [MESSAGE][PASSED] - Object: 'Object Repository/Pages/Restaurant Page/Apply Filters/option_after_noon' is clicked on

2018-08-14 15:08:14 - [TEST_STEP][PASSED] - click: Object: 'Object Repository/Pages/Restaurant Page/Apply Filters/input_open_status' is clicked on

2018-08-14 15:08:14 - [MESSAGE][PASSED] - Object: 'Object Repository/Pages/Restaurant Page/Apply Filters/input_open_status' is clicked on

2018-08-14 15:08:14 - [TEST_STEP][PASSED] - click: Object: 'Object Repository/Pages/Restaurant Page/Apply Filters/option_evening' is clicked on

2018-08-14 15:08:14 - [MESSAGE][PASSED] - Object: 'Object Repository/Pages/Restaurant Page/Apply Filters/option_evening' is clicked on

2018-08-14 15:08:14 - [TEST_STEP][PASSED] - click: Object: 'Object Repository/Pages/Restaurant Page/Apply Filters/input_open_status' is clicked on

2018-08-14 15:08:15 - [MESSAGE][PASSED] - Object: 'Object Repository/Pages/Restaurant Page/Apply Filters/input_open_status' is clicked on

2018-08-14 15:08:15 - [TEST_STEP][PASSED] - click: Object: 'Object Repository/Pages/Restaurant Page/Apply Filters/option_after1hour' is clicked on

2018-08-14 15:08:15 - [MESSAGE][PASSED] - Object: 'Object Repository/Pages/Restaurant Page/Apply Filters/option_after1hour' is clicked on

2018-08-14 15:08:15 - [TEST_STEP][PASSED] - click: Object: 'Object Repository/Pages/Restaurant Page/Apply Filters/btn_openstatus_cancel_first_option' is clicked on

2018-08-14 15:08:15 - [MESSAGE][PASSED] - Object: 'Object Repository/Pages/Restaurant Page/Apply Filters/btn_openstatus_cancel_first_option' is clicked on

2018-08-14 15:08:15 - [TEST_STEP][PASSED] - click: Object: 'Object Repository/Pages/Restaurant Page/Apply Filters/btn_openstatus_cancel_second_option' is clicked on

2018-08-14 15:08:15 - [MESSAGE][PASSED] - Object: 'Object Repository/Pages/Restaurant Page/Apply Filters/btn_openstatus_cancel_second_option' is clicked on

2018-08-14 15:08:15 - [TEST_STEP][PASSED] - click: Object: 'Object Repository/Pages/Restaurant Page/Apply Filters/option_allTime' is clicked on

2018-08-14 15:08:15 - [MESSAGE][PASSED] - Object: 'Object Repository/Pages/Restaurant Page/Apply Filters/option_allTime' is clicked on

2018-08-14 15:08:15 - [TEST_STEP][PASSED] - click: Object: 'Object Repository/Pages/Restaurant Page/Apply Filters/input_cuisine' is clicked on

2018-08-14 15:08:15 - [MESSAGE][PASSED] - Object: 'Object Repository/Pages/Restaurant Page/Apply Filters/input_cuisine' is clicked on

2018-08-14 15:08:15 - [TEST_STEP][PASSED] - click: Object: 'Object Repository/Pages/Restaurant Page/Apply Filters/option_north_indian' is clicked on

2018-08-14 15:08:15 - [MESSAGE][PASSED] - Object: 'Object Repository/Pages/Restaurant Page/Apply Filters/option_north_indian' is clicked on

2018-08-14 15:08:15 - [TEST_STEP][PASSED] - click: Object: 'Object Repository/Pages/Restaurant Page/Apply Filters/input_cuisine' is clicked on

2018-08-14 15:08:15 - [MESSAGE][PASSED] - Object: 'Object Repository/Pages/Restaurant Page/Apply Filters/input_cuisine' is clicked on

2018-08-14 15:08:15 - [TEST_STEP][PASSED] - click: Object: 'Object Repository/Pages/Restaurant Page/Apply Filters/option_all' is clicked on

2018-08-14 15:08:16 - [MESSAGE][PASSED] - Object: 'Object Repository/Pages/Restaurant Page/Apply Filters/option_all' is clicked on

2018-08-14 15:08:16 - [TEST_STEP][PASSED] - click: Object: 'Object Repository/Pages/Restaurant Page/Apply Filters/input_cuisine' is clicked on

2018-08-14 15:08:16 - [MESSAGE][PASSED] - Object: 'Object Repository/Pages/Restaurant Page/Apply Filters/input_cuisine' is clicked on

2018-08-14 15:08:16 - [TEST_STEP][PASSED] - click: Object: 'Object Repository/Pages/Restaurant Page/Apply Filters/option_italian' is clicked on

2018-08-14 15:08:16 - [MESSAGE][PASSED] - Object: 'Object Repository/Pages/Restaurant Page/Apply Filters/option_italian' is clicked on

2018-08-14 15:08:16 - [TEST_STEP][PASSED] - click: Object: 'Object Repository/Pages/Restaurant Page/Apply Filters/input_meal_type' is clicked on

2018-08-14 15:08:16 - [MESSAGE][PASSED] - Object: 'Object Repository/Pages/Restaurant Page/Apply Filters/input_meal_type' is clicked on

2018-08-14 15:08:16 - [TEST_STEP][PASSED] - click: Object: 'Object Repository/Pages/Restaurant Page/Apply Filters/option_breakfast' is clicked on

2018-08-14 15:08:16 - [MESSAGE][PASSED] - Object: 'Object Repository/Pages/Restaurant Page/Apply Filters/option_breakfast' is clicked on

2018-08-14 15:08:16 - [TEST_STEP][PASSED] - click: Object: 'Object Repository/Pages/Restaurant Page/Apply Filters/input_meal_type_enter' is clicked on

2018-08-14 15:08:16 - [MESSAGE][PASSED] - Object: 'Object Repository/Pages/Restaurant Page/Apply Filters/input_meal_type_enter' is clicked on

2018-08-14 15:08:16 - [TEST_STEP][PASSED] - verifyElementVisible: Object 'Object Repository/Pages/Restaurant Page/Apply Filters/message_error_only_select_1' is visible

2018-08-14 15:08:16 - [MESSAGE][PASSED] - Object 'Object Repository/Pages/Restaurant Page/Apply Filters/message_error_only_select_1' is visible

2018-08-14 15:08:16 - [TEST_STEP][PASSED] - click: Object: 'Object Repository/Pages/Restaurant Page/Apply Filters/meal_type_start_time' is clicked on

2018-08-14 15:08:16 - [MESSAGE][PASSED] - Object: 'Object Repository/Pages/Restaurant Page/Apply Filters/meal_type_start_time' is clicked on

2018-08-14 15:08:16 - [TEST_STEP][PASSED] - click: Object: 'Object Repository/Pages/Restaurant Page/Apply Filters/pick_hours' is clicked on

2018-08-14 15:08:16 - [MESSAGE][PASSED] - Object: 'Object Repository/Pages/Restaurant Page/Apply Filters/pick_hours' is clicked on

2018-08-14 15:08:16 - [TEST_STEP][PASSED] - click: Object: 'Object Repository/Pages/Restaurant Page/Apply Filters/hour_09' is clicked on

2018-08-14 15:08:16 - [MESSAGE][PASSED] - Object: 'Object Repository/Pages/Restaurant Page/Apply Filters/hour_09' is clicked on

2018-08-14 15:08:16 - [TEST_STEP][PASSED] - click: Object: 'Object Repository/Pages/Restaurant Page/Apply Filters/pick_minutes' is clicked on

2018-08-14 15:08:17 - [MESSAGE][PASSED] - Object: 'Object Repository/Pages/Restaurant Page/Apply Filters/pick_minutes' is clicked on

2018-08-14 15:08:17 - [TEST_STEP][PASSED] - click: Object: 'Object Repository/Pages/Restaurant Page/Apply Filters/minute_00' is clicked on

2018-08-14 15:08:17 - [MESSAGE][PASSED] - Object: 'Object Repository/Pages/Restaurant Page/Apply Filters/minute_00' is clicked on

2018-08-14 15:08:17 - [TEST_STEP][PASSED] - click: Object: 'Object Repository/Pages/Restaurant Page/Apply Filters/btn_AM_PM' is clicked on

2018-08-14 15:08:17 - [MESSAGE][PASSED] - Object: 'Object Repository/Pages/Restaurant Page/Apply Filters/btn_AM_PM' is clicked on

2018-08-14 15:08:17 - [TEST_STEP][PASSED] - click: Object: 'Object Repository/Pages/Restaurant Page/Apply Filters/meal_type_end_time' is clicked on

2018-08-14 15:08:17 - [MESSAGE][PASSED] - Object: 'Object Repository/Pages/Restaurant Page/Apply Filters/meal_type_end_time' is clicked on

2018-08-14 15:08:17 - [TEST_STEP][PASSED] - click: Object: 'Object Repository/Pages/Restaurant Page/Apply Filters/pick_hours' is clicked on

2018-08-14 15:08:17 - [MESSAGE][PASSED] - Object: 'Object Repository/Pages/Restaurant Page/Apply Filters/pick_hours' is clicked on

2018-08-14 15:08:17 - [TEST_STEP][PASSED] - click: Object: 'Object Repository/Pages/Restaurant Page/Apply Filters/hour_11' is clicked on

2018-08-14 15:08:17 - [MESSAGE][PASSED] - Object: 'Object Repository/Pages/Restaurant Page/Apply Filters/hour_11' is clicked on

2018-08-14 15:08:17 - [TEST_STEP][PASSED] - click: Object: 'Object Repository/Pages/Restaurant Page/Apply Filters/pick_minutes' is clicked on

2018-08-14 15:08:17 - [MESSAGE][PASSED] - Object: 'Object Repository/Pages/Restaurant Page/Apply Filters/pick_minutes' is clicked on

2018-08-14 15:08:17 - [TEST_STEP][PASSED] - click: Object: 'Object Repository/Pages/Restaurant Page/Apply Filters/minute_00' is clicked on

2018-08-14 15:08:17 - [MESSAGE][PASSED] - Object: 'Object Repository/Pages/Restaurant Page/Apply Filters/minute_00' is clicked on

2018-08-14 15:08:17 - [TEST_STEP][PASSED] - click: Object: 'Object Repository/Pages/Restaurant Page/Apply Filters/btn_AM_PM' is clicked on

2018-08-14 15:08:18 - [MESSAGE][PASSED] - Object: 'Object Repository/Pages/Restaurant Page/Apply Filters/btn_AM_PM' is clicked on

2018-08-14 15:08:18 - [TEST_STEP][PASSED] - click: Object: 'Object Repository/Pages/Restaurant Page/Apply Filters/btn_save' is clicked on

2018-08-14 15:08:18 - [MESSAGE][PASSED] - Object: 'Object Repository/Pages/Restaurant Page/Apply Filters/btn_save' is clicked on

2018-08-14 15:08:18 - [TEST_STEP][PASSED] - waitForElementVisible: Object 'Object Repository/Pages/Restaurant Page/msg_add_restaurant_success' is visible

2018-08-14 15:08:22 - [MESSAGE][PASSED] - Object 'Object Repository/Pages/Restaurant Page/msg_add_restaurant_success' is visible

2018-08-14 15:08:22 - [TEST_STEP][PASSED] - click: Object: 'Object Repository/Pages/Dashboard/a_Restaurants' is clicked on

2018-08-14 15:08:23 - [MESSAGE][PASSED] - Object: 'Object Repository/Pages/Dashboard/a_Restaurants' is clicked on

2018-08-14 15:08:23 - [TEST_STEP][PASSED] - waitForElementVisible: Object 'Object Repository/Pages/Restaurant Page/res_cell_first' is visible

2018-08-14 15:08:24 - [MESSAGE][PASSED] - Object 'Object Repository/Pages/Restaurant Page/res_cell_first' is visible

2018-08-14 15:08:24 - [TEST_STEP][PASSED] - click: Object: 'Object Repository/Pages/Restaurant Page/test3_restaurant_cell' is clicked on

2018-08-14 15:08:24 - [MESSAGE][PASSED] - Object: 'Object Repository/Pages/Restaurant Page/test3_restaurant_cell' is clicked on

2018-08-14 15:08:24 - [TEST_STEP][PASSED] - waitForElementHasAttribute: Object 'Object Repository/Pages/Restaurant Page/Edit Restaurant/input_edit_display_name' has attribute 'value'

2018-08-14 15:08:24 - [MESSAGE][PASSED] - Object 'Object Repository/Pages/Restaurant Page/Edit Restaurant/input_edit_display_name' has attribute 'value'

2018-08-14 15:08:24 - [TEST_STEP][PASSED] - Statement - resName = com.kms.katalon.core.webui.keyword.WebUiBuiltInKeywords.getAttribute(com.kms.katalon.core.testobject.ObjectRepository.findTestObject(Pages/Restaurant Page/Edit Restaurant/input_edit_display_name), "value"): Attribute 'value' of object 'Object Repository/Pages/Restaurant Page/Edit Restaurant/input_edit_display_name' is: 'Automation Test3'

2018-08-14 15:08:24 - [MESSAGE][PASSED] - Attribute 'value' of object 'Object Repository/Pages/Restaurant Page/Edit Restaurant/input_edit_display_name' is: 'Automation Test3'

2018-08-14 15:08:24 - [TEST_STEP][PASSED] - verifyEqual: Actual object 'Automation Test3' and expected object 'Automation Test3' are equal

2018-08-14 15:08:24 - [MESSAGE][PASSED] - Actual object 'Automation Test3' and expected object 'Automation Test3' are equal

2018-08-14 15:08:24 - [TEST_STEP][PASSED] - Statement - resDesc = com.kms.katalon.core.webui.keyword.WebUiBuiltInKeywords.getAttribute(com.kms.katalon.core.testobject.ObjectRepository.findTestObject(Pages/Restaurant Page/Edit Restaurant/edit_desc_box), "value"): Attribute 'value' of object 'Object Repository/Pages/Restaurant Page/Edit Restaurant/edit_desc_box' is: 'This is a test restaurant being added by automation script.'

2018-08-14 15:08:24 - [MESSAGE][PASSED] - Attribute 'value' of object 'Object Repository/Pages/Restaurant Page/Edit Restaurant/edit_desc_box' is: 'This is a test restaurant being added by automation script.'

2018-08-14 15:08:24 - [TEST_STEP][PASSED] - verifyEqual: Actual object 'This is a test restaurant being added by automation script.' and expected object 'This is a test restaurant being added by automation script.' are equal

2018-08-14 15:08:24 - [MESSAGE][PASSED] - Actual object 'This is a test restaurant being added by automation script.' and expected object 'This is a test restaurant being added by automation script.' are equal

2018-08-14 15:08:24 - [TEST_STEP][PASSED] - verifyElementChecked: Object 'Object Repository/Pages/Restaurant Page/Edit Restaurant/edit_reservation_allowed_no' is checked

2018-08-14 15:08:25 - [MESSAGE][PASSED] - Object 'Object Repository/Pages/Restaurant Page/Edit Restaurant/edit_reservation_allowed_no' is checked

2018-08-14 15:08:25 - [TEST_STEP][PASSED] - verifyElementChecked: Object 'Object Repository/Pages/Restaurant Page/Edit Restaurant/edit_set-available_time' is checked

2018-08-14 15:08:25 - [MESSAGE][PASSED] - Object 'Object Repository/Pages/Restaurant Page/Edit Restaurant/edit_set-available_time' is checked

2018-08-14 15:08:25 - [TEST_STEP][PASSED] - Statement - startTime = com.kms.katalon.core.webui.keyword.WebUiBuiltInKeywords.getAttribute(com.kms.katalon.core.testobject.ObjectRepository.findTestObject(Pages/Restaurant Page/Edit Restaurant/edit_openinghour_start_time), "value"): Attribute 'value' of object 'Object Repository/Pages/Restaurant Page/Edit Restaurant/edit_openinghour_start_time' is: '9:00 AM'

2018-08-14 15:08:25 - [MESSAGE][PASSED] - Attribute 'value' of object 'Object Repository/Pages/Restaurant Page/Edit Restaurant/edit_openinghour_start_time' is: '9:00 AM'

2018-08-14 15:08:25 - [TEST_STEP][PASSED] - Statement - endTime = com.kms.katalon.core.webui.keyword.WebUiBuiltInKeywords.getAttribute(com.kms.katalon.core.testobject.ObjectRepository.findTestObject(Pages/Restaurant Page/Edit Restaurant/edit_openinghour_end_time), "value"): Attribute 'value' of object 'Object Repository/Pages/Restaurant Page/Edit Restaurant/edit_openinghour_end_time' is: '11:00 PM'

2018-08-14 15:08:25 - [MESSAGE][PASSED] - Attribute 'value' of object 'Object Repository/Pages/Restaurant Page/Edit Restaurant/edit_openinghour_end_time' is: '11:00 PM'

2018-08-14 15:08:25 - [TEST_STEP][PASSED] - verifyEqual: Actual object '9:00 AM' and expected object '9:00 AM' are equal

2018-08-14 15:08:25 - [MESSAGE][PASSED] - Actual object '9:00 AM' and expected object '9:00 AM' are equal

2018-08-14 15:08:25 - [TEST_STEP][PASSED] - verifyEqual: Actual object '11:00 PM' and expected object '11:00 PM' are equal

2018-08-14 15:08:25 - [MESSAGE][PASSED] - Actual object '11:00 PM' and expected object '11:00 PM' are equal

2018-08-14 15:08:25 - [TEST_STEP][PASSED] - verifyElementChecked: Object 'Object Repository/Pages/Restaurant Page/Edit Restaurant/edit-smoking_checkbox_yes' is checked

2018-08-14 15:08:25 - [MESSAGE][PASSED] - Object 'Object Repository/Pages/Restaurant Page/Edit Restaurant/edit-smoking_checkbox_yes' is checked

2018-08-14 15:08:25 - [TEST_STEP][PASSED] - Statement - resLocation = com.kms.katalon.core.webui.keyword.WebUiBuiltInKeywords.getAttribute(com.kms.katalon.core.testobject.ObjectRepository.findTestObject(Pages/Restaurant Page/Edit Restaurant/edit_location), "value"): Attribute 'value' of object 'Object Repository/Pages/Restaurant Page/Edit Restaurant/edit_location' is: 'Top Floor'

2018-08-14 15:08:25 - [MESSAGE][PASSED] - Attribute 'value' of object 'Object Repository/Pages/Restaurant Page/Edit Restaurant/edit_location' is: 'Top Floor'

2018-08-14 15:08:25 - [TEST_STEP][PASSED] - verifyEqual: Actual object 'Top Floor' and expected object 'Top Floor' are equal

2018-08-14 15:08:25 - [MESSAGE][PASSED] - Actual object 'Top Floor' and expected object 'Top Floor' are equal

2018-08-14 15:08:25 - [TEST_STEP][PASSED] - Statement - resDetailsTitle1 = com.kms.katalon.core.webui.keyword.WebUiBuiltInKeywords.getAttribute(com.kms.katalon.core.testobject.ObjectRepository.findTestObject(Pages/Restaurant Page/Edit Restaurant/edit_res_details_title1), "value"): Attribute 'value' of object 'Object Repository/Pages/Restaurant Page/Edit Restaurant/edit_res_details_title1' is: 'Menu'

2018-08-14 15:08:25 - [MESSAGE][PASSED] - Attribute 'value' of object 'Object Repository/Pages/Restaurant Page/Edit Restaurant/edit_res_details_title1' is: 'Menu'

2018-08-14 15:08:25 - [TEST_STEP][PASSED] - Statement - resDetailsValue1 = com.kms.katalon.core.webui.keyword.WebUiBuiltInKeywords.getAttribute(com.kms.katalon.core.testobject.ObjectRepository.findTestObject(Pages/Restaurant Page/Edit Restaurant/edit_res-details_value1), "value"): Attribute 'value' of object 'Object Repository/Pages/Restaurant Page/Edit Restaurant/edit_res-details_value1' is: 'Menu'

2018-08-14 15:08:25 - [MESSAGE][PASSED] - Attribute 'value' of object 'Object Repository/Pages/Restaurant Page/Edit Restaurant/edit_res-details_value1' is: 'Menu'

2018-08-14 15:08:25 - [TEST_STEP][PASSED] - verifyEqual: Actual object 'Menu' and expected object 'Menu' are equal

2018-08-14 15:08:25 - [MESSAGE][PASSED] - Actual object 'Menu' and expected object 'Menu' are equal

2018-08-14 15:08:25 - [TEST_STEP][PASSED] - verifyEqual: Actual object 'Menu' and expected object 'Menu' are equal

2018-08-14 15:08:25 - [MESSAGE][PASSED] - Actual object 'Menu' and expected object 'Menu' are equal

2018-08-14 15:08:25 - [TEST_STEP][PASSED] - Statement - resDetailsTitle2 = com.kms.katalon.core.webui.keyword.WebUiBuiltInKeywords.getAttribute(com.kms.katalon.core.testobject.ObjectRepository.findTestObject(Pages/Restaurant Page/Edit Restaurant/edit_res_details_title2), "value"): Attribute 'value' of object 'Object Repository/Pages/Restaurant Page/Edit Restaurant/edit_res_details_title2' is: 'Dress Code'

2018-08-14 15:08:25 - [MESSAGE][PASSED] - Attribute 'value' of object 'Object Repository/Pages/Restaurant Page/Edit Restaurant/edit_res_details_title2' is: 'Dress Code'

2018-08-14 15:08:25 - [TEST_STEP][PASSED] - Statement - resDetailsValue2 = com.kms.katalon.core.webui.keyword.WebUiBuiltInKeywords.getAttribute(com.kms.katalon.core.testobject.ObjectRepository.findTestObject(Pages/Restaurant Page/Edit Restaurant/edit_res-details_value2), "value"): Attribute 'value' of object 'Object Repository/Pages/Restaurant Page/Edit Restaurant/edit_res-details_value2' is: 'Western Attire'

2018-08-14 15:08:25 - [MESSAGE][PASSED] - Attribute 'value' of object 'Object Repository/Pages/Restaurant Page/Edit Restaurant/edit_res-details_value2' is: 'Western Attire'

2018-08-14 15:08:25 - [TEST_STEP][PASSED] - verifyEqual: Actual object 'Dress Code' and expected object 'Dress Code' are equal

2018-08-14 15:08:25 - [MESSAGE][PASSED] - Actual object 'Dress Code' and expected object 'Dress Code' are equal

2018-08-14 15:08:25 - [TEST_STEP][PASSED] - verifyEqual: Actual object 'Western Attire' and expected object 'Western Attire' are equal

2018-08-14 15:08:25 - [MESSAGE][PASSED] - Actual object 'Western Attire' and expected object 'Western Attire' are equal

2018-08-14 15:08:25 - [TEST_STEP][PASSED] - Statement - resDetailsTitle3 = com.kms.katalon.core.webui.keyword.WebUiBuiltInKeywords.getAttribute(com.kms.katalon.core.testobject.ObjectRepository.findTestObject(Pages/Restaurant Page/Edit Restaurant/edit_res_details_title3), "value"): Attribute 'value' of object 'Object Repository/Pages/Restaurant Page/Edit Restaurant/edit_res_details_title3' is: 'Restaurant Video'

2018-08-14 15:08:25 - [MESSAGE][PASSED] - Attribute 'value' of object 'Object Repository/Pages/Restaurant Page/Edit Restaurant/edit_res_details_title3' is: 'Restaurant Video'

2018-08-14 15:08:25 - [TEST_STEP][PASSED] - Statement - resDetailsValue3 = com.kms.katalon.core.webui.keyword.WebUiBuiltInKeywords.getAttribute(com.kms.katalon.core.testobject.ObjectRepository.findTestObject(Pages/Restaurant Page/Edit Restaurant/edit_res-details_value3), "value"): Attribute 'value' of object 'Object Repository/Pages/Restaurant Page/Edit Restaurant/edit_res-details_value3' is: 'Restaurant Introduction'

2018-08-14 15:08:25 - [MESSAGE][PASSED] - Attribute 'value' of object 'Object Repository/Pages/Restaurant Page/Edit Restaurant/edit_res-details_value3' is: 'Restaurant Introduction'

2018-08-14 15:08:25 - [TEST_STEP][PASSED] - verifyEqual: Actual object 'Restaurant Video' and expected object 'Restaurant Video' are equal

2018-08-14 15:08:25 - [MESSAGE][PASSED] - Actual object 'Restaurant Video' and expected object 'Restaurant Video' are equal

2018-08-14 15:08:25 - [TEST_STEP][PASSED] - verifyEqual: Actual object 'Restaurant Introduction' and expected object 'Restaurant Introduction' are equal

2018-08-14 15:08:25 - [MESSAGE][PASSED] - Actual object 'Restaurant Introduction' and expected object 'Restaurant Introduction' are equal

2018-08-14 15:08:25 - [TEST_STEP][PASSED] - Statement - resDetailsTitle4 = com.kms.katalon.core.webui.keyword.WebUiBuiltInKeywords.getAttribute(com.kms.katalon.core.testobject.ObjectRepository.findTestObject(Pages/Restaurant Page/Edit Restaurant/edit_res_details_title4), "value"): Attribute 'value' of object 'Object Repository/Pages/Restaurant Page/Edit Restaurant/edit_res_details_title4' is: 'Order Online'

2018-08-14 15:08:25 - [MESSAGE][PASSED] - Attribute 'value' of object 'Object Repository/Pages/Restaurant Page/Edit Restaurant/edit_res_details_title4' is: 'Order Online'

2018-08-14 15:08:25 - [TEST_STEP][PASSED] - Statement - resDetailsValue4 = com.kms.katalon.core.webui.keyword.WebUiBuiltInKeywords.getAttribute(com.kms.katalon.core.testobject.ObjectRepository.findTestObject(Pages/Restaurant Page/Edit Restaurant/edit_res-details_value4), "value"): Attribute 'value' of object 'Object Repository/Pages/Restaurant Page/Edit Restaurant/edit_res-details_value4' is: 'Order Portal'

2018-08-14 15:08:25 - [MESSAGE][PASSED] - Attribute 'value' of object 'Object Repository/Pages/Restaurant Page/Edit Restaurant/edit_res-details_value4' is: 'Order Portal'

2018-08-14 15:08:25 - [TEST_STEP][PASSED] - Statement - resDetailsUrl = com.kms.katalon.core.webui.keyword.WebUiBuiltInKeywords.getAttribute(com.kms.katalon.core.testobject.ObjectRepository.findTestObject(Pages/Restaurant Page/Edit Restaurant/edit_url), "value"): Attribute 'value' of object 'Object Repository/Pages/Restaurant Page/Edit Restaurant/edit_url' is: 'https://test.com'

2018-08-14 15:08:25 - [MESSAGE][PASSED] - Attribute 'value' of object 'Object Repository/Pages/Restaurant Page/Edit Restaurant/edit_url' is: 'https://test.com'

2018-08-14 15:08:25 - [TEST_STEP][PASSED] - verifyEqual: Actual object 'Order Online' and expected object 'Order Online' are equal

2018-08-14 15:08:25 - [MESSAGE][PASSED] - Actual object 'Order Online' and expected object 'Order Online' are equal

2018-08-14 15:08:25 - [TEST_STEP][PASSED] - verifyEqual: Actual object 'Order Portal' and expected object 'Order Portal' are equal

2018-08-14 15:08:25 - [MESSAGE][PASSED] - Actual object 'Order Portal' and expected object 'Order Portal' are equal

2018-08-14 15:08:25 - [TEST_STEP][PASSED] - verifyEqual: Actual object 'https://test.com' and expected object 'https://test.com' are equal

2018-08-14 15:08:25 - [MESSAGE][PASSED] - Actual object 'https://test.com' and expected object 'https://test.com' are equal

2018-08-14 15:08:25 - [TEST_STEP][PASSED] - Statement - resDetailsTitle5 = com.kms.katalon.core.webui.keyword.WebUiBuiltInKeywords.getAttribute(com.kms.katalon.core.testobject.ObjectRepository.findTestObject(Pages/Restaurant Page/Edit Restaurant/edit_res_details_title5), "value"): Attribute 'value' of object 'Object Repository/Pages/Restaurant Page/Edit Restaurant/edit_res_details_title5' is: 'Custom Title'

2018-08-14 15:08:25 - [MESSAGE][PASSED] - Attribute 'value' of object 'Object Repository/Pages/Restaurant Page/Edit Restaurant/edit_res_details_title5' is: 'Custom Title'

2018-08-14 15:08:25 - [TEST_STEP][PASSED] - Statement - resDetailsValue5 = com.kms.katalon.core.webui.keyword.WebUiBuiltInKeywords.getAttribute(com.kms.katalon.core.testobject.ObjectRepository.findTestObject(Pages/Restaurant Page/Edit Restaurant/edit_res-details_value5), "value"): Attribute 'value' of object 'Object Repository/Pages/Restaurant Page/Edit Restaurant/edit_res-details_value5' is: 'Custom Value'

2018-08-14 15:08:25 - [MESSAGE][PASSED] - Attribute 'value' of object 'Object Repository/Pages/Restaurant Page/Edit Restaurant/edit_res-details_value5' is: 'Custom Value'

2018-08-14 15:08:25 - [TEST_STEP][PASSED] - verifyEqual: Actual object 'Custom Title' and expected object 'Custom Title' are equal

2018-08-14 15:08:25 - [MESSAGE][PASSED] - Actual object 'Custom Title' and expected object 'Custom Title' are equal

2018-08-14 15:08:25 - [TEST_STEP][PASSED] - verifyEqual: Actual object 'Custom Value' and expected object 'Custom Value' are equal

2018-08-14 15:08:25 - [MESSAGE][PASSED] - Actual object 'Custom Value' and expected object 'Custom Value' are equal

2018-08-14 15:08:25 - [TEST_STEP][PASSED] - click: Object: 'Object Repository/Pages/Restaurant Page/Edit Restaurant/btn_next_step1' is clicked on

2018-08-14 15:08:25 - [MESSAGE][PASSED] - Object: 'Object Repository/Pages/Restaurant Page/Edit Restaurant/btn_next_step1' is clicked on

2018-08-14 15:08:25 - [TEST_STEP][PASSED] - Statement - resFiltersOpenStatus = com.kms.katalon.core.webui.keyword.WebUiBuiltInKeywords.getAttribute(com.kms.katalon.core.testobject.ObjectRepository.findTestObject(Pages/Restaurant Page/Edit Restaurant/edit_filters_openstatus), "title"): Attribute 'title' of object 'Object Repository/Pages/Restaurant Page/Edit Restaurant/edit_filters_openstatus' is: 'All Time'

2018-08-14 15:08:25 - [MESSAGE][PASSED] - Attribute 'title' of object 'Object Repository/Pages/Restaurant Page/Edit Restaurant/edit_filters_openstatus' is: 'All Time'

2018-08-14 15:08:25 - [TEST_STEP][PASSED] - verifyEqual: Actual object 'All Time' and expected object 'All Time' are equal

2018-08-14 15:08:25 - [MESSAGE][PASSED] - Actual object 'All Time' and expected object 'All Time' are equal

2018-08-14 15:08:25 - [TEST_STEP][FAILED] - Statement - resFiltersCuisine = com.kms.katalon.core.webui.keyword.WebUiBuiltInKeywords.getAttribute(com.kms.katalon.core.testobject.ObjectRepository.findTestObject(Pages/Restaurant Page/Edit Restaurant/edit_filters_cuisine), "title"): Unable to get attribute 'title' of object 'Object Repository/Pages/Restaurant Page/Edit Restaurant/edit_filters_cuisine' (Root cause: com.kms.katalon.core.webui.exception.WebElementNotFoundException: Web element with id: 'Object Repository/Pages/Restaurant Page/Edit Restaurant/edit_filters_cuisine' located by 'By.xpath: //*[@id='edit_filter_option']/div[2]//li[@class='select2-selection__choice']' not found)

2018-08-14 15:08:57 - [MESSAGE][FAILED] - Unable to get attribute 'title' of object 'Object Repository/Pages/Restaurant Page/Edit Restaurant/edit_filters_cuisine' (Root cause: com.kms.katalon.core.webui.exception.WebElementNotFoundException: Web element with id: 'Object Repository/Pages/Restaurant Page/Edit Restaurant/edit_filters_cuisine' located by 'By.xpath: //*[@id='edit_filter_option']/div[2]//li[@class='select2-selection__choice']' not found)
[[ATTACHMENT|/Users/apple/git/pbsl_digivalet_cms_tests/Reports/Restaurant Tests/20180814_150205/1534239536672.png]]]]></system-out>
         <system-err><![CDATA[2018-08-14 15:07:48 - [TEST_CASE][FAILED] - Test Cases/Tests/Restaurant Tests/TC_Restaurant_015: Test Cases/Tests/Restaurant Tests/TC_Restaurant_015 FAILED because (of) Unable to get attribute 'title' of object 'Object Repository/Pages/Restaurant Page/Edit Restaurant/edit_filters_cuisine' (Root cause: com.kms.katalon.core.webui.exception.WebElementNotFoundException: Web element with id: 'Object Repository/Pages/Restaurant Page/Edit Restaurant/edit_filters_cuisine' located by 'By.xpath: //*[@id='edit_filter_option']/div[2]//li[@class='select2-selection__choice']' not found)]]></system-err>
      </testcase>
      <testcase name="Test Cases/Tests/Restaurant Tests/TC_Restaurant_016" classname="Test Cases/Tests/Restaurant Tests/TC_Restaurant_016" status="PASSED">
         <system-out><![CDATA[2018-08-14 15:08:57 - [TEST_CASE][PASSED] - Test Cases/Tests/Restaurant Tests/TC_Restaurant_016: Test Cases/Tests/Restaurant Tests/TC_Restaurant_016

2018-08-14 15:08:57 - [TEST_STEP][PASSED] - callTestCase: Call Test Case 'Test Cases/Tests/Log In Tests/TC001_Log in_valid_user' successfully

2018-08-14 15:08:57 - [TEST_CASE][PASSED] - Test Cases/Tests/Log In Tests/TC001_Log in_valid_user: Test Cases/Tests/Log In Tests/TC001_Log in_valid_user

2018-08-14 15:08:57 - [TEST_STEP][PASSED] - openBrowser: Browser is opened with url: 'https://his-uat.digivalet.com/cms/dashboard/user/login'

2018-08-14 15:08:57 - [MESSAGE][WARNING] - A browser is already opened. Closing browser and opening a new one

2018-08-14 15:08:59 - [MESSAGE][PASSED] - Browser is opened with url: 'https://his-uat.digivalet.com/cms/dashboard/user/login'

2018-08-14 15:08:59 - [TEST_STEP][PASSED] - maximizeWindow: Current window maximized

2018-08-14 15:09:00 - [MESSAGE][PASSED] - Current window maximized

2018-08-14 15:09:00 - [TEST_STEP][PASSED] - waitForPageLoad: Wait for page load successfully

2018-08-14 15:09:00 - [MESSAGE][PASSED] - Wait for page load successfully

2018-08-14 15:09:00 - [TEST_STEP][PASSED] - setText: Text 'superadmin' is set on object 'Object Repository/Pages/Log In Page/input_username'

2018-08-14 15:09:00 - [MESSAGE][PASSED] - Text 'superadmin' is set on object 'Object Repository/Pages/Log In Page/input_username'

2018-08-14 15:09:00 - [TEST_STEP][PASSED] - setText: Text 'd7QUVg' is set on object 'Object Repository/Pages/Log In Page/input_password'

2018-08-14 15:09:00 - [MESSAGE][PASSED] - Text 'd7QUVg' is set on object 'Object Repository/Pages/Log In Page/input_password'

2018-08-14 15:09:00 - [TEST_STEP][PASSED] - click: Object: 'Object Repository/Pages/Log In Page/button_Login' is clicked on

2018-08-14 15:09:00 - [MESSAGE][PASSED] - Object: 'Object Repository/Pages/Log In Page/button_Login' is clicked on

2018-08-14 15:09:00 - [TEST_STEP][PASSED] - waitForPageLoad: Wait for page load successfully

2018-08-14 15:09:00 - [MESSAGE][PASSED] - Wait for page load successfully

2018-08-14 15:09:00 - [TEST_STEP][PASSED] - waitForElementNotPresent: Web element with id: 'Object Repository/Pages/Log In Page/button_Login' located by 'By.xpath: //*[@id='userlogin']//button' is present after '20' second(s)

2018-08-14 15:09:20 - [MESSAGE][WARNING] - Web element with id: 'Object Repository/Pages/Log In Page/button_Login' located by 'By.xpath: //*[@id='userlogin']//button' is present after '20' second(s)

2018-08-14 15:09:20 - [TEST_STEP][PASSED] - waitForElementVisible: Object 'Object Repository/Pages/TV Channels Page/heading_TV Channel' is visible

2018-08-14 15:09:45 - [MESSAGE][PASSED] - Object 'Object Repository/Pages/TV Channels Page/heading_TV Channel' is visible

2018-08-14 15:09:45 - [TEST_STEP][PASSED] - Statement - DashboardURL = com.kms.katalon.core.webui.keyword.WebUiBuiltInKeywords.getUrl(): Current window's url is: 'https://his-uat.digivalet.com/cms/tvchannel/manageTvchannel'

2018-08-14 15:09:45 - [MESSAGE][PASSED] - Current window's url is: 'https://his-uat.digivalet.com/cms/tvchannel/manageTvchannel'

2018-08-14 15:09:45 - [TEST_STEP][PASSED] - verifyMatch: Actual text 'https://his-uat.digivalet.com/cms/tvchannel/manageTvchannel' and expected text 'https://his-uat.digivalet.com/cms/tvchannel/manageTvchannel' are matched  using regular expression

2018-08-14 15:09:45 - [MESSAGE][PASSED] - Actual text 'https://his-uat.digivalet.com/cms/tvchannel/manageTvchannel' and expected text 'https://his-uat.digivalet.com/cms/tvchannel/manageTvchannel' are matched  using regular expression

2018-08-14 15:09:45 - [MESSAGE][PASSED] - Call Test Case 'Test Cases/Tests/Log In Tests/TC001_Log in_valid_user' successfully

2018-08-14 15:09:45 - [TEST_STEP][PASSED] - click: Object: 'Object Repository/Pages/Dashboard/a_Restaurants' is clicked on

2018-08-14 15:09:52 - [MESSAGE][PASSED] - Object: 'Object Repository/Pages/Dashboard/a_Restaurants' is clicked on

2018-08-14 15:09:52 - [TEST_STEP][PASSED] - waitForElementVisible: Object 'Object Repository/Pages/Restaurant Page/res_cell_first' is visible

2018-08-14 15:09:53 - [MESSAGE][PASSED] - Object 'Object Repository/Pages/Restaurant Page/res_cell_first' is visible

2018-08-14 15:09:53 - [TEST_STEP][PASSED] - click: Object: 'Object Repository/Pages/Restaurant Page/btn_plus_restaurant' is clicked on

2018-08-14 15:09:54 - [MESSAGE][PASSED] - Object: 'Object Repository/Pages/Restaurant Page/btn_plus_restaurant' is clicked on

2018-08-14 15:09:54 - [TEST_STEP][PASSED] - setText: Text 'Automation Test4' is set on object 'Object Repository/Pages/Restaurant Page/Add Restaurant/input_display_name'

2018-08-14 15:09:54 - [MESSAGE][PASSED] - Text 'Automation Test4' is set on object 'Object Repository/Pages/Restaurant Page/Add Restaurant/input_display_name'

2018-08-14 15:09:54 - [TEST_STEP][PASSED] - setText: Text 'This is a test restaurant being added by automation script.' is set on object 'Object Repository/Pages/Restaurant Page/Add Restaurant/textarea_description'

2018-08-14 15:09:55 - [MESSAGE][PASSED] - Text 'This is a test restaurant being added by automation script.' is set on object 'Object Repository/Pages/Restaurant Page/Add Restaurant/textarea_description'

2018-08-14 15:09:55 - [TEST_STEP][PASSED] - uploadFile: File '/Users/apple/git/pbsl_digivalet_cms_tests/Images/Restaurant Image.jpg' sent to object: 'Object Repository/Pages/Restaurant Page/Add Restaurant/btn_upload_image'

2018-08-14 15:09:55 - [MESSAGE][PASSED] - File '/Users/apple/git/pbsl_digivalet_cms_tests/Images/Restaurant Image.jpg' sent to object: 'Object Repository/Pages/Restaurant Page/Add Restaurant/btn_upload_image'

2018-08-14 15:09:55 - [TEST_STEP][PASSED] - waitForElementVisible: Object 'Object Repository/Pages/Restaurant Page/Crop Image/btn_zoom_in' is visible

2018-08-14 15:09:55 - [MESSAGE][PASSED] - Object 'Object Repository/Pages/Restaurant Page/Crop Image/btn_zoom_in' is visible

2018-08-14 15:09:55 - [TEST_STEP][PASSED] - click: Object: 'Object Repository/Pages/Restaurant Page/Crop Image/btn_zoom_in' is clicked on

2018-08-14 15:09:55 - [MESSAGE][PASSED] - Object: 'Object Repository/Pages/Restaurant Page/Crop Image/btn_zoom_in' is clicked on

2018-08-14 15:09:55 - [TEST_STEP][PASSED] - click: Object: 'Object Repository/Pages/Restaurant Page/Crop Image/btn_zoom_in' is clicked on

2018-08-14 15:09:55 - [MESSAGE][PASSED] - Object: 'Object Repository/Pages/Restaurant Page/Crop Image/btn_zoom_in' is clicked on

2018-08-14 15:09:55 - [TEST_STEP][PASSED] - click: Object: 'Object Repository/Pages/Restaurant Page/Crop Image/btn_zoom_out' is clicked on

2018-08-14 15:09:56 - [MESSAGE][PASSED] - Object: 'Object Repository/Pages/Restaurant Page/Crop Image/btn_zoom_out' is clicked on

2018-08-14 15:09:56 - [TEST_STEP][PASSED] - click: Object: 'Object Repository/Pages/Restaurant Page/Crop Image/btn_zoom_out' is clicked on

2018-08-14 15:09:56 - [MESSAGE][PASSED] - Object: 'Object Repository/Pages/Restaurant Page/Crop Image/btn_zoom_out' is clicked on

2018-08-14 15:09:56 - [TEST_STEP][PASSED] - delay: Delayed 2 second(s)

2018-08-14 15:09:58 - [MESSAGE][PASSED] - Delayed 2 second(s)

2018-08-14 15:09:58 - [TEST_STEP][PASSED] - click: Object: 'Object Repository/Pages/Restaurant Page/Crop Image/btn_crop_image_done' is clicked on

2018-08-14 15:09:58 - [MESSAGE][PASSED] - Object: 'Object Repository/Pages/Restaurant Page/Crop Image/btn_crop_image_done' is clicked on

2018-08-14 15:09:58 - [TEST_STEP][PASSED] - waitForElementVisible: Object 'Object Repository/Pages/Restaurant Page/Add Restaurant/heading_add_restaurant' is visible

2018-08-14 15:09:59 - [MESSAGE][PASSED] - Object 'Object Repository/Pages/Restaurant Page/Add Restaurant/heading_add_restaurant' is visible

2018-08-14 15:09:59 - [TEST_STEP][PASSED] - click: Object: 'Object Repository/Pages/Restaurant Page/Add Restaurant/radio_reservation_allowed_no' is clicked on

2018-08-14 15:09:59 - [MESSAGE][PASSED] - Object: 'Object Repository/Pages/Restaurant Page/Add Restaurant/radio_reservation_allowed_no' is clicked on

2018-08-14 15:09:59 - [TEST_STEP][PASSED] - click: Object: 'Object Repository/Pages/Restaurant Page/Add Restaurant/radio_openinghours_settime' is clicked on

2018-08-14 15:09:59 - [MESSAGE][PASSED] - Object: 'Object Repository/Pages/Restaurant Page/Add Restaurant/radio_openinghours_settime' is clicked on

2018-08-14 15:09:59 - [TEST_STEP][PASSED] - verifyElementVisible: Object 'Object Repository/Pages/Restaurant Page/Add Restaurant/Text_from-to_settime' is visible

2018-08-14 15:09:59 - [MESSAGE][PASSED] - Object 'Object Repository/Pages/Restaurant Page/Add Restaurant/Text_from-to_settime' is visible

2018-08-14 15:09:59 - [TEST_STEP][PASSED] - click: Object: 'Object Repository/Pages/Restaurant Page/Add Restaurant/opening_hours_start_time' is clicked on

2018-08-14 15:09:59 - [MESSAGE][PASSED] - Object: 'Object Repository/Pages/Restaurant Page/Add Restaurant/opening_hours_start_time' is clicked on

2018-08-14 15:09:59 - [TEST_STEP][PASSED] - click: Object: 'Object Repository/Pages/Restaurant Page/Apply Filters/pick_hours' is clicked on

2018-08-14 15:09:59 - [MESSAGE][PASSED] - Object: 'Object Repository/Pages/Restaurant Page/Apply Filters/pick_hours' is clicked on

2018-08-14 15:09:59 - [TEST_STEP][PASSED] - click: Object: 'Object Repository/Pages/Restaurant Page/Apply Filters/hour_09' is clicked on

2018-08-14 15:09:59 - [MESSAGE][PASSED] - Object: 'Object Repository/Pages/Restaurant Page/Apply Filters/hour_09' is clicked on

2018-08-14 15:09:59 - [TEST_STEP][PASSED] - click: Object: 'Object Repository/Pages/Restaurant Page/Apply Filters/pick_minutes' is clicked on

2018-08-14 15:09:59 - [MESSAGE][PASSED] - Object: 'Object Repository/Pages/Restaurant Page/Apply Filters/pick_minutes' is clicked on

2018-08-14 15:09:59 - [TEST_STEP][PASSED] - click: Object: 'Object Repository/Pages/Restaurant Page/Apply Filters/minute_00' is clicked on

2018-08-14 15:10:00 - [MESSAGE][PASSED] - Object: 'Object Repository/Pages/Restaurant Page/Apply Filters/minute_00' is clicked on

2018-08-14 15:10:00 - [TEST_STEP][PASSED] - click: Object: 'Object Repository/Pages/Restaurant Page/Apply Filters/btn_AM_PM' is clicked on

2018-08-14 15:10:00 - [MESSAGE][PASSED] - Object: 'Object Repository/Pages/Restaurant Page/Apply Filters/btn_AM_PM' is clicked on

2018-08-14 15:10:00 - [TEST_STEP][PASSED] - click: Object: 'Object Repository/Pages/Restaurant Page/Add Restaurant/opening_hours_end_time' is clicked on

2018-08-14 15:10:00 - [MESSAGE][PASSED] - Object: 'Object Repository/Pages/Restaurant Page/Add Restaurant/opening_hours_end_time' is clicked on

2018-08-14 15:10:00 - [TEST_STEP][PASSED] - click: Object: 'Object Repository/Pages/Restaurant Page/Apply Filters/pick_hours' is clicked on

2018-08-14 15:10:00 - [MESSAGE][PASSED] - Object: 'Object Repository/Pages/Restaurant Page/Apply Filters/pick_hours' is clicked on

2018-08-14 15:10:00 - [TEST_STEP][PASSED] - click: Object: 'Object Repository/Pages/Restaurant Page/Apply Filters/hour_11' is clicked on

2018-08-14 15:10:00 - [MESSAGE][PASSED] - Object: 'Object Repository/Pages/Restaurant Page/Apply Filters/hour_11' is clicked on

2018-08-14 15:10:00 - [TEST_STEP][PASSED] - click: Object: 'Object Repository/Pages/Restaurant Page/Apply Filters/pick_minutes' is clicked on

2018-08-14 15:10:00 - [MESSAGE][PASSED] - Object: 'Object Repository/Pages/Restaurant Page/Apply Filters/pick_minutes' is clicked on

2018-08-14 15:10:00 - [TEST_STEP][PASSED] - click: Object: 'Object Repository/Pages/Restaurant Page/Apply Filters/minute_00' is clicked on

2018-08-14 15:10:00 - [MESSAGE][PASSED] - Object: 'Object Repository/Pages/Restaurant Page/Apply Filters/minute_00' is clicked on

2018-08-14 15:10:00 - [TEST_STEP][PASSED] - click: Object: 'Object Repository/Pages/Restaurant Page/Add Restaurant/checkbox_smoking_yes' is clicked on

2018-08-14 15:10:00 - [MESSAGE][PASSED] - Object: 'Object Repository/Pages/Restaurant Page/Add Restaurant/checkbox_smoking_yes' is clicked on

2018-08-14 15:10:00 - [TEST_STEP][PASSED] - setText: Text 'Top Floor' is set on object 'Object Repository/Pages/Restaurant Page/Add Restaurant/input_restaurant_location'

2018-08-14 15:10:01 - [MESSAGE][PASSED] - Text 'Top Floor' is set on object 'Object Repository/Pages/Restaurant Page/Add Restaurant/input_restaurant_location'

2018-08-14 15:10:01 - [TEST_STEP][PASSED] - setText: Text 'Menu' is set on object 'Object Repository/Pages/Restaurant Page/Add Restaurant/input_text_title_default'

2018-08-14 15:10:01 - [MESSAGE][PASSED] - Text 'Menu' is set on object 'Object Repository/Pages/Restaurant Page/Add Restaurant/input_text_title_default'

2018-08-14 15:10:01 - [TEST_STEP][PASSED] - setText: Text 'Menu' is set on object 'Object Repository/Pages/Restaurant Page/Add Restaurant/input_text_value_default'

2018-08-14 15:10:01 - [MESSAGE][PASSED] - Text 'Menu' is set on object 'Object Repository/Pages/Restaurant Page/Add Restaurant/input_text_value_default'

2018-08-14 15:10:01 - [TEST_STEP][PASSED] - uploadFile: File '/Users/apple/git/pbsl_digivalet_cms_tests/Resources/Res_menu_PDF.pdf' sent to object: 'Object Repository/Pages/Restaurant Page/Add Restaurant/upload_file_add_menu'

2018-08-14 15:10:01 - [MESSAGE][PASSED] - File '/Users/apple/git/pbsl_digivalet_cms_tests/Resources/Res_menu_PDF.pdf' sent to object: 'Object Repository/Pages/Restaurant Page/Add Restaurant/upload_file_add_menu'

2018-08-14 15:10:01 - [TEST_STEP][PASSED] - click: Object: 'Object Repository/Pages/Restaurant Page/Add Restaurant/btn_add_restaurant_detail' is clicked on

2018-08-14 15:10:02 - [MESSAGE][PASSED] - Object: 'Object Repository/Pages/Restaurant Page/Add Restaurant/btn_add_restaurant_detail' is clicked on

2018-08-14 15:10:02 - [TEST_STEP][PASSED] - click: Object: 'Object Repository/Pages/Restaurant Page/Add Restaurant/dropdown_add_menu1' is clicked on

2018-08-14 15:10:02 - [MESSAGE][PASSED] - Object: 'Object Repository/Pages/Restaurant Page/Add Restaurant/dropdown_add_menu1' is clicked on

2018-08-14 15:10:02 - [TEST_STEP][PASSED] - click: Object: 'Object Repository/Pages/Restaurant Page/Add Restaurant/value_add_dress_code' is clicked on

2018-08-14 15:10:02 - [MESSAGE][PASSED] - Object: 'Object Repository/Pages/Restaurant Page/Add Restaurant/value_add_dress_code' is clicked on

2018-08-14 15:10:02 - [TEST_STEP][PASSED] - setText: Text 'Dress Code' is set on object 'Object Repository/Pages/Restaurant Page/Add Restaurant/input_text_res_details_title1'

2018-08-14 15:10:02 - [MESSAGE][PASSED] - Text 'Dress Code' is set on object 'Object Repository/Pages/Restaurant Page/Add Restaurant/input_text_res_details_title1'

2018-08-14 15:10:02 - [TEST_STEP][PASSED] - setText: Text 'Western Attire' is set on object 'Object Repository/Pages/Restaurant Page/Add Restaurant/input_text_res_details_value1'

2018-08-14 15:10:03 - [MESSAGE][PASSED] - Text 'Western Attire' is set on object 'Object Repository/Pages/Restaurant Page/Add Restaurant/input_text_res_details_value1'

2018-08-14 15:10:03 - [TEST_STEP][PASSED] - click: Object: 'Object Repository/Pages/Restaurant Page/Add Restaurant/btn_add_restaurant_detail' is clicked on

2018-08-14 15:10:03 - [MESSAGE][PASSED] - Object: 'Object Repository/Pages/Restaurant Page/Add Restaurant/btn_add_restaurant_detail' is clicked on

2018-08-14 15:10:03 - [TEST_STEP][PASSED] - click: Object: 'Object Repository/Pages/Restaurant Page/Add Restaurant/dropdown_add_menu2' is clicked on

2018-08-14 15:10:03 - [MESSAGE][PASSED] - Object: 'Object Repository/Pages/Restaurant Page/Add Restaurant/dropdown_add_menu2' is clicked on

2018-08-14 15:10:03 - [TEST_STEP][PASSED] - click: Object: 'Object Repository/Pages/Restaurant Page/Add Restaurant/value_add_video' is clicked on

2018-08-14 15:10:03 - [MESSAGE][PASSED] - Object: 'Object Repository/Pages/Restaurant Page/Add Restaurant/value_add_video' is clicked on

2018-08-14 15:10:03 - [TEST_STEP][PASSED] - setText: Text 'Restaurant Video' is set on object 'Object Repository/Pages/Restaurant Page/Add Restaurant/input_text_res_details_title2'

2018-08-14 15:10:04 - [MESSAGE][PASSED] - Text 'Restaurant Video' is set on object 'Object Repository/Pages/Restaurant Page/Add Restaurant/input_text_res_details_title2'

2018-08-14 15:10:04 - [TEST_STEP][PASSED] - setText: Text 'Restaurant Introduction' is set on object 'Object Repository/Pages/Restaurant Page/Add Restaurant/input_text_res_details_value2'

2018-08-14 15:10:04 - [MESSAGE][PASSED] - Text 'Restaurant Introduction' is set on object 'Object Repository/Pages/Restaurant Page/Add Restaurant/input_text_res_details_value2'

2018-08-14 15:10:04 - [TEST_STEP][PASSED] - uploadFile: File '/Users/apple/git/pbsl_digivalet_cms_tests/Resources/Res_video.flv' sent to object: 'Object Repository/Pages/Restaurant Page/Add Restaurant/upload_file_add_video'

2018-08-14 15:10:05 - [MESSAGE][PASSED] - File '/Users/apple/git/pbsl_digivalet_cms_tests/Resources/Res_video.flv' sent to object: 'Object Repository/Pages/Restaurant Page/Add Restaurant/upload_file_add_video'

2018-08-14 15:10:05 - [TEST_STEP][PASSED] - click: Object: 'Object Repository/Pages/Restaurant Page/Add Restaurant/btn_add_restaurant_detail' is clicked on

2018-08-14 15:10:05 - [MESSAGE][PASSED] - Object: 'Object Repository/Pages/Restaurant Page/Add Restaurant/btn_add_restaurant_detail' is clicked on

2018-08-14 15:10:05 - [TEST_STEP][PASSED] - click: Object: 'Object Repository/Pages/Restaurant Page/Add Restaurant/dropdown_add_menu3' is clicked on

2018-08-14 15:10:05 - [MESSAGE][PASSED] - Object: 'Object Repository/Pages/Restaurant Page/Add Restaurant/dropdown_add_menu3' is clicked on

2018-08-14 15:10:05 - [TEST_STEP][PASSED] - click: Object: 'Object Repository/Pages/Restaurant Page/Add Restaurant/value_res_detail_add_URL' is clicked on

2018-08-14 15:10:05 - [MESSAGE][PASSED] - Object: 'Object Repository/Pages/Restaurant Page/Add Restaurant/value_res_detail_add_URL' is clicked on

2018-08-14 15:10:05 - [TEST_STEP][PASSED] - setText: Text 'Order Online' is set on object 'Object Repository/Pages/Restaurant Page/Add Restaurant/input_text_res_details_title3'

2018-08-14 15:10:06 - [MESSAGE][PASSED] - Text 'Order Online' is set on object 'Object Repository/Pages/Restaurant Page/Add Restaurant/input_text_res_details_title3'

2018-08-14 15:10:06 - [TEST_STEP][PASSED] - setText: Text 'Order Portal' is set on object 'Object Repository/Pages/Restaurant Page/Add Restaurant/input_text_res_details_value3'

2018-08-14 15:10:06 - [MESSAGE][PASSED] - Text 'Order Portal' is set on object 'Object Repository/Pages/Restaurant Page/Add Restaurant/input_text_res_details_value3'

2018-08-14 15:10:06 - [TEST_STEP][PASSED] - setText: Text 'https://test.com' is set on object 'Object Repository/Pages/Restaurant Page/Add Restaurant/input_text_add_URL'

2018-08-14 15:10:07 - [MESSAGE][PASSED] - Text 'https://test.com' is set on object 'Object Repository/Pages/Restaurant Page/Add Restaurant/input_text_add_URL'

2018-08-14 15:10:07 - [TEST_STEP][PASSED] - click: Object: 'Object Repository/Pages/Restaurant Page/Add Restaurant/btn_add_restaurant_detail' is clicked on

2018-08-14 15:10:07 - [MESSAGE][PASSED] - Object: 'Object Repository/Pages/Restaurant Page/Add Restaurant/btn_add_restaurant_detail' is clicked on

2018-08-14 15:10:07 - [TEST_STEP][PASSED] - click: Object: 'Object Repository/Pages/Restaurant Page/Add Restaurant/dropdown_add_menu4' is clicked on

2018-08-14 15:10:07 - [MESSAGE][PASSED] - Object: 'Object Repository/Pages/Restaurant Page/Add Restaurant/dropdown_add_menu4' is clicked on

2018-08-14 15:10:07 - [TEST_STEP][PASSED] - click: Object: 'Object Repository/Pages/Restaurant Page/Add Restaurant/value_add_custom' is clicked on

2018-08-14 15:10:07 - [MESSAGE][PASSED] - Object: 'Object Repository/Pages/Restaurant Page/Add Restaurant/value_add_custom' is clicked on

2018-08-14 15:10:07 - [TEST_STEP][PASSED] - setText: Text 'Custom Title' is set on object 'Object Repository/Pages/Restaurant Page/Add Restaurant/input_text_res_details_title4'

2018-08-14 15:10:08 - [MESSAGE][PASSED] - Text 'Custom Title' is set on object 'Object Repository/Pages/Restaurant Page/Add Restaurant/input_text_res_details_title4'

2018-08-14 15:10:08 - [TEST_STEP][PASSED] - setText: Text 'Custom Value' is set on object 'Object Repository/Pages/Restaurant Page/Add Restaurant/input_text_res_details_value4'

2018-08-14 15:10:08 - [MESSAGE][PASSED] - Text 'Custom Value' is set on object 'Object Repository/Pages/Restaurant Page/Add Restaurant/input_text_res_details_value4'

2018-08-14 15:10:08 - [TEST_STEP][PASSED] - click: Object: 'Object Repository/Pages/Restaurant Page/Add Restaurant/btn_next' is clicked on

2018-08-14 15:10:08 - [MESSAGE][PASSED] - Object: 'Object Repository/Pages/Restaurant Page/Add Restaurant/btn_next' is clicked on

2018-08-14 15:10:08 - [TEST_STEP][PASSED] - waitForElementVisible: Object 'Object Repository/Pages/Restaurant Page/Apply Filters/heading_apply_filters' is visible

2018-08-14 15:10:09 - [MESSAGE][PASSED] - Object 'Object Repository/Pages/Restaurant Page/Apply Filters/heading_apply_filters' is visible

2018-08-14 15:10:09 - [TEST_STEP][PASSED] - waitForElementVisible: Object 'Object Repository/Pages/Restaurant Page/Apply Filters/div_filters' is visible

2018-08-14 15:10:09 - [MESSAGE][PASSED] - Object 'Object Repository/Pages/Restaurant Page/Apply Filters/div_filters' is visible

2018-08-14 15:10:09 - [TEST_STEP][PASSED] - click: Object: 'Object Repository/Pages/Restaurant Page/Apply Filters/input_open_status' is clicked on

2018-08-14 15:10:09 - [MESSAGE][PASSED] - Object: 'Object Repository/Pages/Restaurant Page/Apply Filters/input_open_status' is clicked on

2018-08-14 15:10:09 - [TEST_STEP][PASSED] - click: Object: 'Object Repository/Pages/Restaurant Page/Apply Filters/option_allTime' is clicked on

2018-08-14 15:10:09 - [MESSAGE][PASSED] - Object: 'Object Repository/Pages/Restaurant Page/Apply Filters/option_allTime' is clicked on

2018-08-14 15:10:09 - [TEST_STEP][PASSED] - click: Object: 'Object Repository/Pages/Restaurant Page/Apply Filters/input_cuisine' is clicked on

2018-08-14 15:10:09 - [MESSAGE][PASSED] - Object: 'Object Repository/Pages/Restaurant Page/Apply Filters/input_cuisine' is clicked on

2018-08-14 15:10:09 - [TEST_STEP][PASSED] - click: Object: 'Object Repository/Pages/Restaurant Page/Apply Filters/option_all' is clicked on

2018-08-14 15:10:09 - [MESSAGE][PASSED] - Object: 'Object Repository/Pages/Restaurant Page/Apply Filters/option_all' is clicked on

2018-08-14 15:10:09 - [TEST_STEP][PASSED] - click: Object: 'Object Repository/Pages/Restaurant Page/Apply Filters/input_meal_type' is clicked on

2018-08-14 15:10:10 - [MESSAGE][PASSED] - Object: 'Object Repository/Pages/Restaurant Page/Apply Filters/input_meal_type' is clicked on

2018-08-14 15:10:10 - [TEST_STEP][PASSED] - click: Object: 'Object Repository/Pages/Restaurant Page/Apply Filters/option_breakfast' is clicked on

2018-08-14 15:10:10 - [MESSAGE][PASSED] - Object: 'Object Repository/Pages/Restaurant Page/Apply Filters/option_breakfast' is clicked on

2018-08-14 15:10:10 - [TEST_STEP][PASSED] - click: Object: 'Object Repository/Pages/Restaurant Page/Apply Filters/meal_type_start_time' is clicked on

2018-08-14 15:10:10 - [MESSAGE][PASSED] - Object: 'Object Repository/Pages/Restaurant Page/Apply Filters/meal_type_start_time' is clicked on

2018-08-14 15:10:10 - [TEST_STEP][PASSED] - click: Object: 'Object Repository/Pages/Restaurant Page/Apply Filters/pick_hours' is clicked on

2018-08-14 15:10:10 - [MESSAGE][PASSED] - Object: 'Object Repository/Pages/Restaurant Page/Apply Filters/pick_hours' is clicked on

2018-08-14 15:10:10 - [TEST_STEP][PASSED] - click: Object: 'Object Repository/Pages/Restaurant Page/Apply Filters/hour_09' is clicked on

2018-08-14 15:10:10 - [MESSAGE][PASSED] - Object: 'Object Repository/Pages/Restaurant Page/Apply Filters/hour_09' is clicked on

2018-08-14 15:10:10 - [TEST_STEP][PASSED] - click: Object: 'Object Repository/Pages/Restaurant Page/Apply Filters/pick_minutes' is clicked on

2018-08-14 15:10:10 - [MESSAGE][PASSED] - Object: 'Object Repository/Pages/Restaurant Page/Apply Filters/pick_minutes' is clicked on

2018-08-14 15:10:10 - [TEST_STEP][PASSED] - click: Object: 'Object Repository/Pages/Restaurant Page/Apply Filters/minute_00' is clicked on

2018-08-14 15:10:10 - [MESSAGE][PASSED] - Object: 'Object Repository/Pages/Restaurant Page/Apply Filters/minute_00' is clicked on

2018-08-14 15:10:10 - [TEST_STEP][PASSED] - click: Object: 'Object Repository/Pages/Restaurant Page/Apply Filters/btn_AM_PM' is clicked on

2018-08-14 15:10:10 - [MESSAGE][PASSED] - Object: 'Object Repository/Pages/Restaurant Page/Apply Filters/btn_AM_PM' is clicked on

2018-08-14 15:10:10 - [TEST_STEP][PASSED] - click: Object: 'Object Repository/Pages/Restaurant Page/Apply Filters/meal_type_end_time' is clicked on

2018-08-14 15:10:11 - [MESSAGE][PASSED] - Object: 'Object Repository/Pages/Restaurant Page/Apply Filters/meal_type_end_time' is clicked on

2018-08-14 15:10:11 - [TEST_STEP][PASSED] - click: Object: 'Object Repository/Pages/Restaurant Page/Apply Filters/pick_hours' is clicked on

2018-08-14 15:10:11 - [MESSAGE][PASSED] - Object: 'Object Repository/Pages/Restaurant Page/Apply Filters/pick_hours' is clicked on

2018-08-14 15:10:11 - [TEST_STEP][PASSED] - click: Object: 'Object Repository/Pages/Restaurant Page/Apply Filters/hour_11' is clicked on

2018-08-14 15:10:11 - [MESSAGE][PASSED] - Object: 'Object Repository/Pages/Restaurant Page/Apply Filters/hour_11' is clicked on

2018-08-14 15:10:11 - [TEST_STEP][PASSED] - click: Object: 'Object Repository/Pages/Restaurant Page/Apply Filters/pick_minutes' is clicked on

2018-08-14 15:10:11 - [MESSAGE][PASSED] - Object: 'Object Repository/Pages/Restaurant Page/Apply Filters/pick_minutes' is clicked on

2018-08-14 15:10:11 - [TEST_STEP][PASSED] - click: Object: 'Object Repository/Pages/Restaurant Page/Apply Filters/minute_00' is clicked on

2018-08-14 15:10:11 - [MESSAGE][PASSED] - Object: 'Object Repository/Pages/Restaurant Page/Apply Filters/minute_00' is clicked on

2018-08-14 15:10:11 - [TEST_STEP][PASSED] - click: Object: 'Object Repository/Pages/Restaurant Page/Apply Filters/btn_AM_PM' is clicked on

2018-08-14 15:10:11 - [MESSAGE][PASSED] - Object: 'Object Repository/Pages/Restaurant Page/Apply Filters/btn_AM_PM' is clicked on

2018-08-14 15:10:11 - [TEST_STEP][PASSED] - click: Object: 'Object Repository/Pages/Restaurant Page/Apply Filters/btn_save' is clicked on

2018-08-14 15:10:11 - [MESSAGE][PASSED] - Object: 'Object Repository/Pages/Restaurant Page/Apply Filters/btn_save' is clicked on

2018-08-14 15:10:11 - [TEST_STEP][PASSED] - waitForElementVisible: Object 'Object Repository/Pages/Restaurant Page/msg_add_restaurant_success' is visible

2018-08-14 15:10:14 - [MESSAGE][PASSED] - Object 'Object Repository/Pages/Restaurant Page/msg_add_restaurant_success' is visible

2018-08-14 15:10:14 - [TEST_STEP][PASSED] - click: Object: 'Object Repository/Pages/Dashboard/a_Restaurants' is clicked on

2018-08-14 15:10:15 - [MESSAGE][PASSED] - Object: 'Object Repository/Pages/Dashboard/a_Restaurants' is clicked on

2018-08-14 15:10:15 - [TEST_STEP][PASSED] - waitForElementVisible: Object 'Object Repository/Pages/Restaurant Page/res_cell_first' is visible

2018-08-14 15:10:16 - [MESSAGE][PASSED] - Object 'Object Repository/Pages/Restaurant Page/res_cell_first' is visible

2018-08-14 15:10:16 - [TEST_STEP][PASSED] - click: Object: 'Object Repository/Pages/Restaurant Page/test2_restaurant_cell' is clicked on

2018-08-14 15:10:16 - [MESSAGE][PASSED] - Object: 'Object Repository/Pages/Restaurant Page/test2_restaurant_cell' is clicked on

2018-08-14 15:10:16 - [TEST_STEP][PASSED] - delay: Delayed 2 second(s)

2018-08-14 15:10:18 - [MESSAGE][PASSED] - Delayed 2 second(s)

2018-08-14 15:10:18 - [TEST_STEP][PASSED] - click: Object: 'Object Repository/Pages/Restaurant Page/Edit Restaurant/btn_delete_menu5' is clicked on

2018-08-14 15:10:19 - [MESSAGE][PASSED] - Object: 'Object Repository/Pages/Restaurant Page/Edit Restaurant/btn_delete_menu5' is clicked on

2018-08-14 15:10:19 - [TEST_STEP][PASSED] - click: Object: 'Object Repository/Pages/Restaurant Page/Edit Restaurant/btn_delete_menu4' is clicked on

2018-08-14 15:10:19 - [MESSAGE][PASSED] - Object: 'Object Repository/Pages/Restaurant Page/Edit Restaurant/btn_delete_menu4' is clicked on

2018-08-14 15:10:19 - [TEST_STEP][PASSED] - click: Object: 'Object Repository/Pages/Restaurant Page/Edit Restaurant/btn_delete_menu3' is clicked on

2018-08-14 15:10:19 - [MESSAGE][PASSED] - Object: 'Object Repository/Pages/Restaurant Page/Edit Restaurant/btn_delete_menu3' is clicked on

2018-08-14 15:10:19 - [TEST_STEP][PASSED] - click: Object: 'Object Repository/Pages/Restaurant Page/Edit Restaurant/btn_delete_menu2' is clicked on

2018-08-14 15:10:19 - [MESSAGE][PASSED] - Object: 'Object Repository/Pages/Restaurant Page/Edit Restaurant/btn_delete_menu2' is clicked on

2018-08-14 15:10:19 - [TEST_STEP][PASSED] - click: Object: 'Object Repository/Pages/Restaurant Page/Edit Restaurant/btn_next_step1' is clicked on

2018-08-14 15:10:19 - [MESSAGE][PASSED] - Object: 'Object Repository/Pages/Restaurant Page/Edit Restaurant/btn_next_step1' is clicked on

2018-08-14 15:10:19 - [TEST_STEP][PASSED] - delay: Delayed 2 second(s)

2018-08-14 15:10:21 - [MESSAGE][PASSED] - Delayed 2 second(s)

2018-08-14 15:10:21 - [TEST_STEP][PASSED] - click: Object: 'Object Repository/Pages/Restaurant Page/Edit Restaurant/btn_save_step2' is clicked on

2018-08-14 15:10:21 - [MESSAGE][PASSED] - Object: 'Object Repository/Pages/Restaurant Page/Edit Restaurant/btn_save_step2' is clicked on

2018-08-14 15:10:21 - [TEST_STEP][PASSED] - verifyElementPresent: Object 'Object Repository/Pages/Restaurant Page/Edit Restaurant/msg_update_restaurant_success' is present

2018-08-14 15:10:22 - [MESSAGE][PASSED] - Object 'Object Repository/Pages/Restaurant Page/Edit Restaurant/msg_update_restaurant_success' is present

2018-08-14 15:10:22 - [TEST_STEP][PASSED] - click: Object: 'Object Repository/Pages/Restaurant Page/test2_restaurant_cell' is clicked on

2018-08-14 15:10:22 - [MESSAGE][PASSED] - Object: 'Object Repository/Pages/Restaurant Page/test2_restaurant_cell' is clicked on

2018-08-14 15:10:22 - [TEST_STEP][PASSED] - verifyElementNotPresent: Web element with id: 'Object Repository/Pages/Restaurant Page/Edit Restaurant/edit_res_details_title2' located by 'By.xpath: //*[@id='edit-repeat-assest-container']/div[2]/div/div[2]/input' is not present after '5' second(s)

2018-08-14 15:10:22 - [MESSAGE][PASSED] - Web element with id: 'Object Repository/Pages/Restaurant Page/Edit Restaurant/edit_res_details_title2' located by 'By.xpath: //*[@id='edit-repeat-assest-container']/div[2]/div/div[2]/input' is not present after '5' second(s)

2018-08-14 15:10:22 - [TEST_STEP][PASSED] - verifyElementNotPresent: Web element with id: 'Object Repository/Pages/Restaurant Page/Edit Restaurant/edit_res-details_value2' located by 'By.xpath: //*[@id='edit-repeat-assest-container']/div[2]/div/div[3]/input' is not present after '5' second(s)

2018-08-14 15:10:22 - [MESSAGE][PASSED] - Web element with id: 'Object Repository/Pages/Restaurant Page/Edit Restaurant/edit_res-details_value2' located by 'By.xpath: //*[@id='edit-repeat-assest-container']/div[2]/div/div[3]/input' is not present after '5' second(s)

2018-08-14 15:10:22 - [TEST_STEP][PASSED] - verifyElementNotPresent: Web element with id: 'Object Repository/Pages/Restaurant Page/Edit Restaurant/edit_res_details_title3' located by 'By.xpath: //*[@id='edit-repeat-assest-container']/div[3]/div/div[2]/input' is not present after '5' second(s)

2018-08-14 15:10:22 - [MESSAGE][PASSED] - Web element with id: 'Object Repository/Pages/Restaurant Page/Edit Restaurant/edit_res_details_title3' located by 'By.xpath: //*[@id='edit-repeat-assest-container']/div[3]/div/div[2]/input' is not present after '5' second(s)

2018-08-14 15:10:22 - [TEST_STEP][PASSED] - verifyElementNotPresent: Web element with id: 'Object Repository/Pages/Restaurant Page/Edit Restaurant/edit_res-details_value3' located by 'By.xpath: //*[@id='edit-repeat-assest-container']/div[3]/div/div[3]/input' is not present after '5' second(s)

2018-08-14 15:10:23 - [MESSAGE][PASSED] - Web element with id: 'Object Repository/Pages/Restaurant Page/Edit Restaurant/edit_res-details_value3' located by 'By.xpath: //*[@id='edit-repeat-assest-container']/div[3]/div/div[3]/input' is not present after '5' second(s)

2018-08-14 15:10:23 - [TEST_STEP][PASSED] - verifyElementNotPresent: Web element with id: 'Object Repository/Pages/Restaurant Page/Edit Restaurant/edit_res_details_title4' located by 'By.xpath: //*[@id='edit-repeat-assest-container']/div[4]/div/div[2]/input' is not present after '5' second(s)

2018-08-14 15:10:23 - [MESSAGE][PASSED] - Web element with id: 'Object Repository/Pages/Restaurant Page/Edit Restaurant/edit_res_details_title4' located by 'By.xpath: //*[@id='edit-repeat-assest-container']/div[4]/div/div[2]/input' is not present after '5' second(s)

2018-08-14 15:10:23 - [TEST_STEP][PASSED] - verifyElementNotPresent: Web element with id: 'Object Repository/Pages/Restaurant Page/Edit Restaurant/edit_res-details_value4' located by 'By.xpath: //*[@id='edit-repeat-assest-container']/div[4]/div/div[3]/input' is not present after '5' second(s)

2018-08-14 15:10:23 - [MESSAGE][PASSED] - Web element with id: 'Object Repository/Pages/Restaurant Page/Edit Restaurant/edit_res-details_value4' located by 'By.xpath: //*[@id='edit-repeat-assest-container']/div[4]/div/div[3]/input' is not present after '5' second(s)

2018-08-14 15:10:23 - [TEST_STEP][PASSED] - verifyElementNotPresent: Web element with id: 'Object Repository/Pages/Restaurant Page/Edit Restaurant/edit_res_details_title5' located by 'By.xpath: //*[@id='edit-repeat-assest-container']/div[5]/div/div[2]/input' is not present after '5' second(s)

2018-08-14 15:10:23 - [MESSAGE][PASSED] - Web element with id: 'Object Repository/Pages/Restaurant Page/Edit Restaurant/edit_res_details_title5' located by 'By.xpath: //*[@id='edit-repeat-assest-container']/div[5]/div/div[2]/input' is not present after '5' second(s)

2018-08-14 15:10:23 - [TEST_STEP][PASSED] - verifyElementNotPresent: Web element with id: 'Object Repository/Pages/Restaurant Page/Edit Restaurant/edit_res-details_value5' located by 'By.xpath: //*[@id='edit-repeat-assest-container']/div[5]/div/div[3]/input' is not present after '5' second(s)

2018-08-14 15:10:23 - [MESSAGE][PASSED] - Web element with id: 'Object Repository/Pages/Restaurant Page/Edit Restaurant/edit_res-details_value5' located by 'By.xpath: //*[@id='edit-repeat-assest-container']/div[5]/div/div[3]/input' is not present after '5' second(s)

2018-08-14 15:10:23 - [TEST_STEP][PASSED] - click: Object: 'Object Repository/Pages/Restaurant Page/Edit Restaurant/btn_dismiss_modal_step1' is clicked on

2018-08-14 15:10:23 - [MESSAGE][PASSED] - Object: 'Object Repository/Pages/Restaurant Page/Edit Restaurant/btn_dismiss_modal_step1' is clicked on

2018-08-14 15:10:23 - [TEST_STEP][PASSED] - closeBrowser: Browser is closed

2018-08-14 15:10:23 - [MESSAGE][PASSED] - Browser is closed]]></system-out>
         <system-err><![CDATA[]]></system-err>
      </testcase>
      <testcase name="Test Cases/Tests/Restaurant Tests/TC_Restaurant_017" classname="Test Cases/Tests/Restaurant Tests/TC_Restaurant_017" status="PASSED">
         <system-out><![CDATA[2018-08-14 15:10:23 - [TEST_CASE][PASSED] - Test Cases/Tests/Restaurant Tests/TC_Restaurant_017: Test Cases/Tests/Restaurant Tests/TC_Restaurant_017

2018-08-14 15:10:23 - [TEST_STEP][PASSED] - callTestCase: Call Test Case 'Test Cases/Tests/Log In Tests/TC001_Log in_valid_user' successfully

2018-08-14 15:10:23 - [TEST_CASE][PASSED] - Test Cases/Tests/Log In Tests/TC001_Log in_valid_user: Test Cases/Tests/Log In Tests/TC001_Log in_valid_user

2018-08-14 15:10:23 - [TEST_STEP][PASSED] - openBrowser: Browser is opened with url: 'https://his-uat.digivalet.com/cms/dashboard/user/login'

2018-08-14 15:10:26 - [MESSAGE][PASSED] - Browser is opened with url: 'https://his-uat.digivalet.com/cms/dashboard/user/login'

2018-08-14 15:10:26 - [TEST_STEP][PASSED] - maximizeWindow: Current window maximized

2018-08-14 15:10:26 - [MESSAGE][PASSED] - Current window maximized

2018-08-14 15:10:26 - [TEST_STEP][PASSED] - waitForPageLoad: Wait for page load successfully

2018-08-14 15:10:26 - [MESSAGE][PASSED] - Wait for page load successfully

2018-08-14 15:10:26 - [TEST_STEP][PASSED] - setText: Text 'superadmin' is set on object 'Object Repository/Pages/Log In Page/input_username'

2018-08-14 15:10:26 - [MESSAGE][PASSED] - Text 'superadmin' is set on object 'Object Repository/Pages/Log In Page/input_username'

2018-08-14 15:10:26 - [TEST_STEP][PASSED] - setText: Text 'd7QUVg' is set on object 'Object Repository/Pages/Log In Page/input_password'

2018-08-14 15:10:26 - [MESSAGE][PASSED] - Text 'd7QUVg' is set on object 'Object Repository/Pages/Log In Page/input_password'

2018-08-14 15:10:26 - [TEST_STEP][PASSED] - click: Object: 'Object Repository/Pages/Log In Page/button_Login' is clicked on

2018-08-14 15:10:27 - [MESSAGE][PASSED] - Object: 'Object Repository/Pages/Log In Page/button_Login' is clicked on

2018-08-14 15:10:27 - [TEST_STEP][PASSED] - waitForPageLoad: Wait for page load successfully

2018-08-14 15:10:27 - [MESSAGE][PASSED] - Wait for page load successfully

2018-08-14 15:10:27 - [TEST_STEP][PASSED] - waitForElementNotPresent: Web element with id: 'Object Repository/Pages/Log In Page/button_Login' located by 'By.xpath: //*[@id='userlogin']//button' is not present after '20' second(s)

2018-08-14 15:10:32 - [MESSAGE][PASSED] - Web element with id: 'Object Repository/Pages/Log In Page/button_Login' located by 'By.xpath: //*[@id='userlogin']//button' is not present after '20' second(s)

2018-08-14 15:10:32 - [TEST_STEP][PASSED] - waitForElementVisible: Object 'Object Repository/Pages/TV Channels Page/heading_TV Channel' is visible

2018-08-14 15:10:32 - [MESSAGE][PASSED] - Object 'Object Repository/Pages/TV Channels Page/heading_TV Channel' is visible

2018-08-14 15:10:32 - [TEST_STEP][PASSED] - Statement - DashboardURL = com.kms.katalon.core.webui.keyword.WebUiBuiltInKeywords.getUrl(): Current window's url is: 'https://his-uat.digivalet.com/cms/tvchannel/manageTvchannel'

2018-08-14 15:10:32 - [MESSAGE][PASSED] - Current window's url is: 'https://his-uat.digivalet.com/cms/tvchannel/manageTvchannel'

2018-08-14 15:10:32 - [TEST_STEP][PASSED] - verifyMatch: Actual text 'https://his-uat.digivalet.com/cms/tvchannel/manageTvchannel' and expected text 'https://his-uat.digivalet.com/cms/tvchannel/manageTvchannel' are matched  using regular expression

2018-08-14 15:10:32 - [MESSAGE][PASSED] - Actual text 'https://his-uat.digivalet.com/cms/tvchannel/manageTvchannel' and expected text 'https://his-uat.digivalet.com/cms/tvchannel/manageTvchannel' are matched  using regular expression

2018-08-14 15:10:32 - [MESSAGE][PASSED] - Call Test Case 'Test Cases/Tests/Log In Tests/TC001_Log in_valid_user' successfully

2018-08-14 15:10:32 - [TEST_STEP][PASSED] - click: Object: 'Object Repository/Pages/Dashboard/a_Restaurants' is clicked on

2018-08-14 15:10:33 - [MESSAGE][PASSED] - Object: 'Object Repository/Pages/Dashboard/a_Restaurants' is clicked on

2018-08-14 15:10:33 - [TEST_STEP][PASSED] - waitForElementVisible: Object 'Object Repository/Pages/Restaurant Page/res_cell_first' is visible

2018-08-14 15:10:34 - [MESSAGE][PASSED] - Object 'Object Repository/Pages/Restaurant Page/res_cell_first' is visible

2018-08-14 15:10:34 - [TEST_STEP][PASSED] - click: Object: 'Object Repository/Pages/Restaurant Page/btn_plus_restaurant' is clicked on

2018-08-14 15:10:34 - [MESSAGE][PASSED] - Object: 'Object Repository/Pages/Restaurant Page/btn_plus_restaurant' is clicked on

2018-08-14 15:10:34 - [TEST_STEP][PASSED] - click: Object: 'Object Repository/Pages/Restaurant Page/Add Restaurant/btn_add_restaurant_detail' is clicked on

2018-08-14 15:10:35 - [MESSAGE][PASSED] - Object: 'Object Repository/Pages/Restaurant Page/Add Restaurant/btn_add_restaurant_detail' is clicked on

2018-08-14 15:10:35 - [TEST_STEP][PASSED] - verifyElementPresent: Object 'Object Repository/Pages/Restaurant Page/msg_error_title_value_empty' is present

2018-08-14 15:10:35 - [MESSAGE][PASSED] - Object 'Object Repository/Pages/Restaurant Page/msg_error_title_value_empty' is present

2018-08-14 15:10:35 - [TEST_STEP][PASSED] - waitForElementNotPresent: Web element with id: 'Object Repository/Pages/Restaurant Page/msg_error_title_value_empty' located by 'By.xpath: //div[(text() = 'Please fill empty title and value' or . = 'Please fill empty title and value')]' is not present after '7' second(s)

2018-08-14 15:10:39 - [MESSAGE][PASSED] - Web element with id: 'Object Repository/Pages/Restaurant Page/msg_error_title_value_empty' located by 'By.xpath: //div[(text() = 'Please fill empty title and value' or . = 'Please fill empty title and value')]' is not present after '7' second(s)

2018-08-14 15:10:39 - [TEST_STEP][PASSED] - setText: Text 'Menu' is set on object 'Object Repository/Pages/Restaurant Page/Add Restaurant/input_text_title_default'

2018-08-14 15:10:39 - [MESSAGE][PASSED] - Text 'Menu' is set on object 'Object Repository/Pages/Restaurant Page/Add Restaurant/input_text_title_default'

2018-08-14 15:10:39 - [TEST_STEP][PASSED] - click: Object: 'Object Repository/Pages/Restaurant Page/Add Restaurant/btn_add_restaurant_detail' is clicked on

2018-08-14 15:10:39 - [MESSAGE][PASSED] - Object: 'Object Repository/Pages/Restaurant Page/Add Restaurant/btn_add_restaurant_detail' is clicked on

2018-08-14 15:10:39 - [TEST_STEP][PASSED] - verifyElementPresent: Object 'Object Repository/Pages/Restaurant Page/msg_error_title_value_empty' is present

2018-08-14 15:10:39 - [MESSAGE][PASSED] - Object 'Object Repository/Pages/Restaurant Page/msg_error_title_value_empty' is present

2018-08-14 15:10:39 - [TEST_STEP][PASSED] - waitForElementNotPresent: Web element with id: 'Object Repository/Pages/Restaurant Page/msg_error_title_value_empty' located by 'By.xpath: //div[(text() = 'Please fill empty title and value' or . = 'Please fill empty title and value')]' is not present after '7' second(s)

2018-08-14 15:10:43 - [MESSAGE][PASSED] - Web element with id: 'Object Repository/Pages/Restaurant Page/msg_error_title_value_empty' located by 'By.xpath: //div[(text() = 'Please fill empty title and value' or . = 'Please fill empty title and value')]' is not present after '7' second(s)

2018-08-14 15:10:43 - [TEST_STEP][PASSED] - setText: Text 'Menu' is set on object 'Object Repository/Pages/Restaurant Page/Add Restaurant/input_text_value_default'

2018-08-14 15:10:43 - [MESSAGE][PASSED] - Text 'Menu' is set on object 'Object Repository/Pages/Restaurant Page/Add Restaurant/input_text_value_default'

2018-08-14 15:10:43 - [TEST_STEP][PASSED] - click: Object: 'Object Repository/Pages/Restaurant Page/Add Restaurant/btn_add_restaurant_detail' is clicked on

2018-08-14 15:10:43 - [MESSAGE][PASSED] - Object: 'Object Repository/Pages/Restaurant Page/Add Restaurant/btn_add_restaurant_detail' is clicked on

2018-08-14 15:10:43 - [TEST_STEP][PASSED] - verifyElementPresent: Object 'Object Repository/Pages/Restaurant Page/msg_error_title_value_empty' is present

2018-08-14 15:10:43 - [MESSAGE][PASSED] - Object 'Object Repository/Pages/Restaurant Page/msg_error_title_value_empty' is present

2018-08-14 15:10:43 - [TEST_STEP][PASSED] - waitForElementNotPresent: Web element with id: 'Object Repository/Pages/Restaurant Page/msg_error_title_value_empty' located by 'By.xpath: //div[(text() = 'Please fill empty title and value' or . = 'Please fill empty title and value')]' is not present after '7' second(s)

2018-08-14 15:10:46 - [MESSAGE][PASSED] - Web element with id: 'Object Repository/Pages/Restaurant Page/msg_error_title_value_empty' located by 'By.xpath: //div[(text() = 'Please fill empty title and value' or . = 'Please fill empty title and value')]' is not present after '7' second(s)

2018-08-14 15:10:46 - [TEST_STEP][PASSED] - uploadFile: File '/Users/apple/git/pbsl_digivalet_cms_tests/Resources/Res_menu_PDF.pdf' sent to object: 'Object Repository/Pages/Restaurant Page/Add Restaurant/upload_file_add_menu'

2018-08-14 15:10:47 - [MESSAGE][PASSED] - File '/Users/apple/git/pbsl_digivalet_cms_tests/Resources/Res_menu_PDF.pdf' sent to object: 'Object Repository/Pages/Restaurant Page/Add Restaurant/upload_file_add_menu'

2018-08-14 15:10:47 - [TEST_STEP][PASSED] - click: Object: 'Object Repository/Pages/Restaurant Page/Add Restaurant/btn_add_restaurant_detail' is clicked on

2018-08-14 15:10:47 - [MESSAGE][PASSED] - Object: 'Object Repository/Pages/Restaurant Page/Add Restaurant/btn_add_restaurant_detail' is clicked on

2018-08-14 15:10:47 - [TEST_STEP][PASSED] - click: Object: 'Object Repository/Pages/Restaurant Page/Add Restaurant/dropdown_add_menu1' is clicked on

2018-08-14 15:10:47 - [MESSAGE][PASSED] - Object: 'Object Repository/Pages/Restaurant Page/Add Restaurant/dropdown_add_menu1' is clicked on

2018-08-14 15:10:47 - [TEST_STEP][PASSED] - click: Object: 'Object Repository/Pages/Restaurant Page/Add Restaurant/value_add_dress_code' is clicked on

2018-08-14 15:10:47 - [MESSAGE][PASSED] - Object: 'Object Repository/Pages/Restaurant Page/Add Restaurant/value_add_dress_code' is clicked on

2018-08-14 15:10:47 - [TEST_STEP][PASSED] - click: Object: 'Object Repository/Pages/Restaurant Page/Add Restaurant/btn_add_restaurant_detail' is clicked on

2018-08-14 15:10:47 - [MESSAGE][PASSED] - Object: 'Object Repository/Pages/Restaurant Page/Add Restaurant/btn_add_restaurant_detail' is clicked on

2018-08-14 15:10:47 - [TEST_STEP][PASSED] - verifyElementPresent: Object 'Object Repository/Pages/Restaurant Page/msg_error_title_value_empty' is present

2018-08-14 15:10:47 - [MESSAGE][PASSED] - Object 'Object Repository/Pages/Restaurant Page/msg_error_title_value_empty' is present

2018-08-14 15:10:47 - [TEST_STEP][PASSED] - waitForElementNotPresent: Web element with id: 'Object Repository/Pages/Restaurant Page/msg_error_title_value_empty' located by 'By.xpath: //div[(text() = 'Please fill empty title and value' or . = 'Please fill empty title and value')]' is not present after '7' second(s)

2018-08-14 15:10:51 - [MESSAGE][PASSED] - Web element with id: 'Object Repository/Pages/Restaurant Page/msg_error_title_value_empty' located by 'By.xpath: //div[(text() = 'Please fill empty title and value' or . = 'Please fill empty title and value')]' is not present after '7' second(s)

2018-08-14 15:10:51 - [TEST_STEP][PASSED] - setText: Text 'Dress Code' is set on object 'Object Repository/Pages/Restaurant Page/Add Restaurant/input_text_res_details_title1'

2018-08-14 15:10:51 - [MESSAGE][PASSED] - Text 'Dress Code' is set on object 'Object Repository/Pages/Restaurant Page/Add Restaurant/input_text_res_details_title1'

2018-08-14 15:10:51 - [TEST_STEP][PASSED] - setText: Text 'Western Attire' is set on object 'Object Repository/Pages/Restaurant Page/Add Restaurant/input_text_res_details_value1'

2018-08-14 15:10:52 - [MESSAGE][PASSED] - Text 'Western Attire' is set on object 'Object Repository/Pages/Restaurant Page/Add Restaurant/input_text_res_details_value1'

2018-08-14 15:10:52 - [TEST_STEP][PASSED] - click: Object: 'Object Repository/Pages/Restaurant Page/Add Restaurant/btn_add_restaurant_detail' is clicked on

2018-08-14 15:10:52 - [MESSAGE][PASSED] - Object: 'Object Repository/Pages/Restaurant Page/Add Restaurant/btn_add_restaurant_detail' is clicked on

2018-08-14 15:10:52 - [TEST_STEP][PASSED] - click: Object: 'Object Repository/Pages/Restaurant Page/Add Restaurant/dropdown_add_menu2' is clicked on

2018-08-14 15:10:52 - [MESSAGE][PASSED] - Object: 'Object Repository/Pages/Restaurant Page/Add Restaurant/dropdown_add_menu2' is clicked on

2018-08-14 15:10:52 - [TEST_STEP][PASSED] - click: Object: 'Object Repository/Pages/Restaurant Page/Add Restaurant/value_add_video' is clicked on

2018-08-14 15:10:52 - [MESSAGE][PASSED] - Object: 'Object Repository/Pages/Restaurant Page/Add Restaurant/value_add_video' is clicked on

2018-08-14 15:10:52 - [TEST_STEP][PASSED] - click: Object: 'Object Repository/Pages/Restaurant Page/Add Restaurant/btn_add_restaurant_detail' is clicked on

2018-08-14 15:10:52 - [MESSAGE][PASSED] - Object: 'Object Repository/Pages/Restaurant Page/Add Restaurant/btn_add_restaurant_detail' is clicked on

2018-08-14 15:10:52 - [TEST_STEP][PASSED] - verifyElementPresent: Object 'Object Repository/Pages/Restaurant Page/msg_error_title_value_empty' is present

2018-08-14 15:10:52 - [MESSAGE][PASSED] - Object 'Object Repository/Pages/Restaurant Page/msg_error_title_value_empty' is present

2018-08-14 15:10:52 - [TEST_STEP][PASSED] - waitForElementNotPresent: Web element with id: 'Object Repository/Pages/Restaurant Page/msg_error_title_value_empty' located by 'By.xpath: //div[(text() = 'Please fill empty title and value' or . = 'Please fill empty title and value')]' is not present after '7' second(s)

2018-08-14 15:10:56 - [MESSAGE][PASSED] - Web element with id: 'Object Repository/Pages/Restaurant Page/msg_error_title_value_empty' located by 'By.xpath: //div[(text() = 'Please fill empty title and value' or . = 'Please fill empty title and value')]' is not present after '7' second(s)

2018-08-14 15:10:56 - [TEST_STEP][PASSED] - setText: Text 'Restaurant Video' is set on object 'Object Repository/Pages/Restaurant Page/Add Restaurant/input_text_res_details_title2'

2018-08-14 15:10:56 - [MESSAGE][PASSED] - Text 'Restaurant Video' is set on object 'Object Repository/Pages/Restaurant Page/Add Restaurant/input_text_res_details_title2'

2018-08-14 15:10:56 - [TEST_STEP][PASSED] - setText: Text 'Restaurant Introduction' is set on object 'Object Repository/Pages/Restaurant Page/Add Restaurant/input_text_res_details_value2'

2018-08-14 15:10:57 - [MESSAGE][PASSED] - Text 'Restaurant Introduction' is set on object 'Object Repository/Pages/Restaurant Page/Add Restaurant/input_text_res_details_value2'

2018-08-14 15:10:57 - [TEST_STEP][PASSED] - click: Object: 'Object Repository/Pages/Restaurant Page/Add Restaurant/btn_add_restaurant_detail' is clicked on

2018-08-14 15:10:57 - [MESSAGE][PASSED] - Object: 'Object Repository/Pages/Restaurant Page/Add Restaurant/btn_add_restaurant_detail' is clicked on

2018-08-14 15:10:57 - [TEST_STEP][PASSED] - verifyElementPresent: Object 'Object Repository/Pages/Restaurant Page/msg_error_title_value_empty' is present

2018-08-14 15:10:57 - [MESSAGE][PASSED] - Object 'Object Repository/Pages/Restaurant Page/msg_error_title_value_empty' is present

2018-08-14 15:10:57 - [TEST_STEP][PASSED] - waitForElementNotPresent: Web element with id: 'Object Repository/Pages/Restaurant Page/msg_error_title_value_empty' located by 'By.xpath: //div[(text() = 'Please fill empty title and value' or . = 'Please fill empty title and value')]' is not present after '7' second(s)

2018-08-14 15:11:01 - [MESSAGE][PASSED] - Web element with id: 'Object Repository/Pages/Restaurant Page/msg_error_title_value_empty' located by 'By.xpath: //div[(text() = 'Please fill empty title and value' or . = 'Please fill empty title and value')]' is not present after '7' second(s)

2018-08-14 15:11:01 - [TEST_STEP][PASSED] - uploadFile: File '/Users/apple/git/pbsl_digivalet_cms_tests/Resources/Res_video.flv' sent to object: 'Object Repository/Pages/Restaurant Page/Add Restaurant/upload_file_add_video'

2018-08-14 15:11:01 - [MESSAGE][PASSED] - File '/Users/apple/git/pbsl_digivalet_cms_tests/Resources/Res_video.flv' sent to object: 'Object Repository/Pages/Restaurant Page/Add Restaurant/upload_file_add_video'

2018-08-14 15:11:01 - [TEST_STEP][PASSED] - click: Object: 'Object Repository/Pages/Restaurant Page/Add Restaurant/btn_add_restaurant_detail' is clicked on

2018-08-14 15:11:01 - [MESSAGE][PASSED] - Object: 'Object Repository/Pages/Restaurant Page/Add Restaurant/btn_add_restaurant_detail' is clicked on

2018-08-14 15:11:01 - [TEST_STEP][PASSED] - click: Object: 'Object Repository/Pages/Restaurant Page/Add Restaurant/dropdown_add_menu3' is clicked on

2018-08-14 15:11:01 - [MESSAGE][PASSED] - Object: 'Object Repository/Pages/Restaurant Page/Add Restaurant/dropdown_add_menu3' is clicked on

2018-08-14 15:11:01 - [TEST_STEP][PASSED] - click: Object: 'Object Repository/Pages/Restaurant Page/Add Restaurant/value_res_detail_add_URL' is clicked on

2018-08-14 15:11:01 - [MESSAGE][PASSED] - Object: 'Object Repository/Pages/Restaurant Page/Add Restaurant/value_res_detail_add_URL' is clicked on

2018-08-14 15:11:01 - [TEST_STEP][PASSED] - click: Object: 'Object Repository/Pages/Restaurant Page/Add Restaurant/btn_add_restaurant_detail' is clicked on

2018-08-14 15:11:02 - [MESSAGE][PASSED] - Object: 'Object Repository/Pages/Restaurant Page/Add Restaurant/btn_add_restaurant_detail' is clicked on

2018-08-14 15:11:02 - [TEST_STEP][PASSED] - verifyElementPresent: Object 'Object Repository/Pages/Restaurant Page/msg_error_title_value_empty' is present

2018-08-14 15:11:02 - [MESSAGE][PASSED] - Object 'Object Repository/Pages/Restaurant Page/msg_error_title_value_empty' is present

2018-08-14 15:11:02 - [TEST_STEP][PASSED] - waitForElementNotPresent: Web element with id: 'Object Repository/Pages/Restaurant Page/msg_error_title_value_empty' located by 'By.xpath: //div[(text() = 'Please fill empty title and value' or . = 'Please fill empty title and value')]' is not present after '7' second(s)

2018-08-14 15:11:05 - [MESSAGE][PASSED] - Web element with id: 'Object Repository/Pages/Restaurant Page/msg_error_title_value_empty' located by 'By.xpath: //div[(text() = 'Please fill empty title and value' or . = 'Please fill empty title and value')]' is not present after '7' second(s)

2018-08-14 15:11:05 - [TEST_STEP][PASSED] - setText: Text 'Order Online' is set on object 'Object Repository/Pages/Restaurant Page/Add Restaurant/input_text_res_details_title3'

2018-08-14 15:11:06 - [MESSAGE][PASSED] - Text 'Order Online' is set on object 'Object Repository/Pages/Restaurant Page/Add Restaurant/input_text_res_details_title3'

2018-08-14 15:11:06 - [TEST_STEP][PASSED] - setText: Text 'Order Portal' is set on object 'Object Repository/Pages/Restaurant Page/Add Restaurant/input_text_res_details_value3'

2018-08-14 15:11:06 - [MESSAGE][PASSED] - Text 'Order Portal' is set on object 'Object Repository/Pages/Restaurant Page/Add Restaurant/input_text_res_details_value3'

2018-08-14 15:11:06 - [TEST_STEP][PASSED] - click: Object: 'Object Repository/Pages/Restaurant Page/Add Restaurant/btn_add_restaurant_detail' is clicked on

2018-08-14 15:11:06 - [MESSAGE][PASSED] - Object: 'Object Repository/Pages/Restaurant Page/Add Restaurant/btn_add_restaurant_detail' is clicked on

2018-08-14 15:11:06 - [TEST_STEP][PASSED] - setText: Text 'https://test.com' is set on object 'Object Repository/Pages/Restaurant Page/Add Restaurant/input_text_add_URL'

2018-08-14 15:11:07 - [MESSAGE][PASSED] - Text 'https://test.com' is set on object 'Object Repository/Pages/Restaurant Page/Add Restaurant/input_text_add_URL'

2018-08-14 15:11:07 - [TEST_STEP][PASSED] - click: Object: 'Object Repository/Pages/Restaurant Page/Add Restaurant/btn_add_restaurant_detail' is clicked on

2018-08-14 15:11:07 - [MESSAGE][PASSED] - Object: 'Object Repository/Pages/Restaurant Page/Add Restaurant/btn_add_restaurant_detail' is clicked on

2018-08-14 15:11:07 - [TEST_STEP][PASSED] - click: Object: 'Object Repository/Pages/Restaurant Page/Add Restaurant/dropdown_add_menu4' is clicked on

2018-08-14 15:11:07 - [MESSAGE][PASSED] - Object: 'Object Repository/Pages/Restaurant Page/Add Restaurant/dropdown_add_menu4' is clicked on

2018-08-14 15:11:07 - [TEST_STEP][PASSED] - click: Object: 'Object Repository/Pages/Restaurant Page/Add Restaurant/value_add_custom' is clicked on

2018-08-14 15:11:07 - [MESSAGE][PASSED] - Object: 'Object Repository/Pages/Restaurant Page/Add Restaurant/value_add_custom' is clicked on

2018-08-14 15:11:07 - [TEST_STEP][PASSED] - click: Object: 'Object Repository/Pages/Restaurant Page/Add Restaurant/btn_add_restaurant_detail' is clicked on

2018-08-14 15:11:07 - [MESSAGE][PASSED] - Object: 'Object Repository/Pages/Restaurant Page/Add Restaurant/btn_add_restaurant_detail' is clicked on

2018-08-14 15:11:07 - [TEST_STEP][PASSED] - verifyElementPresent: Object 'Object Repository/Pages/Restaurant Page/msg_error_title_value_empty' is present

2018-08-14 15:11:07 - [MESSAGE][PASSED] - Object 'Object Repository/Pages/Restaurant Page/msg_error_title_value_empty' is present

2018-08-14 15:11:07 - [TEST_STEP][PASSED] - closeBrowser: Browser is closed

2018-08-14 15:11:07 - [MESSAGE][PASSED] - Browser is closed]]></system-out>
         <system-err><![CDATA[]]></system-err>
      </testcase>
      <testcase name="Test Cases/Tests/Restaurant Tests/TC_Restaurant_018" classname="Test Cases/Tests/Restaurant Tests/TC_Restaurant_018" status="PASSED">
         <system-out><![CDATA[2018-08-14 15:11:07 - [TEST_CASE][PASSED] - Test Cases/Tests/Restaurant Tests/TC_Restaurant_018: Test Cases/Tests/Restaurant Tests/TC_Restaurant_018

2018-08-14 15:11:07 - [TEST_STEP][PASSED] - callTestCase: Call Test Case 'Test Cases/Tests/Log In Tests/TC001_Log in_valid_user' successfully

2018-08-14 15:11:07 - [TEST_CASE][PASSED] - Test Cases/Tests/Log In Tests/TC001_Log in_valid_user: Test Cases/Tests/Log In Tests/TC001_Log in_valid_user

2018-08-14 15:11:08 - [TEST_STEP][PASSED] - openBrowser: Browser is opened with url: 'https://his-uat.digivalet.com/cms/dashboard/user/login'

2018-08-14 15:11:10 - [MESSAGE][PASSED] - Browser is opened with url: 'https://his-uat.digivalet.com/cms/dashboard/user/login'

2018-08-14 15:11:10 - [TEST_STEP][PASSED] - maximizeWindow: Current window maximized

2018-08-14 15:11:10 - [MESSAGE][PASSED] - Current window maximized

2018-08-14 15:11:10 - [TEST_STEP][PASSED] - waitForPageLoad: Wait for page load successfully

2018-08-14 15:11:10 - [MESSAGE][PASSED] - Wait for page load successfully

2018-08-14 15:11:10 - [TEST_STEP][PASSED] - setText: Text 'superadmin' is set on object 'Object Repository/Pages/Log In Page/input_username'

2018-08-14 15:11:10 - [MESSAGE][PASSED] - Text 'superadmin' is set on object 'Object Repository/Pages/Log In Page/input_username'

2018-08-14 15:11:10 - [TEST_STEP][PASSED] - setText: Text 'd7QUVg' is set on object 'Object Repository/Pages/Log In Page/input_password'

2018-08-14 15:11:10 - [MESSAGE][PASSED] - Text 'd7QUVg' is set on object 'Object Repository/Pages/Log In Page/input_password'

2018-08-14 15:11:10 - [TEST_STEP][PASSED] - click: Object: 'Object Repository/Pages/Log In Page/button_Login' is clicked on

2018-08-14 15:11:10 - [MESSAGE][PASSED] - Object: 'Object Repository/Pages/Log In Page/button_Login' is clicked on

2018-08-14 15:11:10 - [TEST_STEP][PASSED] - waitForPageLoad: Wait for page load successfully

2018-08-14 15:11:10 - [MESSAGE][PASSED] - Wait for page load successfully

2018-08-14 15:11:10 - [TEST_STEP][PASSED] - waitForElementNotPresent: Web element with id: 'Object Repository/Pages/Log In Page/button_Login' located by 'By.xpath: //*[@id='userlogin']//button' is not present after '20' second(s)

2018-08-14 15:11:15 - [MESSAGE][PASSED] - Web element with id: 'Object Repository/Pages/Log In Page/button_Login' located by 'By.xpath: //*[@id='userlogin']//button' is not present after '20' second(s)

2018-08-14 15:11:15 - [TEST_STEP][PASSED] - waitForElementVisible: Object 'Object Repository/Pages/TV Channels Page/heading_TV Channel' is visible

2018-08-14 15:11:15 - [MESSAGE][PASSED] - Object 'Object Repository/Pages/TV Channels Page/heading_TV Channel' is visible

2018-08-14 15:11:15 - [TEST_STEP][PASSED] - Statement - DashboardURL = com.kms.katalon.core.webui.keyword.WebUiBuiltInKeywords.getUrl(): Current window's url is: 'https://his-uat.digivalet.com/cms/tvchannel/manageTvchannel'

2018-08-14 15:11:15 - [MESSAGE][PASSED] - Current window's url is: 'https://his-uat.digivalet.com/cms/tvchannel/manageTvchannel'

2018-08-14 15:11:15 - [TEST_STEP][PASSED] - verifyMatch: Actual text 'https://his-uat.digivalet.com/cms/tvchannel/manageTvchannel' and expected text 'https://his-uat.digivalet.com/cms/tvchannel/manageTvchannel' are matched  using regular expression

2018-08-14 15:11:15 - [MESSAGE][PASSED] - Actual text 'https://his-uat.digivalet.com/cms/tvchannel/manageTvchannel' and expected text 'https://his-uat.digivalet.com/cms/tvchannel/manageTvchannel' are matched  using regular expression

2018-08-14 15:11:15 - [MESSAGE][PASSED] - Call Test Case 'Test Cases/Tests/Log In Tests/TC001_Log in_valid_user' successfully

2018-08-14 15:11:15 - [TEST_STEP][PASSED] - click: Object: 'Object Repository/Pages/Dashboard/a_Restaurants' is clicked on

2018-08-14 15:11:17 - [MESSAGE][PASSED] - Object: 'Object Repository/Pages/Dashboard/a_Restaurants' is clicked on

2018-08-14 15:11:17 - [TEST_STEP][PASSED] - waitForElementVisible: Object 'Object Repository/Pages/Restaurant Page/res_cell_first' is visible

2018-08-14 15:11:18 - [MESSAGE][PASSED] - Object 'Object Repository/Pages/Restaurant Page/res_cell_first' is visible

2018-08-14 15:11:18 - [TEST_STEP][PASSED] - click: Object: 'Object Repository/Pages/Restaurant Page/btn_plus_restaurant' is clicked on

2018-08-14 15:11:18 - [MESSAGE][PASSED] - Object: 'Object Repository/Pages/Restaurant Page/btn_plus_restaurant' is clicked on

2018-08-14 15:11:18 - [TEST_STEP][PASSED] - setText: Text 'Automation Test3' is set on object 'Object Repository/Pages/Restaurant Page/Add Restaurant/input_display_name'

2018-08-14 15:11:19 - [MESSAGE][PASSED] - Text 'Automation Test3' is set on object 'Object Repository/Pages/Restaurant Page/Add Restaurant/input_display_name'

2018-08-14 15:11:19 - [TEST_STEP][PASSED] - setText: Text 'This is a test restaurant being added by automation script.' is set on object 'Object Repository/Pages/Restaurant Page/Add Restaurant/textarea_description'

2018-08-14 15:11:20 - [MESSAGE][PASSED] - Text 'This is a test restaurant being added by automation script.' is set on object 'Object Repository/Pages/Restaurant Page/Add Restaurant/textarea_description'

2018-08-14 15:11:20 - [TEST_STEP][PASSED] - uploadFile: File '/Users/apple/git/pbsl_digivalet_cms_tests/Images/Restaurant Image.jpg' sent to object: 'Object Repository/Pages/Restaurant Page/Add Restaurant/btn_upload_image'

2018-08-14 15:11:20 - [MESSAGE][PASSED] - File '/Users/apple/git/pbsl_digivalet_cms_tests/Images/Restaurant Image.jpg' sent to object: 'Object Repository/Pages/Restaurant Page/Add Restaurant/btn_upload_image'

2018-08-14 15:11:20 - [TEST_STEP][PASSED] - waitForElementVisible: Object 'Object Repository/Pages/Restaurant Page/Crop Image/btn_zoom_in' is visible

2018-08-14 15:11:20 - [MESSAGE][PASSED] - Object 'Object Repository/Pages/Restaurant Page/Crop Image/btn_zoom_in' is visible

2018-08-14 15:11:20 - [TEST_STEP][PASSED] - click: Object: 'Object Repository/Pages/Restaurant Page/Crop Image/btn_zoom_in' is clicked on

2018-08-14 15:11:20 - [MESSAGE][PASSED] - Object: 'Object Repository/Pages/Restaurant Page/Crop Image/btn_zoom_in' is clicked on

2018-08-14 15:11:20 - [TEST_STEP][PASSED] - click: Object: 'Object Repository/Pages/Restaurant Page/Crop Image/btn_zoom_in' is clicked on

2018-08-14 15:11:20 - [MESSAGE][PASSED] - Object: 'Object Repository/Pages/Restaurant Page/Crop Image/btn_zoom_in' is clicked on

2018-08-14 15:11:20 - [TEST_STEP][PASSED] - click: Object: 'Object Repository/Pages/Restaurant Page/Crop Image/btn_zoom_out' is clicked on

2018-08-14 15:11:20 - [MESSAGE][PASSED] - Object: 'Object Repository/Pages/Restaurant Page/Crop Image/btn_zoom_out' is clicked on

2018-08-14 15:11:20 - [TEST_STEP][PASSED] - click: Object: 'Object Repository/Pages/Restaurant Page/Crop Image/btn_zoom_out' is clicked on

2018-08-14 15:11:20 - [MESSAGE][PASSED] - Object: 'Object Repository/Pages/Restaurant Page/Crop Image/btn_zoom_out' is clicked on

2018-08-14 15:11:20 - [TEST_STEP][PASSED] - delay: Delayed 2 second(s)

2018-08-14 15:11:22 - [MESSAGE][PASSED] - Delayed 2 second(s)

2018-08-14 15:11:22 - [TEST_STEP][PASSED] - click: Object: 'Object Repository/Pages/Restaurant Page/Crop Image/btn_crop_image_done' is clicked on

2018-08-14 15:11:23 - [MESSAGE][PASSED] - Object: 'Object Repository/Pages/Restaurant Page/Crop Image/btn_crop_image_done' is clicked on

2018-08-14 15:11:23 - [TEST_STEP][PASSED] - delay: Delayed 2 second(s)

2018-08-14 15:11:25 - [MESSAGE][PASSED] - Delayed 2 second(s)

2018-08-14 15:11:25 - [TEST_STEP][PASSED] - click: Object: 'Object Repository/Pages/Restaurant Page/Add Restaurant/btn_next' is clicked on

2018-08-14 15:11:25 - [MESSAGE][PASSED] - Object: 'Object Repository/Pages/Restaurant Page/Add Restaurant/btn_next' is clicked on

2018-08-14 15:11:25 - [TEST_STEP][PASSED] - delay: Delayed 2 second(s)

2018-08-14 15:11:27 - [MESSAGE][PASSED] - Delayed 2 second(s)

2018-08-14 15:11:27 - [TEST_STEP][PASSED] - click: Object: 'Object Repository/Pages/Restaurant Page/Apply Filters/input_open_status' is clicked on

2018-08-14 15:11:27 - [MESSAGE][PASSED] - Object: 'Object Repository/Pages/Restaurant Page/Apply Filters/input_open_status' is clicked on

2018-08-14 15:11:27 - [TEST_STEP][PASSED] - click: Object: 'Object Repository/Pages/Restaurant Page/Apply Filters/option_allTime' is clicked on

2018-08-14 15:11:27 - [MESSAGE][PASSED] - Object: 'Object Repository/Pages/Restaurant Page/Apply Filters/option_allTime' is clicked on

2018-08-14 15:11:27 - [TEST_STEP][PASSED] - click: Object: 'Object Repository/Pages/Restaurant Page/Apply Filters/input_cuisine' is clicked on

2018-08-14 15:11:27 - [MESSAGE][PASSED] - Object: 'Object Repository/Pages/Restaurant Page/Apply Filters/input_cuisine' is clicked on

2018-08-14 15:11:27 - [TEST_STEP][PASSED] - click: Object: 'Object Repository/Pages/Restaurant Page/Apply Filters/option_north_indian' is clicked on

2018-08-14 15:11:28 - [MESSAGE][PASSED] - Object: 'Object Repository/Pages/Restaurant Page/Apply Filters/option_north_indian' is clicked on

2018-08-14 15:11:28 - [TEST_STEP][PASSED] - click: Object: 'Object Repository/Pages/Restaurant Page/Apply Filters/input_cuisine' is clicked on

2018-08-14 15:11:28 - [MESSAGE][PASSED] - Object: 'Object Repository/Pages/Restaurant Page/Apply Filters/input_cuisine' is clicked on

2018-08-14 15:11:28 - [TEST_STEP][PASSED] - click: Object: 'Object Repository/Pages/Restaurant Page/Apply Filters/option_all' is clicked on

2018-08-14 15:11:28 - [MESSAGE][PASSED] - Object: 'Object Repository/Pages/Restaurant Page/Apply Filters/option_all' is clicked on

2018-08-14 15:11:28 - [TEST_STEP][PASSED] - click: Object: 'Object Repository/Pages/Restaurant Page/Apply Filters/input_cuisine' is clicked on

2018-08-14 15:11:28 - [MESSAGE][PASSED] - Object: 'Object Repository/Pages/Restaurant Page/Apply Filters/input_cuisine' is clicked on

2018-08-14 15:11:28 - [TEST_STEP][PASSED] - click: Object: 'Object Repository/Pages/Restaurant Page/Apply Filters/option_fast_food' is clicked on

2018-08-14 15:11:28 - [MESSAGE][PASSED] - Object: 'Object Repository/Pages/Restaurant Page/Apply Filters/option_fast_food' is clicked on

2018-08-14 15:11:28 - [TEST_STEP][PASSED] - click: Object: 'Object Repository/Pages/Restaurant Page/Apply Filters/input_meal_type' is clicked on

2018-08-14 15:11:28 - [MESSAGE][PASSED] - Object: 'Object Repository/Pages/Restaurant Page/Apply Filters/input_meal_type' is clicked on

2018-08-14 15:11:28 - [TEST_STEP][PASSED] - click: Object: 'Object Repository/Pages/Restaurant Page/Apply Filters/option_breakfast' is clicked on

2018-08-14 15:11:28 - [MESSAGE][PASSED] - Object: 'Object Repository/Pages/Restaurant Page/Apply Filters/option_breakfast' is clicked on

2018-08-14 15:11:28 - [TEST_STEP][PASSED] - click: Object: 'Object Repository/Pages/Restaurant Page/Apply Filters/btn_add_meal_type_time' is clicked on

2018-08-14 15:11:28 - [MESSAGE][PASSED] - Object: 'Object Repository/Pages/Restaurant Page/Apply Filters/btn_add_meal_type_time' is clicked on

2018-08-14 15:11:28 - [TEST_STEP][PASSED] - verifyElementVisible: Object 'Object Repository/Pages/Restaurant Page/Apply Filters/msg_error_meal_type_time' is visible

2018-08-14 15:11:28 - [MESSAGE][PASSED] - Object 'Object Repository/Pages/Restaurant Page/Apply Filters/msg_error_meal_type_time' is visible

2018-08-14 15:11:28 - [TEST_STEP][PASSED] - click: Object: 'Object Repository/Pages/Restaurant Page/Apply Filters/meal_type_start_time' is clicked on

2018-08-14 15:11:29 - [MESSAGE][PASSED] - Object: 'Object Repository/Pages/Restaurant Page/Apply Filters/meal_type_start_time' is clicked on

2018-08-14 15:11:29 - [TEST_STEP][PASSED] - click: Object: 'Object Repository/Pages/Restaurant Page/Apply Filters/pick_hours' is clicked on

2018-08-14 15:11:29 - [MESSAGE][PASSED] - Object: 'Object Repository/Pages/Restaurant Page/Apply Filters/pick_hours' is clicked on

2018-08-14 15:11:29 - [TEST_STEP][PASSED] - click: Object: 'Object Repository/Pages/Restaurant Page/Apply Filters/hour_09' is clicked on

2018-08-14 15:11:29 - [MESSAGE][PASSED] - Object: 'Object Repository/Pages/Restaurant Page/Apply Filters/hour_09' is clicked on

2018-08-14 15:11:29 - [TEST_STEP][PASSED] - click: Object: 'Object Repository/Pages/Restaurant Page/Apply Filters/pick_minutes' is clicked on

2018-08-14 15:11:29 - [MESSAGE][PASSED] - Object: 'Object Repository/Pages/Restaurant Page/Apply Filters/pick_minutes' is clicked on

2018-08-14 15:11:29 - [TEST_STEP][PASSED] - click: Object: 'Object Repository/Pages/Restaurant Page/Apply Filters/minute_00' is clicked on

2018-08-14 15:11:29 - [MESSAGE][PASSED] - Object: 'Object Repository/Pages/Restaurant Page/Apply Filters/minute_00' is clicked on

2018-08-14 15:11:29 - [TEST_STEP][PASSED] - click: Object: 'Object Repository/Pages/Restaurant Page/Apply Filters/btn_AM_PM' is clicked on

2018-08-14 15:11:29 - [MESSAGE][PASSED] - Object: 'Object Repository/Pages/Restaurant Page/Apply Filters/btn_AM_PM' is clicked on

2018-08-14 15:11:29 - [TEST_STEP][PASSED] - click: Object: 'Object Repository/Pages/Restaurant Page/Apply Filters/meal_type_end_time' is clicked on

2018-08-14 15:11:29 - [MESSAGE][PASSED] - Object: 'Object Repository/Pages/Restaurant Page/Apply Filters/meal_type_end_time' is clicked on

2018-08-14 15:11:29 - [TEST_STEP][PASSED] - click: Object: 'Object Repository/Pages/Restaurant Page/Apply Filters/pick_hours' is clicked on

2018-08-14 15:11:29 - [MESSAGE][PASSED] - Object: 'Object Repository/Pages/Restaurant Page/Apply Filters/pick_hours' is clicked on

2018-08-14 15:11:29 - [TEST_STEP][PASSED] - click: Object: 'Object Repository/Pages/Restaurant Page/Apply Filters/hour_11' is clicked on

2018-08-14 15:11:30 - [MESSAGE][PASSED] - Object: 'Object Repository/Pages/Restaurant Page/Apply Filters/hour_11' is clicked on

2018-08-14 15:11:30 - [TEST_STEP][PASSED] - click: Object: 'Object Repository/Pages/Restaurant Page/Apply Filters/pick_minutes' is clicked on

2018-08-14 15:11:30 - [MESSAGE][PASSED] - Object: 'Object Repository/Pages/Restaurant Page/Apply Filters/pick_minutes' is clicked on

2018-08-14 15:11:30 - [TEST_STEP][PASSED] - click: Object: 'Object Repository/Pages/Restaurant Page/Apply Filters/minute_00' is clicked on

2018-08-14 15:11:30 - [MESSAGE][PASSED] - Object: 'Object Repository/Pages/Restaurant Page/Apply Filters/minute_00' is clicked on

2018-08-14 15:11:30 - [TEST_STEP][PASSED] - click: Object: 'Object Repository/Pages/Restaurant Page/Apply Filters/btn_AM_PM' is clicked on

2018-08-14 15:11:30 - [MESSAGE][PASSED] - Object: 'Object Repository/Pages/Restaurant Page/Apply Filters/btn_AM_PM' is clicked on

2018-08-14 15:11:30 - [TEST_STEP][PASSED] - click: Object: 'Object Repository/Pages/Restaurant Page/Apply Filters/btn_add_meal_type_time' is clicked on

2018-08-14 15:11:30 - [MESSAGE][PASSED] - Object: 'Object Repository/Pages/Restaurant Page/Apply Filters/btn_add_meal_type_time' is clicked on

2018-08-14 15:11:30 - [TEST_STEP][PASSED] - click: Object: 'Object Repository/Pages/Restaurant Page/Apply Filters/input_meal_type_2' is clicked on

2018-08-14 15:11:30 - [MESSAGE][PASSED] - Object: 'Object Repository/Pages/Restaurant Page/Apply Filters/input_meal_type_2' is clicked on

2018-08-14 15:11:30 - [TEST_STEP][PASSED] - click: Object: 'Object Repository/Pages/Restaurant Page/Apply Filters/option_lunch' is clicked on

2018-08-14 15:11:30 - [MESSAGE][PASSED] - Object: 'Object Repository/Pages/Restaurant Page/Apply Filters/option_lunch' is clicked on

2018-08-14 15:11:30 - [TEST_STEP][PASSED] - click: Object: 'Object Repository/Pages/Restaurant Page/Apply Filters/meal_type_start_time_2' is clicked on

2018-08-14 15:11:30 - [MESSAGE][PASSED] - Object: 'Object Repository/Pages/Restaurant Page/Apply Filters/meal_type_start_time_2' is clicked on

2018-08-14 15:11:30 - [TEST_STEP][PASSED] - click: Object: 'Object Repository/Pages/Restaurant Page/Apply Filters/pick_hours' is clicked on

2018-08-14 15:11:31 - [MESSAGE][PASSED] - Object: 'Object Repository/Pages/Restaurant Page/Apply Filters/pick_hours' is clicked on

2018-08-14 15:11:31 - [TEST_STEP][PASSED] - click: Object: 'Object Repository/Pages/Restaurant Page/Apply Filters/hour_09' is clicked on

2018-08-14 15:11:31 - [MESSAGE][PASSED] - Object: 'Object Repository/Pages/Restaurant Page/Apply Filters/hour_09' is clicked on

2018-08-14 15:11:31 - [TEST_STEP][PASSED] - click: Object: 'Object Repository/Pages/Restaurant Page/Apply Filters/pick_minutes' is clicked on

2018-08-14 15:11:31 - [MESSAGE][PASSED] - Object: 'Object Repository/Pages/Restaurant Page/Apply Filters/pick_minutes' is clicked on

2018-08-14 15:11:31 - [TEST_STEP][PASSED] - click: Object: 'Object Repository/Pages/Restaurant Page/Apply Filters/minute_00' is clicked on

2018-08-14 15:11:31 - [MESSAGE][PASSED] - Object: 'Object Repository/Pages/Restaurant Page/Apply Filters/minute_00' is clicked on

2018-08-14 15:11:31 - [TEST_STEP][PASSED] - click: Object: 'Object Repository/Pages/Restaurant Page/Apply Filters/btn_AM_PM' is clicked on

2018-08-14 15:11:31 - [MESSAGE][PASSED] - Object: 'Object Repository/Pages/Restaurant Page/Apply Filters/btn_AM_PM' is clicked on

2018-08-14 15:11:31 - [TEST_STEP][PASSED] - click: Object: 'Object Repository/Pages/Restaurant Page/Apply Filters/meal_type_end_time_2' is clicked on

2018-08-14 15:11:31 - [MESSAGE][PASSED] - Object: 'Object Repository/Pages/Restaurant Page/Apply Filters/meal_type_end_time_2' is clicked on

2018-08-14 15:11:31 - [TEST_STEP][PASSED] - click: Object: 'Object Repository/Pages/Restaurant Page/Apply Filters/pick_hours' is clicked on

2018-08-14 15:11:31 - [MESSAGE][PASSED] - Object: 'Object Repository/Pages/Restaurant Page/Apply Filters/pick_hours' is clicked on

2018-08-14 15:11:31 - [TEST_STEP][PASSED] - click: Object: 'Object Repository/Pages/Restaurant Page/Apply Filters/hour_11' is clicked on

2018-08-14 15:11:32 - [MESSAGE][PASSED] - Object: 'Object Repository/Pages/Restaurant Page/Apply Filters/hour_11' is clicked on

2018-08-14 15:11:32 - [TEST_STEP][PASSED] - click: Object: 'Object Repository/Pages/Restaurant Page/Apply Filters/pick_minutes' is clicked on

2018-08-14 15:11:32 - [MESSAGE][PASSED] - Object: 'Object Repository/Pages/Restaurant Page/Apply Filters/pick_minutes' is clicked on

2018-08-14 15:11:32 - [TEST_STEP][PASSED] - click: Object: 'Object Repository/Pages/Restaurant Page/Apply Filters/minute_00' is clicked on

2018-08-14 15:11:32 - [MESSAGE][PASSED] - Object: 'Object Repository/Pages/Restaurant Page/Apply Filters/minute_00' is clicked on

2018-08-14 15:11:32 - [TEST_STEP][PASSED] - click: Object: 'Object Repository/Pages/Restaurant Page/Apply Filters/btn_AM_PM' is clicked on

2018-08-14 15:11:32 - [MESSAGE][PASSED] - Object: 'Object Repository/Pages/Restaurant Page/Apply Filters/btn_AM_PM' is clicked on

2018-08-14 15:11:32 - [TEST_STEP][PASSED] - click: Object: 'Object Repository/Pages/Restaurant Page/Apply Filters/btn_add_meal_type_time' is clicked on

2018-08-14 15:11:32 - [MESSAGE][PASSED] - Object: 'Object Repository/Pages/Restaurant Page/Apply Filters/btn_add_meal_type_time' is clicked on

2018-08-14 15:11:32 - [TEST_STEP][PASSED] - click: Object: 'Object Repository/Pages/Restaurant Page/Apply Filters/input_meal_type_3' is clicked on

2018-08-14 15:11:33 - [MESSAGE][PASSED] - Object: 'Object Repository/Pages/Restaurant Page/Apply Filters/input_meal_type_3' is clicked on

2018-08-14 15:11:33 - [TEST_STEP][PASSED] - click: Object: 'Object Repository/Pages/Restaurant Page/Apply Filters/option_dinner' is clicked on

2018-08-14 15:11:33 - [MESSAGE][PASSED] - Object: 'Object Repository/Pages/Restaurant Page/Apply Filters/option_dinner' is clicked on

2018-08-14 15:11:33 - [TEST_STEP][PASSED] - click: Object: 'Object Repository/Pages/Restaurant Page/Apply Filters/meal_type_start_time_3' is clicked on

2018-08-14 15:11:33 - [MESSAGE][PASSED] - Object: 'Object Repository/Pages/Restaurant Page/Apply Filters/meal_type_start_time_3' is clicked on

2018-08-14 15:11:33 - [TEST_STEP][PASSED] - click: Object: 'Object Repository/Pages/Restaurant Page/Apply Filters/pick_hours' is clicked on

2018-08-14 15:11:33 - [MESSAGE][PASSED] - Object: 'Object Repository/Pages/Restaurant Page/Apply Filters/pick_hours' is clicked on

2018-08-14 15:11:33 - [TEST_STEP][PASSED] - click: Object: 'Object Repository/Pages/Restaurant Page/Apply Filters/hour_09' is clicked on

2018-08-14 15:11:33 - [MESSAGE][PASSED] - Object: 'Object Repository/Pages/Restaurant Page/Apply Filters/hour_09' is clicked on

2018-08-14 15:11:33 - [TEST_STEP][PASSED] - click: Object: 'Object Repository/Pages/Restaurant Page/Apply Filters/pick_minutes' is clicked on

2018-08-14 15:11:33 - [MESSAGE][PASSED] - Object: 'Object Repository/Pages/Restaurant Page/Apply Filters/pick_minutes' is clicked on

2018-08-14 15:11:33 - [TEST_STEP][PASSED] - click: Object: 'Object Repository/Pages/Restaurant Page/Apply Filters/minute_00' is clicked on

2018-08-14 15:11:34 - [MESSAGE][PASSED] - Object: 'Object Repository/Pages/Restaurant Page/Apply Filters/minute_00' is clicked on

2018-08-14 15:11:34 - [TEST_STEP][PASSED] - click: Object: 'Object Repository/Pages/Restaurant Page/Apply Filters/meal_type_end_time_3' is clicked on

2018-08-14 15:11:34 - [MESSAGE][PASSED] - Object: 'Object Repository/Pages/Restaurant Page/Apply Filters/meal_type_end_time_3' is clicked on

2018-08-14 15:11:34 - [TEST_STEP][PASSED] - click: Object: 'Object Repository/Pages/Restaurant Page/Apply Filters/pick_hours' is clicked on

2018-08-14 15:11:34 - [MESSAGE][PASSED] - Object: 'Object Repository/Pages/Restaurant Page/Apply Filters/pick_hours' is clicked on

2018-08-14 15:11:34 - [TEST_STEP][PASSED] - click: Object: 'Object Repository/Pages/Restaurant Page/Apply Filters/hour_11' is clicked on

2018-08-14 15:11:34 - [MESSAGE][PASSED] - Object: 'Object Repository/Pages/Restaurant Page/Apply Filters/hour_11' is clicked on

2018-08-14 15:11:34 - [TEST_STEP][PASSED] - click: Object: 'Object Repository/Pages/Restaurant Page/Apply Filters/pick_minutes' is clicked on

2018-08-14 15:11:34 - [MESSAGE][PASSED] - Object: 'Object Repository/Pages/Restaurant Page/Apply Filters/pick_minutes' is clicked on

2018-08-14 15:11:34 - [TEST_STEP][PASSED] - click: Object: 'Object Repository/Pages/Restaurant Page/Apply Filters/minute_00' is clicked on

2018-08-14 15:11:34 - [MESSAGE][PASSED] - Object: 'Object Repository/Pages/Restaurant Page/Apply Filters/minute_00' is clicked on

2018-08-14 15:11:34 - [TEST_STEP][PASSED] - click: Object: 'Object Repository/Pages/Restaurant Page/Apply Filters/btn_save' is clicked on

2018-08-14 15:11:34 - [MESSAGE][PASSED] - Object: 'Object Repository/Pages/Restaurant Page/Apply Filters/btn_save' is clicked on

2018-08-14 15:11:34 - [TEST_STEP][PASSED] - waitForElementVisible: Object 'Object Repository/Pages/Restaurant Page/msg_add_restaurant_success' is visible

2018-08-14 15:11:35 - [MESSAGE][PASSED] - Object 'Object Repository/Pages/Restaurant Page/msg_add_restaurant_success' is visible

2018-08-14 15:11:35 - [TEST_STEP][PASSED] - click: Object: 'Object Repository/Pages/Dashboard/a_Restaurants' is clicked on

2018-08-14 15:11:36 - [MESSAGE][PASSED] - Object: 'Object Repository/Pages/Dashboard/a_Restaurants' is clicked on

2018-08-14 15:11:36 - [TEST_STEP][PASSED] - waitForElementVisible: Object 'Object Repository/Pages/Restaurant Page/res_cell_first' is visible

2018-08-14 15:11:37 - [MESSAGE][PASSED] - Object 'Object Repository/Pages/Restaurant Page/res_cell_first' is visible

2018-08-14 15:11:37 - [TEST_STEP][PASSED] - click: Object: 'Object Repository/Pages/Restaurant Page/menu_3_dot_rest3' is clicked on

2018-08-14 15:11:37 - [MESSAGE][PASSED] - Object: 'Object Repository/Pages/Restaurant Page/menu_3_dot_rest3' is clicked on

2018-08-14 15:11:37 - [TEST_STEP][PASSED] - click: Object: 'Object Repository/Pages/Restaurant Page/Delete Restaurant/btn_delete_res3_3_dot_menu' is clicked on

2018-08-14 15:11:37 - [MESSAGE][PASSED] - Object: 'Object Repository/Pages/Restaurant Page/Delete Restaurant/btn_delete_res3_3_dot_menu' is clicked on

2018-08-14 15:11:37 - [TEST_STEP][PASSED] - waitForElementVisible: Object 'Object Repository/Pages/Restaurant Page/Delete Restaurant/delete_res_confirmation_dialog' is visible

2018-08-14 15:11:38 - [MESSAGE][PASSED] - Object 'Object Repository/Pages/Restaurant Page/Delete Restaurant/delete_res_confirmation_dialog' is visible

2018-08-14 15:11:38 - [TEST_STEP][PASSED] - click: Object: 'Object Repository/Pages/Restaurant Page/Delete Restaurant/Btn_yes_delete_res' is clicked on

2018-08-14 15:11:38 - [MESSAGE][PASSED] - Object: 'Object Repository/Pages/Restaurant Page/Delete Restaurant/Btn_yes_delete_res' is clicked on

2018-08-14 15:11:38 - [TEST_STEP][PASSED] - waitForElementVisible: Web element with id: 'Object Repository/Pages/Restaurant Page/Delete Restaurant/msg_delete_restaurant_success' located by 'By.xpath: //div[(text() = 'Restaurant deleted successfully' or . = 'Restaurant deleted successfully')]' not found

2018-08-14 15:11:53 - [MESSAGE][WARNING] - Web element with id: 'Object Repository/Pages/Restaurant Page/Delete Restaurant/msg_delete_restaurant_success' located by 'By.xpath: //div[(text() = 'Restaurant deleted successfully' or . = 'Restaurant deleted successfully')]' not found

2018-08-14 15:11:53 - [TEST_STEP][PASSED] - closeBrowser: Browser is closed

2018-08-14 15:11:53 - [MESSAGE][PASSED] - Browser is closed]]></system-out>
         <system-err><![CDATA[]]></system-err>
      </testcase>
      <testcase name="Test Cases/Tests/Restaurant Tests/TC_Restaurant_019" classname="Test Cases/Tests/Restaurant Tests/TC_Restaurant_019" status="PASSED">
         <system-out><![CDATA[2018-08-14 15:11:53 - [TEST_CASE][PASSED] - Test Cases/Tests/Restaurant Tests/TC_Restaurant_019: Test Cases/Tests/Restaurant Tests/TC_Restaurant_019

2018-08-14 15:11:53 - [TEST_STEP][PASSED] - callTestCase: Call Test Case 'Test Cases/Tests/Log In Tests/TC001_Log in_valid_user' successfully

2018-08-14 15:11:53 - [TEST_CASE][PASSED] - Test Cases/Tests/Log In Tests/TC001_Log in_valid_user: Test Cases/Tests/Log In Tests/TC001_Log in_valid_user

2018-08-14 15:11:53 - [TEST_STEP][PASSED] - openBrowser: Browser is opened with url: 'https://his-uat.digivalet.com/cms/dashboard/user/login'

2018-08-14 15:11:56 - [MESSAGE][PASSED] - Browser is opened with url: 'https://his-uat.digivalet.com/cms/dashboard/user/login'

2018-08-14 15:11:56 - [TEST_STEP][PASSED] - maximizeWindow: Current window maximized

2018-08-14 15:11:56 - [MESSAGE][PASSED] - Current window maximized

2018-08-14 15:11:56 - [TEST_STEP][PASSED] - waitForPageLoad: Wait for page load successfully

2018-08-14 15:11:56 - [MESSAGE][PASSED] - Wait for page load successfully

2018-08-14 15:11:56 - [TEST_STEP][PASSED] - setText: Text 'superadmin' is set on object 'Object Repository/Pages/Log In Page/input_username'

2018-08-14 15:11:56 - [MESSAGE][PASSED] - Text 'superadmin' is set on object 'Object Repository/Pages/Log In Page/input_username'

2018-08-14 15:11:56 - [TEST_STEP][PASSED] - setText: Text 'd7QUVg' is set on object 'Object Repository/Pages/Log In Page/input_password'

2018-08-14 15:11:56 - [MESSAGE][PASSED] - Text 'd7QUVg' is set on object 'Object Repository/Pages/Log In Page/input_password'

2018-08-14 15:11:56 - [TEST_STEP][PASSED] - click: Object: 'Object Repository/Pages/Log In Page/button_Login' is clicked on

2018-08-14 15:11:57 - [MESSAGE][PASSED] - Object: 'Object Repository/Pages/Log In Page/button_Login' is clicked on

2018-08-14 15:11:57 - [TEST_STEP][PASSED] - waitForPageLoad: Wait for page load successfully

2018-08-14 15:11:57 - [MESSAGE][PASSED] - Wait for page load successfully

2018-08-14 15:11:57 - [TEST_STEP][PASSED] - waitForElementNotPresent: Web element with id: 'Object Repository/Pages/Log In Page/button_Login' located by 'By.xpath: //*[@id='userlogin']//button' is not present after '20' second(s)

2018-08-14 15:12:01 - [MESSAGE][PASSED] - Web element with id: 'Object Repository/Pages/Log In Page/button_Login' located by 'By.xpath: //*[@id='userlogin']//button' is not present after '20' second(s)

2018-08-14 15:12:01 - [TEST_STEP][PASSED] - waitForElementVisible: Object 'Object Repository/Pages/TV Channels Page/heading_TV Channel' is visible

2018-08-14 15:12:02 - [MESSAGE][PASSED] - Object 'Object Repository/Pages/TV Channels Page/heading_TV Channel' is visible

2018-08-14 15:12:02 - [TEST_STEP][PASSED] - Statement - DashboardURL = com.kms.katalon.core.webui.keyword.WebUiBuiltInKeywords.getUrl(): Current window's url is: 'https://his-uat.digivalet.com/cms/tvchannel/manageTvchannel'

2018-08-14 15:12:02 - [MESSAGE][PASSED] - Current window's url is: 'https://his-uat.digivalet.com/cms/tvchannel/manageTvchannel'

2018-08-14 15:12:02 - [TEST_STEP][PASSED] - verifyMatch: Actual text 'https://his-uat.digivalet.com/cms/tvchannel/manageTvchannel' and expected text 'https://his-uat.digivalet.com/cms/tvchannel/manageTvchannel' are matched  using regular expression

2018-08-14 15:12:02 - [MESSAGE][PASSED] - Actual text 'https://his-uat.digivalet.com/cms/tvchannel/manageTvchannel' and expected text 'https://his-uat.digivalet.com/cms/tvchannel/manageTvchannel' are matched  using regular expression

2018-08-14 15:12:02 - [MESSAGE][PASSED] - Call Test Case 'Test Cases/Tests/Log In Tests/TC001_Log in_valid_user' successfully

2018-08-14 15:12:02 - [TEST_STEP][PASSED] - click: Object: 'Object Repository/Pages/Dashboard/a_Restaurants' is clicked on

2018-08-14 15:12:04 - [MESSAGE][PASSED] - Object: 'Object Repository/Pages/Dashboard/a_Restaurants' is clicked on

2018-08-14 15:12:04 - [TEST_STEP][PASSED] - waitForElementVisible: Object 'Object Repository/Pages/Restaurant Page/res_cell_first' is visible

2018-08-14 15:12:19 - [MESSAGE][PASSED] - Object 'Object Repository/Pages/Restaurant Page/res_cell_first' is visible

2018-08-14 15:12:19 - [TEST_STEP][PASSED] - Statement - res_name9 = com.kms.katalon.core.webui.keyword.WebUiBuiltInKeywords.getAttribute(com.kms.katalon.core.testobject.ObjectRepository.findTestObject(Pages/Restaurant Page/res_cell_9), "data-catname"): Attribute 'data-catname' of object 'Object Repository/Pages/Restaurant Page/res_cell_9' is: 'dummy restaurant'

2018-08-14 15:12:19 - [MESSAGE][PASSED] - Attribute 'data-catname' of object 'Object Repository/Pages/Restaurant Page/res_cell_9' is: 'dummy restaurant'

2018-08-14 15:12:19 - [TEST_STEP][PASSED] - Statement - res_name4 = com.kms.katalon.core.webui.keyword.WebUiBuiltInKeywords.getAttribute(com.kms.katalon.core.testobject.ObjectRepository.findTestObject(Pages/Restaurant Page/res_cell_4), "data-catname"): Attribute 'data-catname' of object 'Object Repository/Pages/Restaurant Page/res_cell_4' is: 'dummy restaurant'

2018-08-14 15:12:19 - [MESSAGE][PASSED] - Attribute 'data-catname' of object 'Object Repository/Pages/Restaurant Page/res_cell_4' is: 'dummy restaurant'

2018-08-14 15:12:19 - [TEST_STEP][PASSED] - dragAndDropToObject: Dragged object with id 'Object Repository/Pages/Restaurant Page/res_cell_9' to object with id 'TestObject - 'Object Repository/Pages/Restaurant Page/res_cell_1'' successfully

2018-08-14 15:12:19 - [MESSAGE][PASSED] - Dragged object with id 'Object Repository/Pages/Restaurant Page/res_cell_9' to object with id 'TestObject - 'Object Repository/Pages/Restaurant Page/res_cell_1'' successfully

2018-08-14 15:12:19 - [TEST_STEP][PASSED] - waitForElementVisible: Object 'Object Repository/Pages/Restaurant Page/msg_res_rearranged_success' is visible

2018-08-14 15:12:37 - [MESSAGE][PASSED] - Object 'Object Repository/Pages/Restaurant Page/msg_res_rearranged_success' is visible

2018-08-14 15:12:37 - [TEST_STEP][PASSED] - dragAndDropToObject: Dragged object with id 'Object Repository/Pages/Restaurant Page/res_cell_4' to object with id 'TestObject - 'Object Repository/Pages/Restaurant Page/res_cell_2'' successfully

2018-08-14 15:12:37 - [MESSAGE][PASSED] - Dragged object with id 'Object Repository/Pages/Restaurant Page/res_cell_4' to object with id 'TestObject - 'Object Repository/Pages/Restaurant Page/res_cell_2'' successfully

2018-08-14 15:12:37 - [TEST_STEP][PASSED] - waitForElementVisible: Object 'Object Repository/Pages/Restaurant Page/msg_res_rearranged_success' is visible

2018-08-14 15:12:37 - [MESSAGE][PASSED] - Object 'Object Repository/Pages/Restaurant Page/msg_res_rearranged_success' is visible

2018-08-14 15:12:37 - [TEST_STEP][PASSED] - click: Object: 'Object Repository/Pages/Dashboard/a_Restaurants' is clicked on

2018-08-14 15:12:38 - [MESSAGE][PASSED] - Object: 'Object Repository/Pages/Dashboard/a_Restaurants' is clicked on

2018-08-14 15:12:38 - [TEST_STEP][PASSED] - waitForElementVisible: Object 'Object Repository/Pages/Restaurant Page/res_cell_first' is visible

2018-08-14 15:12:39 - [MESSAGE][PASSED] - Object 'Object Repository/Pages/Restaurant Page/res_cell_first' is visible

2018-08-14 15:12:39 - [TEST_STEP][PASSED] - Statement - res_name1 = com.kms.katalon.core.webui.keyword.WebUiBuiltInKeywords.getAttribute(com.kms.katalon.core.testobject.ObjectRepository.findTestObject(Pages/Restaurant Page/res_cell_1), "data-catname"): Attribute 'data-catname' of object 'Object Repository/Pages/Restaurant Page/res_cell_1' is: 'dummy restaurant'

2018-08-14 15:12:39 - [MESSAGE][PASSED] - Attribute 'data-catname' of object 'Object Repository/Pages/Restaurant Page/res_cell_1' is: 'dummy restaurant'

2018-08-14 15:12:39 - [TEST_STEP][PASSED] - Statement - res_name2 = com.kms.katalon.core.webui.keyword.WebUiBuiltInKeywords.getAttribute(com.kms.katalon.core.testobject.ObjectRepository.findTestObject(Pages/Restaurant Page/res_cell_2), "data-catname"): Attribute 'data-catname' of object 'Object Repository/Pages/Restaurant Page/res_cell_2' is: 'calypso'

2018-08-14 15:12:39 - [MESSAGE][PASSED] - Attribute 'data-catname' of object 'Object Repository/Pages/Restaurant Page/res_cell_2' is: 'calypso'

2018-08-14 15:12:39 - [TEST_STEP][PASSED] - verifyEqual: Actual object 'dummy restaurant' and expected object 'dummy restaurant' are equal

2018-08-14 15:12:39 - [MESSAGE][PASSED] - Actual object 'dummy restaurant' and expected object 'dummy restaurant' are equal

2018-08-14 15:12:39 - [TEST_STEP][PASSED] - verifyEqual: Actual object 'dummy restaurant' and expected object 'dummy restaurant' are equal

2018-08-14 15:12:39 - [MESSAGE][PASSED] - Actual object 'dummy restaurant' and expected object 'dummy restaurant' are equal]]></system-out>
         <system-err><![CDATA[]]></system-err>
      </testcase>
      <testcase name="Test Cases/Tests/Restaurant Tests/TC_Restaurant_020" classname="Test Cases/Tests/Restaurant Tests/TC_Restaurant_020" status="PASSED">
         <system-out><![CDATA[2018-08-14 15:12:39 - [TEST_CASE][PASSED] - Test Cases/Tests/Restaurant Tests/TC_Restaurant_020: Test Cases/Tests/Restaurant Tests/TC_Restaurant_020

2018-08-14 15:12:39 - [TEST_STEP][PASSED] - callTestCase: Call Test Case 'Test Cases/Tests/Log In Tests/TC001_Log in_valid_user' successfully

2018-08-14 15:12:40 - [TEST_CASE][PASSED] - Test Cases/Tests/Log In Tests/TC001_Log in_valid_user: Test Cases/Tests/Log In Tests/TC001_Log in_valid_user

2018-08-14 15:12:40 - [TEST_STEP][PASSED] - openBrowser: Browser is opened with url: 'https://his-uat.digivalet.com/cms/dashboard/user/login'

2018-08-14 15:12:40 - [MESSAGE][WARNING] - A browser is already opened. Closing browser and opening a new one

2018-08-14 15:12:43 - [MESSAGE][PASSED] - Browser is opened with url: 'https://his-uat.digivalet.com/cms/dashboard/user/login'

2018-08-14 15:12:43 - [TEST_STEP][PASSED] - maximizeWindow: Current window maximized

2018-08-14 15:12:43 - [MESSAGE][PASSED] - Current window maximized

2018-08-14 15:12:43 - [TEST_STEP][PASSED] - waitForPageLoad: Wait for page load successfully

2018-08-14 15:12:43 - [MESSAGE][PASSED] - Wait for page load successfully

2018-08-14 15:12:43 - [TEST_STEP][PASSED] - setText: Text 'superadmin' is set on object 'Object Repository/Pages/Log In Page/input_username'

2018-08-14 15:12:43 - [MESSAGE][PASSED] - Text 'superadmin' is set on object 'Object Repository/Pages/Log In Page/input_username'

2018-08-14 15:12:43 - [TEST_STEP][PASSED] - setText: Text 'd7QUVg' is set on object 'Object Repository/Pages/Log In Page/input_password'

2018-08-14 15:12:44 - [MESSAGE][PASSED] - Text 'd7QUVg' is set on object 'Object Repository/Pages/Log In Page/input_password'

2018-08-14 15:12:44 - [TEST_STEP][PASSED] - click: Object: 'Object Repository/Pages/Log In Page/button_Login' is clicked on

2018-08-14 15:12:44 - [MESSAGE][PASSED] - Object: 'Object Repository/Pages/Log In Page/button_Login' is clicked on

2018-08-14 15:12:44 - [TEST_STEP][PASSED] - waitForPageLoad: Wait for page load successfully

2018-08-14 15:12:44 - [MESSAGE][PASSED] - Wait for page load successfully

2018-08-14 15:12:44 - [TEST_STEP][PASSED] - waitForElementNotPresent: Web element with id: 'Object Repository/Pages/Log In Page/button_Login' located by 'By.xpath: //*[@id='userlogin']//button' is not present after '20' second(s)

2018-08-14 15:12:49 - [MESSAGE][PASSED] - Web element with id: 'Object Repository/Pages/Log In Page/button_Login' located by 'By.xpath: //*[@id='userlogin']//button' is not present after '20' second(s)

2018-08-14 15:12:49 - [TEST_STEP][PASSED] - waitForElementVisible: Object 'Object Repository/Pages/TV Channels Page/heading_TV Channel' is visible

2018-08-14 15:12:49 - [MESSAGE][PASSED] - Object 'Object Repository/Pages/TV Channels Page/heading_TV Channel' is visible

2018-08-14 15:12:49 - [TEST_STEP][PASSED] - Statement - DashboardURL = com.kms.katalon.core.webui.keyword.WebUiBuiltInKeywords.getUrl(): Current window's url is: 'https://his-uat.digivalet.com/cms/tvchannel/manageTvchannel'

2018-08-14 15:12:49 - [MESSAGE][PASSED] - Current window's url is: 'https://his-uat.digivalet.com/cms/tvchannel/manageTvchannel'

2018-08-14 15:12:49 - [TEST_STEP][PASSED] - verifyMatch: Actual text 'https://his-uat.digivalet.com/cms/tvchannel/manageTvchannel' and expected text 'https://his-uat.digivalet.com/cms/tvchannel/manageTvchannel' are matched  using regular expression

2018-08-14 15:12:49 - [MESSAGE][PASSED] - Actual text 'https://his-uat.digivalet.com/cms/tvchannel/manageTvchannel' and expected text 'https://his-uat.digivalet.com/cms/tvchannel/manageTvchannel' are matched  using regular expression

2018-08-14 15:12:49 - [MESSAGE][PASSED] - Call Test Case 'Test Cases/Tests/Log In Tests/TC001_Log in_valid_user' successfully

2018-08-14 15:12:49 - [TEST_STEP][PASSED] - click: Object: 'Object Repository/Pages/Dashboard/a_Restaurants' is clicked on

2018-08-14 15:12:54 - [MESSAGE][PASSED] - Object: 'Object Repository/Pages/Dashboard/a_Restaurants' is clicked on

2018-08-14 15:12:54 - [TEST_STEP][PASSED] - waitForElementVisible: Web element with id: 'Object Repository/Pages/Restaurant Page/res_cell_first' located by 'By.xpath: //div[@id='sortable-category']/div[1]' not found

2018-08-14 15:13:15 - [MESSAGE][WARNING] - Web element with id: 'Object Repository/Pages/Restaurant Page/res_cell_first' located by 'By.xpath: //div[@id='sortable-category']/div[1]' not found

2018-08-14 15:13:15 - [TEST_STEP][PASSED] - click: Object: 'Object Repository/Pages/Restaurant Page/btn_plus_restaurant' is clicked on

2018-08-14 15:13:15 - [MESSAGE][PASSED] - Object: 'Object Repository/Pages/Restaurant Page/btn_plus_restaurant' is clicked on

2018-08-14 15:13:15 - [TEST_STEP][PASSED] - delay: Delayed 1 second(s)

2018-08-14 15:13:16 - [MESSAGE][PASSED] - Delayed 1 second(s)

2018-08-14 15:13:16 - [TEST_STEP][PASSED] - click: Object: 'Object Repository/Pages/Restaurant Page/Add Restaurant/btn_next' is clicked on

2018-08-14 15:13:16 - [MESSAGE][PASSED] - Object: 'Object Repository/Pages/Restaurant Page/Add Restaurant/btn_next' is clicked on

2018-08-14 15:13:16 - [TEST_STEP][PASSED] - verifyElementVisible: Object 'Object Repository/Pages/Restaurant Page/Add Restaurant/msg_error_upload_image' is visible

2018-08-14 15:13:17 - [MESSAGE][PASSED] - Object 'Object Repository/Pages/Restaurant Page/Add Restaurant/msg_error_upload_image' is visible

2018-08-14 15:13:17 - [TEST_STEP][PASSED] - closeBrowser: Browser is closed

2018-08-14 15:13:17 - [MESSAGE][PASSED] - Browser is closed]]></system-out>
         <system-err><![CDATA[]]></system-err>
      </testcase>
      <testcase name="Test Cases/Tests/Restaurant Tests/TC_Restaurant_021" classname="Test Cases/Tests/Restaurant Tests/TC_Restaurant_021" status="PASSED">
         <system-out><![CDATA[2018-08-14 15:13:17 - [TEST_CASE][PASSED] - Test Cases/Tests/Restaurant Tests/TC_Restaurant_021: Test Cases/Tests/Restaurant Tests/TC_Restaurant_021

2018-08-14 15:13:17 - [TEST_STEP][PASSED] - callTestCase: Call Test Case 'Test Cases/Tests/Log In Tests/TC001_Log in_valid_user' successfully

2018-08-14 15:13:17 - [TEST_CASE][PASSED] - Test Cases/Tests/Log In Tests/TC001_Log in_valid_user: Test Cases/Tests/Log In Tests/TC001_Log in_valid_user

2018-08-14 15:13:17 - [TEST_STEP][PASSED] - openBrowser: Browser is opened with url: 'https://his-uat.digivalet.com/cms/dashboard/user/login'

2018-08-14 15:13:20 - [MESSAGE][PASSED] - Browser is opened with url: 'https://his-uat.digivalet.com/cms/dashboard/user/login'

2018-08-14 15:13:20 - [TEST_STEP][PASSED] - maximizeWindow: Current window maximized

2018-08-14 15:13:20 - [MESSAGE][PASSED] - Current window maximized

2018-08-14 15:13:20 - [TEST_STEP][PASSED] - waitForPageLoad: Wait for page load successfully

2018-08-14 15:13:20 - [MESSAGE][PASSED] - Wait for page load successfully

2018-08-14 15:13:20 - [TEST_STEP][PASSED] - setText: Text 'superadmin' is set on object 'Object Repository/Pages/Log In Page/input_username'

2018-08-14 15:13:21 - [MESSAGE][PASSED] - Text 'superadmin' is set on object 'Object Repository/Pages/Log In Page/input_username'

2018-08-14 15:13:21 - [TEST_STEP][PASSED] - setText: Text 'd7QUVg' is set on object 'Object Repository/Pages/Log In Page/input_password'

2018-08-14 15:13:21 - [MESSAGE][PASSED] - Text 'd7QUVg' is set on object 'Object Repository/Pages/Log In Page/input_password'

2018-08-14 15:13:21 - [TEST_STEP][PASSED] - click: Object: 'Object Repository/Pages/Log In Page/button_Login' is clicked on

2018-08-14 15:13:21 - [MESSAGE][PASSED] - Object: 'Object Repository/Pages/Log In Page/button_Login' is clicked on

2018-08-14 15:13:21 - [TEST_STEP][PASSED] - waitForPageLoad: Wait for page load successfully

2018-08-14 15:13:21 - [MESSAGE][PASSED] - Wait for page load successfully

2018-08-14 15:13:21 - [TEST_STEP][PASSED] - waitForElementNotPresent: Web element with id: 'Object Repository/Pages/Log In Page/button_Login' located by 'By.xpath: //*[@id='userlogin']//button' is not present after '20' second(s)

2018-08-14 15:13:25 - [MESSAGE][PASSED] - Web element with id: 'Object Repository/Pages/Log In Page/button_Login' located by 'By.xpath: //*[@id='userlogin']//button' is not present after '20' second(s)

2018-08-14 15:13:25 - [TEST_STEP][PASSED] - waitForElementVisible: Object 'Object Repository/Pages/TV Channels Page/heading_TV Channel' is visible

2018-08-14 15:13:25 - [MESSAGE][PASSED] - Object 'Object Repository/Pages/TV Channels Page/heading_TV Channel' is visible

2018-08-14 15:13:25 - [TEST_STEP][PASSED] - Statement - DashboardURL = com.kms.katalon.core.webui.keyword.WebUiBuiltInKeywords.getUrl(): Current window's url is: 'https://his-uat.digivalet.com/cms/tvchannel/manageTvchannel'

2018-08-14 15:13:25 - [MESSAGE][PASSED] - Current window's url is: 'https://his-uat.digivalet.com/cms/tvchannel/manageTvchannel'

2018-08-14 15:13:25 - [TEST_STEP][PASSED] - verifyMatch: Actual text 'https://his-uat.digivalet.com/cms/tvchannel/manageTvchannel' and expected text 'https://his-uat.digivalet.com/cms/tvchannel/manageTvchannel' are matched  using regular expression

2018-08-14 15:13:25 - [MESSAGE][PASSED] - Actual text 'https://his-uat.digivalet.com/cms/tvchannel/manageTvchannel' and expected text 'https://his-uat.digivalet.com/cms/tvchannel/manageTvchannel' are matched  using regular expression

2018-08-14 15:13:25 - [MESSAGE][PASSED] - Call Test Case 'Test Cases/Tests/Log In Tests/TC001_Log in_valid_user' successfully

2018-08-14 15:13:25 - [TEST_STEP][PASSED] - click: Object: 'Object Repository/Pages/Dashboard/a_Restaurants' is clicked on

2018-08-14 15:13:28 - [MESSAGE][PASSED] - Object: 'Object Repository/Pages/Dashboard/a_Restaurants' is clicked on

2018-08-14 15:13:28 - [TEST_STEP][PASSED] - waitForElementVisible: Object 'Object Repository/Pages/Restaurant Page/res_cell_first' is visible

2018-08-14 15:13:29 - [MESSAGE][PASSED] - Object 'Object Repository/Pages/Restaurant Page/res_cell_first' is visible

2018-08-14 15:13:29 - [TEST_STEP][PASSED] - click: Object: 'Object Repository/Pages/Restaurant Page/btn_plus_restaurant' is clicked on

2018-08-14 15:13:29 - [MESSAGE][PASSED] - Object: 'Object Repository/Pages/Restaurant Page/btn_plus_restaurant' is clicked on

2018-08-14 15:13:29 - [TEST_STEP][PASSED] - setText: Text 'A~!@#$%^&*()+-=[]{}|;:,./<>?' is set on object 'Object Repository/Pages/Restaurant Page/Add Restaurant/input_display_name'

2018-08-14 15:13:30 - [MESSAGE][PASSED] - Text 'A~!@#$%^&*()+-=[]{}|;:,./<>?' is set on object 'Object Repository/Pages/Restaurant Page/Add Restaurant/input_display_name'

2018-08-14 15:13:30 - [TEST_STEP][PASSED] - setText: Text 'This is a test restaurant being added by automation script.' is set on object 'Object Repository/Pages/Restaurant Page/Add Restaurant/textarea_description'

2018-08-14 15:13:31 - [MESSAGE][PASSED] - Text 'This is a test restaurant being added by automation script.' is set on object 'Object Repository/Pages/Restaurant Page/Add Restaurant/textarea_description'

2018-08-14 15:13:31 - [TEST_STEP][PASSED] - uploadFile: File '/Users/apple/git/pbsl_digivalet_cms_tests/Images/Restaurant Image.jpg' sent to object: 'Object Repository/Pages/Restaurant Page/Add Restaurant/btn_upload_image'

2018-08-14 15:13:31 - [MESSAGE][PASSED] - File '/Users/apple/git/pbsl_digivalet_cms_tests/Images/Restaurant Image.jpg' sent to object: 'Object Repository/Pages/Restaurant Page/Add Restaurant/btn_upload_image'

2018-08-14 15:13:31 - [TEST_STEP][PASSED] - waitForElementVisible: Object 'Object Repository/Pages/Restaurant Page/Crop Image/btn_zoom_in' is visible

2018-08-14 15:13:31 - [MESSAGE][PASSED] - Object 'Object Repository/Pages/Restaurant Page/Crop Image/btn_zoom_in' is visible

2018-08-14 15:13:31 - [TEST_STEP][PASSED] - click: Object: 'Object Repository/Pages/Restaurant Page/Crop Image/btn_zoom_in' is clicked on

2018-08-14 15:13:31 - [MESSAGE][PASSED] - Object: 'Object Repository/Pages/Restaurant Page/Crop Image/btn_zoom_in' is clicked on

2018-08-14 15:13:31 - [TEST_STEP][PASSED] - click: Object: 'Object Repository/Pages/Restaurant Page/Crop Image/btn_zoom_in' is clicked on

2018-08-14 15:13:31 - [MESSAGE][PASSED] - Object: 'Object Repository/Pages/Restaurant Page/Crop Image/btn_zoom_in' is clicked on

2018-08-14 15:13:31 - [TEST_STEP][PASSED] - click: Object: 'Object Repository/Pages/Restaurant Page/Crop Image/btn_zoom_out' is clicked on

2018-08-14 15:13:31 - [MESSAGE][PASSED] - Object: 'Object Repository/Pages/Restaurant Page/Crop Image/btn_zoom_out' is clicked on

2018-08-14 15:13:31 - [TEST_STEP][PASSED] - click: Object: 'Object Repository/Pages/Restaurant Page/Crop Image/btn_zoom_out' is clicked on

2018-08-14 15:13:31 - [MESSAGE][PASSED] - Object: 'Object Repository/Pages/Restaurant Page/Crop Image/btn_zoom_out' is clicked on

2018-08-14 15:13:31 - [TEST_STEP][PASSED] - delay: Delayed 2 second(s)

2018-08-14 15:13:33 - [MESSAGE][PASSED] - Delayed 2 second(s)

2018-08-14 15:13:33 - [TEST_STEP][PASSED] - click: Object: 'Object Repository/Pages/Restaurant Page/Crop Image/btn_crop_image_done' is clicked on

2018-08-14 15:13:34 - [MESSAGE][PASSED] - Object: 'Object Repository/Pages/Restaurant Page/Crop Image/btn_crop_image_done' is clicked on

2018-08-14 15:13:34 - [TEST_STEP][PASSED] - waitForElementVisible: Object 'Object Repository/Pages/Restaurant Page/Add Restaurant/heading_add_restaurant' is visible

2018-08-14 15:13:34 - [MESSAGE][PASSED] - Object 'Object Repository/Pages/Restaurant Page/Add Restaurant/heading_add_restaurant' is visible

2018-08-14 15:13:34 - [TEST_STEP][PASSED] - click: Object: 'Object Repository/Pages/Restaurant Page/Add Restaurant/radio_reservation_allowed_no' is clicked on

2018-08-14 15:13:34 - [MESSAGE][PASSED] - Object: 'Object Repository/Pages/Restaurant Page/Add Restaurant/radio_reservation_allowed_no' is clicked on

2018-08-14 15:13:34 - [TEST_STEP][PASSED] - click: Object: 'Object Repository/Pages/Restaurant Page/Add Restaurant/radio_openinghours_settime' is clicked on

2018-08-14 15:13:34 - [MESSAGE][PASSED] - Object: 'Object Repository/Pages/Restaurant Page/Add Restaurant/radio_openinghours_settime' is clicked on

2018-08-14 15:13:34 - [TEST_STEP][PASSED] - verifyElementVisible: Object 'Object Repository/Pages/Restaurant Page/Add Restaurant/Text_from-to_settime' is visible

2018-08-14 15:13:34 - [MESSAGE][PASSED] - Object 'Object Repository/Pages/Restaurant Page/Add Restaurant/Text_from-to_settime' is visible

2018-08-14 15:13:34 - [TEST_STEP][PASSED] - click: Object: 'Object Repository/Pages/Restaurant Page/Add Restaurant/opening_hours_start_time' is clicked on

2018-08-14 15:13:35 - [MESSAGE][PASSED] - Object: 'Object Repository/Pages/Restaurant Page/Add Restaurant/opening_hours_start_time' is clicked on

2018-08-14 15:13:35 - [TEST_STEP][PASSED] - click: Object: 'Object Repository/Pages/Restaurant Page/Apply Filters/pick_hours' is clicked on

2018-08-14 15:13:35 - [MESSAGE][PASSED] - Object: 'Object Repository/Pages/Restaurant Page/Apply Filters/pick_hours' is clicked on

2018-08-14 15:13:35 - [TEST_STEP][PASSED] - click: Object: 'Object Repository/Pages/Restaurant Page/Apply Filters/hour_09' is clicked on

2018-08-14 15:13:35 - [MESSAGE][PASSED] - Object: 'Object Repository/Pages/Restaurant Page/Apply Filters/hour_09' is clicked on

2018-08-14 15:13:35 - [TEST_STEP][PASSED] - click: Object: 'Object Repository/Pages/Restaurant Page/Apply Filters/pick_minutes' is clicked on

2018-08-14 15:13:35 - [MESSAGE][PASSED] - Object: 'Object Repository/Pages/Restaurant Page/Apply Filters/pick_minutes' is clicked on

2018-08-14 15:13:35 - [TEST_STEP][PASSED] - click: Object: 'Object Repository/Pages/Restaurant Page/Apply Filters/minute_00' is clicked on

2018-08-14 15:13:35 - [MESSAGE][PASSED] - Object: 'Object Repository/Pages/Restaurant Page/Apply Filters/minute_00' is clicked on

2018-08-14 15:13:35 - [TEST_STEP][PASSED] - click: Object: 'Object Repository/Pages/Restaurant Page/Apply Filters/btn_AM_PM' is clicked on

2018-08-14 15:13:35 - [MESSAGE][PASSED] - Object: 'Object Repository/Pages/Restaurant Page/Apply Filters/btn_AM_PM' is clicked on

2018-08-14 15:13:35 - [TEST_STEP][PASSED] - click: Object: 'Object Repository/Pages/Restaurant Page/Add Restaurant/opening_hours_end_time' is clicked on

2018-08-14 15:13:35 - [MESSAGE][PASSED] - Object: 'Object Repository/Pages/Restaurant Page/Add Restaurant/opening_hours_end_time' is clicked on

2018-08-14 15:13:35 - [TEST_STEP][PASSED] - click: Object: 'Object Repository/Pages/Restaurant Page/Apply Filters/pick_hours' is clicked on

2018-08-14 15:13:36 - [MESSAGE][PASSED] - Object: 'Object Repository/Pages/Restaurant Page/Apply Filters/pick_hours' is clicked on

2018-08-14 15:13:36 - [TEST_STEP][PASSED] - click: Object: 'Object Repository/Pages/Restaurant Page/Apply Filters/hour_11' is clicked on

2018-08-14 15:13:36 - [MESSAGE][PASSED] - Object: 'Object Repository/Pages/Restaurant Page/Apply Filters/hour_11' is clicked on

2018-08-14 15:13:36 - [TEST_STEP][PASSED] - click: Object: 'Object Repository/Pages/Restaurant Page/Apply Filters/pick_minutes' is clicked on

2018-08-14 15:13:36 - [MESSAGE][PASSED] - Object: 'Object Repository/Pages/Restaurant Page/Apply Filters/pick_minutes' is clicked on

2018-08-14 15:13:36 - [TEST_STEP][PASSED] - click: Object: 'Object Repository/Pages/Restaurant Page/Apply Filters/minute_00' is clicked on

2018-08-14 15:13:36 - [MESSAGE][PASSED] - Object: 'Object Repository/Pages/Restaurant Page/Apply Filters/minute_00' is clicked on

2018-08-14 15:13:36 - [TEST_STEP][PASSED] - click: Object: 'Object Repository/Pages/Restaurant Page/Apply Filters/btn_AM_PM' is clicked on

2018-08-14 15:13:36 - [MESSAGE][PASSED] - Object: 'Object Repository/Pages/Restaurant Page/Apply Filters/btn_AM_PM' is clicked on

2018-08-14 15:13:36 - [TEST_STEP][PASSED] - click: Object: 'Object Repository/Pages/Restaurant Page/Add Restaurant/btn_opening_hour_add_time' is clicked on

2018-08-14 15:13:36 - [MESSAGE][PASSED] - Object: 'Object Repository/Pages/Restaurant Page/Add Restaurant/btn_opening_hour_add_time' is clicked on

2018-08-14 15:13:36 - [TEST_STEP][PASSED] - click: Object: 'Object Repository/Pages/Restaurant Page/Add Restaurant/opening_hours_start_time_2' is clicked on

2018-08-14 15:13:36 - [MESSAGE][PASSED] - Object: 'Object Repository/Pages/Restaurant Page/Add Restaurant/opening_hours_start_time_2' is clicked on

2018-08-14 15:13:36 - [TEST_STEP][PASSED] - click: Object: 'Object Repository/Pages/Restaurant Page/Apply Filters/pick_hours' is clicked on

2018-08-14 15:13:36 - [MESSAGE][PASSED] - Object: 'Object Repository/Pages/Restaurant Page/Apply Filters/pick_hours' is clicked on

2018-08-14 15:13:36 - [TEST_STEP][PASSED] - click: Object: 'Object Repository/Pages/Restaurant Page/Apply Filters/hour_02' is clicked on

2018-08-14 15:13:37 - [MESSAGE][PASSED] - Object: 'Object Repository/Pages/Restaurant Page/Apply Filters/hour_02' is clicked on

2018-08-14 15:13:37 - [TEST_STEP][PASSED] - click: Object: 'Object Repository/Pages/Restaurant Page/Apply Filters/pick_minutes' is clicked on

2018-08-14 15:13:37 - [MESSAGE][PASSED] - Object: 'Object Repository/Pages/Restaurant Page/Apply Filters/pick_minutes' is clicked on

2018-08-14 15:13:37 - [TEST_STEP][PASSED] - click: Object: 'Object Repository/Pages/Restaurant Page/Apply Filters/minute_00' is clicked on

2018-08-14 15:13:37 - [MESSAGE][PASSED] - Object: 'Object Repository/Pages/Restaurant Page/Apply Filters/minute_00' is clicked on

2018-08-14 15:13:37 - [TEST_STEP][PASSED] - click: Object: 'Object Repository/Pages/Restaurant Page/Add Restaurant/opening_hours_end_time_2' is clicked on

2018-08-14 15:13:37 - [MESSAGE][PASSED] - Object: 'Object Repository/Pages/Restaurant Page/Add Restaurant/opening_hours_end_time_2' is clicked on

2018-08-14 15:13:37 - [TEST_STEP][PASSED] - click: Object: 'Object Repository/Pages/Restaurant Page/Apply Filters/pick_hours' is clicked on

2018-08-14 15:13:37 - [MESSAGE][PASSED] - Object: 'Object Repository/Pages/Restaurant Page/Apply Filters/pick_hours' is clicked on

2018-08-14 15:13:37 - [TEST_STEP][PASSED] - click: Object: 'Object Repository/Pages/Restaurant Page/Apply Filters/hour_08' is clicked on

2018-08-14 15:13:37 - [MESSAGE][PASSED] - Object: 'Object Repository/Pages/Restaurant Page/Apply Filters/hour_08' is clicked on

2018-08-14 15:13:37 - [TEST_STEP][PASSED] - click: Object: 'Object Repository/Pages/Restaurant Page/Apply Filters/pick_minutes' is clicked on

2018-08-14 15:13:37 - [MESSAGE][PASSED] - Object: 'Object Repository/Pages/Restaurant Page/Apply Filters/pick_minutes' is clicked on

2018-08-14 15:13:37 - [TEST_STEP][PASSED] - click: Object: 'Object Repository/Pages/Restaurant Page/Apply Filters/minute_00' is clicked on

2018-08-14 15:13:37 - [MESSAGE][PASSED] - Object: 'Object Repository/Pages/Restaurant Page/Apply Filters/minute_00' is clicked on

2018-08-14 15:13:37 - [TEST_STEP][PASSED] - click: Object: 'Object Repository/Pages/Restaurant Page/Add Restaurant/btn_opening_hour_add_time' is clicked on

2018-08-14 15:13:37 - [MESSAGE][PASSED] - Object: 'Object Repository/Pages/Restaurant Page/Add Restaurant/btn_opening_hour_add_time' is clicked on

2018-08-14 15:13:37 - [TEST_STEP][PASSED] - click: Object: 'Object Repository/Pages/Restaurant Page/Add Restaurant/opening_hours_start_time_3' is clicked on

2018-08-14 15:13:38 - [MESSAGE][PASSED] - Object: 'Object Repository/Pages/Restaurant Page/Add Restaurant/opening_hours_start_time_3' is clicked on

2018-08-14 15:13:38 - [TEST_STEP][PASSED] - click: Object: 'Object Repository/Pages/Restaurant Page/Apply Filters/pick_hours' is clicked on

2018-08-14 15:13:38 - [MESSAGE][PASSED] - Object: 'Object Repository/Pages/Restaurant Page/Apply Filters/pick_hours' is clicked on

2018-08-14 15:13:38 - [TEST_STEP][PASSED] - click: Object: 'Object Repository/Pages/Restaurant Page/Apply Filters/hour_09' is clicked on

2018-08-14 15:13:38 - [MESSAGE][PASSED] - Object: 'Object Repository/Pages/Restaurant Page/Apply Filters/hour_09' is clicked on

2018-08-14 15:13:38 - [TEST_STEP][PASSED] - click: Object: 'Object Repository/Pages/Restaurant Page/Apply Filters/pick_minutes' is clicked on

2018-08-14 15:13:38 - [MESSAGE][PASSED] - Object: 'Object Repository/Pages/Restaurant Page/Apply Filters/pick_minutes' is clicked on

2018-08-14 15:13:38 - [TEST_STEP][PASSED] - click: Object: 'Object Repository/Pages/Restaurant Page/Apply Filters/minute_00' is clicked on

2018-08-14 15:13:38 - [MESSAGE][PASSED] - Object: 'Object Repository/Pages/Restaurant Page/Apply Filters/minute_00' is clicked on

2018-08-14 15:13:38 - [TEST_STEP][PASSED] - click: Object: 'Object Repository/Pages/Restaurant Page/Add Restaurant/opening_hours_end_time_3' is clicked on

2018-08-14 15:13:38 - [MESSAGE][PASSED] - Object: 'Object Repository/Pages/Restaurant Page/Add Restaurant/opening_hours_end_time_3' is clicked on

2018-08-14 15:13:38 - [TEST_STEP][PASSED] - click: Object: 'Object Repository/Pages/Restaurant Page/Apply Filters/pick_hours' is clicked on

2018-08-14 15:13:38 - [MESSAGE][PASSED] - Object: 'Object Repository/Pages/Restaurant Page/Apply Filters/pick_hours' is clicked on

2018-08-14 15:13:38 - [TEST_STEP][PASSED] - click: Object: 'Object Repository/Pages/Restaurant Page/Apply Filters/hour_11' is clicked on

2018-08-14 15:13:38 - [MESSAGE][PASSED] - Object: 'Object Repository/Pages/Restaurant Page/Apply Filters/hour_11' is clicked on

2018-08-14 15:13:38 - [TEST_STEP][PASSED] - click: Object: 'Object Repository/Pages/Restaurant Page/Apply Filters/pick_minutes' is clicked on

2018-08-14 15:13:38 - [MESSAGE][PASSED] - Object: 'Object Repository/Pages/Restaurant Page/Apply Filters/pick_minutes' is clicked on

2018-08-14 15:13:38 - [TEST_STEP][PASSED] - click: Object: 'Object Repository/Pages/Restaurant Page/Apply Filters/minute_00' is clicked on

2018-08-14 15:13:39 - [MESSAGE][PASSED] - Object: 'Object Repository/Pages/Restaurant Page/Apply Filters/minute_00' is clicked on

2018-08-14 15:13:39 - [TEST_STEP][PASSED] - click: Object: 'Object Repository/Pages/Restaurant Page/Add Restaurant/btn_next' is clicked on

2018-08-14 15:13:39 - [MESSAGE][PASSED] - Object: 'Object Repository/Pages/Restaurant Page/Add Restaurant/btn_next' is clicked on

2018-08-14 15:13:39 - [TEST_STEP][PASSED] - delay: Delayed 1 second(s)

2018-08-14 15:13:40 - [MESSAGE][PASSED] - Delayed 1 second(s)

2018-08-14 15:13:40 - [TEST_STEP][PASSED] - click: Object: 'Object Repository/Pages/Restaurant Page/Apply Filters/btn_save' is clicked on

2018-08-14 15:13:40 - [MESSAGE][PASSED] - Object: 'Object Repository/Pages/Restaurant Page/Apply Filters/btn_save' is clicked on

2018-08-14 15:13:40 - [TEST_STEP][PASSED] - waitForElementVisible: Object 'Object Repository/Pages/Restaurant Page/msg_add_restaurant_success' is visible

2018-08-14 15:13:40 - [MESSAGE][PASSED] - Object 'Object Repository/Pages/Restaurant Page/msg_add_restaurant_success' is visible

2018-08-14 15:13:40 - [TEST_STEP][PASSED] - click: Object: 'Object Repository/Pages/Dashboard/a_Restaurants' is clicked on

2018-08-14 15:13:41 - [MESSAGE][PASSED] - Object: 'Object Repository/Pages/Dashboard/a_Restaurants' is clicked on

2018-08-14 15:13:41 - [TEST_STEP][PASSED] - waitForElementVisible: Object 'Object Repository/Pages/Restaurant Page/res_cell_first' is visible

2018-08-14 15:13:44 - [MESSAGE][PASSED] - Object 'Object Repository/Pages/Restaurant Page/res_cell_first' is visible

2018-08-14 15:13:44 - [TEST_STEP][PASSED] - click: Object: 'Object Repository/Pages/Restaurant Page/test4_restaurant_cell' is clicked on

2018-08-14 15:13:44 - [MESSAGE][PASSED] - Object: 'Object Repository/Pages/Restaurant Page/test4_restaurant_cell' is clicked on

2018-08-14 15:13:44 - [TEST_STEP][PASSED] - waitForElementHasAttribute: Object 'Object Repository/Pages/Restaurant Page/Edit Restaurant/input_edit_display_name' has attribute 'value'

2018-08-14 15:13:44 - [MESSAGE][PASSED] - Object 'Object Repository/Pages/Restaurant Page/Edit Restaurant/input_edit_display_name' has attribute 'value'

2018-08-14 15:13:44 - [TEST_STEP][PASSED] - Statement - resName = com.kms.katalon.core.webui.keyword.WebUiBuiltInKeywords.getAttribute(com.kms.katalon.core.testobject.ObjectRepository.findTestObject(Pages/Restaurant Page/Edit Restaurant/input_edit_display_name), "value"): Attribute 'value' of object 'Object Repository/Pages/Restaurant Page/Edit Restaurant/input_edit_display_name' is: 'A~!@#$%^&*()+-=[]{}|;:,./<>?'

2018-08-14 15:13:44 - [MESSAGE][PASSED] - Attribute 'value' of object 'Object Repository/Pages/Restaurant Page/Edit Restaurant/input_edit_display_name' is: 'A~!@#$%^&*()+-=[]{}|;:,./<>?'

2018-08-14 15:13:44 - [TEST_STEP][PASSED] - verifyEqual: Actual object 'A~!@#$%^&*()+-=[]{}|;:,./<>?' and expected object 'A~!@#$%^&*()+-=[]{}|;:,./<>?' are equal

2018-08-14 15:13:44 - [MESSAGE][PASSED] - Actual object 'A~!@#$%^&*()+-=[]{}|;:,./<>?' and expected object 'A~!@#$%^&*()+-=[]{}|;:,./<>?' are equal

2018-08-14 15:13:44 - [TEST_STEP][PASSED] - Statement - startTime1 = com.kms.katalon.core.webui.keyword.WebUiBuiltInKeywords.getAttribute(com.kms.katalon.core.testobject.ObjectRepository.findTestObject(Pages/Restaurant Page/Edit Restaurant/edit_openinghour_start_time_1), "value"): Attribute 'value' of object 'Object Repository/Pages/Restaurant Page/Edit Restaurant/edit_openinghour_start_time_1' is: '9:00 AM'

2018-08-14 15:13:44 - [MESSAGE][PASSED] - Attribute 'value' of object 'Object Repository/Pages/Restaurant Page/Edit Restaurant/edit_openinghour_start_time_1' is: '9:00 AM'

2018-08-14 15:13:44 - [TEST_STEP][PASSED] - Statement - endTime1 = com.kms.katalon.core.webui.keyword.WebUiBuiltInKeywords.getAttribute(com.kms.katalon.core.testobject.ObjectRepository.findTestObject(Pages/Restaurant Page/Edit Restaurant/edit_openinghour_end_time_1), "value"): Attribute 'value' of object 'Object Repository/Pages/Restaurant Page/Edit Restaurant/edit_openinghour_end_time_1' is: '11:00 AM'

2018-08-14 15:13:44 - [MESSAGE][PASSED] - Attribute 'value' of object 'Object Repository/Pages/Restaurant Page/Edit Restaurant/edit_openinghour_end_time_1' is: '11:00 AM'

2018-08-14 15:13:44 - [TEST_STEP][PASSED] - verifyEqual: Actual object '9:00 AM' and expected object '9:00 AM' are equal

2018-08-14 15:13:44 - [MESSAGE][PASSED] - Actual object '9:00 AM' and expected object '9:00 AM' are equal

2018-08-14 15:13:44 - [TEST_STEP][PASSED] - verifyEqual: Actual object '11:00 AM' and expected object '11:00 AM' are equal

2018-08-14 15:13:44 - [MESSAGE][PASSED] - Actual object '11:00 AM' and expected object '11:00 AM' are equal

2018-08-14 15:13:44 - [TEST_STEP][PASSED] - Statement - startTime2 = com.kms.katalon.core.webui.keyword.WebUiBuiltInKeywords.getAttribute(com.kms.katalon.core.testobject.ObjectRepository.findTestObject(Pages/Restaurant Page/Edit Restaurant/edit_openinghour_start_time_2), "value"): Attribute 'value' of object 'Object Repository/Pages/Restaurant Page/Edit Restaurant/edit_openinghour_start_time_2' is: '2:00 PM'

2018-08-14 15:13:44 - [MESSAGE][PASSED] - Attribute 'value' of object 'Object Repository/Pages/Restaurant Page/Edit Restaurant/edit_openinghour_start_time_2' is: '2:00 PM'

2018-08-14 15:13:44 - [TEST_STEP][PASSED] - Statement - endTime2 = com.kms.katalon.core.webui.keyword.WebUiBuiltInKeywords.getAttribute(com.kms.katalon.core.testobject.ObjectRepository.findTestObject(Pages/Restaurant Page/Edit Restaurant/edit_openinghour_end_time_2), "value"): Attribute 'value' of object 'Object Repository/Pages/Restaurant Page/Edit Restaurant/edit_openinghour_end_time_2' is: '8:00 PM'

2018-08-14 15:13:44 - [MESSAGE][PASSED] - Attribute 'value' of object 'Object Repository/Pages/Restaurant Page/Edit Restaurant/edit_openinghour_end_time_2' is: '8:00 PM'

2018-08-14 15:13:44 - [TEST_STEP][PASSED] - verifyEqual: Actual object '2:00 PM' and expected object '2:00 PM' are equal

2018-08-14 15:13:44 - [MESSAGE][PASSED] - Actual object '2:00 PM' and expected object '2:00 PM' are equal

2018-08-14 15:13:44 - [TEST_STEP][PASSED] - verifyEqual: Actual object '8:00 PM' and expected object '8:00 PM' are equal

2018-08-14 15:13:44 - [MESSAGE][PASSED] - Actual object '8:00 PM' and expected object '8:00 PM' are equal

2018-08-14 15:13:44 - [TEST_STEP][PASSED] - Statement - startTime3 = com.kms.katalon.core.webui.keyword.WebUiBuiltInKeywords.getAttribute(com.kms.katalon.core.testobject.ObjectRepository.findTestObject(Pages/Restaurant Page/Edit Restaurant/edit_openinghour_start_time_3), "value"): Attribute 'value' of object 'Object Repository/Pages/Restaurant Page/Edit Restaurant/edit_openinghour_start_time_3' is: '9:00 PM'

2018-08-14 15:13:44 - [MESSAGE][PASSED] - Attribute 'value' of object 'Object Repository/Pages/Restaurant Page/Edit Restaurant/edit_openinghour_start_time_3' is: '9:00 PM'

2018-08-14 15:13:44 - [TEST_STEP][PASSED] - Statement - endTime3 = com.kms.katalon.core.webui.keyword.WebUiBuiltInKeywords.getAttribute(com.kms.katalon.core.testobject.ObjectRepository.findTestObject(Pages/Restaurant Page/Edit Restaurant/edit_openinghour_end_time_3), "value"): Attribute 'value' of object 'Object Repository/Pages/Restaurant Page/Edit Restaurant/edit_openinghour_end_time_3' is: '11:00 PM'

2018-08-14 15:13:44 - [MESSAGE][PASSED] - Attribute 'value' of object 'Object Repository/Pages/Restaurant Page/Edit Restaurant/edit_openinghour_end_time_3' is: '11:00 PM'

2018-08-14 15:13:44 - [TEST_STEP][PASSED] - verifyEqual: Actual object '9:00 PM' and expected object '9:00 PM' are equal

2018-08-14 15:13:44 - [MESSAGE][PASSED] - Actual object '9:00 PM' and expected object '9:00 PM' are equal

2018-08-14 15:13:44 - [TEST_STEP][PASSED] - verifyEqual: Actual object '11:00 PM' and expected object '11:00 PM' are equal

2018-08-14 15:13:44 - [MESSAGE][PASSED] - Actual object '11:00 PM' and expected object '11:00 PM' are equal

2018-08-14 15:13:44 - [TEST_STEP][PASSED] - click: Object: 'Object Repository/Pages/Restaurant Page/Edit Restaurant/btn_dismiss_modal_step1' is clicked on

2018-08-14 15:13:45 - [MESSAGE][PASSED] - Object: 'Object Repository/Pages/Restaurant Page/Edit Restaurant/btn_dismiss_modal_step1' is clicked on

2018-08-14 15:13:45 - [TEST_STEP][PASSED] - delay: Delayed 2 second(s)

2018-08-14 15:13:47 - [MESSAGE][PASSED] - Delayed 2 second(s)

2018-08-14 15:13:47 - [TEST_STEP][PASSED] - click: Object: 'Object Repository/Pages/Restaurant Page/menu_3_dot_rest4' is clicked on

2018-08-14 15:13:47 - [MESSAGE][PASSED] - Object: 'Object Repository/Pages/Restaurant Page/menu_3_dot_rest4' is clicked on

2018-08-14 15:13:47 - [TEST_STEP][PASSED] - click: Object: 'Object Repository/Pages/Restaurant Page/Delete Restaurant/btn_delete_res4_3_dot_menu' is clicked on

2018-08-14 15:13:47 - [MESSAGE][PASSED] - Object: 'Object Repository/Pages/Restaurant Page/Delete Restaurant/btn_delete_res4_3_dot_menu' is clicked on

2018-08-14 15:13:47 - [TEST_STEP][PASSED] - waitForElementVisible: Object 'Object Repository/Pages/Restaurant Page/Delete Restaurant/delete_res_confirmation_dialog' is visible

2018-08-14 15:13:47 - [MESSAGE][PASSED] - Object 'Object Repository/Pages/Restaurant Page/Delete Restaurant/delete_res_confirmation_dialog' is visible

2018-08-14 15:13:47 - [TEST_STEP][PASSED] - click: Object: 'Object Repository/Pages/Restaurant Page/Delete Restaurant/Btn_yes_delete_res' is clicked on

2018-08-14 15:13:47 - [MESSAGE][PASSED] - Object: 'Object Repository/Pages/Restaurant Page/Delete Restaurant/Btn_yes_delete_res' is clicked on

2018-08-14 15:13:47 - [TEST_STEP][PASSED] - waitForElementVisible: Web element with id: 'Object Repository/Pages/Restaurant Page/Delete Restaurant/msg_delete_restaurant_success' located by 'By.xpath: //div[(text() = 'Restaurant deleted successfully' or . = 'Restaurant deleted successfully')]' not found

2018-08-14 15:14:02 - [MESSAGE][WARNING] - Web element with id: 'Object Repository/Pages/Restaurant Page/Delete Restaurant/msg_delete_restaurant_success' located by 'By.xpath: //div[(text() = 'Restaurant deleted successfully' or . = 'Restaurant deleted successfully')]' not found

2018-08-14 15:14:02 - [TEST_STEP][PASSED] - closeBrowser: Browser is closed

2018-08-14 15:14:03 - [MESSAGE][PASSED] - Browser is closed]]></system-out>
         <system-err><![CDATA[]]></system-err>
      </testcase>
      <testcase name="Test Cases/Tests/Restaurant Tests/TC_Restaurant_022" classname="Test Cases/Tests/Restaurant Tests/TC_Restaurant_022" status="PASSED">
         <system-out><![CDATA[2018-08-14 15:14:03 - [TEST_CASE][PASSED] - Test Cases/Tests/Restaurant Tests/TC_Restaurant_022: Test Cases/Tests/Restaurant Tests/TC_Restaurant_022

2018-08-14 15:14:03 - [TEST_STEP][PASSED] - callTestCase: Call Test Case 'Test Cases/Tests/Log In Tests/TC001_Log in_valid_user' successfully

2018-08-14 15:14:03 - [TEST_CASE][PASSED] - Test Cases/Tests/Log In Tests/TC001_Log in_valid_user: Test Cases/Tests/Log In Tests/TC001_Log in_valid_user

2018-08-14 15:14:03 - [TEST_STEP][PASSED] - openBrowser: Browser is opened with url: 'https://his-uat.digivalet.com/cms/dashboard/user/login'

2018-08-14 15:14:05 - [MESSAGE][PASSED] - Browser is opened with url: 'https://his-uat.digivalet.com/cms/dashboard/user/login'

2018-08-14 15:14:05 - [TEST_STEP][PASSED] - maximizeWindow: Current window maximized

2018-08-14 15:14:05 - [MESSAGE][PASSED] - Current window maximized

2018-08-14 15:14:05 - [TEST_STEP][PASSED] - waitForPageLoad: Wait for page load successfully

2018-08-14 15:14:05 - [MESSAGE][PASSED] - Wait for page load successfully

2018-08-14 15:14:05 - [TEST_STEP][PASSED] - setText: Text 'superadmin' is set on object 'Object Repository/Pages/Log In Page/input_username'

2018-08-14 15:14:06 - [MESSAGE][PASSED] - Text 'superadmin' is set on object 'Object Repository/Pages/Log In Page/input_username'

2018-08-14 15:14:06 - [TEST_STEP][PASSED] - setText: Text 'd7QUVg' is set on object 'Object Repository/Pages/Log In Page/input_password'

2018-08-14 15:14:06 - [MESSAGE][PASSED] - Text 'd7QUVg' is set on object 'Object Repository/Pages/Log In Page/input_password'

2018-08-14 15:14:06 - [TEST_STEP][PASSED] - click: Object: 'Object Repository/Pages/Log In Page/button_Login' is clicked on

2018-08-14 15:14:06 - [MESSAGE][PASSED] - Object: 'Object Repository/Pages/Log In Page/button_Login' is clicked on

2018-08-14 15:14:06 - [TEST_STEP][PASSED] - waitForPageLoad: Wait for page load successfully

2018-08-14 15:14:06 - [MESSAGE][PASSED] - Wait for page load successfully

2018-08-14 15:14:06 - [TEST_STEP][PASSED] - waitForElementNotPresent: Web element with id: 'Object Repository/Pages/Log In Page/button_Login' located by 'By.xpath: //*[@id='userlogin']//button' is not present after '20' second(s)

2018-08-14 15:14:09 - [MESSAGE][PASSED] - Web element with id: 'Object Repository/Pages/Log In Page/button_Login' located by 'By.xpath: //*[@id='userlogin']//button' is not present after '20' second(s)

2018-08-14 15:14:09 - [TEST_STEP][PASSED] - waitForElementVisible: Object 'Object Repository/Pages/TV Channels Page/heading_TV Channel' is visible

2018-08-14 15:14:09 - [MESSAGE][PASSED] - Object 'Object Repository/Pages/TV Channels Page/heading_TV Channel' is visible

2018-08-14 15:14:09 - [TEST_STEP][PASSED] - Statement - DashboardURL = com.kms.katalon.core.webui.keyword.WebUiBuiltInKeywords.getUrl(): Current window's url is: 'https://his-uat.digivalet.com/cms/tvchannel/manageTvchannel'

2018-08-14 15:14:09 - [MESSAGE][PASSED] - Current window's url is: 'https://his-uat.digivalet.com/cms/tvchannel/manageTvchannel'

2018-08-14 15:14:09 - [TEST_STEP][PASSED] - verifyMatch: Actual text 'https://his-uat.digivalet.com/cms/tvchannel/manageTvchannel' and expected text 'https://his-uat.digivalet.com/cms/tvchannel/manageTvchannel' are matched  using regular expression

2018-08-14 15:14:09 - [MESSAGE][PASSED] - Actual text 'https://his-uat.digivalet.com/cms/tvchannel/manageTvchannel' and expected text 'https://his-uat.digivalet.com/cms/tvchannel/manageTvchannel' are matched  using regular expression

2018-08-14 15:14:09 - [MESSAGE][PASSED] - Call Test Case 'Test Cases/Tests/Log In Tests/TC001_Log in_valid_user' successfully

2018-08-14 15:14:09 - [TEST_STEP][PASSED] - click: Object: 'Object Repository/Pages/Dashboard/a_Restaurants' is clicked on

2018-08-14 15:14:12 - [MESSAGE][PASSED] - Object: 'Object Repository/Pages/Dashboard/a_Restaurants' is clicked on

2018-08-14 15:14:12 - [TEST_STEP][PASSED] - waitForElementVisible: Object 'Object Repository/Pages/Restaurant Page/res_cell_first' is visible

2018-08-14 15:14:13 - [MESSAGE][PASSED] - Object 'Object Repository/Pages/Restaurant Page/res_cell_first' is visible

2018-08-14 15:14:13 - [TEST_STEP][PASSED] - click: Object: 'Object Repository/Pages/Restaurant Page/btn_plus_restaurant' is clicked on

2018-08-14 15:14:13 - [MESSAGE][PASSED] - Object: 'Object Repository/Pages/Restaurant Page/btn_plus_restaurant' is clicked on

2018-08-14 15:14:13 - [TEST_STEP][PASSED] - setText: Text 'Automation Test3' is set on object 'Object Repository/Pages/Restaurant Page/Add Restaurant/input_display_name'

2018-08-14 15:14:14 - [MESSAGE][PASSED] - Text 'Automation Test3' is set on object 'Object Repository/Pages/Restaurant Page/Add Restaurant/input_display_name'

2018-08-14 15:14:14 - [TEST_STEP][PASSED] - setText: Text 'This is a test restaurant being added by automation script.' is set on object 'Object Repository/Pages/Restaurant Page/Add Restaurant/textarea_description'

2018-08-14 15:14:15 - [MESSAGE][PASSED] - Text 'This is a test restaurant being added by automation script.' is set on object 'Object Repository/Pages/Restaurant Page/Add Restaurant/textarea_description'

2018-08-14 15:14:15 - [TEST_STEP][PASSED] - uploadFile: File '/Users/apple/git/pbsl_digivalet_cms_tests/Images/Restaurant Image 2.png' sent to object: 'Object Repository/Pages/Restaurant Page/Add Restaurant/btn_upload_image'

2018-08-14 15:14:15 - [MESSAGE][PASSED] - File '/Users/apple/git/pbsl_digivalet_cms_tests/Images/Restaurant Image 2.png' sent to object: 'Object Repository/Pages/Restaurant Page/Add Restaurant/btn_upload_image'

2018-08-14 15:14:15 - [TEST_STEP][PASSED] - waitForElementVisible: Object 'Object Repository/Pages/Restaurant Page/Crop Image/btn_zoom_in' is visible

2018-08-14 15:14:15 - [MESSAGE][PASSED] - Object 'Object Repository/Pages/Restaurant Page/Crop Image/btn_zoom_in' is visible

2018-08-14 15:14:15 - [TEST_STEP][PASSED] - click: Object: 'Object Repository/Pages/Restaurant Page/Crop Image/btn_zoom_in' is clicked on

2018-08-14 15:14:15 - [MESSAGE][PASSED] - Object: 'Object Repository/Pages/Restaurant Page/Crop Image/btn_zoom_in' is clicked on

2018-08-14 15:14:15 - [TEST_STEP][PASSED] - click: Object: 'Object Repository/Pages/Restaurant Page/Crop Image/btn_zoom_in' is clicked on

2018-08-14 15:14:15 - [MESSAGE][PASSED] - Object: 'Object Repository/Pages/Restaurant Page/Crop Image/btn_zoom_in' is clicked on

2018-08-14 15:14:15 - [TEST_STEP][PASSED] - click: Object: 'Object Repository/Pages/Restaurant Page/Crop Image/btn_zoom_out' is clicked on

2018-08-14 15:14:15 - [MESSAGE][PASSED] - Object: 'Object Repository/Pages/Restaurant Page/Crop Image/btn_zoom_out' is clicked on

2018-08-14 15:14:15 - [TEST_STEP][PASSED] - click: Object: 'Object Repository/Pages/Restaurant Page/Crop Image/btn_zoom_out' is clicked on

2018-08-14 15:14:15 - [MESSAGE][PASSED] - Object: 'Object Repository/Pages/Restaurant Page/Crop Image/btn_zoom_out' is clicked on

2018-08-14 15:14:15 - [TEST_STEP][PASSED] - delay: Delayed 2 second(s)

2018-08-14 15:14:17 - [MESSAGE][PASSED] - Delayed 2 second(s)

2018-08-14 15:14:17 - [TEST_STEP][PASSED] - click: Object: 'Object Repository/Pages/Restaurant Page/Crop Image/btn_crop_image_done' is clicked on

2018-08-14 15:14:18 - [MESSAGE][PASSED] - Object: 'Object Repository/Pages/Restaurant Page/Crop Image/btn_crop_image_done' is clicked on

2018-08-14 15:14:18 - [TEST_STEP][PASSED] - waitForElementVisible: Object 'Object Repository/Pages/Restaurant Page/Add Restaurant/heading_add_restaurant' is visible

2018-08-14 15:14:18 - [MESSAGE][PASSED] - Object 'Object Repository/Pages/Restaurant Page/Add Restaurant/heading_add_restaurant' is visible

2018-08-14 15:14:18 - [TEST_STEP][PASSED] - click: Object: 'Object Repository/Pages/Restaurant Page/Add Restaurant/radio_reservation_allowed_no' is clicked on

2018-08-14 15:14:18 - [MESSAGE][PASSED] - Object: 'Object Repository/Pages/Restaurant Page/Add Restaurant/radio_reservation_allowed_no' is clicked on

2018-08-14 15:14:18 - [TEST_STEP][PASSED] - click: Object: 'Object Repository/Pages/Restaurant Page/Add Restaurant/btn_next' is clicked on

2018-08-14 15:14:18 - [MESSAGE][PASSED] - Object: 'Object Repository/Pages/Restaurant Page/Add Restaurant/btn_next' is clicked on

2018-08-14 15:14:18 - [TEST_STEP][PASSED] - delay: Delayed 1 second(s)

2018-08-14 15:14:19 - [MESSAGE][PASSED] - Delayed 1 second(s)

2018-08-14 15:14:19 - [TEST_STEP][PASSED] - click: Object: 'Object Repository/Pages/Restaurant Page/Apply Filters/btn_save' is clicked on

2018-08-14 15:14:20 - [MESSAGE][PASSED] - Object: 'Object Repository/Pages/Restaurant Page/Apply Filters/btn_save' is clicked on

2018-08-14 15:14:20 - [TEST_STEP][PASSED] - waitForElementVisible: Object 'Object Repository/Pages/Restaurant Page/msg_add_restaurant_success' is visible

2018-08-14 15:14:20 - [MESSAGE][PASSED] - Object 'Object Repository/Pages/Restaurant Page/msg_add_restaurant_success' is visible

2018-08-14 15:14:20 - [TEST_STEP][PASSED] - click: Object: 'Object Repository/Pages/Dashboard/a_Restaurants' is clicked on

2018-08-14 15:14:21 - [MESSAGE][PASSED] - Object: 'Object Repository/Pages/Dashboard/a_Restaurants' is clicked on

2018-08-14 15:14:21 - [TEST_STEP][PASSED] - waitForElementVisible: Object 'Object Repository/Pages/Restaurant Page/res_cell_first' is visible

2018-08-14 15:14:22 - [MESSAGE][PASSED] - Object 'Object Repository/Pages/Restaurant Page/res_cell_first' is visible

2018-08-14 15:14:22 - [TEST_STEP][PASSED] - click: Object: 'Object Repository/Pages/Restaurant Page/menu_3_dot_rest3' is clicked on

2018-08-14 15:14:22 - [MESSAGE][PASSED] - Object: 'Object Repository/Pages/Restaurant Page/menu_3_dot_rest3' is clicked on

2018-08-14 15:14:22 - [TEST_STEP][PASSED] - click: Object: 'Object Repository/Pages/Restaurant Page/Delete Restaurant/btn_delete_res3_3_dot_menu' is clicked on

2018-08-14 15:14:23 - [MESSAGE][PASSED] - Object: 'Object Repository/Pages/Restaurant Page/Delete Restaurant/btn_delete_res3_3_dot_menu' is clicked on

2018-08-14 15:14:23 - [TEST_STEP][PASSED] - waitForElementVisible: Object 'Object Repository/Pages/Restaurant Page/Delete Restaurant/delete_res_confirmation_dialog' is visible

2018-08-14 15:14:23 - [MESSAGE][PASSED] - Object 'Object Repository/Pages/Restaurant Page/Delete Restaurant/delete_res_confirmation_dialog' is visible

2018-08-14 15:14:23 - [TEST_STEP][PASSED] - click: Object: 'Object Repository/Pages/Restaurant Page/Delete Restaurant/Btn_yes_delete_res' is clicked on

2018-08-14 15:14:23 - [MESSAGE][PASSED] - Object: 'Object Repository/Pages/Restaurant Page/Delete Restaurant/Btn_yes_delete_res' is clicked on

2018-08-14 15:14:23 - [TEST_STEP][PASSED] - waitForElementVisible: Web element with id: 'Object Repository/Pages/Restaurant Page/Delete Restaurant/msg_delete_restaurant_success' located by 'By.xpath: //div[(text() = 'Restaurant deleted successfully' or . = 'Restaurant deleted successfully')]' not found

2018-08-14 15:14:38 - [MESSAGE][WARNING] - Web element with id: 'Object Repository/Pages/Restaurant Page/Delete Restaurant/msg_delete_restaurant_success' located by 'By.xpath: //div[(text() = 'Restaurant deleted successfully' or . = 'Restaurant deleted successfully')]' not found

2018-08-14 15:14:38 - [TEST_STEP][PASSED] - closeBrowser: Browser is closed

2018-08-14 15:14:38 - [MESSAGE][PASSED] - Browser is closed]]></system-out>
         <system-err><![CDATA[]]></system-err>
      </testcase>
      <testcase name="Test Cases/Tests/Restaurant Tests/TC_Restaurant_023" classname="Test Cases/Tests/Restaurant Tests/TC_Restaurant_023" status="PASSED">
         <system-out><![CDATA[2018-08-14 15:14:38 - [TEST_CASE][PASSED] - Test Cases/Tests/Restaurant Tests/TC_Restaurant_023: Test Cases/Tests/Restaurant Tests/TC_Restaurant_023

2018-08-14 15:14:39 - [TEST_STEP][PASSED] - callTestCase: Call Test Case 'Test Cases/Tests/Log In Tests/TC001_Log in_valid_user' successfully

2018-08-14 15:14:39 - [TEST_CASE][PASSED] - Test Cases/Tests/Log In Tests/TC001_Log in_valid_user: Test Cases/Tests/Log In Tests/TC001_Log in_valid_user

2018-08-14 15:14:39 - [TEST_STEP][PASSED] - openBrowser: Browser is opened with url: 'https://his-uat.digivalet.com/cms/dashboard/user/login'

2018-08-14 15:14:41 - [MESSAGE][PASSED] - Browser is opened with url: 'https://his-uat.digivalet.com/cms/dashboard/user/login'

2018-08-14 15:14:41 - [TEST_STEP][PASSED] - maximizeWindow: Current window maximized

2018-08-14 15:14:41 - [MESSAGE][PASSED] - Current window maximized

2018-08-14 15:14:41 - [TEST_STEP][PASSED] - waitForPageLoad: Wait for page load successfully

2018-08-14 15:14:41 - [MESSAGE][PASSED] - Wait for page load successfully

2018-08-14 15:14:41 - [TEST_STEP][PASSED] - setText: Text 'superadmin' is set on object 'Object Repository/Pages/Log In Page/input_username'

2018-08-14 15:14:41 - [MESSAGE][PASSED] - Text 'superadmin' is set on object 'Object Repository/Pages/Log In Page/input_username'

2018-08-14 15:14:41 - [TEST_STEP][PASSED] - setText: Text 'd7QUVg' is set on object 'Object Repository/Pages/Log In Page/input_password'

2018-08-14 15:14:42 - [MESSAGE][PASSED] - Text 'd7QUVg' is set on object 'Object Repository/Pages/Log In Page/input_password'

2018-08-14 15:14:42 - [TEST_STEP][PASSED] - click: Object: 'Object Repository/Pages/Log In Page/button_Login' is clicked on

2018-08-14 15:14:42 - [MESSAGE][PASSED] - Object: 'Object Repository/Pages/Log In Page/button_Login' is clicked on

2018-08-14 15:14:42 - [TEST_STEP][PASSED] - waitForPageLoad: Wait for page load successfully

2018-08-14 15:14:42 - [MESSAGE][PASSED] - Wait for page load successfully

2018-08-14 15:14:42 - [TEST_STEP][PASSED] - waitForElementNotPresent: Web element with id: 'Object Repository/Pages/Log In Page/button_Login' located by 'By.xpath: //*[@id='userlogin']//button' is not present after '20' second(s)

2018-08-14 15:14:47 - [MESSAGE][PASSED] - Web element with id: 'Object Repository/Pages/Log In Page/button_Login' located by 'By.xpath: //*[@id='userlogin']//button' is not present after '20' second(s)

2018-08-14 15:14:47 - [TEST_STEP][PASSED] - waitForElementVisible: Object 'Object Repository/Pages/TV Channels Page/heading_TV Channel' is visible

2018-08-14 15:14:47 - [MESSAGE][PASSED] - Object 'Object Repository/Pages/TV Channels Page/heading_TV Channel' is visible

2018-08-14 15:14:47 - [TEST_STEP][PASSED] - Statement - DashboardURL = com.kms.katalon.core.webui.keyword.WebUiBuiltInKeywords.getUrl(): Current window's url is: 'https://his-uat.digivalet.com/cms/tvchannel/manageTvchannel'

2018-08-14 15:14:47 - [MESSAGE][PASSED] - Current window's url is: 'https://his-uat.digivalet.com/cms/tvchannel/manageTvchannel'

2018-08-14 15:14:47 - [TEST_STEP][PASSED] - verifyMatch: Actual text 'https://his-uat.digivalet.com/cms/tvchannel/manageTvchannel' and expected text 'https://his-uat.digivalet.com/cms/tvchannel/manageTvchannel' are matched  using regular expression

2018-08-14 15:14:47 - [MESSAGE][PASSED] - Actual text 'https://his-uat.digivalet.com/cms/tvchannel/manageTvchannel' and expected text 'https://his-uat.digivalet.com/cms/tvchannel/manageTvchannel' are matched  using regular expression

2018-08-14 15:14:47 - [MESSAGE][PASSED] - Call Test Case 'Test Cases/Tests/Log In Tests/TC001_Log in_valid_user' successfully

2018-08-14 15:14:47 - [TEST_STEP][PASSED] - click: Object: 'Object Repository/Pages/Dashboard/a_Restaurants' is clicked on

2018-08-14 15:14:48 - [MESSAGE][PASSED] - Object: 'Object Repository/Pages/Dashboard/a_Restaurants' is clicked on

2018-08-14 15:14:48 - [TEST_STEP][PASSED] - waitForElementVisible: Object 'Object Repository/Pages/Restaurant Page/res_cell_first' is visible

2018-08-14 15:14:49 - [MESSAGE][PASSED] - Object 'Object Repository/Pages/Restaurant Page/res_cell_first' is visible

2018-08-14 15:14:49 - [TEST_STEP][PASSED] - click: Object: 'Object Repository/Pages/Restaurant Page/btn_plus_restaurant' is clicked on

2018-08-14 15:14:49 - [MESSAGE][PASSED] - Object: 'Object Repository/Pages/Restaurant Page/btn_plus_restaurant' is clicked on

2018-08-14 15:14:49 - [TEST_STEP][PASSED] - setText: Text 'Automation Test3' is set on object 'Object Repository/Pages/Restaurant Page/Add Restaurant/input_display_name'

2018-08-14 15:14:50 - [MESSAGE][PASSED] - Text 'Automation Test3' is set on object 'Object Repository/Pages/Restaurant Page/Add Restaurant/input_display_name'

2018-08-14 15:14:50 - [TEST_STEP][PASSED] - setText: Text 'This is a test restaurant being added by automation script.' is set on object 'Object Repository/Pages/Restaurant Page/Add Restaurant/textarea_description'

2018-08-14 15:14:51 - [MESSAGE][PASSED] - Text 'This is a test restaurant being added by automation script.' is set on object 'Object Repository/Pages/Restaurant Page/Add Restaurant/textarea_description'

2018-08-14 15:14:51 - [TEST_STEP][PASSED] - uploadFile: File '/Users/apple/git/pbsl_digivalet_cms_tests/Images/Heavy Image.jpg' sent to object: 'Object Repository/Pages/Restaurant Page/Add Restaurant/btn_upload_image'

2018-08-14 15:14:51 - [MESSAGE][PASSED] - File '/Users/apple/git/pbsl_digivalet_cms_tests/Images/Heavy Image.jpg' sent to object: 'Object Repository/Pages/Restaurant Page/Add Restaurant/btn_upload_image'

2018-08-14 15:14:51 - [TEST_STEP][PASSED] - waitForElementVisible: Object 'Object Repository/Pages/Restaurant Page/Crop Image/btn_zoom_in' is visible

2018-08-14 15:14:51 - [MESSAGE][PASSED] - Object 'Object Repository/Pages/Restaurant Page/Crop Image/btn_zoom_in' is visible

2018-08-14 15:14:51 - [TEST_STEP][PASSED] - waitForElementClickable: Object 'Object Repository/Pages/Restaurant Page/Crop Image/btn_zoom_in' is clickable

2018-08-14 15:14:51 - [MESSAGE][PASSED] - Object 'Object Repository/Pages/Restaurant Page/Crop Image/btn_zoom_in' is clickable

2018-08-14 15:14:51 - [TEST_STEP][PASSED] - click: Object: 'Object Repository/Pages/Restaurant Page/Crop Image/btn_zoom_in' is clicked on

2018-08-14 15:14:51 - [MESSAGE][PASSED] - Object: 'Object Repository/Pages/Restaurant Page/Crop Image/btn_zoom_in' is clicked on

2018-08-14 15:14:51 - [TEST_STEP][PASSED] - click: Object: 'Object Repository/Pages/Restaurant Page/Crop Image/btn_zoom_in' is clicked on

2018-08-14 15:14:53 - [MESSAGE][PASSED] - Object: 'Object Repository/Pages/Restaurant Page/Crop Image/btn_zoom_in' is clicked on

2018-08-14 15:14:53 - [TEST_STEP][PASSED] - click: Object: 'Object Repository/Pages/Restaurant Page/Crop Image/btn_zoom_out' is clicked on

2018-08-14 15:14:54 - [MESSAGE][PASSED] - Object: 'Object Repository/Pages/Restaurant Page/Crop Image/btn_zoom_out' is clicked on

2018-08-14 15:14:54 - [TEST_STEP][PASSED] - click: Object: 'Object Repository/Pages/Restaurant Page/Crop Image/btn_zoom_out' is clicked on

2018-08-14 15:14:54 - [MESSAGE][PASSED] - Object: 'Object Repository/Pages/Restaurant Page/Crop Image/btn_zoom_out' is clicked on

2018-08-14 15:14:54 - [TEST_STEP][PASSED] - delay: Delayed 2 second(s)

2018-08-14 15:14:56 - [MESSAGE][PASSED] - Delayed 2 second(s)

2018-08-14 15:14:56 - [TEST_STEP][PASSED] - click: Object: 'Object Repository/Pages/Restaurant Page/Crop Image/btn_crop_image_done' is clicked on

2018-08-14 15:15:03 - [MESSAGE][PASSED] - Object: 'Object Repository/Pages/Restaurant Page/Crop Image/btn_crop_image_done' is clicked on

2018-08-14 15:15:03 - [TEST_STEP][PASSED] - waitForElementVisible: Object 'Object Repository/Pages/Restaurant Page/Add Restaurant/heading_add_restaurant' is visible

2018-08-14 15:15:06 - [MESSAGE][PASSED] - Object 'Object Repository/Pages/Restaurant Page/Add Restaurant/heading_add_restaurant' is visible

2018-08-14 15:15:06 - [TEST_STEP][PASSED] - click: Object: 'Object Repository/Pages/Restaurant Page/Add Restaurant/radio_reservation_allowed_no' is clicked on

2018-08-14 15:15:06 - [MESSAGE][PASSED] - Object: 'Object Repository/Pages/Restaurant Page/Add Restaurant/radio_reservation_allowed_no' is clicked on

2018-08-14 15:15:06 - [TEST_STEP][PASSED] - click: Object: 'Object Repository/Pages/Restaurant Page/Add Restaurant/btn_next' is clicked on

2018-08-14 15:15:06 - [MESSAGE][PASSED] - Object: 'Object Repository/Pages/Restaurant Page/Add Restaurant/btn_next' is clicked on

2018-08-14 15:15:06 - [TEST_STEP][PASSED] - delay: Delayed 1 second(s)

2018-08-14 15:15:07 - [MESSAGE][PASSED] - Delayed 1 second(s)

2018-08-14 15:15:07 - [TEST_STEP][PASSED] - waitForElementClickable: Object 'Object Repository/Pages/Restaurant Page/Apply Filters/btn_save' is clickable

2018-08-14 15:15:07 - [MESSAGE][PASSED] - Object 'Object Repository/Pages/Restaurant Page/Apply Filters/btn_save' is clickable

2018-08-14 15:15:07 - [TEST_STEP][PASSED] - click: Object: 'Object Repository/Pages/Restaurant Page/Apply Filters/btn_save' is clicked on

2018-08-14 15:15:08 - [MESSAGE][PASSED] - Object: 'Object Repository/Pages/Restaurant Page/Apply Filters/btn_save' is clicked on

2018-08-14 15:15:08 - [TEST_STEP][PASSED] - waitForElementVisible: Object 'Object Repository/Pages/Restaurant Page/msg_add_restaurant_success' is visible

2018-08-14 15:15:38 - [MESSAGE][PASSED] - Object 'Object Repository/Pages/Restaurant Page/msg_add_restaurant_success' is visible

2018-08-14 15:15:38 - [TEST_STEP][PASSED] - closeBrowser: Browser is closed

2018-08-14 15:15:38 - [MESSAGE][PASSED] - Browser is closed]]></system-out>
         <system-err><![CDATA[]]></system-err>
      </testcase>
      <testcase name="Test Cases/Tests/Restaurant Tests/TC_Restaurant_024" classname="Test Cases/Tests/Restaurant Tests/TC_Restaurant_024" status="PASSED">
         <system-out><![CDATA[2018-08-14 15:15:38 - [TEST_CASE][PASSED] - Test Cases/Tests/Restaurant Tests/TC_Restaurant_024: Test Cases/Tests/Restaurant Tests/TC_Restaurant_024

2018-08-14 15:15:38 - [TEST_STEP][PASSED] - callTestCase: Call Test Case 'Test Cases/Tests/Log In Tests/TC001_Log in_valid_user' successfully

2018-08-14 15:15:38 - [TEST_CASE][PASSED] - Test Cases/Tests/Log In Tests/TC001_Log in_valid_user: Test Cases/Tests/Log In Tests/TC001_Log in_valid_user

2018-08-14 15:15:38 - [TEST_STEP][PASSED] - openBrowser: Browser is opened with url: 'https://his-uat.digivalet.com/cms/dashboard/user/login'

2018-08-14 15:15:47 - [MESSAGE][PASSED] - Browser is opened with url: 'https://his-uat.digivalet.com/cms/dashboard/user/login'

2018-08-14 15:15:47 - [TEST_STEP][PASSED] - maximizeWindow: Current window maximized

2018-08-14 15:15:47 - [MESSAGE][PASSED] - Current window maximized

2018-08-14 15:15:47 - [TEST_STEP][PASSED] - waitForPageLoad: Wait for page load successfully

2018-08-14 15:15:47 - [MESSAGE][PASSED] - Wait for page load successfully

2018-08-14 15:15:47 - [TEST_STEP][PASSED] - setText: Text 'superadmin' is set on object 'Object Repository/Pages/Log In Page/input_username'

2018-08-14 15:15:47 - [MESSAGE][PASSED] - Text 'superadmin' is set on object 'Object Repository/Pages/Log In Page/input_username'

2018-08-14 15:15:47 - [TEST_STEP][PASSED] - setText: Text 'd7QUVg' is set on object 'Object Repository/Pages/Log In Page/input_password'

2018-08-14 15:15:47 - [MESSAGE][PASSED] - Text 'd7QUVg' is set on object 'Object Repository/Pages/Log In Page/input_password'

2018-08-14 15:15:47 - [TEST_STEP][PASSED] - click: Object: 'Object Repository/Pages/Log In Page/button_Login' is clicked on

2018-08-14 15:15:48 - [MESSAGE][PASSED] - Object: 'Object Repository/Pages/Log In Page/button_Login' is clicked on

2018-08-14 15:15:48 - [TEST_STEP][PASSED] - waitForPageLoad: Wait for page load successfully

2018-08-14 15:15:48 - [MESSAGE][PASSED] - Wait for page load successfully

2018-08-14 15:15:48 - [TEST_STEP][PASSED] - waitForElementNotPresent: Web element with id: 'Object Repository/Pages/Log In Page/button_Login' located by 'By.xpath: //*[@id='userlogin']//button' is not present after '20' second(s)

2018-08-14 15:15:53 - [MESSAGE][PASSED] - Web element with id: 'Object Repository/Pages/Log In Page/button_Login' located by 'By.xpath: //*[@id='userlogin']//button' is not present after '20' second(s)

2018-08-14 15:15:53 - [TEST_STEP][PASSED] - waitForElementVisible: Object 'Object Repository/Pages/TV Channels Page/heading_TV Channel' is visible

2018-08-14 15:15:53 - [MESSAGE][PASSED] - Object 'Object Repository/Pages/TV Channels Page/heading_TV Channel' is visible

2018-08-14 15:15:53 - [TEST_STEP][PASSED] - Statement - DashboardURL = com.kms.katalon.core.webui.keyword.WebUiBuiltInKeywords.getUrl(): Current window's url is: 'https://his-uat.digivalet.com/cms/tvchannel/manageTvchannel'

2018-08-14 15:15:53 - [MESSAGE][PASSED] - Current window's url is: 'https://his-uat.digivalet.com/cms/tvchannel/manageTvchannel'

2018-08-14 15:15:53 - [TEST_STEP][PASSED] - verifyMatch: Actual text 'https://his-uat.digivalet.com/cms/tvchannel/manageTvchannel' and expected text 'https://his-uat.digivalet.com/cms/tvchannel/manageTvchannel' are matched  using regular expression

2018-08-14 15:15:53 - [MESSAGE][PASSED] - Actual text 'https://his-uat.digivalet.com/cms/tvchannel/manageTvchannel' and expected text 'https://his-uat.digivalet.com/cms/tvchannel/manageTvchannel' are matched  using regular expression

2018-08-14 15:15:53 - [MESSAGE][PASSED] - Call Test Case 'Test Cases/Tests/Log In Tests/TC001_Log in_valid_user' successfully

2018-08-14 15:15:53 - [TEST_STEP][PASSED] - click: Object: 'Object Repository/Pages/Dashboard/a_Restaurants' is clicked on

2018-08-14 15:15:54 - [MESSAGE][PASSED] - Object: 'Object Repository/Pages/Dashboard/a_Restaurants' is clicked on

2018-08-14 15:15:54 - [TEST_STEP][PASSED] - waitForElementVisible: Object 'Object Repository/Pages/Restaurant Page/res_cell_first' is visible

2018-08-14 15:15:55 - [MESSAGE][PASSED] - Object 'Object Repository/Pages/Restaurant Page/res_cell_first' is visible

2018-08-14 15:15:55 - [TEST_STEP][PASSED] - click: Object: 'Object Repository/Pages/Restaurant Page/test3_restaurant_cell' is clicked on

2018-08-14 15:15:56 - [MESSAGE][PASSED] - Object: 'Object Repository/Pages/Restaurant Page/test3_restaurant_cell' is clicked on

2018-08-14 15:15:56 - [TEST_STEP][PASSED] - waitForElementHasAttribute: Object 'Object Repository/Pages/Restaurant Page/Edit Restaurant/input_edit_display_name' has attribute 'value'

2018-08-14 15:15:56 - [MESSAGE][PASSED] - Object 'Object Repository/Pages/Restaurant Page/Edit Restaurant/input_edit_display_name' has attribute 'value'

2018-08-14 15:15:56 - [TEST_STEP][PASSED] - uploadFile: File '/Users/apple/git/pbsl_digivalet_cms_tests/Images/Restaurant Image.jpg' sent to object: 'Object Repository/Pages/Restaurant Page/Edit Restaurant/btn_edit_upload_image'

2018-08-14 15:15:56 - [MESSAGE][PASSED] - File '/Users/apple/git/pbsl_digivalet_cms_tests/Images/Restaurant Image.jpg' sent to object: 'Object Repository/Pages/Restaurant Page/Edit Restaurant/btn_edit_upload_image'

2018-08-14 15:15:56 - [TEST_STEP][PASSED] - waitForElementVisible: Object 'Object Repository/Pages/Restaurant Page/Crop Image/btn_zoom_in' is not visible after 10 second(s)

2018-08-14 15:16:07 - [MESSAGE][WARNING] - Object 'Object Repository/Pages/Restaurant Page/Crop Image/btn_zoom_in' is not visible after 10 second(s)

2018-08-14 15:16:07 - [TEST_STEP][PASSED] - click: Object: 'Object Repository/Pages/Restaurant Page/Edit Restaurant/btn_zoom_in' is clicked on

2018-08-14 15:16:07 - [MESSAGE][PASSED] - Object: 'Object Repository/Pages/Restaurant Page/Edit Restaurant/btn_zoom_in' is clicked on

2018-08-14 15:16:07 - [TEST_STEP][PASSED] - click: Object: 'Object Repository/Pages/Restaurant Page/Edit Restaurant/btn_zoom_in' is clicked on

2018-08-14 15:16:07 - [MESSAGE][PASSED] - Object: 'Object Repository/Pages/Restaurant Page/Edit Restaurant/btn_zoom_in' is clicked on

2018-08-14 15:16:07 - [TEST_STEP][PASSED] - click: Object: 'Object Repository/Pages/Restaurant Page/Edit Restaurant/btn_zoom_out' is clicked on

2018-08-14 15:16:07 - [MESSAGE][PASSED] - Object: 'Object Repository/Pages/Restaurant Page/Edit Restaurant/btn_zoom_out' is clicked on

2018-08-14 15:16:07 - [TEST_STEP][PASSED] - click: Object: 'Object Repository/Pages/Restaurant Page/Edit Restaurant/btn_zoom_out' is clicked on

2018-08-14 15:16:07 - [MESSAGE][PASSED] - Object: 'Object Repository/Pages/Restaurant Page/Edit Restaurant/btn_zoom_out' is clicked on

2018-08-14 15:16:07 - [TEST_STEP][PASSED] - delay: Delayed 2 second(s)

2018-08-14 15:16:09 - [MESSAGE][PASSED] - Delayed 2 second(s)

2018-08-14 15:16:09 - [TEST_STEP][PASSED] - click: Object: 'Object Repository/Pages/Restaurant Page/Edit Restaurant/btn_crop_image_done' is clicked on

2018-08-14 15:16:10 - [MESSAGE][PASSED] - Object: 'Object Repository/Pages/Restaurant Page/Edit Restaurant/btn_crop_image_done' is clicked on

2018-08-14 15:16:10 - [TEST_STEP][PASSED] - waitForElementClickable: Object 'Object Repository/Pages/Restaurant Page/Edit Restaurant/btn_next_step1' is clickable

2018-08-14 15:16:10 - [MESSAGE][PASSED] - Object 'Object Repository/Pages/Restaurant Page/Edit Restaurant/btn_next_step1' is clickable

2018-08-14 15:16:10 - [TEST_STEP][PASSED] - click: Object: 'Object Repository/Pages/Restaurant Page/Edit Restaurant/btn_next_step1' is clicked on

2018-08-14 15:16:10 - [MESSAGE][PASSED] - Object: 'Object Repository/Pages/Restaurant Page/Edit Restaurant/btn_next_step1' is clicked on

2018-08-14 15:16:10 - [TEST_STEP][PASSED] - delay: Delayed 2 second(s)

2018-08-14 15:16:12 - [MESSAGE][PASSED] - Delayed 2 second(s)

2018-08-14 15:16:12 - [TEST_STEP][PASSED] - click: Object: 'Object Repository/Pages/Restaurant Page/Edit Restaurant/btn_save_step2' is clicked on

2018-08-14 15:16:12 - [MESSAGE][PASSED] - Object: 'Object Repository/Pages/Restaurant Page/Edit Restaurant/btn_save_step2' is clicked on

2018-08-14 15:16:12 - [TEST_STEP][PASSED] - delay: Delayed 1 second(s)

2018-08-14 15:16:13 - [MESSAGE][PASSED] - Delayed 1 second(s)

2018-08-14 15:16:13 - [TEST_STEP][PASSED] - verifyElementPresent: Object 'Object Repository/Pages/Restaurant Page/Edit Restaurant/msg_update_restaurant_success' is present

2018-08-14 15:16:13 - [MESSAGE][PASSED] - Object 'Object Repository/Pages/Restaurant Page/Edit Restaurant/msg_update_restaurant_success' is present

2018-08-14 15:16:13 - [TEST_STEP][PASSED] - click: Object: 'Object Repository/Pages/Dashboard/a_Restaurants' is clicked on

2018-08-14 15:16:14 - [MESSAGE][PASSED] - Object: 'Object Repository/Pages/Dashboard/a_Restaurants' is clicked on

2018-08-14 15:16:14 - [TEST_STEP][PASSED] - waitForElementVisible: Object 'Object Repository/Pages/Restaurant Page/res_cell_first' is visible

2018-08-14 15:16:15 - [MESSAGE][PASSED] - Object 'Object Repository/Pages/Restaurant Page/res_cell_first' is visible

2018-08-14 15:16:15 - [TEST_STEP][PASSED] - click: Object: 'Object Repository/Pages/Restaurant Page/menu_3_dot_rest3' is clicked on

2018-08-14 15:16:15 - [MESSAGE][PASSED] - Object: 'Object Repository/Pages/Restaurant Page/menu_3_dot_rest3' is clicked on

2018-08-14 15:16:15 - [TEST_STEP][PASSED] - click: Object: 'Object Repository/Pages/Restaurant Page/Delete Restaurant/btn_delete_res3_3_dot_menu' is clicked on

2018-08-14 15:16:15 - [MESSAGE][PASSED] - Object: 'Object Repository/Pages/Restaurant Page/Delete Restaurant/btn_delete_res3_3_dot_menu' is clicked on

2018-08-14 15:16:15 - [TEST_STEP][PASSED] - waitForElementVisible: Object 'Object Repository/Pages/Restaurant Page/Delete Restaurant/delete_res_confirmation_dialog' is visible

2018-08-14 15:16:15 - [MESSAGE][PASSED] - Object 'Object Repository/Pages/Restaurant Page/Delete Restaurant/delete_res_confirmation_dialog' is visible

2018-08-14 15:16:15 - [TEST_STEP][PASSED] - click: Object: 'Object Repository/Pages/Restaurant Page/Delete Restaurant/Btn_yes_delete_res' is clicked on

2018-08-14 15:16:16 - [MESSAGE][PASSED] - Object: 'Object Repository/Pages/Restaurant Page/Delete Restaurant/Btn_yes_delete_res' is clicked on

2018-08-14 15:16:16 - [TEST_STEP][PASSED] - waitForElementVisible: Object 'Object Repository/Pages/Restaurant Page/Delete Restaurant/msg_delete_restaurant_success' is visible

2018-08-14 15:16:16 - [MESSAGE][PASSED] - Object 'Object Repository/Pages/Restaurant Page/Delete Restaurant/msg_delete_restaurant_success' is visible

2018-08-14 15:16:16 - [TEST_STEP][PASSED] - closeBrowser: Browser is closed

2018-08-14 15:16:16 - [MESSAGE][PASSED] - Browser is closed]]></system-out>
         <system-err><![CDATA[]]></system-err>
      </testcase>
      <testcase name="Test Cases/Tests/Restaurant Tests/TC_Restaurant_025" classname="Test Cases/Tests/Restaurant Tests/TC_Restaurant_025" status="PASSED">
         <system-out><![CDATA[2018-08-14 15:16:16 - [TEST_CASE][PASSED] - Test Cases/Tests/Restaurant Tests/TC_Restaurant_025: Test Cases/Tests/Restaurant Tests/TC_Restaurant_025

2018-08-14 15:16:16 - [TEST_STEP][PASSED] - callTestCase: Call Test Case 'Test Cases/Tests/Log In Tests/TC001_Log in_valid_user' successfully

2018-08-14 15:16:16 - [TEST_CASE][PASSED] - Test Cases/Tests/Log In Tests/TC001_Log in_valid_user: Test Cases/Tests/Log In Tests/TC001_Log in_valid_user

2018-08-14 15:16:16 - [TEST_STEP][PASSED] - openBrowser: Browser is opened with url: 'https://his-uat.digivalet.com/cms/dashboard/user/login'

2018-08-14 15:16:19 - [MESSAGE][PASSED] - Browser is opened with url: 'https://his-uat.digivalet.com/cms/dashboard/user/login'

2018-08-14 15:16:19 - [TEST_STEP][PASSED] - maximizeWindow: Current window maximized

2018-08-14 15:16:19 - [MESSAGE][PASSED] - Current window maximized

2018-08-14 15:16:19 - [TEST_STEP][PASSED] - waitForPageLoad: Wait for page load successfully

2018-08-14 15:16:19 - [MESSAGE][PASSED] - Wait for page load successfully

2018-08-14 15:16:19 - [TEST_STEP][PASSED] - setText: Text 'superadmin' is set on object 'Object Repository/Pages/Log In Page/input_username'

2018-08-14 15:16:19 - [MESSAGE][PASSED] - Text 'superadmin' is set on object 'Object Repository/Pages/Log In Page/input_username'

2018-08-14 15:16:19 - [TEST_STEP][PASSED] - setText: Text 'd7QUVg' is set on object 'Object Repository/Pages/Log In Page/input_password'

2018-08-14 15:16:19 - [MESSAGE][PASSED] - Text 'd7QUVg' is set on object 'Object Repository/Pages/Log In Page/input_password'

2018-08-14 15:16:19 - [TEST_STEP][PASSED] - click: Object: 'Object Repository/Pages/Log In Page/button_Login' is clicked on

2018-08-14 15:16:19 - [MESSAGE][PASSED] - Object: 'Object Repository/Pages/Log In Page/button_Login' is clicked on

2018-08-14 15:16:19 - [TEST_STEP][PASSED] - waitForPageLoad: Wait for page load successfully

2018-08-14 15:16:19 - [MESSAGE][PASSED] - Wait for page load successfully

2018-08-14 15:16:19 - [TEST_STEP][PASSED] - waitForElementNotPresent: Web element with id: 'Object Repository/Pages/Log In Page/button_Login' located by 'By.xpath: //*[@id='userlogin']//button' is not present after '20' second(s)

2018-08-14 15:16:25 - [MESSAGE][PASSED] - Web element with id: 'Object Repository/Pages/Log In Page/button_Login' located by 'By.xpath: //*[@id='userlogin']//button' is not present after '20' second(s)

2018-08-14 15:16:25 - [TEST_STEP][PASSED] - waitForElementVisible: Object 'Object Repository/Pages/TV Channels Page/heading_TV Channel' is visible

2018-08-14 15:16:25 - [MESSAGE][PASSED] - Object 'Object Repository/Pages/TV Channels Page/heading_TV Channel' is visible

2018-08-14 15:16:25 - [TEST_STEP][PASSED] - Statement - DashboardURL = com.kms.katalon.core.webui.keyword.WebUiBuiltInKeywords.getUrl(): Current window's url is: 'https://his-uat.digivalet.com/cms/tvchannel/manageTvchannel'

2018-08-14 15:16:25 - [MESSAGE][PASSED] - Current window's url is: 'https://his-uat.digivalet.com/cms/tvchannel/manageTvchannel'

2018-08-14 15:16:25 - [TEST_STEP][PASSED] - verifyMatch: Actual text 'https://his-uat.digivalet.com/cms/tvchannel/manageTvchannel' and expected text 'https://his-uat.digivalet.com/cms/tvchannel/manageTvchannel' are matched  using regular expression

2018-08-14 15:16:25 - [MESSAGE][PASSED] - Actual text 'https://his-uat.digivalet.com/cms/tvchannel/manageTvchannel' and expected text 'https://his-uat.digivalet.com/cms/tvchannel/manageTvchannel' are matched  using regular expression

2018-08-14 15:16:25 - [MESSAGE][PASSED] - Call Test Case 'Test Cases/Tests/Log In Tests/TC001_Log in_valid_user' successfully

2018-08-14 15:16:25 - [TEST_STEP][PASSED] - click: Object: 'Object Repository/Pages/Dashboard/a_Restaurants' is clicked on

2018-08-14 15:16:26 - [MESSAGE][PASSED] - Object: 'Object Repository/Pages/Dashboard/a_Restaurants' is clicked on

2018-08-14 15:16:26 - [TEST_STEP][PASSED] - waitForElementVisible: Object 'Object Repository/Pages/Restaurant Page/res_cell_first' is visible

2018-08-14 15:16:27 - [MESSAGE][PASSED] - Object 'Object Repository/Pages/Restaurant Page/res_cell_first' is visible

2018-08-14 15:16:27 - [TEST_STEP][PASSED] - click: Object: 'Object Repository/Pages/Restaurant Page/btn_search' is clicked on

2018-08-14 15:16:28 - [MESSAGE][PASSED] - Object: 'Object Repository/Pages/Restaurant Page/btn_search' is clicked on

2018-08-14 15:16:28 - [TEST_STEP][PASSED] - setText: Text 'Dummy' is set on object 'Object Repository/Pages/Restaurant Page/btn_search'

2018-08-14 15:16:28 - [MESSAGE][PASSED] - Text 'Dummy' is set on object 'Object Repository/Pages/Restaurant Page/btn_search'

2018-08-14 15:16:28 - [TEST_STEP][PASSED] - verifyElementVisible: Object 'Object Repository/Pages/Restaurant Page/test5_res_cell' is visible

2018-08-14 15:16:28 - [MESSAGE][PASSED] - Object 'Object Repository/Pages/Restaurant Page/test5_res_cell' is visible

2018-08-14 15:16:28 - [TEST_STEP][PASSED] - closeBrowser: Browser is closed

2018-08-14 15:16:28 - [MESSAGE][PASSED] - Browser is closed]]></system-out>
         <system-err><![CDATA[]]></system-err>
      </testcase>
      <testcase name="Test Cases/Tests/Restaurant Tests/TC_Restaurant_026" classname="Test Cases/Tests/Restaurant Tests/TC_Restaurant_026" status="PASSED">
         <system-out><![CDATA[2018-08-14 15:16:28 - [TEST_CASE][PASSED] - Test Cases/Tests/Restaurant Tests/TC_Restaurant_026: Test Cases/Tests/Restaurant Tests/TC_Restaurant_026

2018-08-14 15:16:28 - [TEST_STEP][PASSED] - callTestCase: Call Test Case 'Test Cases/Tests/Log In Tests/TC001_Log in_valid_user' successfully

2018-08-14 15:16:28 - [TEST_CASE][PASSED] - Test Cases/Tests/Log In Tests/TC001_Log in_valid_user: Test Cases/Tests/Log In Tests/TC001_Log in_valid_user

2018-08-14 15:16:28 - [TEST_STEP][PASSED] - openBrowser: Browser is opened with url: 'https://his-uat.digivalet.com/cms/dashboard/user/login'

2018-08-14 15:16:30 - [MESSAGE][PASSED] - Browser is opened with url: 'https://his-uat.digivalet.com/cms/dashboard/user/login'

2018-08-14 15:16:30 - [TEST_STEP][PASSED] - maximizeWindow: Current window maximized

2018-08-14 15:16:30 - [MESSAGE][PASSED] - Current window maximized

2018-08-14 15:16:30 - [TEST_STEP][PASSED] - waitForPageLoad: Wait for page load successfully

2018-08-14 15:16:30 - [MESSAGE][PASSED] - Wait for page load successfully

2018-08-14 15:16:30 - [TEST_STEP][PASSED] - setText: Text 'superadmin' is set on object 'Object Repository/Pages/Log In Page/input_username'

2018-08-14 15:16:31 - [MESSAGE][PASSED] - Text 'superadmin' is set on object 'Object Repository/Pages/Log In Page/input_username'

2018-08-14 15:16:31 - [TEST_STEP][PASSED] - setText: Text 'd7QUVg' is set on object 'Object Repository/Pages/Log In Page/input_password'

2018-08-14 15:16:31 - [MESSAGE][PASSED] - Text 'd7QUVg' is set on object 'Object Repository/Pages/Log In Page/input_password'

2018-08-14 15:16:31 - [TEST_STEP][PASSED] - click: Object: 'Object Repository/Pages/Log In Page/button_Login' is clicked on

2018-08-14 15:16:31 - [MESSAGE][PASSED] - Object: 'Object Repository/Pages/Log In Page/button_Login' is clicked on

2018-08-14 15:16:31 - [TEST_STEP][PASSED] - waitForPageLoad: Wait for page load successfully

2018-08-14 15:16:31 - [MESSAGE][PASSED] - Wait for page load successfully

2018-08-14 15:16:31 - [TEST_STEP][PASSED] - waitForElementNotPresent: Web element with id: 'Object Repository/Pages/Log In Page/button_Login' located by 'By.xpath: //*[@id='userlogin']//button' is not present after '20' second(s)

2018-08-14 15:16:36 - [MESSAGE][PASSED] - Web element with id: 'Object Repository/Pages/Log In Page/button_Login' located by 'By.xpath: //*[@id='userlogin']//button' is not present after '20' second(s)

2018-08-14 15:16:36 - [TEST_STEP][PASSED] - waitForElementVisible: Object 'Object Repository/Pages/TV Channels Page/heading_TV Channel' is visible

2018-08-14 15:16:36 - [MESSAGE][PASSED] - Object 'Object Repository/Pages/TV Channels Page/heading_TV Channel' is visible

2018-08-14 15:16:36 - [TEST_STEP][PASSED] - Statement - DashboardURL = com.kms.katalon.core.webui.keyword.WebUiBuiltInKeywords.getUrl(): Current window's url is: 'https://his-uat.digivalet.com/cms/tvchannel/manageTvchannel'

2018-08-14 15:16:36 - [MESSAGE][PASSED] - Current window's url is: 'https://his-uat.digivalet.com/cms/tvchannel/manageTvchannel'

2018-08-14 15:16:36 - [TEST_STEP][PASSED] - verifyMatch: Actual text 'https://his-uat.digivalet.com/cms/tvchannel/manageTvchannel' and expected text 'https://his-uat.digivalet.com/cms/tvchannel/manageTvchannel' are matched  using regular expression

2018-08-14 15:16:36 - [MESSAGE][PASSED] - Actual text 'https://his-uat.digivalet.com/cms/tvchannel/manageTvchannel' and expected text 'https://his-uat.digivalet.com/cms/tvchannel/manageTvchannel' are matched  using regular expression

2018-08-14 15:16:36 - [MESSAGE][PASSED] - Call Test Case 'Test Cases/Tests/Log In Tests/TC001_Log in_valid_user' successfully

2018-08-14 15:16:36 - [TEST_STEP][PASSED] - click: Object: 'Object Repository/Pages/Dashboard/a_Restaurants' is clicked on

2018-08-14 15:16:37 - [MESSAGE][PASSED] - Object: 'Object Repository/Pages/Dashboard/a_Restaurants' is clicked on

2018-08-14 15:16:37 - [TEST_STEP][PASSED] - waitForElementVisible: Object 'Object Repository/Pages/Restaurant Page/res_cell_first' is visible

2018-08-14 15:16:39 - [MESSAGE][PASSED] - Object 'Object Repository/Pages/Restaurant Page/res_cell_first' is visible

2018-08-14 15:16:39 - [TEST_STEP][PASSED] - click: Object: 'Object Repository/Pages/Restaurant Page/btn_plus_restaurant' is clicked on

2018-08-14 15:16:39 - [MESSAGE][PASSED] - Object: 'Object Repository/Pages/Restaurant Page/btn_plus_restaurant' is clicked on

2018-08-14 15:16:39 - [TEST_STEP][PASSED] - waitForElementVisible: Object 'Object Repository/Pages/Restaurant Page/Add Restaurant/heading_add_restaurant' is visible

2018-08-14 15:16:39 - [MESSAGE][PASSED] - Object 'Object Repository/Pages/Restaurant Page/Add Restaurant/heading_add_restaurant' is visible

2018-08-14 15:16:39 - [TEST_STEP][PASSED] - verifyElementVisible: Object 'Object Repository/Pages/Restaurant Page/Add Restaurant/form_add_restaurant' is visible

2018-08-14 15:16:39 - [MESSAGE][PASSED] - Object 'Object Repository/Pages/Restaurant Page/Add Restaurant/form_add_restaurant' is visible

2018-08-14 15:16:39 - [TEST_STEP][PASSED] - click: Object: 'Object Repository/Pages/Restaurant Page/Add Restaurant/btn_dimiss_modal' is clicked on

2018-08-14 15:16:39 - [MESSAGE][PASSED] - Object: 'Object Repository/Pages/Restaurant Page/Add Restaurant/btn_dimiss_modal' is clicked on

2018-08-14 15:16:39 - [TEST_STEP][PASSED] - waitForElementNotVisible: Object 'Object Repository/Pages/Restaurant Page/Add Restaurant/form_add_restaurant' is NOT visible

2018-08-14 15:16:40 - [MESSAGE][PASSED] - Object 'Object Repository/Pages/Restaurant Page/Add Restaurant/form_add_restaurant' is NOT visible

2018-08-14 15:16:40 - [TEST_STEP][PASSED] - verifyElementNotVisible: Object 'Object Repository/Pages/Restaurant Page/Add Restaurant/form_add_restaurant' is NOT visible

2018-08-14 15:16:40 - [MESSAGE][PASSED] - Object 'Object Repository/Pages/Restaurant Page/Add Restaurant/form_add_restaurant' is NOT visible

2018-08-14 15:16:40 - [TEST_STEP][PASSED] - closeBrowser: Browser is closed

2018-08-14 15:16:40 - [MESSAGE][PASSED] - Browser is closed]]></system-out>
         <system-err><![CDATA[]]></system-err>
      </testcase>
      <testcase name="Test Cases/Tests/Restaurant Tests/TC_Restaurant_027" classname="Test Cases/Tests/Restaurant Tests/TC_Restaurant_027" status="PASSED">
         <system-out><![CDATA[2018-08-14 15:16:40 - [TEST_CASE][PASSED] - Test Cases/Tests/Restaurant Tests/TC_Restaurant_027: Test Cases/Tests/Restaurant Tests/TC_Restaurant_027

2018-08-14 15:16:40 - [TEST_STEP][PASSED] - callTestCase: Call Test Case 'Test Cases/Tests/Log In Tests/TC001_Log in_valid_user' successfully

2018-08-14 15:16:40 - [TEST_CASE][PASSED] - Test Cases/Tests/Log In Tests/TC001_Log in_valid_user: Test Cases/Tests/Log In Tests/TC001_Log in_valid_user

2018-08-14 15:16:40 - [TEST_STEP][PASSED] - openBrowser: Browser is opened with url: 'https://his-uat.digivalet.com/cms/dashboard/user/login'

2018-08-14 15:16:43 - [MESSAGE][PASSED] - Browser is opened with url: 'https://his-uat.digivalet.com/cms/dashboard/user/login'

2018-08-14 15:16:43 - [TEST_STEP][PASSED] - maximizeWindow: Current window maximized

2018-08-14 15:16:43 - [MESSAGE][PASSED] - Current window maximized

2018-08-14 15:16:43 - [TEST_STEP][PASSED] - waitForPageLoad: Wait for page load successfully

2018-08-14 15:16:43 - [MESSAGE][PASSED] - Wait for page load successfully

2018-08-14 15:16:43 - [TEST_STEP][PASSED] - setText: Text 'superadmin' is set on object 'Object Repository/Pages/Log In Page/input_username'

2018-08-14 15:16:43 - [MESSAGE][PASSED] - Text 'superadmin' is set on object 'Object Repository/Pages/Log In Page/input_username'

2018-08-14 15:16:43 - [TEST_STEP][PASSED] - setText: Text 'd7QUVg' is set on object 'Object Repository/Pages/Log In Page/input_password'

2018-08-14 15:16:43 - [MESSAGE][PASSED] - Text 'd7QUVg' is set on object 'Object Repository/Pages/Log In Page/input_password'

2018-08-14 15:16:43 - [TEST_STEP][PASSED] - click: Object: 'Object Repository/Pages/Log In Page/button_Login' is clicked on

2018-08-14 15:16:44 - [MESSAGE][PASSED] - Object: 'Object Repository/Pages/Log In Page/button_Login' is clicked on

2018-08-14 15:16:44 - [TEST_STEP][PASSED] - waitForPageLoad: Wait for page load successfully

2018-08-14 15:16:44 - [MESSAGE][PASSED] - Wait for page load successfully

2018-08-14 15:16:44 - [TEST_STEP][PASSED] - waitForElementNotPresent: Web element with id: 'Object Repository/Pages/Log In Page/button_Login' located by 'By.xpath: //*[@id='userlogin']//button' is not present after '20' second(s)

2018-08-14 15:16:48 - [MESSAGE][PASSED] - Web element with id: 'Object Repository/Pages/Log In Page/button_Login' located by 'By.xpath: //*[@id='userlogin']//button' is not present after '20' second(s)

2018-08-14 15:16:48 - [TEST_STEP][PASSED] - waitForElementVisible: Object 'Object Repository/Pages/TV Channels Page/heading_TV Channel' is visible

2018-08-14 15:16:49 - [MESSAGE][PASSED] - Object 'Object Repository/Pages/TV Channels Page/heading_TV Channel' is visible

2018-08-14 15:16:49 - [TEST_STEP][PASSED] - Statement - DashboardURL = com.kms.katalon.core.webui.keyword.WebUiBuiltInKeywords.getUrl(): Current window's url is: 'https://his-uat.digivalet.com/cms/tvchannel/manageTvchannel'

2018-08-14 15:16:49 - [MESSAGE][PASSED] - Current window's url is: 'https://his-uat.digivalet.com/cms/tvchannel/manageTvchannel'

2018-08-14 15:16:49 - [TEST_STEP][PASSED] - verifyMatch: Actual text 'https://his-uat.digivalet.com/cms/tvchannel/manageTvchannel' and expected text 'https://his-uat.digivalet.com/cms/tvchannel/manageTvchannel' are matched  using regular expression

2018-08-14 15:16:49 - [MESSAGE][PASSED] - Actual text 'https://his-uat.digivalet.com/cms/tvchannel/manageTvchannel' and expected text 'https://his-uat.digivalet.com/cms/tvchannel/manageTvchannel' are matched  using regular expression

2018-08-14 15:16:49 - [MESSAGE][PASSED] - Call Test Case 'Test Cases/Tests/Log In Tests/TC001_Log in_valid_user' successfully

2018-08-14 15:16:49 - [TEST_STEP][PASSED] - click: Object: 'Object Repository/Pages/Dashboard/a_Restaurants' is clicked on

2018-08-14 15:16:50 - [MESSAGE][PASSED] - Object: 'Object Repository/Pages/Dashboard/a_Restaurants' is clicked on

2018-08-14 15:16:50 - [TEST_STEP][PASSED] - waitForElementVisible: Object 'Object Repository/Pages/Restaurant Page/res_cell_first' is visible

2018-08-14 15:16:51 - [MESSAGE][PASSED] - Object 'Object Repository/Pages/Restaurant Page/res_cell_first' is visible

2018-08-14 15:16:51 - [TEST_STEP][PASSED] - verifyElementPresent: Object 'Object Repository/Pages/Restaurant Page/btn_publish' is present

2018-08-14 15:16:51 - [MESSAGE][WARNING] - Timeout '0' is invalid. Using default page load timeout: '30'

2018-08-14 15:16:51 - [MESSAGE][PASSED] - Object 'Object Repository/Pages/Restaurant Page/btn_publish' is present

2018-08-14 15:16:51 - [TEST_STEP][PASSED] - verifyElementVisible: Object 'Object Repository/Pages/Restaurant Page/btn_publish' is visible

2018-08-14 15:16:51 - [MESSAGE][PASSED] - Object 'Object Repository/Pages/Restaurant Page/btn_publish' is visible

2018-08-14 15:16:51 - [TEST_STEP][PASSED] - click: Object: 'Object Repository/Pages/Restaurant Page/btn_publish' is clicked on

2018-08-14 15:16:51 - [MESSAGE][PASSED] - Object: 'Object Repository/Pages/Restaurant Page/btn_publish' is clicked on

2018-08-14 15:16:51 - [TEST_STEP][PASSED] - verifyElementPresent: Object 'Object Repository/Pages/Restaurant Page/popup_push_update' is present

2018-08-14 15:16:51 - [MESSAGE][PASSED] - Object 'Object Repository/Pages/Restaurant Page/popup_push_update' is present

2018-08-14 15:16:51 - [TEST_STEP][PASSED] - verifyElementVisible: Object 'Object Repository/Pages/Restaurant Page/popup_push_update' is visible

2018-08-14 15:16:51 - [MESSAGE][PASSED] - Object 'Object Repository/Pages/Restaurant Page/popup_push_update' is visible

2018-08-14 15:16:51 - [TEST_STEP][PASSED] - verifyElementPresent: Object 'Object Repository/Pages/Restaurant Page/Push Update/label_now' is present

2018-08-14 15:16:51 - [MESSAGE][PASSED] - Object 'Object Repository/Pages/Restaurant Page/Push Update/label_now' is present

2018-08-14 15:16:51 - [TEST_STEP][PASSED] - verifyElementVisible: Object 'Object Repository/Pages/Restaurant Page/Push Update/label_now' is visible

2018-08-14 15:16:51 - [MESSAGE][PASSED] - Object 'Object Repository/Pages/Restaurant Page/Push Update/label_now' is visible

2018-08-14 15:16:51 - [TEST_STEP][PASSED] - verifyElementPresent: Object 'Object Repository/Pages/Restaurant Page/Push Update/label_later' is present

2018-08-14 15:16:51 - [MESSAGE][PASSED] - Object 'Object Repository/Pages/Restaurant Page/Push Update/label_later' is present

2018-08-14 15:16:51 - [TEST_STEP][PASSED] - verifyElementVisible: Object 'Object Repository/Pages/Restaurant Page/Push Update/label_later' is visible

2018-08-14 15:16:51 - [MESSAGE][PASSED] - Object 'Object Repository/Pages/Restaurant Page/Push Update/label_later' is visible

2018-08-14 15:16:51 - [TEST_STEP][PASSED] - verifyElementPresent: Object 'Object Repository/Pages/Restaurant Page/Push Update/label_in_all_rooms' is present

2018-08-14 15:16:51 - [MESSAGE][PASSED] - Object 'Object Repository/Pages/Restaurant Page/Push Update/label_in_all_rooms' is present

2018-08-14 15:16:51 - [TEST_STEP][PASSED] - verifyElementVisible: Object 'Object Repository/Pages/Restaurant Page/Push Update/label_in_all_rooms' is visible

2018-08-14 15:16:52 - [MESSAGE][PASSED] - Object 'Object Repository/Pages/Restaurant Page/Push Update/label_in_all_rooms' is visible

2018-08-14 15:16:52 - [TEST_STEP][PASSED] - verifyElementPresent: Object 'Object Repository/Pages/Restaurant Page/Push Update/label_custom' is present

2018-08-14 15:16:52 - [MESSAGE][PASSED] - Object 'Object Repository/Pages/Restaurant Page/Push Update/label_custom' is present

2018-08-14 15:16:52 - [TEST_STEP][PASSED] - verifyElementVisible: Object 'Object Repository/Pages/Restaurant Page/Push Update/label_custom' is visible

2018-08-14 15:16:52 - [MESSAGE][PASSED] - Object 'Object Repository/Pages/Restaurant Page/Push Update/label_custom' is visible

2018-08-14 15:16:52 - [TEST_STEP][PASSED] - verifyElementPresent: Object 'Object Repository/Pages/Restaurant Page/Push Update/btn_cancel' is present

2018-08-14 15:16:52 - [MESSAGE][PASSED] - Object 'Object Repository/Pages/Restaurant Page/Push Update/btn_cancel' is present

2018-08-14 15:16:52 - [TEST_STEP][PASSED] - verifyElementVisible: Object 'Object Repository/Pages/Restaurant Page/Push Update/btn_cancel' is visible

2018-08-14 15:16:52 - [MESSAGE][PASSED] - Object 'Object Repository/Pages/Restaurant Page/Push Update/btn_cancel' is visible

2018-08-14 15:16:52 - [TEST_STEP][PASSED] - verifyElementPresent: Object 'Object Repository/Pages/Restaurant Page/Push Update/btn_push' is present

2018-08-14 15:16:52 - [MESSAGE][PASSED] - Object 'Object Repository/Pages/Restaurant Page/Push Update/btn_push' is present

2018-08-14 15:16:52 - [TEST_STEP][PASSED] - verifyElementVisible: Object 'Object Repository/Pages/Restaurant Page/Push Update/btn_push' is visible

2018-08-14 15:16:52 - [MESSAGE][PASSED] - Object 'Object Repository/Pages/Restaurant Page/Push Update/btn_push' is visible

2018-08-14 15:16:52 - [TEST_STEP][PASSED] - closeBrowser: Browser is closed

2018-08-14 15:16:52 - [MESSAGE][PASSED] - Browser is closed]]></system-out>
         <system-err><![CDATA[]]></system-err>
      </testcase>
      <testcase name="Test Cases/Tests/Restaurant Tests/TC_Restaurant_028" classname="Test Cases/Tests/Restaurant Tests/TC_Restaurant_028" status="PASSED">
         <system-out><![CDATA[2018-08-14 15:16:52 - [TEST_CASE][PASSED] - Test Cases/Tests/Restaurant Tests/TC_Restaurant_028: Test Cases/Tests/Restaurant Tests/TC_Restaurant_028

2018-08-14 15:16:52 - [TEST_STEP][PASSED] - callTestCase: Call Test Case 'Test Cases/Tests/Log In Tests/TC001_Log in_valid_user' successfully

2018-08-14 15:16:52 - [TEST_CASE][PASSED] - Test Cases/Tests/Log In Tests/TC001_Log in_valid_user: Test Cases/Tests/Log In Tests/TC001_Log in_valid_user

2018-08-14 15:16:52 - [TEST_STEP][PASSED] - openBrowser: Browser is opened with url: 'https://his-uat.digivalet.com/cms/dashboard/user/login'

2018-08-14 15:16:54 - [MESSAGE][PASSED] - Browser is opened with url: 'https://his-uat.digivalet.com/cms/dashboard/user/login'

2018-08-14 15:16:54 - [TEST_STEP][PASSED] - maximizeWindow: Current window maximized

2018-08-14 15:16:54 - [MESSAGE][PASSED] - Current window maximized

2018-08-14 15:16:54 - [TEST_STEP][PASSED] - waitForPageLoad: Wait for page load successfully

2018-08-14 15:16:54 - [MESSAGE][PASSED] - Wait for page load successfully

2018-08-14 15:16:54 - [TEST_STEP][PASSED] - setText: Text 'superadmin' is set on object 'Object Repository/Pages/Log In Page/input_username'

2018-08-14 15:16:55 - [MESSAGE][PASSED] - Text 'superadmin' is set on object 'Object Repository/Pages/Log In Page/input_username'

2018-08-14 15:16:55 - [TEST_STEP][PASSED] - setText: Text 'd7QUVg' is set on object 'Object Repository/Pages/Log In Page/input_password'

2018-08-14 15:16:55 - [MESSAGE][PASSED] - Text 'd7QUVg' is set on object 'Object Repository/Pages/Log In Page/input_password'

2018-08-14 15:16:55 - [TEST_STEP][PASSED] - click: Object: 'Object Repository/Pages/Log In Page/button_Login' is clicked on

2018-08-14 15:16:55 - [MESSAGE][PASSED] - Object: 'Object Repository/Pages/Log In Page/button_Login' is clicked on

2018-08-14 15:16:55 - [TEST_STEP][PASSED] - waitForPageLoad: Wait for page load successfully

2018-08-14 15:16:55 - [MESSAGE][PASSED] - Wait for page load successfully

2018-08-14 15:16:55 - [TEST_STEP][PASSED] - waitForElementNotPresent: Web element with id: 'Object Repository/Pages/Log In Page/button_Login' located by 'By.xpath: //*[@id='userlogin']//button' is not present after '20' second(s)

2018-08-14 15:17:00 - [MESSAGE][PASSED] - Web element with id: 'Object Repository/Pages/Log In Page/button_Login' located by 'By.xpath: //*[@id='userlogin']//button' is not present after '20' second(s)

2018-08-14 15:17:00 - [TEST_STEP][PASSED] - waitForElementVisible: Object 'Object Repository/Pages/TV Channels Page/heading_TV Channel' is visible

2018-08-14 15:17:00 - [MESSAGE][PASSED] - Object 'Object Repository/Pages/TV Channels Page/heading_TV Channel' is visible

2018-08-14 15:17:00 - [TEST_STEP][PASSED] - Statement - DashboardURL = com.kms.katalon.core.webui.keyword.WebUiBuiltInKeywords.getUrl(): Current window's url is: 'https://his-uat.digivalet.com/cms/tvchannel/manageTvchannel'

2018-08-14 15:17:00 - [MESSAGE][PASSED] - Current window's url is: 'https://his-uat.digivalet.com/cms/tvchannel/manageTvchannel'

2018-08-14 15:17:00 - [TEST_STEP][PASSED] - verifyMatch: Actual text 'https://his-uat.digivalet.com/cms/tvchannel/manageTvchannel' and expected text 'https://his-uat.digivalet.com/cms/tvchannel/manageTvchannel' are matched  using regular expression

2018-08-14 15:17:00 - [MESSAGE][PASSED] - Actual text 'https://his-uat.digivalet.com/cms/tvchannel/manageTvchannel' and expected text 'https://his-uat.digivalet.com/cms/tvchannel/manageTvchannel' are matched  using regular expression

2018-08-14 15:17:00 - [MESSAGE][PASSED] - Call Test Case 'Test Cases/Tests/Log In Tests/TC001_Log in_valid_user' successfully

2018-08-14 15:17:00 - [TEST_STEP][PASSED] - click: Object: 'Object Repository/Pages/Dashboard/a_Restaurants' is clicked on

2018-08-14 15:17:01 - [MESSAGE][PASSED] - Object: 'Object Repository/Pages/Dashboard/a_Restaurants' is clicked on

2018-08-14 15:17:01 - [TEST_STEP][PASSED] - waitForElementVisible: Object 'Object Repository/Pages/Restaurant Page/res_cell_first' is visible

2018-08-14 15:17:02 - [MESSAGE][PASSED] - Object 'Object Repository/Pages/Restaurant Page/res_cell_first' is visible

2018-08-14 15:17:02 - [TEST_STEP][PASSED] - click: Object: 'Object Repository/Pages/Restaurant Page/btn_publish' is clicked on

2018-08-14 15:17:03 - [MESSAGE][PASSED] - Object: 'Object Repository/Pages/Restaurant Page/btn_publish' is clicked on

2018-08-14 15:17:03 - [TEST_STEP][PASSED] - waitForElementVisible: Object 'Object Repository/Pages/Restaurant Page/Push Update/title_peform_push_update' is visible

2018-08-14 15:17:03 - [MESSAGE][PASSED] - Object 'Object Repository/Pages/Restaurant Page/Push Update/title_peform_push_update' is visible

2018-08-14 15:17:03 - [TEST_STEP][PASSED] - delay: Delayed 1 second(s)

2018-08-14 15:17:04 - [MESSAGE][PASSED] - Delayed 1 second(s)

2018-08-14 15:17:04 - [TEST_STEP][PASSED] - click: Object: 'Object Repository/Pages/Restaurant Page/Push Update/checkbox_later' is clicked on

2018-08-14 15:17:04 - [MESSAGE][PASSED] - Object: 'Object Repository/Pages/Restaurant Page/Push Update/checkbox_later' is clicked on

2018-08-14 15:17:04 - [TEST_STEP][PASSED] - verifyElementPresent: Object 'Object Repository/Pages/Restaurant Page/Push Update/label_Schedule_date' is present

2018-08-14 15:17:04 - [MESSAGE][PASSED] - Object 'Object Repository/Pages/Restaurant Page/Push Update/label_Schedule_date' is present

2018-08-14 15:17:04 - [TEST_STEP][PASSED] - verifyElementVisible: Object 'Object Repository/Pages/Restaurant Page/Push Update/label_Schedule_date' is visible

2018-08-14 15:17:04 - [MESSAGE][PASSED] - Object 'Object Repository/Pages/Restaurant Page/Push Update/label_Schedule_date' is visible

2018-08-14 15:17:04 - [TEST_STEP][PASSED] - verifyElementPresent: Object 'Object Repository/Pages/Restaurant Page/Push Update/label_Schedule_time' is present

2018-08-14 15:17:04 - [MESSAGE][PASSED] - Object 'Object Repository/Pages/Restaurant Page/Push Update/label_Schedule_time' is present

2018-08-14 15:17:04 - [TEST_STEP][PASSED] - verifyElementVisible: Object 'Object Repository/Pages/Restaurant Page/Push Update/label_Schedule_time' is visible

2018-08-14 15:17:04 - [MESSAGE][PASSED] - Object 'Object Repository/Pages/Restaurant Page/Push Update/label_Schedule_time' is visible

2018-08-14 15:17:04 - [TEST_STEP][PASSED] - closeBrowser: Browser is closed

2018-08-14 15:17:04 - [MESSAGE][PASSED] - Browser is closed]]></system-out>
         <system-err><![CDATA[]]></system-err>
      </testcase>
      <system-out><![CDATA[2018-08-14 15:02:18 - [TEST_SUITE][FAILED] - Restaurant Tests: Test Cases/Tests/Restaurant Tests/TC_Restaurant_007 FAILED because (of) Unable to click on object 'Object Repository/Pages/Restaurant Page/menu_3_dot_rest2' (Root cause: com.kms.katalon.core.webui.exception.WebElementNotFoundException: Web element with id: 'Object Repository/Pages/Restaurant Page/menu_3_dot_rest2' located by 'By.xpath: //div[@data-catname='automation test edited']/div/div[2]/div[3]' not found)]]></system-out>
      <system-err><![CDATA[2018-08-14 15:02:18 - [TEST_SUITE][FAILED] - Restaurant Tests: Test Cases/Tests/Restaurant Tests/TC_Restaurant_007 FAILED because (of) Unable to click on object 'Object Repository/Pages/Restaurant Page/menu_3_dot_rest2' (Root cause: com.kms.katalon.core.webui.exception.WebElementNotFoundException: Web element with id: 'Object Repository/Pages/Restaurant Page/menu_3_dot_rest2' located by 'By.xpath: //div[@data-catname='automation test edited']/div/div[2]/div[3]' not found)]]></system-err>
   </testsuite>
</testsuites>
